<?xml version="1.0" encoding="UTF-8"?>
<testsuites name="Scoring Married - DS" time="1116.563" tests="100" failures="0" errors="0">
   <testsuite name="Scoring Married - DS" tests="100" failures="0" errors="0" time="1116.563" skipped="0" timestamp="2022-11-24 17:14:50" hostname="bcafmaster - WPI20220318001.bcaf.co.id" id="Test Suites/Exclude KKB - DS - Married/Scoring Married - DS">
      <properties>
         <property name="deviceName" value=""/>
         <property name="devicePlatform" value=""/>
         <property name="logFolder" value="D:\\DMS\\Engine Scoring\\Reports\\20221124_171436\\Exclude KKB - DS - Married\\Scoring Married - DS\\20221124_171436"/>
         <property name="logFiles" value="D:\\DMS\\Engine Scoring\\Reports\\20221124_171436\\Exclude KKB - DS - Married\\Scoring Married - DS\\20221124_171436\\execution0.log, D:\\DMS\\Engine Scoring\\Reports\\20221124_171436\\Exclude KKB - DS - Married\\Scoring Married - DS\\20221124_171436\\execution1.log"/>
         <property name="attachments" value=""/>
         <property name="hostName" value="bcafmaster - WPI20220318001.bcaf.co.id"/>
         <property name="hostAddress" value="10.10.8.57"/>
         <property name="os" value="Windows 10 64bit"/>
         <property name="katalonVersion" value="8.2.5.208"/>
      </properties>
      <testcase name="Test Cases/Engine_Scoring/Engine Scoring" time="8.205" classname="Test Cases/Engine_Scoring/Engine Scoring" status="PASSED">
         <system-out><![CDATA[2022-11-24 17:14:50 - [TEST_CASE][PASSED] - Test Cases/Engine_Scoring/Engine Scoring: Test Cases/Engine_Scoring/Engine Scoring

2022-11-24 17:14:52 - [TEST_STEP][PASSED] - markPassed("Variasi data ke : " + no): Variasi data ke : 101

2022-11-24 17:14:52 - [MESSAGE][PASSED] - Variasi data ke : 101

2022-11-24 17:14:52 - [TEST_STEP][PASSED] - req_data = sendRequest(findTestObject("Search_ME", ["MID":MID, "source":source, "ip":ip, "userid":userid, "branch":branch, "tipekons":tipekons, "marital":marital, "penjamin":penjamin, ... ])): Send request successfully

2022-11-24 17:14:53 - [MESSAGE][INFO] - HAR: D:\DMS\Engine Scoring\Reports\20221124_171436\Exclude KKB - DS - Married\Scoring Married - DS\20221124_171436\requests\main\0.har

2022-11-24 17:14:53 - [MESSAGE][PASSED] - Send request successfully

2022-11-24 17:14:53 - [TEST_STEP][PASSED] - slurper = new groovy.json.JsonSlurper(): null

2022-11-24 17:14:53 - [TEST_STEP][PASSED] - result = slurper.parseText(req_data.getResponseBodyContent()): null

2022-11-24 17:14:53 - [TEST_STEP][PASSED] - reqid_kons = requestid1: null

2022-11-24 17:14:53 - [TEST_STEP][PASSED] - reqid_spouse = requestid2: null

2022-11-24 17:14:53 - [TEST_STEP][PASSED] - println("requestid kons : " + reqid_kons): null

2022-11-24 17:14:53 - [TEST_STEP][PASSED] - response_searchME_kons = reqid_kons: null

2022-11-24 17:14:54 - [TEST_STEP][PASSED] - response_searchME_spouse = reqid_spouse: null

2022-11-24 17:14:54 - [TEST_STEP][PASSED] - println("kons req id is :" + response_searchME_kons): null

2022-11-24 17:14:54 - [TEST_STEP][PASSED] - println("spouse req id is : " + response_searchME_spouse): null

2022-11-24 17:14:54 - [TEST_STEP][PASSED] - verifyResponseStatusCode(req_data, 200): Verify response status code successfully

2022-11-24 17:14:54 - [MESSAGE][PASSED] - Verify response status code successfully

2022-11-24 17:14:54 - [TEST_STEP][PASSED] - response = req_data.getResponseText(): null

2022-11-24 17:14:54 - [TEST_STEP][PASSED] - logInfo($response): {"status":"Done","data":{"requestid1":"254260","requestid2":"254261"}}

2022-11-24 17:14:54 - [MESSAGE][INFO] - {"status":"Done","data":{"requestid1":"254260","requestid2":"254261"}}

2022-11-24 17:14:54 - [TEST_STEP][PASSED] - delay(5): Delayed 5 second(s)

2022-11-24 17:14:59 - [MESSAGE][PASSED] - Delayed 5 second(s)

2022-11-24 17:14:59 - [TEST_STEP][PASSED] - scoring = sendRequest(findTestObject("EngineScore", ["response_searchME_kons":response_searchME_kons, "response_searchME_spouse":response_searchME_spouse])): Send request successfully

2022-11-24 17:14:59 - [MESSAGE][INFO] - HAR: D:\DMS\Engine Scoring\Reports\20221124_171436\Exclude KKB - DS - Married\Scoring Married - DS\20221124_171436\requests\main\1.har

2022-11-24 17:14:59 - [MESSAGE][PASSED] - Send request successfully

2022-11-24 17:14:59 - [TEST_STEP][PASSED] - verifyResponseStatusCode(scoring, 200): Verify response status code successfully

2022-11-24 17:14:59 - [MESSAGE][PASSED] - Verify response status code successfully

2022-11-24 17:14:59 - [TEST_STEP][PASSED] - response2 = scoring.getResponseText(): null

2022-11-24 17:14:59 - [TEST_STEP][PASSED] - markPassed("result service data ke : " + no): result service data ke : 101

2022-11-24 17:14:59 - [MESSAGE][PASSED] - result service data ke : 101

2022-11-24 17:14:59 - [TEST_STEP][PASSED] - logInfo($response2): {"result_konsumen":"Reguler","result_pasangan":"Reject","Final_result":"Reject","errorMessage":"","status":"Done"}

2022-11-24 17:14:59 - [MESSAGE][INFO] - {"result_konsumen":"Reguler","result_pasangan":"Reject","Final_result":"Reject","errorMessage":"","status":"Done"}

2022-11-24 17:14:59 - [TEST_STEP][PASSED] - verifyElementPropertyValue(scoring, "Final_result", final_result): Verify element property value successfully

2022-11-24 17:14:59 - [MESSAGE][PASSED] - Verify element property value successfully]]></system-out>
         <system-err><![CDATA[]]></system-err>
      </testcase>
      <testcase name="Test Cases/Engine_Scoring/Engine Scoring" time="7.038" classname="Test Cases/Engine_Scoring/Engine Scoring" status="PASSED">
         <system-out><![CDATA[2022-11-24 17:14:59 - [TEST_CASE][PASSED] - Test Cases/Engine_Scoring/Engine Scoring: Test Cases/Engine_Scoring/Engine Scoring

2022-11-24 17:15:00 - [TEST_STEP][PASSED] - markPassed("Variasi data ke : " + no): Variasi data ke : 102

2022-11-24 17:15:00 - [MESSAGE][PASSED] - Variasi data ke : 102

2022-11-24 17:15:00 - [TEST_STEP][PASSED] - req_data = sendRequest(findTestObject("Search_ME", ["MID":MID, "source":source, "ip":ip, "userid":userid, "branch":branch, "tipekons":tipekons, "marital":marital, "penjamin":penjamin, ... ])): Send request successfully

2022-11-24 17:15:01 - [MESSAGE][INFO] - HAR: D:\DMS\Engine Scoring\Reports\20221124_171436\Exclude KKB - DS - Married\Scoring Married - DS\20221124_171436\requests\main\2.har

2022-11-24 17:15:01 - [MESSAGE][PASSED] - Send request successfully

2022-11-24 17:15:01 - [TEST_STEP][PASSED] - slurper = new groovy.json.JsonSlurper(): null

2022-11-24 17:15:01 - [TEST_STEP][PASSED] - result = slurper.parseText(req_data.getResponseBodyContent()): null

2022-11-24 17:15:01 - [TEST_STEP][PASSED] - reqid_kons = requestid1: null

2022-11-24 17:15:01 - [TEST_STEP][PASSED] - reqid_spouse = requestid2: null

2022-11-24 17:15:01 - [TEST_STEP][PASSED] - println("requestid kons : " + reqid_kons): null

2022-11-24 17:15:01 - [TEST_STEP][PASSED] - response_searchME_kons = reqid_kons: null

2022-11-24 17:15:01 - [TEST_STEP][PASSED] - response_searchME_spouse = reqid_spouse: null

2022-11-24 17:15:01 - [TEST_STEP][PASSED] - println("kons req id is :" + response_searchME_kons): null

2022-11-24 17:15:01 - [TEST_STEP][PASSED] - println("spouse req id is : " + response_searchME_spouse): null

2022-11-24 17:15:01 - [TEST_STEP][PASSED] - verifyResponseStatusCode(req_data, 200): Verify response status code successfully

2022-11-24 17:15:01 - [MESSAGE][PASSED] - Verify response status code successfully

2022-11-24 17:15:01 - [TEST_STEP][PASSED] - response = req_data.getResponseText(): null

2022-11-24 17:15:01 - [TEST_STEP][PASSED] - logInfo($response): {"status":"Done","data":{"requestid1":"254262","requestid2":"254263"}}

2022-11-24 17:15:01 - [MESSAGE][INFO] - {"status":"Done","data":{"requestid1":"254262","requestid2":"254263"}}

2022-11-24 17:15:01 - [TEST_STEP][PASSED] - delay(5): Delayed 5 second(s)

2022-11-24 17:15:06 - [MESSAGE][PASSED] - Delayed 5 second(s)

2022-11-24 17:15:06 - [TEST_STEP][PASSED] - scoring = sendRequest(findTestObject("EngineScore", ["response_searchME_kons":response_searchME_kons, "response_searchME_spouse":response_searchME_spouse])): Send request successfully

2022-11-24 17:15:06 - [MESSAGE][INFO] - HAR: D:\DMS\Engine Scoring\Reports\20221124_171436\Exclude KKB - DS - Married\Scoring Married - DS\20221124_171436\requests\main\3.har

2022-11-24 17:15:06 - [MESSAGE][PASSED] - Send request successfully

2022-11-24 17:15:06 - [TEST_STEP][PASSED] - verifyResponseStatusCode(scoring, 200): Verify response status code successfully

2022-11-24 17:15:06 - [MESSAGE][PASSED] - Verify response status code successfully

2022-11-24 17:15:06 - [TEST_STEP][PASSED] - response2 = scoring.getResponseText(): null

2022-11-24 17:15:06 - [TEST_STEP][PASSED] - markPassed("result service data ke : " + no): result service data ke : 102

2022-11-24 17:15:06 - [MESSAGE][PASSED] - result service data ke : 102

2022-11-24 17:15:06 - [TEST_STEP][PASSED] - logInfo($response2): {"result_konsumen":"Reguler","result_pasangan":"Reject","Final_result":"Reject","errorMessage":"","status":"Done"}

2022-11-24 17:15:06 - [MESSAGE][INFO] - {"result_konsumen":"Reguler","result_pasangan":"Reject","Final_result":"Reject","errorMessage":"","status":"Done"}

2022-11-24 17:15:06 - [TEST_STEP][PASSED] - verifyElementPropertyValue(scoring, "Final_result", final_result): Verify element property value successfully

2022-11-24 17:15:06 - [MESSAGE][PASSED] - Verify element property value successfully]]></system-out>
         <system-err><![CDATA[]]></system-err>
      </testcase>
      <testcase name="Test Cases/Engine_Scoring/Engine Scoring" time="6.728" classname="Test Cases/Engine_Scoring/Engine Scoring" status="PASSED">
         <system-out><![CDATA[2022-11-24 17:15:06 - [TEST_CASE][PASSED] - Test Cases/Engine_Scoring/Engine Scoring: Test Cases/Engine_Scoring/Engine Scoring

2022-11-24 17:15:07 - [TEST_STEP][PASSED] - markPassed("Variasi data ke : " + no): Variasi data ke : 103

2022-11-24 17:15:07 - [MESSAGE][PASSED] - Variasi data ke : 103

2022-11-24 17:15:07 - [TEST_STEP][PASSED] - req_data = sendRequest(findTestObject("Search_ME", ["MID":MID, "source":source, "ip":ip, "userid":userid, "branch":branch, "tipekons":tipekons, "marital":marital, "penjamin":penjamin, ... ])): Send request successfully

2022-11-24 17:15:07 - [MESSAGE][INFO] - HAR: D:\DMS\Engine Scoring\Reports\20221124_171436\Exclude KKB - DS - Married\Scoring Married - DS\20221124_171436\requests\main\4.har

2022-11-24 17:15:07 - [MESSAGE][PASSED] - Send request successfully

2022-11-24 17:15:07 - [TEST_STEP][PASSED] - slurper = new groovy.json.JsonSlurper(): null

2022-11-24 17:15:07 - [TEST_STEP][PASSED] - result = slurper.parseText(req_data.getResponseBodyContent()): null

2022-11-24 17:15:07 - [TEST_STEP][PASSED] - reqid_kons = requestid1: null

2022-11-24 17:15:07 - [TEST_STEP][PASSED] - reqid_spouse = requestid2: null

2022-11-24 17:15:07 - [TEST_STEP][PASSED] - println("requestid kons : " + reqid_kons): null

2022-11-24 17:15:07 - [TEST_STEP][PASSED] - response_searchME_kons = reqid_kons: null

2022-11-24 17:15:07 - [TEST_STEP][PASSED] - response_searchME_spouse = reqid_spouse: null

2022-11-24 17:15:07 - [TEST_STEP][PASSED] - println("kons req id is :" + response_searchME_kons): null

2022-11-24 17:15:07 - [TEST_STEP][PASSED] - println("spouse req id is : " + response_searchME_spouse): null

2022-11-24 17:15:07 - [TEST_STEP][PASSED] - verifyResponseStatusCode(req_data, 200): Verify response status code successfully

2022-11-24 17:15:07 - [MESSAGE][PASSED] - Verify response status code successfully

2022-11-24 17:15:07 - [TEST_STEP][PASSED] - response = req_data.getResponseText(): null

2022-11-24 17:15:07 - [TEST_STEP][PASSED] - logInfo($response): {"status":"Done","data":{"requestid1":"254264","requestid2":"254265"}}

2022-11-24 17:15:07 - [MESSAGE][INFO] - {"status":"Done","data":{"requestid1":"254264","requestid2":"254265"}}

2022-11-24 17:15:07 - [TEST_STEP][PASSED] - delay(5): Delayed 5 second(s)

2022-11-24 17:15:12 - [MESSAGE][PASSED] - Delayed 5 second(s)

2022-11-24 17:15:12 - [TEST_STEP][PASSED] - scoring = sendRequest(findTestObject("EngineScore", ["response_searchME_kons":response_searchME_kons, "response_searchME_spouse":response_searchME_spouse])): Send request successfully

2022-11-24 17:15:13 - [MESSAGE][INFO] - HAR: D:\DMS\Engine Scoring\Reports\20221124_171436\Exclude KKB - DS - Married\Scoring Married - DS\20221124_171436\requests\main\5.har

2022-11-24 17:15:13 - [MESSAGE][PASSED] - Send request successfully

2022-11-24 17:15:13 - [TEST_STEP][PASSED] - verifyResponseStatusCode(scoring, 200): Verify response status code successfully

2022-11-24 17:15:13 - [MESSAGE][PASSED] - Verify response status code successfully

2022-11-24 17:15:13 - [TEST_STEP][PASSED] - response2 = scoring.getResponseText(): null

2022-11-24 17:15:13 - [TEST_STEP][PASSED] - markPassed("result service data ke : " + no): result service data ke : 103

2022-11-24 17:15:13 - [MESSAGE][PASSED] - result service data ke : 103

2022-11-24 17:15:13 - [TEST_STEP][PASSED] - logInfo($response2): {"result_konsumen":"Reguler","result_pasangan":"Reject","Final_result":"Reject","errorMessage":"","status":"Done"}

2022-11-24 17:15:13 - [MESSAGE][INFO] - {"result_konsumen":"Reguler","result_pasangan":"Reject","Final_result":"Reject","errorMessage":"","status":"Done"}

2022-11-24 17:15:13 - [TEST_STEP][PASSED] - verifyElementPropertyValue(scoring, "Final_result", final_result): Verify element property value successfully

2022-11-24 17:15:13 - [MESSAGE][PASSED] - Verify element property value successfully]]></system-out>
         <system-err><![CDATA[]]></system-err>
      </testcase>
      <testcase name="Test Cases/Engine_Scoring/Engine Scoring" time="6.608" classname="Test Cases/Engine_Scoring/Engine Scoring" status="PASSED">
         <system-out><![CDATA[2022-11-24 17:15:13 - [TEST_CASE][PASSED] - Test Cases/Engine_Scoring/Engine Scoring: Test Cases/Engine_Scoring/Engine Scoring

2022-11-24 17:15:13 - [TEST_STEP][PASSED] - markPassed("Variasi data ke : " + no): Variasi data ke : 104

2022-11-24 17:15:13 - [MESSAGE][PASSED] - Variasi data ke : 104

2022-11-24 17:15:13 - [TEST_STEP][PASSED] - req_data = sendRequest(findTestObject("Search_ME", ["MID":MID, "source":source, "ip":ip, "userid":userid, "branch":branch, "tipekons":tipekons, "marital":marital, "penjamin":penjamin, ... ])): Send request successfully

2022-11-24 17:15:14 - [MESSAGE][INFO] - HAR: D:\DMS\Engine Scoring\Reports\20221124_171436\Exclude KKB - DS - Married\Scoring Married - DS\20221124_171436\requests\main\6.har

2022-11-24 17:15:14 - [MESSAGE][PASSED] - Send request successfully

2022-11-24 17:15:14 - [TEST_STEP][PASSED] - slurper = new groovy.json.JsonSlurper(): null

2022-11-24 17:15:14 - [TEST_STEP][PASSED] - result = slurper.parseText(req_data.getResponseBodyContent()): null

2022-11-24 17:15:14 - [TEST_STEP][PASSED] - reqid_kons = requestid1: null

2022-11-24 17:15:14 - [TEST_STEP][PASSED] - reqid_spouse = requestid2: null

2022-11-24 17:15:14 - [TEST_STEP][PASSED] - println("requestid kons : " + reqid_kons): null

2022-11-24 17:15:14 - [TEST_STEP][PASSED] - response_searchME_kons = reqid_kons: null

2022-11-24 17:15:14 - [TEST_STEP][PASSED] - response_searchME_spouse = reqid_spouse: null

2022-11-24 17:15:14 - [TEST_STEP][PASSED] - println("kons req id is :" + response_searchME_kons): null

2022-11-24 17:15:14 - [TEST_STEP][PASSED] - println("spouse req id is : " + response_searchME_spouse): null

2022-11-24 17:15:14 - [TEST_STEP][PASSED] - verifyResponseStatusCode(req_data, 200): Verify response status code successfully

2022-11-24 17:15:14 - [MESSAGE][PASSED] - Verify response status code successfully

2022-11-24 17:15:14 - [TEST_STEP][PASSED] - response = req_data.getResponseText(): null

2022-11-24 17:15:14 - [TEST_STEP][PASSED] - logInfo($response): {"status":"Done","data":{"requestid1":"254266","requestid2":"254267"}}

2022-11-24 17:15:14 - [MESSAGE][INFO] - {"status":"Done","data":{"requestid1":"254266","requestid2":"254267"}}

2022-11-24 17:15:14 - [TEST_STEP][PASSED] - delay(5): Delayed 5 second(s)

2022-11-24 17:15:19 - [MESSAGE][PASSED] - Delayed 5 second(s)

2022-11-24 17:15:19 - [TEST_STEP][PASSED] - scoring = sendRequest(findTestObject("EngineScore", ["response_searchME_kons":response_searchME_kons, "response_searchME_spouse":response_searchME_spouse])): Send request successfully

2022-11-24 17:15:19 - [MESSAGE][INFO] - HAR: D:\DMS\Engine Scoring\Reports\20221124_171436\Exclude KKB - DS - Married\Scoring Married - DS\20221124_171436\requests\main\7.har

2022-11-24 17:15:19 - [MESSAGE][PASSED] - Send request successfully

2022-11-24 17:15:19 - [TEST_STEP][PASSED] - verifyResponseStatusCode(scoring, 200): Verify response status code successfully

2022-11-24 17:15:19 - [MESSAGE][PASSED] - Verify response status code successfully

2022-11-24 17:15:19 - [TEST_STEP][PASSED] - response2 = scoring.getResponseText(): null

2022-11-24 17:15:19 - [TEST_STEP][PASSED] - markPassed("result service data ke : " + no): result service data ke : 104

2022-11-24 17:15:19 - [MESSAGE][PASSED] - result service data ke : 104

2022-11-24 17:15:19 - [TEST_STEP][PASSED] - logInfo($response2): {"result_konsumen":"Reguler","result_pasangan":"Reject","Final_result":"Reject","errorMessage":"","status":"Done"}

2022-11-24 17:15:19 - [MESSAGE][INFO] - {"result_konsumen":"Reguler","result_pasangan":"Reject","Final_result":"Reject","errorMessage":"","status":"Done"}

2022-11-24 17:15:19 - [TEST_STEP][PASSED] - verifyElementPropertyValue(scoring, "Final_result", final_result): Verify element property value successfully

2022-11-24 17:15:19 - [MESSAGE][PASSED] - Verify element property value successfully]]></system-out>
         <system-err><![CDATA[]]></system-err>
      </testcase>
      <testcase name="Test Cases/Engine_Scoring/Engine Scoring" time="6.528" classname="Test Cases/Engine_Scoring/Engine Scoring" status="PASSED">
         <system-out><![CDATA[2022-11-24 17:15:19 - [TEST_CASE][PASSED] - Test Cases/Engine_Scoring/Engine Scoring: Test Cases/Engine_Scoring/Engine Scoring

2022-11-24 17:15:20 - [TEST_STEP][PASSED] - markPassed("Variasi data ke : " + no): Variasi data ke : 105

2022-11-24 17:15:20 - [MESSAGE][PASSED] - Variasi data ke : 105

2022-11-24 17:15:20 - [TEST_STEP][PASSED] - req_data = sendRequest(findTestObject("Search_ME", ["MID":MID, "source":source, "ip":ip, "userid":userid, "branch":branch, "tipekons":tipekons, "marital":marital, "penjamin":penjamin, ... ])): Send request successfully

2022-11-24 17:15:21 - [MESSAGE][INFO] - HAR: D:\DMS\Engine Scoring\Reports\20221124_171436\Exclude KKB - DS - Married\Scoring Married - DS\20221124_171436\requests\main\8.har

2022-11-24 17:15:21 - [MESSAGE][PASSED] - Send request successfully

2022-11-24 17:15:21 - [TEST_STEP][PASSED] - slurper = new groovy.json.JsonSlurper(): null

2022-11-24 17:15:21 - [TEST_STEP][PASSED] - result = slurper.parseText(req_data.getResponseBodyContent()): null

2022-11-24 17:15:21 - [TEST_STEP][PASSED] - reqid_kons = requestid1: null

2022-11-24 17:15:21 - [TEST_STEP][PASSED] - reqid_spouse = requestid2: null

2022-11-24 17:15:21 - [TEST_STEP][PASSED] - println("requestid kons : " + reqid_kons): null

2022-11-24 17:15:21 - [TEST_STEP][PASSED] - response_searchME_kons = reqid_kons: null

2022-11-24 17:15:21 - [TEST_STEP][PASSED] - response_searchME_spouse = reqid_spouse: null

2022-11-24 17:15:21 - [TEST_STEP][PASSED] - println("kons req id is :" + response_searchME_kons): null

2022-11-24 17:15:21 - [TEST_STEP][PASSED] - println("spouse req id is : " + response_searchME_spouse): null

2022-11-24 17:15:21 - [TEST_STEP][PASSED] - verifyResponseStatusCode(req_data, 200): Verify response status code successfully

2022-11-24 17:15:21 - [MESSAGE][PASSED] - Verify response status code successfully

2022-11-24 17:15:21 - [TEST_STEP][PASSED] - response = req_data.getResponseText(): null

2022-11-24 17:15:21 - [TEST_STEP][PASSED] - logInfo($response): {"status":"Done","data":{"requestid1":"254268","requestid2":"254269"}}

2022-11-24 17:15:21 - [MESSAGE][INFO] - {"status":"Done","data":{"requestid1":"254268","requestid2":"254269"}}

2022-11-24 17:15:21 - [TEST_STEP][PASSED] - delay(5): Delayed 5 second(s)

2022-11-24 17:15:26 - [MESSAGE][PASSED] - Delayed 5 second(s)

2022-11-24 17:15:26 - [TEST_STEP][PASSED] - scoring = sendRequest(findTestObject("EngineScore", ["response_searchME_kons":response_searchME_kons, "response_searchME_spouse":response_searchME_spouse])): Send request successfully

2022-11-24 17:15:26 - [MESSAGE][INFO] - HAR: D:\DMS\Engine Scoring\Reports\20221124_171436\Exclude KKB - DS - Married\Scoring Married - DS\20221124_171436\requests\main\9.har

2022-11-24 17:15:26 - [MESSAGE][PASSED] - Send request successfully

2022-11-24 17:15:26 - [TEST_STEP][PASSED] - verifyResponseStatusCode(scoring, 200): Verify response status code successfully

2022-11-24 17:15:26 - [MESSAGE][PASSED] - Verify response status code successfully

2022-11-24 17:15:26 - [TEST_STEP][PASSED] - response2 = scoring.getResponseText(): null

2022-11-24 17:15:26 - [TEST_STEP][PASSED] - markPassed("result service data ke : " + no): result service data ke : 105

2022-11-24 17:15:26 - [MESSAGE][PASSED] - result service data ke : 105

2022-11-24 17:15:26 - [TEST_STEP][PASSED] - logInfo($response2): {"result_konsumen":"Reguler","result_pasangan":"Reject","Final_result":"Reject","errorMessage":"","status":"Done"}

2022-11-24 17:15:26 - [MESSAGE][INFO] - {"result_konsumen":"Reguler","result_pasangan":"Reject","Final_result":"Reject","errorMessage":"","status":"Done"}

2022-11-24 17:15:26 - [TEST_STEP][PASSED] - verifyElementPropertyValue(scoring, "Final_result", final_result): Verify element property value successfully

2022-11-24 17:15:26 - [MESSAGE][PASSED] - Verify element property value successfully]]></system-out>
         <system-err><![CDATA[]]></system-err>
      </testcase>
      <testcase name="Test Cases/Engine_Scoring/Engine Scoring" time="6.577" classname="Test Cases/Engine_Scoring/Engine Scoring" status="PASSED">
         <system-out><![CDATA[2022-11-24 17:15:26 - [TEST_CASE][PASSED] - Test Cases/Engine_Scoring/Engine Scoring: Test Cases/Engine_Scoring/Engine Scoring

2022-11-24 17:15:27 - [TEST_STEP][PASSED] - markPassed("Variasi data ke : " + no): Variasi data ke : 106

2022-11-24 17:15:27 - [MESSAGE][PASSED] - Variasi data ke : 106

2022-11-24 17:15:27 - [TEST_STEP][PASSED] - req_data = sendRequest(findTestObject("Search_ME", ["MID":MID, "source":source, "ip":ip, "userid":userid, "branch":branch, "tipekons":tipekons, "marital":marital, "penjamin":penjamin, ... ])): Send request successfully

2022-11-24 17:15:27 - [MESSAGE][INFO] - HAR: D:\DMS\Engine Scoring\Reports\20221124_171436\Exclude KKB - DS - Married\Scoring Married - DS\20221124_171436\requests\main\10.har

2022-11-24 17:15:27 - [MESSAGE][PASSED] - Send request successfully

2022-11-24 17:15:27 - [TEST_STEP][PASSED] - slurper = new groovy.json.JsonSlurper(): null

2022-11-24 17:15:27 - [TEST_STEP][PASSED] - result = slurper.parseText(req_data.getResponseBodyContent()): null

2022-11-24 17:15:27 - [TEST_STEP][PASSED] - reqid_kons = requestid1: null

2022-11-24 17:15:27 - [TEST_STEP][PASSED] - reqid_spouse = requestid2: null

2022-11-24 17:15:27 - [TEST_STEP][PASSED] - println("requestid kons : " + reqid_kons): null

2022-11-24 17:15:27 - [TEST_STEP][PASSED] - response_searchME_kons = reqid_kons: null

2022-11-24 17:15:27 - [TEST_STEP][PASSED] - response_searchME_spouse = reqid_spouse: null

2022-11-24 17:15:27 - [TEST_STEP][PASSED] - println("kons req id is :" + response_searchME_kons): null

2022-11-24 17:15:27 - [TEST_STEP][PASSED] - println("spouse req id is : " + response_searchME_spouse): null

2022-11-24 17:15:27 - [TEST_STEP][PASSED] - verifyResponseStatusCode(req_data, 200): Verify response status code successfully

2022-11-24 17:15:27 - [MESSAGE][PASSED] - Verify response status code successfully

2022-11-24 17:15:27 - [TEST_STEP][PASSED] - response = req_data.getResponseText(): null

2022-11-24 17:15:27 - [TEST_STEP][PASSED] - logInfo($response): {"status":"Done","data":{"requestid1":"254270","requestid2":"254271"}}

2022-11-24 17:15:27 - [MESSAGE][INFO] - {"status":"Done","data":{"requestid1":"254270","requestid2":"254271"}}

2022-11-24 17:15:27 - [TEST_STEP][PASSED] - delay(5): Delayed 5 second(s)

2022-11-24 17:15:32 - [MESSAGE][PASSED] - Delayed 5 second(s)

2022-11-24 17:15:32 - [TEST_STEP][PASSED] - scoring = sendRequest(findTestObject("EngineScore", ["response_searchME_kons":response_searchME_kons, "response_searchME_spouse":response_searchME_spouse])): Send request successfully

2022-11-24 17:15:32 - [MESSAGE][INFO] - HAR: D:\DMS\Engine Scoring\Reports\20221124_171436\Exclude KKB - DS - Married\Scoring Married - DS\20221124_171436\requests\main\11.har

2022-11-24 17:15:32 - [MESSAGE][PASSED] - Send request successfully

2022-11-24 17:15:32 - [TEST_STEP][PASSED] - verifyResponseStatusCode(scoring, 200): Verify response status code successfully

2022-11-24 17:15:32 - [MESSAGE][PASSED] - Verify response status code successfully

2022-11-24 17:15:32 - [TEST_STEP][PASSED] - response2 = scoring.getResponseText(): null

2022-11-24 17:15:32 - [TEST_STEP][PASSED] - markPassed("result service data ke : " + no): result service data ke : 106

2022-11-24 17:15:32 - [MESSAGE][PASSED] - result service data ke : 106

2022-11-24 17:15:32 - [TEST_STEP][PASSED] - logInfo($response2): {"result_konsumen":"Reguler","result_pasangan":"Reject","Final_result":"Reject","errorMessage":"","status":"Done"}

2022-11-24 17:15:32 - [MESSAGE][INFO] - {"result_konsumen":"Reguler","result_pasangan":"Reject","Final_result":"Reject","errorMessage":"","status":"Done"}

2022-11-24 17:15:32 - [TEST_STEP][PASSED] - verifyElementPropertyValue(scoring, "Final_result", final_result): Verify element property value successfully

2022-11-24 17:15:32 - [MESSAGE][PASSED] - Verify element property value successfully]]></system-out>
         <system-err><![CDATA[]]></system-err>
      </testcase>
      <testcase name="Test Cases/Engine_Scoring/Engine Scoring" time="6.573" classname="Test Cases/Engine_Scoring/Engine Scoring" status="PASSED">
         <system-out><![CDATA[2022-11-24 17:15:33 - [TEST_CASE][PASSED] - Test Cases/Engine_Scoring/Engine Scoring: Test Cases/Engine_Scoring/Engine Scoring

2022-11-24 17:15:33 - [TEST_STEP][PASSED] - markPassed("Variasi data ke : " + no): Variasi data ke : 107

2022-11-24 17:15:33 - [MESSAGE][PASSED] - Variasi data ke : 107

2022-11-24 17:15:33 - [TEST_STEP][PASSED] - req_data = sendRequest(findTestObject("Search_ME", ["MID":MID, "source":source, "ip":ip, "userid":userid, "branch":branch, "tipekons":tipekons, "marital":marital, "penjamin":penjamin, ... ])): Send request successfully

2022-11-24 17:15:34 - [MESSAGE][INFO] - HAR: D:\DMS\Engine Scoring\Reports\20221124_171436\Exclude KKB - DS - Married\Scoring Married - DS\20221124_171436\requests\main\12.har

2022-11-24 17:15:34 - [MESSAGE][PASSED] - Send request successfully

2022-11-24 17:15:34 - [TEST_STEP][PASSED] - slurper = new groovy.json.JsonSlurper(): null

2022-11-24 17:15:34 - [TEST_STEP][PASSED] - result = slurper.parseText(req_data.getResponseBodyContent()): null

2022-11-24 17:15:34 - [TEST_STEP][PASSED] - reqid_kons = requestid1: null

2022-11-24 17:15:34 - [TEST_STEP][PASSED] - reqid_spouse = requestid2: null

2022-11-24 17:15:34 - [TEST_STEP][PASSED] - println("requestid kons : " + reqid_kons): null

2022-11-24 17:15:34 - [TEST_STEP][PASSED] - response_searchME_kons = reqid_kons: null

2022-11-24 17:15:34 - [TEST_STEP][PASSED] - response_searchME_spouse = reqid_spouse: null

2022-11-24 17:15:34 - [TEST_STEP][PASSED] - println("kons req id is :" + response_searchME_kons): null

2022-11-24 17:15:34 - [TEST_STEP][PASSED] - println("spouse req id is : " + response_searchME_spouse): null

2022-11-24 17:15:34 - [TEST_STEP][PASSED] - verifyResponseStatusCode(req_data, 200): Verify response status code successfully

2022-11-24 17:15:34 - [MESSAGE][PASSED] - Verify response status code successfully

2022-11-24 17:15:34 - [TEST_STEP][PASSED] - response = req_data.getResponseText(): null

2022-11-24 17:15:34 - [TEST_STEP][PASSED] - logInfo($response): {"status":"Done","data":{"requestid1":"254272","requestid2":"254273"}}

2022-11-24 17:15:34 - [MESSAGE][INFO] - {"status":"Done","data":{"requestid1":"254272","requestid2":"254273"}}

2022-11-24 17:15:34 - [TEST_STEP][PASSED] - delay(5): Delayed 5 second(s)

2022-11-24 17:15:39 - [MESSAGE][PASSED] - Delayed 5 second(s)

2022-11-24 17:15:39 - [TEST_STEP][PASSED] - scoring = sendRequest(findTestObject("EngineScore", ["response_searchME_kons":response_searchME_kons, "response_searchME_spouse":response_searchME_spouse])): Send request successfully

2022-11-24 17:15:39 - [MESSAGE][INFO] - HAR: D:\DMS\Engine Scoring\Reports\20221124_171436\Exclude KKB - DS - Married\Scoring Married - DS\20221124_171436\requests\main\13.har

2022-11-24 17:15:39 - [MESSAGE][PASSED] - Send request successfully

2022-11-24 17:15:39 - [TEST_STEP][PASSED] - verifyResponseStatusCode(scoring, 200): Verify response status code successfully

2022-11-24 17:15:39 - [MESSAGE][PASSED] - Verify response status code successfully

2022-11-24 17:15:39 - [TEST_STEP][PASSED] - response2 = scoring.getResponseText(): null

2022-11-24 17:15:39 - [TEST_STEP][PASSED] - markPassed("result service data ke : " + no): result service data ke : 107

2022-11-24 17:15:39 - [MESSAGE][PASSED] - result service data ke : 107

2022-11-24 17:15:39 - [TEST_STEP][PASSED] - logInfo($response2): {"result_konsumen":"Reguler","result_pasangan":"Reject","Final_result":"Reject","errorMessage":"","status":"Done"}

2022-11-24 17:15:39 - [MESSAGE][INFO] - {"result_konsumen":"Reguler","result_pasangan":"Reject","Final_result":"Reject","errorMessage":"","status":"Done"}

2022-11-24 17:15:39 - [TEST_STEP][PASSED] - verifyElementPropertyValue(scoring, "Final_result", final_result): Verify element property value successfully

2022-11-24 17:15:39 - [MESSAGE][PASSED] - Verify element property value successfully]]></system-out>
         <system-err><![CDATA[]]></system-err>
      </testcase>
      <testcase name="Test Cases/Engine_Scoring/Engine Scoring" time="6.505" classname="Test Cases/Engine_Scoring/Engine Scoring" status="PASSED">
         <system-out><![CDATA[2022-11-24 17:15:39 - [TEST_CASE][PASSED] - Test Cases/Engine_Scoring/Engine Scoring: Test Cases/Engine_Scoring/Engine Scoring

2022-11-24 17:15:40 - [TEST_STEP][PASSED] - markPassed("Variasi data ke : " + no): Variasi data ke : 108

2022-11-24 17:15:40 - [MESSAGE][PASSED] - Variasi data ke : 108

2022-11-24 17:15:40 - [TEST_STEP][PASSED] - req_data = sendRequest(findTestObject("Search_ME", ["MID":MID, "source":source, "ip":ip, "userid":userid, "branch":branch, "tipekons":tipekons, "marital":marital, "penjamin":penjamin, ... ])): Send request successfully

2022-11-24 17:15:41 - [MESSAGE][INFO] - HAR: D:\DMS\Engine Scoring\Reports\20221124_171436\Exclude KKB - DS - Married\Scoring Married - DS\20221124_171436\requests\main\14.har

2022-11-24 17:15:41 - [MESSAGE][PASSED] - Send request successfully

2022-11-24 17:15:41 - [TEST_STEP][PASSED] - slurper = new groovy.json.JsonSlurper(): null

2022-11-24 17:15:41 - [TEST_STEP][PASSED] - result = slurper.parseText(req_data.getResponseBodyContent()): null

2022-11-24 17:15:41 - [TEST_STEP][PASSED] - reqid_kons = requestid1: null

2022-11-24 17:15:41 - [TEST_STEP][PASSED] - reqid_spouse = requestid2: null

2022-11-24 17:15:41 - [TEST_STEP][PASSED] - println("requestid kons : " + reqid_kons): null

2022-11-24 17:15:41 - [TEST_STEP][PASSED] - response_searchME_kons = reqid_kons: null

2022-11-24 17:15:41 - [TEST_STEP][PASSED] - response_searchME_spouse = reqid_spouse: null

2022-11-24 17:15:41 - [TEST_STEP][PASSED] - println("kons req id is :" + response_searchME_kons): null

2022-11-24 17:15:41 - [TEST_STEP][PASSED] - println("spouse req id is : " + response_searchME_spouse): null

2022-11-24 17:15:41 - [TEST_STEP][PASSED] - verifyResponseStatusCode(req_data, 200): Verify response status code successfully

2022-11-24 17:15:41 - [MESSAGE][PASSED] - Verify response status code successfully

2022-11-24 17:15:41 - [TEST_STEP][PASSED] - response = req_data.getResponseText(): null

2022-11-24 17:15:41 - [TEST_STEP][PASSED] - logInfo($response): {"status":"Done","data":{"requestid1":"254274","requestid2":"254275"}}

2022-11-24 17:15:41 - [MESSAGE][INFO] - {"status":"Done","data":{"requestid1":"254274","requestid2":"254275"}}

2022-11-24 17:15:41 - [TEST_STEP][PASSED] - delay(5): Delayed 5 second(s)

2022-11-24 17:15:46 - [MESSAGE][PASSED] - Delayed 5 second(s)

2022-11-24 17:15:46 - [TEST_STEP][PASSED] - scoring = sendRequest(findTestObject("EngineScore", ["response_searchME_kons":response_searchME_kons, "response_searchME_spouse":response_searchME_spouse])): Send request successfully

2022-11-24 17:15:46 - [MESSAGE][INFO] - HAR: D:\DMS\Engine Scoring\Reports\20221124_171436\Exclude KKB - DS - Married\Scoring Married - DS\20221124_171436\requests\main\15.har

2022-11-24 17:15:46 - [MESSAGE][PASSED] - Send request successfully

2022-11-24 17:15:46 - [TEST_STEP][PASSED] - verifyResponseStatusCode(scoring, 200): Verify response status code successfully

2022-11-24 17:15:46 - [MESSAGE][PASSED] - Verify response status code successfully

2022-11-24 17:15:46 - [TEST_STEP][PASSED] - response2 = scoring.getResponseText(): null

2022-11-24 17:15:46 - [TEST_STEP][PASSED] - markPassed("result service data ke : " + no): result service data ke : 108

2022-11-24 17:15:46 - [MESSAGE][PASSED] - result service data ke : 108

2022-11-24 17:15:46 - [TEST_STEP][PASSED] - logInfo($response2): {"result_konsumen":"Reguler","result_pasangan":"Reject","Final_result":"Reject","errorMessage":"","status":"Done"}

2022-11-24 17:15:46 - [MESSAGE][INFO] - {"result_konsumen":"Reguler","result_pasangan":"Reject","Final_result":"Reject","errorMessage":"","status":"Done"}

2022-11-24 17:15:46 - [TEST_STEP][PASSED] - verifyElementPropertyValue(scoring, "Final_result", final_result): Verify element property value successfully

2022-11-24 17:15:46 - [MESSAGE][PASSED] - Verify element property value successfully]]></system-out>
         <system-err><![CDATA[]]></system-err>
      </testcase>
      <testcase name="Test Cases/Engine_Scoring/Engine Scoring" time="6.62" classname="Test Cases/Engine_Scoring/Engine Scoring" status="PASSED">
         <system-out><![CDATA[2022-11-24 17:15:46 - [TEST_CASE][PASSED] - Test Cases/Engine_Scoring/Engine Scoring: Test Cases/Engine_Scoring/Engine Scoring

2022-11-24 17:15:46 - [TEST_STEP][PASSED] - markPassed("Variasi data ke : " + no): Variasi data ke : 109

2022-11-24 17:15:46 - [MESSAGE][PASSED] - Variasi data ke : 109

2022-11-24 17:15:46 - [TEST_STEP][PASSED] - req_data = sendRequest(findTestObject("Search_ME", ["MID":MID, "source":source, "ip":ip, "userid":userid, "branch":branch, "tipekons":tipekons, "marital":marital, "penjamin":penjamin, ... ])): Send request successfully

2022-11-24 17:15:47 - [MESSAGE][INFO] - HAR: D:\DMS\Engine Scoring\Reports\20221124_171436\Exclude KKB - DS - Married\Scoring Married - DS\20221124_171436\requests\main\16.har

2022-11-24 17:15:47 - [MESSAGE][PASSED] - Send request successfully

2022-11-24 17:15:47 - [TEST_STEP][PASSED] - slurper = new groovy.json.JsonSlurper(): null

2022-11-24 17:15:47 - [TEST_STEP][PASSED] - result = slurper.parseText(req_data.getResponseBodyContent()): null

2022-11-24 17:15:47 - [TEST_STEP][PASSED] - reqid_kons = requestid1: null

2022-11-24 17:15:47 - [TEST_STEP][PASSED] - reqid_spouse = requestid2: null

2022-11-24 17:15:47 - [TEST_STEP][PASSED] - println("requestid kons : " + reqid_kons): null

2022-11-24 17:15:47 - [TEST_STEP][PASSED] - response_searchME_kons = reqid_kons: null

2022-11-24 17:15:47 - [TEST_STEP][PASSED] - response_searchME_spouse = reqid_spouse: null

2022-11-24 17:15:47 - [TEST_STEP][PASSED] - println("kons req id is :" + response_searchME_kons): null

2022-11-24 17:15:47 - [TEST_STEP][PASSED] - println("spouse req id is : " + response_searchME_spouse): null

2022-11-24 17:15:47 - [TEST_STEP][PASSED] - verifyResponseStatusCode(req_data, 200): Verify response status code successfully

2022-11-24 17:15:47 - [MESSAGE][PASSED] - Verify response status code successfully

2022-11-24 17:15:47 - [TEST_STEP][PASSED] - response = req_data.getResponseText(): null

2022-11-24 17:15:47 - [TEST_STEP][PASSED] - logInfo($response): {"status":"Done","data":{"requestid1":"254276","requestid2":"254277"}}

2022-11-24 17:15:47 - [MESSAGE][INFO] - {"status":"Done","data":{"requestid1":"254276","requestid2":"254277"}}

2022-11-24 17:15:47 - [TEST_STEP][PASSED] - delay(5): Delayed 5 second(s)

2022-11-24 17:15:52 - [MESSAGE][PASSED] - Delayed 5 second(s)

2022-11-24 17:15:52 - [TEST_STEP][PASSED] - scoring = sendRequest(findTestObject("EngineScore", ["response_searchME_kons":response_searchME_kons, "response_searchME_spouse":response_searchME_spouse])): Send request successfully

2022-11-24 17:15:52 - [MESSAGE][INFO] - HAR: D:\DMS\Engine Scoring\Reports\20221124_171436\Exclude KKB - DS - Married\Scoring Married - DS\20221124_171436\requests\main\17.har

2022-11-24 17:15:52 - [MESSAGE][PASSED] - Send request successfully

2022-11-24 17:15:52 - [TEST_STEP][PASSED] - verifyResponseStatusCode(scoring, 200): Verify response status code successfully

2022-11-24 17:15:52 - [MESSAGE][PASSED] - Verify response status code successfully

2022-11-24 17:15:52 - [TEST_STEP][PASSED] - response2 = scoring.getResponseText(): null

2022-11-24 17:15:52 - [TEST_STEP][PASSED] - markPassed("result service data ke : " + no): result service data ke : 109

2022-11-24 17:15:52 - [MESSAGE][PASSED] - result service data ke : 109

2022-11-24 17:15:52 - [TEST_STEP][PASSED] - logInfo($response2): {"result_konsumen":"Approve","result_pasangan":"Reguler","Final_result":"Approve","errorMessage":"","status":"Done"}

2022-11-24 17:15:52 - [MESSAGE][INFO] - {"result_konsumen":"Approve","result_pasangan":"Reguler","Final_result":"Approve","errorMessage":"","status":"Done"}

2022-11-24 17:15:52 - [TEST_STEP][PASSED] - verifyElementPropertyValue(scoring, "Final_result", final_result): Verify element property value successfully

2022-11-24 17:15:52 - [MESSAGE][PASSED] - Verify element property value successfully]]></system-out>
         <system-err><![CDATA[]]></system-err>
      </testcase>
      <testcase name="Test Cases/Engine_Scoring/Engine Scoring" time="6.556" classname="Test Cases/Engine_Scoring/Engine Scoring" status="PASSED">
         <system-out><![CDATA[2022-11-24 17:15:52 - [TEST_CASE][PASSED] - Test Cases/Engine_Scoring/Engine Scoring: Test Cases/Engine_Scoring/Engine Scoring

2022-11-24 17:15:53 - [TEST_STEP][PASSED] - markPassed("Variasi data ke : " + no): Variasi data ke : 110

2022-11-24 17:15:53 - [MESSAGE][PASSED] - Variasi data ke : 110

2022-11-24 17:15:53 - [TEST_STEP][PASSED] - req_data = sendRequest(findTestObject("Search_ME", ["MID":MID, "source":source, "ip":ip, "userid":userid, "branch":branch, "tipekons":tipekons, "marital":marital, "penjamin":penjamin, ... ])): Send request successfully

2022-11-24 17:15:54 - [MESSAGE][INFO] - HAR: D:\DMS\Engine Scoring\Reports\20221124_171436\Exclude KKB - DS - Married\Scoring Married - DS\20221124_171436\requests\main\18.har

2022-11-24 17:15:54 - [MESSAGE][PASSED] - Send request successfully

2022-11-24 17:15:54 - [TEST_STEP][PASSED] - slurper = new groovy.json.JsonSlurper(): null

2022-11-24 17:15:54 - [TEST_STEP][PASSED] - result = slurper.parseText(req_data.getResponseBodyContent()): null

2022-11-24 17:15:54 - [TEST_STEP][PASSED] - reqid_kons = requestid1: null

2022-11-24 17:15:54 - [TEST_STEP][PASSED] - reqid_spouse = requestid2: null

2022-11-24 17:15:54 - [TEST_STEP][PASSED] - println("requestid kons : " + reqid_kons): null

2022-11-24 17:15:54 - [TEST_STEP][PASSED] - response_searchME_kons = reqid_kons: null

2022-11-24 17:15:54 - [TEST_STEP][PASSED] - response_searchME_spouse = reqid_spouse: null

2022-11-24 17:15:54 - [TEST_STEP][PASSED] - println("kons req id is :" + response_searchME_kons): null

2022-11-24 17:15:54 - [TEST_STEP][PASSED] - println("spouse req id is : " + response_searchME_spouse): null

2022-11-24 17:15:54 - [TEST_STEP][PASSED] - verifyResponseStatusCode(req_data, 200): Verify response status code successfully

2022-11-24 17:15:54 - [MESSAGE][PASSED] - Verify response status code successfully

2022-11-24 17:15:54 - [TEST_STEP][PASSED] - response = req_data.getResponseText(): null

2022-11-24 17:15:54 - [TEST_STEP][PASSED] - logInfo($response): {"status":"Done","data":{"requestid1":"254278","requestid2":"254279"}}

2022-11-24 17:15:54 - [MESSAGE][INFO] - {"status":"Done","data":{"requestid1":"254278","requestid2":"254279"}}

2022-11-24 17:15:54 - [TEST_STEP][PASSED] - delay(5): Delayed 5 second(s)

2022-11-24 17:15:59 - [MESSAGE][PASSED] - Delayed 5 second(s)

2022-11-24 17:15:59 - [TEST_STEP][PASSED] - scoring = sendRequest(findTestObject("EngineScore", ["response_searchME_kons":response_searchME_kons, "response_searchME_spouse":response_searchME_spouse])): Send request successfully

2022-11-24 17:15:59 - [MESSAGE][INFO] - HAR: D:\DMS\Engine Scoring\Reports\20221124_171436\Exclude KKB - DS - Married\Scoring Married - DS\20221124_171436\requests\main\19.har

2022-11-24 17:15:59 - [MESSAGE][PASSED] - Send request successfully

2022-11-24 17:15:59 - [TEST_STEP][PASSED] - verifyResponseStatusCode(scoring, 200): Verify response status code successfully

2022-11-24 17:15:59 - [MESSAGE][PASSED] - Verify response status code successfully

2022-11-24 17:15:59 - [TEST_STEP][PASSED] - response2 = scoring.getResponseText(): null

2022-11-24 17:15:59 - [TEST_STEP][PASSED] - markPassed("result service data ke : " + no): result service data ke : 110

2022-11-24 17:15:59 - [MESSAGE][PASSED] - result service data ke : 110

2022-11-24 17:15:59 - [TEST_STEP][PASSED] - logInfo($response2): {"result_konsumen":"Approve","result_pasangan":"Reguler","Final_result":"Approve","errorMessage":"","status":"Done"}

2022-11-24 17:15:59 - [MESSAGE][INFO] - {"result_konsumen":"Approve","result_pasangan":"Reguler","Final_result":"Approve","errorMessage":"","status":"Done"}

2022-11-24 17:15:59 - [TEST_STEP][PASSED] - verifyElementPropertyValue(scoring, "Final_result", final_result): Verify element property value successfully

2022-11-24 17:15:59 - [MESSAGE][PASSED] - Verify element property value successfully]]></system-out>
         <system-err><![CDATA[]]></system-err>
      </testcase>
      <testcase name="Test Cases/Engine_Scoring/Engine Scoring" time="6.543" classname="Test Cases/Engine_Scoring/Engine Scoring" status="PASSED">
         <system-out><![CDATA[2022-11-24 17:15:59 - [TEST_CASE][PASSED] - Test Cases/Engine_Scoring/Engine Scoring: Test Cases/Engine_Scoring/Engine Scoring

2022-11-24 17:16:00 - [TEST_STEP][PASSED] - markPassed("Variasi data ke : " + no): Variasi data ke : 111

2022-11-24 17:16:00 - [MESSAGE][PASSED] - Variasi data ke : 111

2022-11-24 17:16:00 - [TEST_STEP][PASSED] - req_data = sendRequest(findTestObject("Search_ME", ["MID":MID, "source":source, "ip":ip, "userid":userid, "branch":branch, "tipekons":tipekons, "marital":marital, "penjamin":penjamin, ... ])): Send request successfully

2022-11-24 17:16:00 - [MESSAGE][INFO] - HAR: D:\DMS\Engine Scoring\Reports\20221124_171436\Exclude KKB - DS - Married\Scoring Married - DS\20221124_171436\requests\main\20.har

2022-11-24 17:16:00 - [MESSAGE][PASSED] - Send request successfully

2022-11-24 17:16:00 - [TEST_STEP][PASSED] - slurper = new groovy.json.JsonSlurper(): null

2022-11-24 17:16:00 - [TEST_STEP][PASSED] - result = slurper.parseText(req_data.getResponseBodyContent()): null

2022-11-24 17:16:00 - [TEST_STEP][PASSED] - reqid_kons = requestid1: null

2022-11-24 17:16:00 - [TEST_STEP][PASSED] - reqid_spouse = requestid2: null

2022-11-24 17:16:00 - [TEST_STEP][PASSED] - println("requestid kons : " + reqid_kons): null

2022-11-24 17:16:00 - [TEST_STEP][PASSED] - response_searchME_kons = reqid_kons: null

2022-11-24 17:16:00 - [TEST_STEP][PASSED] - response_searchME_spouse = reqid_spouse: null

2022-11-24 17:16:00 - [TEST_STEP][PASSED] - println("kons req id is :" + response_searchME_kons): null

2022-11-24 17:16:00 - [TEST_STEP][PASSED] - println("spouse req id is : " + response_searchME_spouse): null

2022-11-24 17:16:00 - [TEST_STEP][PASSED] - verifyResponseStatusCode(req_data, 200): Verify response status code successfully

2022-11-24 17:16:00 - [MESSAGE][PASSED] - Verify response status code successfully

2022-11-24 17:16:00 - [TEST_STEP][PASSED] - response = req_data.getResponseText(): null

2022-11-24 17:16:00 - [TEST_STEP][PASSED] - logInfo($response): {"status":"Done","data":{"requestid1":"254280","requestid2":"254281"}}

2022-11-24 17:16:00 - [MESSAGE][INFO] - {"status":"Done","data":{"requestid1":"254280","requestid2":"254281"}}

2022-11-24 17:16:00 - [TEST_STEP][PASSED] - delay(5): Delayed 5 second(s)

2022-11-24 17:16:05 - [MESSAGE][PASSED] - Delayed 5 second(s)

2022-11-24 17:16:05 - [TEST_STEP][PASSED] - scoring = sendRequest(findTestObject("EngineScore", ["response_searchME_kons":response_searchME_kons, "response_searchME_spouse":response_searchME_spouse])): Send request successfully

2022-11-24 17:16:06 - [MESSAGE][INFO] - HAR: D:\DMS\Engine Scoring\Reports\20221124_171436\Exclude KKB - DS - Married\Scoring Married - DS\20221124_171436\requests\main\21.har

2022-11-24 17:16:06 - [MESSAGE][PASSED] - Send request successfully

2022-11-24 17:16:06 - [TEST_STEP][PASSED] - verifyResponseStatusCode(scoring, 200): Verify response status code successfully

2022-11-24 17:16:06 - [MESSAGE][PASSED] - Verify response status code successfully

2022-11-24 17:16:06 - [TEST_STEP][PASSED] - response2 = scoring.getResponseText(): null

2022-11-24 17:16:06 - [TEST_STEP][PASSED] - markPassed("result service data ke : " + no): result service data ke : 111

2022-11-24 17:16:06 - [MESSAGE][PASSED] - result service data ke : 111

2022-11-24 17:16:06 - [TEST_STEP][PASSED] - logInfo($response2): {"result_konsumen":"Approve","result_pasangan":"Reguler","Final_result":"Approve","errorMessage":"","status":"Done"}

2022-11-24 17:16:06 - [MESSAGE][INFO] - {"result_konsumen":"Approve","result_pasangan":"Reguler","Final_result":"Approve","errorMessage":"","status":"Done"}

2022-11-24 17:16:06 - [TEST_STEP][PASSED] - verifyElementPropertyValue(scoring, "Final_result", final_result): Verify element property value successfully

2022-11-24 17:16:06 - [MESSAGE][PASSED] - Verify element property value successfully]]></system-out>
         <system-err><![CDATA[]]></system-err>
      </testcase>
      <testcase name="Test Cases/Engine_Scoring/Engine Scoring" time="7.272" classname="Test Cases/Engine_Scoring/Engine Scoring" status="PASSED">
         <system-out><![CDATA[2022-11-24 17:16:06 - [TEST_CASE][PASSED] - Test Cases/Engine_Scoring/Engine Scoring: Test Cases/Engine_Scoring/Engine Scoring

2022-11-24 17:16:06 - [TEST_STEP][PASSED] - markPassed("Variasi data ke : " + no): Variasi data ke : 112

2022-11-24 17:16:06 - [MESSAGE][PASSED] - Variasi data ke : 112

2022-11-24 17:16:06 - [TEST_STEP][PASSED] - req_data = sendRequest(findTestObject("Search_ME", ["MID":MID, "source":source, "ip":ip, "userid":userid, "branch":branch, "tipekons":tipekons, "marital":marital, "penjamin":penjamin, ... ])): Send request successfully

2022-11-24 17:16:08 - [MESSAGE][INFO] - HAR: D:\DMS\Engine Scoring\Reports\20221124_171436\Exclude KKB - DS - Married\Scoring Married - DS\20221124_171436\requests\main\22.har

2022-11-24 17:16:08 - [MESSAGE][PASSED] - Send request successfully

2022-11-24 17:16:08 - [TEST_STEP][PASSED] - slurper = new groovy.json.JsonSlurper(): null

2022-11-24 17:16:08 - [TEST_STEP][PASSED] - result = slurper.parseText(req_data.getResponseBodyContent()): null

2022-11-24 17:16:08 - [TEST_STEP][PASSED] - reqid_kons = requestid1: null

2022-11-24 17:16:08 - [TEST_STEP][PASSED] - reqid_spouse = requestid2: null

2022-11-24 17:16:08 - [TEST_STEP][PASSED] - println("requestid kons : " + reqid_kons): null

2022-11-24 17:16:08 - [TEST_STEP][PASSED] - response_searchME_kons = reqid_kons: null

2022-11-24 17:16:08 - [TEST_STEP][PASSED] - response_searchME_spouse = reqid_spouse: null

2022-11-24 17:16:08 - [TEST_STEP][PASSED] - println("kons req id is :" + response_searchME_kons): null

2022-11-24 17:16:08 - [TEST_STEP][PASSED] - println("spouse req id is : " + response_searchME_spouse): null

2022-11-24 17:16:08 - [TEST_STEP][PASSED] - verifyResponseStatusCode(req_data, 200): Verify response status code successfully

2022-11-24 17:16:08 - [MESSAGE][PASSED] - Verify response status code successfully

2022-11-24 17:16:08 - [TEST_STEP][PASSED] - response = req_data.getResponseText(): null

2022-11-24 17:16:08 - [TEST_STEP][PASSED] - logInfo($response): {"status":"Done","data":{"requestid1":"254282","requestid2":"254283"}}

2022-11-24 17:16:08 - [MESSAGE][INFO] - {"status":"Done","data":{"requestid1":"254282","requestid2":"254283"}}

2022-11-24 17:16:08 - [TEST_STEP][PASSED] - delay(5): Delayed 5 second(s)

2022-11-24 17:16:13 - [MESSAGE][PASSED] - Delayed 5 second(s)

2022-11-24 17:16:13 - [TEST_STEP][PASSED] - scoring = sendRequest(findTestObject("EngineScore", ["response_searchME_kons":response_searchME_kons, "response_searchME_spouse":response_searchME_spouse])): Send request successfully

2022-11-24 17:16:13 - [MESSAGE][INFO] - HAR: D:\DMS\Engine Scoring\Reports\20221124_171436\Exclude KKB - DS - Married\Scoring Married - DS\20221124_171436\requests\main\23.har

2022-11-24 17:16:13 - [MESSAGE][PASSED] - Send request successfully

2022-11-24 17:16:13 - [TEST_STEP][PASSED] - verifyResponseStatusCode(scoring, 200): Verify response status code successfully

2022-11-24 17:16:13 - [MESSAGE][PASSED] - Verify response status code successfully

2022-11-24 17:16:13 - [TEST_STEP][PASSED] - response2 = scoring.getResponseText(): null

2022-11-24 17:16:13 - [TEST_STEP][PASSED] - markPassed("result service data ke : " + no): result service data ke : 112

2022-11-24 17:16:13 - [MESSAGE][PASSED] - result service data ke : 112

2022-11-24 17:16:13 - [TEST_STEP][PASSED] - logInfo($response2): {"result_konsumen":"Approve","result_pasangan":"Reguler","Final_result":"Approve","errorMessage":"","status":"Done"}

2022-11-24 17:16:13 - [MESSAGE][INFO] - {"result_konsumen":"Approve","result_pasangan":"Reguler","Final_result":"Approve","errorMessage":"","status":"Done"}

2022-11-24 17:16:13 - [TEST_STEP][PASSED] - verifyElementPropertyValue(scoring, "Final_result", final_result): Verify element property value successfully

2022-11-24 17:16:13 - [MESSAGE][PASSED] - Verify element property value successfully]]></system-out>
         <system-err><![CDATA[]]></system-err>
      </testcase>
      <testcase name="Test Cases/Engine_Scoring/Engine Scoring" time="6.675" classname="Test Cases/Engine_Scoring/Engine Scoring" status="PASSED">
         <system-out><![CDATA[2022-11-24 17:16:13 - [TEST_CASE][PASSED] - Test Cases/Engine_Scoring/Engine Scoring: Test Cases/Engine_Scoring/Engine Scoring

2022-11-24 17:16:14 - [TEST_STEP][PASSED] - markPassed("Variasi data ke : " + no): Variasi data ke : 113

2022-11-24 17:16:14 - [MESSAGE][PASSED] - Variasi data ke : 113

2022-11-24 17:16:14 - [TEST_STEP][PASSED] - req_data = sendRequest(findTestObject("Search_ME", ["MID":MID, "source":source, "ip":ip, "userid":userid, "branch":branch, "tipekons":tipekons, "marital":marital, "penjamin":penjamin, ... ])): Send request successfully

2022-11-24 17:16:15 - [MESSAGE][INFO] - HAR: D:\DMS\Engine Scoring\Reports\20221124_171436\Exclude KKB - DS - Married\Scoring Married - DS\20221124_171436\requests\main\24.har

2022-11-24 17:16:15 - [MESSAGE][PASSED] - Send request successfully

2022-11-24 17:16:15 - [TEST_STEP][PASSED] - slurper = new groovy.json.JsonSlurper(): null

2022-11-24 17:16:15 - [TEST_STEP][PASSED] - result = slurper.parseText(req_data.getResponseBodyContent()): null

2022-11-24 17:16:15 - [TEST_STEP][PASSED] - reqid_kons = requestid1: null

2022-11-24 17:16:15 - [TEST_STEP][PASSED] - reqid_spouse = requestid2: null

2022-11-24 17:16:15 - [TEST_STEP][PASSED] - println("requestid kons : " + reqid_kons): null

2022-11-24 17:16:15 - [TEST_STEP][PASSED] - response_searchME_kons = reqid_kons: null

2022-11-24 17:16:15 - [TEST_STEP][PASSED] - response_searchME_spouse = reqid_spouse: null

2022-11-24 17:16:15 - [TEST_STEP][PASSED] - println("kons req id is :" + response_searchME_kons): null

2022-11-24 17:16:15 - [TEST_STEP][PASSED] - println("spouse req id is : " + response_searchME_spouse): null

2022-11-24 17:16:15 - [TEST_STEP][PASSED] - verifyResponseStatusCode(req_data, 200): Verify response status code successfully

2022-11-24 17:16:15 - [MESSAGE][PASSED] - Verify response status code successfully

2022-11-24 17:16:15 - [TEST_STEP][PASSED] - response = req_data.getResponseText(): null

2022-11-24 17:16:15 - [TEST_STEP][PASSED] - logInfo($response): {"status":"Done","data":{"requestid1":"254284","requestid2":"254285"}}

2022-11-24 17:16:15 - [MESSAGE][INFO] - {"status":"Done","data":{"requestid1":"254284","requestid2":"254285"}}

2022-11-24 17:16:15 - [TEST_STEP][PASSED] - delay(5): Delayed 5 second(s)

2022-11-24 17:16:20 - [MESSAGE][PASSED] - Delayed 5 second(s)

2022-11-24 17:16:20 - [TEST_STEP][PASSED] - scoring = sendRequest(findTestObject("EngineScore", ["response_searchME_kons":response_searchME_kons, "response_searchME_spouse":response_searchME_spouse])): Send request successfully

2022-11-24 17:16:20 - [MESSAGE][INFO] - HAR: D:\DMS\Engine Scoring\Reports\20221124_171436\Exclude KKB - DS - Married\Scoring Married - DS\20221124_171436\requests\main\25.har

2022-11-24 17:16:20 - [MESSAGE][PASSED] - Send request successfully

2022-11-24 17:16:20 - [TEST_STEP][PASSED] - verifyResponseStatusCode(scoring, 200): Verify response status code successfully

2022-11-24 17:16:20 - [MESSAGE][PASSED] - Verify response status code successfully

2022-11-24 17:16:20 - [TEST_STEP][PASSED] - response2 = scoring.getResponseText(): null

2022-11-24 17:16:20 - [TEST_STEP][PASSED] - markPassed("result service data ke : " + no): result service data ke : 113

2022-11-24 17:16:20 - [MESSAGE][PASSED] - result service data ke : 113

2022-11-24 17:16:20 - [TEST_STEP][PASSED] - logInfo($response2): {"result_konsumen":"Approve","result_pasangan":"Reject","Final_result":"Reject","errorMessage":"","status":"Done"}

2022-11-24 17:16:20 - [MESSAGE][INFO] - {"result_konsumen":"Approve","result_pasangan":"Reject","Final_result":"Reject","errorMessage":"","status":"Done"}

2022-11-24 17:16:20 - [TEST_STEP][PASSED] - verifyElementPropertyValue(scoring, "Final_result", final_result): Verify element property value successfully

2022-11-24 17:16:20 - [MESSAGE][PASSED] - Verify element property value successfully]]></system-out>
         <system-err><![CDATA[]]></system-err>
      </testcase>
      <testcase name="Test Cases/Engine_Scoring/Engine Scoring" time="6.695" classname="Test Cases/Engine_Scoring/Engine Scoring" status="PASSED">
         <system-out><![CDATA[2022-11-24 17:16:20 - [TEST_CASE][PASSED] - Test Cases/Engine_Scoring/Engine Scoring: Test Cases/Engine_Scoring/Engine Scoring

2022-11-24 17:16:20 - [TEST_STEP][PASSED] - markPassed("Variasi data ke : " + no): Variasi data ke : 114

2022-11-24 17:16:20 - [MESSAGE][PASSED] - Variasi data ke : 114

2022-11-24 17:16:20 - [TEST_STEP][PASSED] - req_data = sendRequest(findTestObject("Search_ME", ["MID":MID, "source":source, "ip":ip, "userid":userid, "branch":branch, "tipekons":tipekons, "marital":marital, "penjamin":penjamin, ... ])): Send request successfully

2022-11-24 17:16:21 - [MESSAGE][INFO] - HAR: D:\DMS\Engine Scoring\Reports\20221124_171436\Exclude KKB - DS - Married\Scoring Married - DS\20221124_171436\requests\main\26.har

2022-11-24 17:16:21 - [MESSAGE][PASSED] - Send request successfully

2022-11-24 17:16:21 - [TEST_STEP][PASSED] - slurper = new groovy.json.JsonSlurper(): null

2022-11-24 17:16:21 - [TEST_STEP][PASSED] - result = slurper.parseText(req_data.getResponseBodyContent()): null

2022-11-24 17:16:21 - [TEST_STEP][PASSED] - reqid_kons = requestid1: null

2022-11-24 17:16:21 - [TEST_STEP][PASSED] - reqid_spouse = requestid2: null

2022-11-24 17:16:21 - [TEST_STEP][PASSED] - println("requestid kons : " + reqid_kons): null

2022-11-24 17:16:21 - [TEST_STEP][PASSED] - response_searchME_kons = reqid_kons: null

2022-11-24 17:16:21 - [TEST_STEP][PASSED] - response_searchME_spouse = reqid_spouse: null

2022-11-24 17:16:21 - [TEST_STEP][PASSED] - println("kons req id is :" + response_searchME_kons): null

2022-11-24 17:16:21 - [TEST_STEP][PASSED] - println("spouse req id is : " + response_searchME_spouse): null

2022-11-24 17:16:21 - [TEST_STEP][PASSED] - verifyResponseStatusCode(req_data, 200): Verify response status code successfully

2022-11-24 17:16:21 - [MESSAGE][PASSED] - Verify response status code successfully

2022-11-24 17:16:21 - [TEST_STEP][PASSED] - response = req_data.getResponseText(): null

2022-11-24 17:16:21 - [TEST_STEP][PASSED] - logInfo($response): {"status":"Done","data":{"requestid1":"254286","requestid2":"254287"}}

2022-11-24 17:16:21 - [MESSAGE][INFO] - {"status":"Done","data":{"requestid1":"254286","requestid2":"254287"}}

2022-11-24 17:16:21 - [TEST_STEP][PASSED] - delay(5): Delayed 5 second(s)

2022-11-24 17:16:26 - [MESSAGE][PASSED] - Delayed 5 second(s)

2022-11-24 17:16:26 - [TEST_STEP][PASSED] - scoring = sendRequest(findTestObject("EngineScore", ["response_searchME_kons":response_searchME_kons, "response_searchME_spouse":response_searchME_spouse])): Send request successfully

2022-11-24 17:16:26 - [MESSAGE][INFO] - HAR: D:\DMS\Engine Scoring\Reports\20221124_171436\Exclude KKB - DS - Married\Scoring Married - DS\20221124_171436\requests\main\27.har

2022-11-24 17:16:26 - [MESSAGE][PASSED] - Send request successfully

2022-11-24 17:16:26 - [TEST_STEP][PASSED] - verifyResponseStatusCode(scoring, 200): Verify response status code successfully

2022-11-24 17:16:26 - [MESSAGE][PASSED] - Verify response status code successfully

2022-11-24 17:16:26 - [TEST_STEP][PASSED] - response2 = scoring.getResponseText(): null

2022-11-24 17:16:26 - [TEST_STEP][PASSED] - markPassed("result service data ke : " + no): result service data ke : 114

2022-11-24 17:16:26 - [MESSAGE][PASSED] - result service data ke : 114

2022-11-24 17:16:26 - [TEST_STEP][PASSED] - logInfo($response2): {"result_konsumen":"Approve","result_pasangan":"Reject","Final_result":"Reject","errorMessage":"","status":"Done"}

2022-11-24 17:16:26 - [MESSAGE][INFO] - {"result_konsumen":"Approve","result_pasangan":"Reject","Final_result":"Reject","errorMessage":"","status":"Done"}

2022-11-24 17:16:26 - [TEST_STEP][PASSED] - verifyElementPropertyValue(scoring, "Final_result", final_result): Verify element property value successfully

2022-11-24 17:16:26 - [MESSAGE][PASSED] - Verify element property value successfully]]></system-out>
         <system-err><![CDATA[]]></system-err>
      </testcase>
      <testcase name="Test Cases/Engine_Scoring/Engine Scoring" time="6.735" classname="Test Cases/Engine_Scoring/Engine Scoring" status="PASSED">
         <system-out><![CDATA[2022-11-24 17:16:26 - [TEST_CASE][PASSED] - Test Cases/Engine_Scoring/Engine Scoring: Test Cases/Engine_Scoring/Engine Scoring

2022-11-24 17:16:27 - [TEST_STEP][PASSED] - markPassed("Variasi data ke : " + no): Variasi data ke : 115

2022-11-24 17:16:27 - [MESSAGE][PASSED] - Variasi data ke : 115

2022-11-24 17:16:27 - [TEST_STEP][PASSED] - req_data = sendRequest(findTestObject("Search_ME", ["MID":MID, "source":source, "ip":ip, "userid":userid, "branch":branch, "tipekons":tipekons, "marital":marital, "penjamin":penjamin, ... ])): Send request successfully

2022-11-24 17:16:28 - [MESSAGE][INFO] - HAR: D:\DMS\Engine Scoring\Reports\20221124_171436\Exclude KKB - DS - Married\Scoring Married - DS\20221124_171436\requests\main\28.har

2022-11-24 17:16:28 - [MESSAGE][PASSED] - Send request successfully

2022-11-24 17:16:28 - [TEST_STEP][PASSED] - slurper = new groovy.json.JsonSlurper(): null

2022-11-24 17:16:28 - [TEST_STEP][PASSED] - result = slurper.parseText(req_data.getResponseBodyContent()): null

2022-11-24 17:16:28 - [TEST_STEP][PASSED] - reqid_kons = requestid1: null

2022-11-24 17:16:28 - [TEST_STEP][PASSED] - reqid_spouse = requestid2: null

2022-11-24 17:16:28 - [TEST_STEP][PASSED] - println("requestid kons : " + reqid_kons): null

2022-11-24 17:16:28 - [TEST_STEP][PASSED] - response_searchME_kons = reqid_kons: null

2022-11-24 17:16:28 - [TEST_STEP][PASSED] - response_searchME_spouse = reqid_spouse: null

2022-11-24 17:16:28 - [TEST_STEP][PASSED] - println("kons req id is :" + response_searchME_kons): null

2022-11-24 17:16:28 - [TEST_STEP][PASSED] - println("spouse req id is : " + response_searchME_spouse): null

2022-11-24 17:16:28 - [TEST_STEP][PASSED] - verifyResponseStatusCode(req_data, 200): Verify response status code successfully

2022-11-24 17:16:28 - [MESSAGE][PASSED] - Verify response status code successfully

2022-11-24 17:16:28 - [TEST_STEP][PASSED] - response = req_data.getResponseText(): null

2022-11-24 17:16:28 - [TEST_STEP][PASSED] - logInfo($response): {"status":"Done","data":{"requestid1":"254288","requestid2":"254289"}}

2022-11-24 17:16:28 - [MESSAGE][INFO] - {"status":"Done","data":{"requestid1":"254288","requestid2":"254289"}}

2022-11-24 17:16:28 - [TEST_STEP][PASSED] - delay(5): Delayed 5 second(s)

2022-11-24 17:16:33 - [MESSAGE][PASSED] - Delayed 5 second(s)

2022-11-24 17:16:33 - [TEST_STEP][PASSED] - scoring = sendRequest(findTestObject("EngineScore", ["response_searchME_kons":response_searchME_kons, "response_searchME_spouse":response_searchME_spouse])): Send request successfully

2022-11-24 17:16:33 - [MESSAGE][INFO] - HAR: D:\DMS\Engine Scoring\Reports\20221124_171436\Exclude KKB - DS - Married\Scoring Married - DS\20221124_171436\requests\main\29.har

2022-11-24 17:16:33 - [MESSAGE][PASSED] - Send request successfully

2022-11-24 17:16:33 - [TEST_STEP][PASSED] - verifyResponseStatusCode(scoring, 200): Verify response status code successfully

2022-11-24 17:16:33 - [MESSAGE][PASSED] - Verify response status code successfully

2022-11-24 17:16:33 - [TEST_STEP][PASSED] - response2 = scoring.getResponseText(): null

2022-11-24 17:16:33 - [TEST_STEP][PASSED] - markPassed("result service data ke : " + no): result service data ke : 115

2022-11-24 17:16:33 - [MESSAGE][PASSED] - result service data ke : 115

2022-11-24 17:16:33 - [TEST_STEP][PASSED] - logInfo($response2): {"result_konsumen":"Approve","result_pasangan":"Reguler","Final_result":"Approve","errorMessage":"","status":"Done"}

2022-11-24 17:16:33 - [MESSAGE][INFO] - {"result_konsumen":"Approve","result_pasangan":"Reguler","Final_result":"Approve","errorMessage":"","status":"Done"}

2022-11-24 17:16:33 - [TEST_STEP][PASSED] - verifyElementPropertyValue(scoring, "Final_result", final_result): Verify element property value successfully

2022-11-24 17:16:33 - [MESSAGE][PASSED] - Verify element property value successfully]]></system-out>
         <system-err><![CDATA[]]></system-err>
      </testcase>
      <testcase name="Test Cases/Engine_Scoring/Engine Scoring" time="6.735" classname="Test Cases/Engine_Scoring/Engine Scoring" status="PASSED">
         <system-out><![CDATA[2022-11-24 17:16:33 - [TEST_CASE][PASSED] - Test Cases/Engine_Scoring/Engine Scoring: Test Cases/Engine_Scoring/Engine Scoring

2022-11-24 17:16:34 - [TEST_STEP][PASSED] - markPassed("Variasi data ke : " + no): Variasi data ke : 116

2022-11-24 17:16:34 - [MESSAGE][PASSED] - Variasi data ke : 116

2022-11-24 17:16:34 - [TEST_STEP][PASSED] - req_data = sendRequest(findTestObject("Search_ME", ["MID":MID, "source":source, "ip":ip, "userid":userid, "branch":branch, "tipekons":tipekons, "marital":marital, "penjamin":penjamin, ... ])): Send request successfully

2022-11-24 17:16:35 - [MESSAGE][INFO] - HAR: D:\DMS\Engine Scoring\Reports\20221124_171436\Exclude KKB - DS - Married\Scoring Married - DS\20221124_171436\requests\main\30.har

2022-11-24 17:16:35 - [MESSAGE][PASSED] - Send request successfully

2022-11-24 17:16:35 - [TEST_STEP][PASSED] - slurper = new groovy.json.JsonSlurper(): null

2022-11-24 17:16:35 - [TEST_STEP][PASSED] - result = slurper.parseText(req_data.getResponseBodyContent()): null

2022-11-24 17:16:35 - [TEST_STEP][PASSED] - reqid_kons = requestid1: null

2022-11-24 17:16:35 - [TEST_STEP][PASSED] - reqid_spouse = requestid2: null

2022-11-24 17:16:35 - [TEST_STEP][PASSED] - println("requestid kons : " + reqid_kons): null

2022-11-24 17:16:35 - [TEST_STEP][PASSED] - response_searchME_kons = reqid_kons: null

2022-11-24 17:16:35 - [TEST_STEP][PASSED] - response_searchME_spouse = reqid_spouse: null

2022-11-24 17:16:35 - [TEST_STEP][PASSED] - println("kons req id is :" + response_searchME_kons): null

2022-11-24 17:16:35 - [TEST_STEP][PASSED] - println("spouse req id is : " + response_searchME_spouse): null

2022-11-24 17:16:35 - [TEST_STEP][PASSED] - verifyResponseStatusCode(req_data, 200): Verify response status code successfully

2022-11-24 17:16:35 - [MESSAGE][PASSED] - Verify response status code successfully

2022-11-24 17:16:35 - [TEST_STEP][PASSED] - response = req_data.getResponseText(): null

2022-11-24 17:16:35 - [TEST_STEP][PASSED] - logInfo($response): {"status":"Done","data":{"requestid1":"254290","requestid2":"254291"}}

2022-11-24 17:16:35 - [MESSAGE][INFO] - {"status":"Done","data":{"requestid1":"254290","requestid2":"254291"}}

2022-11-24 17:16:35 - [TEST_STEP][PASSED] - delay(5): Delayed 5 second(s)

2022-11-24 17:16:40 - [MESSAGE][PASSED] - Delayed 5 second(s)

2022-11-24 17:16:40 - [TEST_STEP][PASSED] - scoring = sendRequest(findTestObject("EngineScore", ["response_searchME_kons":response_searchME_kons, "response_searchME_spouse":response_searchME_spouse])): Send request successfully

2022-11-24 17:16:40 - [MESSAGE][INFO] - HAR: D:\DMS\Engine Scoring\Reports\20221124_171436\Exclude KKB - DS - Married\Scoring Married - DS\20221124_171436\requests\main\31.har

2022-11-24 17:16:40 - [MESSAGE][PASSED] - Send request successfully

2022-11-24 17:16:40 - [TEST_STEP][PASSED] - verifyResponseStatusCode(scoring, 200): Verify response status code successfully

2022-11-24 17:16:40 - [MESSAGE][PASSED] - Verify response status code successfully

2022-11-24 17:16:40 - [TEST_STEP][PASSED] - response2 = scoring.getResponseText(): null

2022-11-24 17:16:40 - [TEST_STEP][PASSED] - markPassed("result service data ke : " + no): result service data ke : 116

2022-11-24 17:16:40 - [MESSAGE][PASSED] - result service data ke : 116

2022-11-24 17:16:40 - [TEST_STEP][PASSED] - logInfo($response2): {"result_konsumen":"Approve","result_pasangan":"Reguler","Final_result":"Approve","errorMessage":"","status":"Done"}

2022-11-24 17:16:40 - [MESSAGE][INFO] - {"result_konsumen":"Approve","result_pasangan":"Reguler","Final_result":"Approve","errorMessage":"","status":"Done"}

2022-11-24 17:16:40 - [TEST_STEP][PASSED] - verifyElementPropertyValue(scoring, "Final_result", final_result): Verify element property value successfully

2022-11-24 17:16:40 - [MESSAGE][PASSED] - Verify element property value successfully]]></system-out>
         <system-err><![CDATA[]]></system-err>
      </testcase>
      <testcase name="Test Cases/Engine_Scoring/Engine Scoring" time="6.847" classname="Test Cases/Engine_Scoring/Engine Scoring" status="PASSED">
         <system-out><![CDATA[2022-11-24 17:16:40 - [TEST_CASE][PASSED] - Test Cases/Engine_Scoring/Engine Scoring: Test Cases/Engine_Scoring/Engine Scoring

2022-11-24 17:16:41 - [TEST_STEP][PASSED] - markPassed("Variasi data ke : " + no): Variasi data ke : 117

2022-11-24 17:16:41 - [MESSAGE][PASSED] - Variasi data ke : 117

2022-11-24 17:16:41 - [TEST_STEP][PASSED] - req_data = sendRequest(findTestObject("Search_ME", ["MID":MID, "source":source, "ip":ip, "userid":userid, "branch":branch, "tipekons":tipekons, "marital":marital, "penjamin":penjamin, ... ])): Send request successfully

2022-11-24 17:16:42 - [MESSAGE][INFO] - HAR: D:\DMS\Engine Scoring\Reports\20221124_171436\Exclude KKB - DS - Married\Scoring Married - DS\20221124_171436\requests\main\32.har

2022-11-24 17:16:42 - [MESSAGE][PASSED] - Send request successfully

2022-11-24 17:16:42 - [TEST_STEP][PASSED] - slurper = new groovy.json.JsonSlurper(): null

2022-11-24 17:16:42 - [TEST_STEP][PASSED] - result = slurper.parseText(req_data.getResponseBodyContent()): null

2022-11-24 17:16:42 - [TEST_STEP][PASSED] - reqid_kons = requestid1: null

2022-11-24 17:16:42 - [TEST_STEP][PASSED] - reqid_spouse = requestid2: null

2022-11-24 17:16:42 - [TEST_STEP][PASSED] - println("requestid kons : " + reqid_kons): null

2022-11-24 17:16:42 - [TEST_STEP][PASSED] - response_searchME_kons = reqid_kons: null

2022-11-24 17:16:42 - [TEST_STEP][PASSED] - response_searchME_spouse = reqid_spouse: null

2022-11-24 17:16:42 - [TEST_STEP][PASSED] - println("kons req id is :" + response_searchME_kons): null

2022-11-24 17:16:42 - [TEST_STEP][PASSED] - println("spouse req id is : " + response_searchME_spouse): null

2022-11-24 17:16:42 - [TEST_STEP][PASSED] - verifyResponseStatusCode(req_data, 200): Verify response status code successfully

2022-11-24 17:16:42 - [MESSAGE][PASSED] - Verify response status code successfully

2022-11-24 17:16:42 - [TEST_STEP][PASSED] - response = req_data.getResponseText(): null

2022-11-24 17:16:42 - [TEST_STEP][PASSED] - logInfo($response): {"status":"Done","data":{"requestid1":"254292","requestid2":"254293"}}

2022-11-24 17:16:42 - [MESSAGE][INFO] - {"status":"Done","data":{"requestid1":"254292","requestid2":"254293"}}

2022-11-24 17:16:42 - [TEST_STEP][PASSED] - delay(5): Delayed 5 second(s)

2022-11-24 17:16:47 - [MESSAGE][PASSED] - Delayed 5 second(s)

2022-11-24 17:16:47 - [TEST_STEP][PASSED] - scoring = sendRequest(findTestObject("EngineScore", ["response_searchME_kons":response_searchME_kons, "response_searchME_spouse":response_searchME_spouse])): Send request successfully

2022-11-24 17:16:47 - [MESSAGE][INFO] - HAR: D:\DMS\Engine Scoring\Reports\20221124_171436\Exclude KKB - DS - Married\Scoring Married - DS\20221124_171436\requests\main\33.har

2022-11-24 17:16:47 - [MESSAGE][PASSED] - Send request successfully

2022-11-24 17:16:47 - [TEST_STEP][PASSED] - verifyResponseStatusCode(scoring, 200): Verify response status code successfully

2022-11-24 17:16:47 - [MESSAGE][PASSED] - Verify response status code successfully

2022-11-24 17:16:47 - [TEST_STEP][PASSED] - response2 = scoring.getResponseText(): null

2022-11-24 17:16:47 - [TEST_STEP][PASSED] - markPassed("result service data ke : " + no): result service data ke : 117

2022-11-24 17:16:47 - [MESSAGE][PASSED] - result service data ke : 117

2022-11-24 17:16:47 - [TEST_STEP][PASSED] - logInfo($response2): {"result_konsumen":"Approve","result_pasangan":"Reguler","Final_result":"Approve","errorMessage":"","status":"Done"}

2022-11-24 17:16:47 - [MESSAGE][INFO] - {"result_konsumen":"Approve","result_pasangan":"Reguler","Final_result":"Approve","errorMessage":"","status":"Done"}

2022-11-24 17:16:47 - [TEST_STEP][PASSED] - verifyElementPropertyValue(scoring, "Final_result", final_result): Verify element property value successfully

2022-11-24 17:16:47 - [MESSAGE][PASSED] - Verify element property value successfully]]></system-out>
         <system-err><![CDATA[]]></system-err>
      </testcase>
      <testcase name="Test Cases/Engine_Scoring/Engine Scoring" time="6.616" classname="Test Cases/Engine_Scoring/Engine Scoring" status="PASSED">
         <system-out><![CDATA[2022-11-24 17:16:47 - [TEST_CASE][PASSED] - Test Cases/Engine_Scoring/Engine Scoring: Test Cases/Engine_Scoring/Engine Scoring

2022-11-24 17:16:48 - [TEST_STEP][PASSED] - markPassed("Variasi data ke : " + no): Variasi data ke : 118

2022-11-24 17:16:48 - [MESSAGE][PASSED] - Variasi data ke : 118

2022-11-24 17:16:48 - [TEST_STEP][PASSED] - req_data = sendRequest(findTestObject("Search_ME", ["MID":MID, "source":source, "ip":ip, "userid":userid, "branch":branch, "tipekons":tipekons, "marital":marital, "penjamin":penjamin, ... ])): Send request successfully

2022-11-24 17:16:48 - [MESSAGE][INFO] - HAR: D:\DMS\Engine Scoring\Reports\20221124_171436\Exclude KKB - DS - Married\Scoring Married - DS\20221124_171436\requests\main\34.har

2022-11-24 17:16:48 - [MESSAGE][PASSED] - Send request successfully

2022-11-24 17:16:48 - [TEST_STEP][PASSED] - slurper = new groovy.json.JsonSlurper(): null

2022-11-24 17:16:48 - [TEST_STEP][PASSED] - result = slurper.parseText(req_data.getResponseBodyContent()): null

2022-11-24 17:16:48 - [TEST_STEP][PASSED] - reqid_kons = requestid1: null

2022-11-24 17:16:48 - [TEST_STEP][PASSED] - reqid_spouse = requestid2: null

2022-11-24 17:16:48 - [TEST_STEP][PASSED] - println("requestid kons : " + reqid_kons): null

2022-11-24 17:16:48 - [TEST_STEP][PASSED] - response_searchME_kons = reqid_kons: null

2022-11-24 17:16:48 - [TEST_STEP][PASSED] - response_searchME_spouse = reqid_spouse: null

2022-11-24 17:16:48 - [TEST_STEP][PASSED] - println("kons req id is :" + response_searchME_kons): null

2022-11-24 17:16:48 - [TEST_STEP][PASSED] - println("spouse req id is : " + response_searchME_spouse): null

2022-11-24 17:16:48 - [TEST_STEP][PASSED] - verifyResponseStatusCode(req_data, 200): Verify response status code successfully

2022-11-24 17:16:48 - [MESSAGE][PASSED] - Verify response status code successfully

2022-11-24 17:16:48 - [TEST_STEP][PASSED] - response = req_data.getResponseText(): null

2022-11-24 17:16:48 - [TEST_STEP][PASSED] - logInfo($response): {"status":"Done","data":{"requestid1":"254294","requestid2":"254295"}}

2022-11-24 17:16:48 - [MESSAGE][INFO] - {"status":"Done","data":{"requestid1":"254294","requestid2":"254295"}}

2022-11-24 17:16:48 - [TEST_STEP][PASSED] - delay(5): Delayed 5 second(s)

2022-11-24 17:16:53 - [MESSAGE][PASSED] - Delayed 5 second(s)

2022-11-24 17:16:53 - [TEST_STEP][PASSED] - scoring = sendRequest(findTestObject("EngineScore", ["response_searchME_kons":response_searchME_kons, "response_searchME_spouse":response_searchME_spouse])): Send request successfully

2022-11-24 17:16:54 - [MESSAGE][INFO] - HAR: D:\DMS\Engine Scoring\Reports\20221124_171436\Exclude KKB - DS - Married\Scoring Married - DS\20221124_171436\requests\main\35.har

2022-11-24 17:16:54 - [MESSAGE][PASSED] - Send request successfully

2022-11-24 17:16:54 - [TEST_STEP][PASSED] - verifyResponseStatusCode(scoring, 200): Verify response status code successfully

2022-11-24 17:16:54 - [MESSAGE][PASSED] - Verify response status code successfully

2022-11-24 17:16:54 - [TEST_STEP][PASSED] - response2 = scoring.getResponseText(): null

2022-11-24 17:16:54 - [TEST_STEP][PASSED] - markPassed("result service data ke : " + no): result service data ke : 118

2022-11-24 17:16:54 - [MESSAGE][PASSED] - result service data ke : 118

2022-11-24 17:16:54 - [TEST_STEP][PASSED] - logInfo($response2): {"result_konsumen":"Approve","result_pasangan":"Approve","Final_result":"Approve","errorMessage":"","status":"Done"}

2022-11-24 17:16:54 - [MESSAGE][INFO] - {"result_konsumen":"Approve","result_pasangan":"Approve","Final_result":"Approve","errorMessage":"","status":"Done"}

2022-11-24 17:16:54 - [TEST_STEP][PASSED] - verifyElementPropertyValue(scoring, "Final_result", final_result): Verify element property value successfully

2022-11-24 17:16:54 - [MESSAGE][PASSED] - Verify element property value successfully]]></system-out>
         <system-err><![CDATA[]]></system-err>
      </testcase>
      <testcase name="Test Cases/Engine_Scoring/Engine Scoring" time="6.464" classname="Test Cases/Engine_Scoring/Engine Scoring" status="PASSED">
         <system-out><![CDATA[2022-11-24 17:16:54 - [TEST_CASE][PASSED] - Test Cases/Engine_Scoring/Engine Scoring: Test Cases/Engine_Scoring/Engine Scoring

2022-11-24 17:16:54 - [TEST_STEP][PASSED] - markPassed("Variasi data ke : " + no): Variasi data ke : 119

2022-11-24 17:16:54 - [MESSAGE][PASSED] - Variasi data ke : 119

2022-11-24 17:16:54 - [TEST_STEP][PASSED] - req_data = sendRequest(findTestObject("Search_ME", ["MID":MID, "source":source, "ip":ip, "userid":userid, "branch":branch, "tipekons":tipekons, "marital":marital, "penjamin":penjamin, ... ])): Send request successfully

2022-11-24 17:16:55 - [MESSAGE][INFO] - HAR: D:\DMS\Engine Scoring\Reports\20221124_171436\Exclude KKB - DS - Married\Scoring Married - DS\20221124_171436\requests\main\36.har

2022-11-24 17:16:55 - [MESSAGE][PASSED] - Send request successfully

2022-11-24 17:16:55 - [TEST_STEP][PASSED] - slurper = new groovy.json.JsonSlurper(): null

2022-11-24 17:16:55 - [TEST_STEP][PASSED] - result = slurper.parseText(req_data.getResponseBodyContent()): null

2022-11-24 17:16:55 - [TEST_STEP][PASSED] - reqid_kons = requestid1: null

2022-11-24 17:16:55 - [TEST_STEP][PASSED] - reqid_spouse = requestid2: null

2022-11-24 17:16:55 - [TEST_STEP][PASSED] - println("requestid kons : " + reqid_kons): null

2022-11-24 17:16:55 - [TEST_STEP][PASSED] - response_searchME_kons = reqid_kons: null

2022-11-24 17:16:55 - [TEST_STEP][PASSED] - response_searchME_spouse = reqid_spouse: null

2022-11-24 17:16:55 - [TEST_STEP][PASSED] - println("kons req id is :" + response_searchME_kons): null

2022-11-24 17:16:55 - [TEST_STEP][PASSED] - println("spouse req id is : " + response_searchME_spouse): null

2022-11-24 17:16:55 - [TEST_STEP][PASSED] - verifyResponseStatusCode(req_data, 200): Verify response status code successfully

2022-11-24 17:16:55 - [MESSAGE][PASSED] - Verify response status code successfully

2022-11-24 17:16:55 - [TEST_STEP][PASSED] - response = req_data.getResponseText(): null

2022-11-24 17:16:55 - [TEST_STEP][PASSED] - logInfo($response): {"status":"Done","data":{"requestid1":"254296","requestid2":"254297"}}

2022-11-24 17:16:55 - [MESSAGE][INFO] - {"status":"Done","data":{"requestid1":"254296","requestid2":"254297"}}

2022-11-24 17:16:55 - [TEST_STEP][PASSED] - delay(5): Delayed 5 second(s)

2022-11-24 17:17:00 - [MESSAGE][PASSED] - Delayed 5 second(s)

2022-11-24 17:17:00 - [TEST_STEP][PASSED] - scoring = sendRequest(findTestObject("EngineScore", ["response_searchME_kons":response_searchME_kons, "response_searchME_spouse":response_searchME_spouse])): Send request successfully

2022-11-24 17:17:00 - [MESSAGE][INFO] - HAR: D:\DMS\Engine Scoring\Reports\20221124_171436\Exclude KKB - DS - Married\Scoring Married - DS\20221124_171436\requests\main\37.har

2022-11-24 17:17:00 - [MESSAGE][PASSED] - Send request successfully

2022-11-24 17:17:00 - [TEST_STEP][PASSED] - verifyResponseStatusCode(scoring, 200): Verify response status code successfully

2022-11-24 17:17:00 - [MESSAGE][PASSED] - Verify response status code successfully

2022-11-24 17:17:00 - [TEST_STEP][PASSED] - response2 = scoring.getResponseText(): null

2022-11-24 17:17:00 - [TEST_STEP][PASSED] - markPassed("result service data ke : " + no): result service data ke : 119

2022-11-24 17:17:00 - [MESSAGE][PASSED] - result service data ke : 119

2022-11-24 17:17:00 - [TEST_STEP][PASSED] - logInfo($response2): {"result_konsumen":"Approve","result_pasangan":"Approve","Final_result":"Approve","errorMessage":"","status":"Done"}

2022-11-24 17:17:00 - [MESSAGE][INFO] - {"result_konsumen":"Approve","result_pasangan":"Approve","Final_result":"Approve","errorMessage":"","status":"Done"}

2022-11-24 17:17:00 - [TEST_STEP][PASSED] - verifyElementPropertyValue(scoring, "Final_result", final_result): Verify element property value successfully

2022-11-24 17:17:00 - [MESSAGE][PASSED] - Verify element property value successfully]]></system-out>
         <system-err><![CDATA[]]></system-err>
      </testcase>
      <testcase name="Test Cases/Engine_Scoring/Engine Scoring" time="6.53" classname="Test Cases/Engine_Scoring/Engine Scoring" status="PASSED">
         <system-out><![CDATA[2022-11-24 17:17:00 - [TEST_CASE][PASSED] - Test Cases/Engine_Scoring/Engine Scoring: Test Cases/Engine_Scoring/Engine Scoring

2022-11-24 17:17:01 - [TEST_STEP][PASSED] - markPassed("Variasi data ke : " + no): Variasi data ke : 120

2022-11-24 17:17:01 - [MESSAGE][PASSED] - Variasi data ke : 120

2022-11-24 17:17:01 - [TEST_STEP][PASSED] - req_data = sendRequest(findTestObject("Search_ME", ["MID":MID, "source":source, "ip":ip, "userid":userid, "branch":branch, "tipekons":tipekons, "marital":marital, "penjamin":penjamin, ... ])): Send request successfully

2022-11-24 17:17:02 - [MESSAGE][INFO] - HAR: D:\DMS\Engine Scoring\Reports\20221124_171436\Exclude KKB - DS - Married\Scoring Married - DS\20221124_171436\requests\main\38.har

2022-11-24 17:17:02 - [MESSAGE][PASSED] - Send request successfully

2022-11-24 17:17:02 - [TEST_STEP][PASSED] - slurper = new groovy.json.JsonSlurper(): null

2022-11-24 17:17:02 - [TEST_STEP][PASSED] - result = slurper.parseText(req_data.getResponseBodyContent()): null

2022-11-24 17:17:02 - [TEST_STEP][PASSED] - reqid_kons = requestid1: null

2022-11-24 17:17:02 - [TEST_STEP][PASSED] - reqid_spouse = requestid2: null

2022-11-24 17:17:02 - [TEST_STEP][PASSED] - println("requestid kons : " + reqid_kons): null

2022-11-24 17:17:02 - [TEST_STEP][PASSED] - response_searchME_kons = reqid_kons: null

2022-11-24 17:17:02 - [TEST_STEP][PASSED] - response_searchME_spouse = reqid_spouse: null

2022-11-24 17:17:02 - [TEST_STEP][PASSED] - println("kons req id is :" + response_searchME_kons): null

2022-11-24 17:17:02 - [TEST_STEP][PASSED] - println("spouse req id is : " + response_searchME_spouse): null

2022-11-24 17:17:02 - [TEST_STEP][PASSED] - verifyResponseStatusCode(req_data, 200): Verify response status code successfully

2022-11-24 17:17:02 - [MESSAGE][PASSED] - Verify response status code successfully

2022-11-24 17:17:02 - [TEST_STEP][PASSED] - response = req_data.getResponseText(): null

2022-11-24 17:17:02 - [TEST_STEP][PASSED] - logInfo($response): {"status":"Done","data":{"requestid1":"254298","requestid2":"254299"}}

2022-11-24 17:17:02 - [MESSAGE][INFO] - {"status":"Done","data":{"requestid1":"254298","requestid2":"254299"}}

2022-11-24 17:17:02 - [TEST_STEP][PASSED] - delay(5): Delayed 5 second(s)

2022-11-24 17:17:07 - [MESSAGE][PASSED] - Delayed 5 second(s)

2022-11-24 17:17:07 - [TEST_STEP][PASSED] - scoring = sendRequest(findTestObject("EngineScore", ["response_searchME_kons":response_searchME_kons, "response_searchME_spouse":response_searchME_spouse])): Send request successfully

2022-11-24 17:17:07 - [MESSAGE][INFO] - HAR: D:\DMS\Engine Scoring\Reports\20221124_171436\Exclude KKB - DS - Married\Scoring Married - DS\20221124_171436\requests\main\39.har

2022-11-24 17:17:07 - [MESSAGE][PASSED] - Send request successfully

2022-11-24 17:17:07 - [TEST_STEP][PASSED] - verifyResponseStatusCode(scoring, 200): Verify response status code successfully

2022-11-24 17:17:07 - [MESSAGE][PASSED] - Verify response status code successfully

2022-11-24 17:17:07 - [TEST_STEP][PASSED] - response2 = scoring.getResponseText(): null

2022-11-24 17:17:07 - [TEST_STEP][PASSED] - markPassed("result service data ke : " + no): result service data ke : 120

2022-11-24 17:17:07 - [MESSAGE][PASSED] - result service data ke : 120

2022-11-24 17:17:07 - [TEST_STEP][PASSED] - logInfo($response2): {"result_konsumen":"Approve","result_pasangan":"Approve","Final_result":"Approve","errorMessage":"","status":"Done"}

2022-11-24 17:17:07 - [MESSAGE][INFO] - {"result_konsumen":"Approve","result_pasangan":"Approve","Final_result":"Approve","errorMessage":"","status":"Done"}

2022-11-24 17:17:07 - [TEST_STEP][PASSED] - verifyElementPropertyValue(scoring, "Final_result", final_result): Verify element property value successfully

2022-11-24 17:17:07 - [MESSAGE][PASSED] - Verify element property value successfully]]></system-out>
         <system-err><![CDATA[]]></system-err>
      </testcase>
      <testcase name="Test Cases/Engine_Scoring/Engine Scoring" time="6.52" classname="Test Cases/Engine_Scoring/Engine Scoring" status="PASSED">
         <system-out><![CDATA[2022-11-24 17:17:07 - [TEST_CASE][PASSED] - Test Cases/Engine_Scoring/Engine Scoring: Test Cases/Engine_Scoring/Engine Scoring

2022-11-24 17:17:07 - [TEST_STEP][PASSED] - markPassed("Variasi data ke : " + no): Variasi data ke : 121

2022-11-24 17:17:07 - [MESSAGE][PASSED] - Variasi data ke : 121

2022-11-24 17:17:07 - [TEST_STEP][PASSED] - req_data = sendRequest(findTestObject("Search_ME", ["MID":MID, "source":source, "ip":ip, "userid":userid, "branch":branch, "tipekons":tipekons, "marital":marital, "penjamin":penjamin, ... ])): Send request successfully

2022-11-24 17:17:08 - [MESSAGE][INFO] - HAR: D:\DMS\Engine Scoring\Reports\20221124_171436\Exclude KKB - DS - Married\Scoring Married - DS\20221124_171436\requests\main\40.har

2022-11-24 17:17:08 - [MESSAGE][PASSED] - Send request successfully

2022-11-24 17:17:08 - [TEST_STEP][PASSED] - slurper = new groovy.json.JsonSlurper(): null

2022-11-24 17:17:08 - [TEST_STEP][PASSED] - result = slurper.parseText(req_data.getResponseBodyContent()): null

2022-11-24 17:17:08 - [TEST_STEP][PASSED] - reqid_kons = requestid1: null

2022-11-24 17:17:08 - [TEST_STEP][PASSED] - reqid_spouse = requestid2: null

2022-11-24 17:17:08 - [TEST_STEP][PASSED] - println("requestid kons : " + reqid_kons): null

2022-11-24 17:17:08 - [TEST_STEP][PASSED] - response_searchME_kons = reqid_kons: null

2022-11-24 17:17:08 - [TEST_STEP][PASSED] - response_searchME_spouse = reqid_spouse: null

2022-11-24 17:17:08 - [TEST_STEP][PASSED] - println("kons req id is :" + response_searchME_kons): null

2022-11-24 17:17:08 - [TEST_STEP][PASSED] - println("spouse req id is : " + response_searchME_spouse): null

2022-11-24 17:17:08 - [TEST_STEP][PASSED] - verifyResponseStatusCode(req_data, 200): Verify response status code successfully

2022-11-24 17:17:08 - [MESSAGE][PASSED] - Verify response status code successfully

2022-11-24 17:17:08 - [TEST_STEP][PASSED] - response = req_data.getResponseText(): null

2022-11-24 17:17:08 - [TEST_STEP][PASSED] - logInfo($response): {"status":"Done","data":{"requestid1":"254300","requestid2":"254301"}}

2022-11-24 17:17:08 - [MESSAGE][INFO] - {"status":"Done","data":{"requestid1":"254300","requestid2":"254301"}}

2022-11-24 17:17:08 - [TEST_STEP][PASSED] - delay(5): Delayed 5 second(s)

2022-11-24 17:17:13 - [MESSAGE][PASSED] - Delayed 5 second(s)

2022-11-24 17:17:13 - [TEST_STEP][PASSED] - scoring = sendRequest(findTestObject("EngineScore", ["response_searchME_kons":response_searchME_kons, "response_searchME_spouse":response_searchME_spouse])): Send request successfully

2022-11-24 17:17:13 - [MESSAGE][INFO] - HAR: D:\DMS\Engine Scoring\Reports\20221124_171436\Exclude KKB - DS - Married\Scoring Married - DS\20221124_171436\requests\main\41.har

2022-11-24 17:17:13 - [MESSAGE][PASSED] - Send request successfully

2022-11-24 17:17:13 - [TEST_STEP][PASSED] - verifyResponseStatusCode(scoring, 200): Verify response status code successfully

2022-11-24 17:17:13 - [MESSAGE][PASSED] - Verify response status code successfully

2022-11-24 17:17:13 - [TEST_STEP][PASSED] - response2 = scoring.getResponseText(): null

2022-11-24 17:17:13 - [TEST_STEP][PASSED] - markPassed("result service data ke : " + no): result service data ke : 121

2022-11-24 17:17:13 - [MESSAGE][PASSED] - result service data ke : 121

2022-11-24 17:17:13 - [TEST_STEP][PASSED] - logInfo($response2): {"result_konsumen":"Approve","result_pasangan":"Approve","Final_result":"Approve","errorMessage":"","status":"Done"}

2022-11-24 17:17:13 - [MESSAGE][INFO] - {"result_konsumen":"Approve","result_pasangan":"Approve","Final_result":"Approve","errorMessage":"","status":"Done"}

2022-11-24 17:17:13 - [TEST_STEP][PASSED] - verifyElementPropertyValue(scoring, "Final_result", final_result): Verify element property value successfully

2022-11-24 17:17:13 - [MESSAGE][PASSED] - Verify element property value successfully]]></system-out>
         <system-err><![CDATA[]]></system-err>
      </testcase>
      <testcase name="Test Cases/Engine_Scoring/Engine Scoring" time="6.589" classname="Test Cases/Engine_Scoring/Engine Scoring" status="PASSED">
         <system-out><![CDATA[2022-11-24 17:17:13 - [TEST_CASE][PASSED] - Test Cases/Engine_Scoring/Engine Scoring: Test Cases/Engine_Scoring/Engine Scoring

2022-11-24 17:17:14 - [TEST_STEP][PASSED] - markPassed("Variasi data ke : " + no): Variasi data ke : 122

2022-11-24 17:17:14 - [MESSAGE][PASSED] - Variasi data ke : 122

2022-11-24 17:17:14 - [TEST_STEP][PASSED] - req_data = sendRequest(findTestObject("Search_ME", ["MID":MID, "source":source, "ip":ip, "userid":userid, "branch":branch, "tipekons":tipekons, "marital":marital, "penjamin":penjamin, ... ])): Send request successfully

2022-11-24 17:17:15 - [MESSAGE][INFO] - HAR: D:\DMS\Engine Scoring\Reports\20221124_171436\Exclude KKB - DS - Married\Scoring Married - DS\20221124_171436\requests\main\42.har

2022-11-24 17:17:15 - [MESSAGE][PASSED] - Send request successfully

2022-11-24 17:17:15 - [TEST_STEP][PASSED] - slurper = new groovy.json.JsonSlurper(): null

2022-11-24 17:17:15 - [TEST_STEP][PASSED] - result = slurper.parseText(req_data.getResponseBodyContent()): null

2022-11-24 17:17:15 - [TEST_STEP][PASSED] - reqid_kons = requestid1: null

2022-11-24 17:17:15 - [TEST_STEP][PASSED] - reqid_spouse = requestid2: null

2022-11-24 17:17:15 - [TEST_STEP][PASSED] - println("requestid kons : " + reqid_kons): null

2022-11-24 17:17:15 - [TEST_STEP][PASSED] - response_searchME_kons = reqid_kons: null

2022-11-24 17:17:15 - [TEST_STEP][PASSED] - response_searchME_spouse = reqid_spouse: null

2022-11-24 17:17:15 - [TEST_STEP][PASSED] - println("kons req id is :" + response_searchME_kons): null

2022-11-24 17:17:15 - [TEST_STEP][PASSED] - println("spouse req id is : " + response_searchME_spouse): null

2022-11-24 17:17:15 - [TEST_STEP][PASSED] - verifyResponseStatusCode(req_data, 200): Verify response status code successfully

2022-11-24 17:17:15 - [MESSAGE][PASSED] - Verify response status code successfully

2022-11-24 17:17:15 - [TEST_STEP][PASSED] - response = req_data.getResponseText(): null

2022-11-24 17:17:15 - [TEST_STEP][PASSED] - logInfo($response): {"status":"Done","data":{"requestid1":"254302","requestid2":"254303"}}

2022-11-24 17:17:15 - [MESSAGE][INFO] - {"status":"Done","data":{"requestid1":"254302","requestid2":"254303"}}

2022-11-24 17:17:15 - [TEST_STEP][PASSED] - delay(5): Delayed 5 second(s)

2022-11-24 17:17:20 - [MESSAGE][PASSED] - Delayed 5 second(s)

2022-11-24 17:17:20 - [TEST_STEP][PASSED] - scoring = sendRequest(findTestObject("EngineScore", ["response_searchME_kons":response_searchME_kons, "response_searchME_spouse":response_searchME_spouse])): Send request successfully

2022-11-24 17:17:20 - [MESSAGE][INFO] - HAR: D:\DMS\Engine Scoring\Reports\20221124_171436\Exclude KKB - DS - Married\Scoring Married - DS\20221124_171436\requests\main\43.har

2022-11-24 17:17:20 - [MESSAGE][PASSED] - Send request successfully

2022-11-24 17:17:20 - [TEST_STEP][PASSED] - verifyResponseStatusCode(scoring, 200): Verify response status code successfully

2022-11-24 17:17:20 - [MESSAGE][PASSED] - Verify response status code successfully

2022-11-24 17:17:20 - [TEST_STEP][PASSED] - response2 = scoring.getResponseText(): null

2022-11-24 17:17:20 - [TEST_STEP][PASSED] - markPassed("result service data ke : " + no): result service data ke : 122

2022-11-24 17:17:20 - [MESSAGE][PASSED] - result service data ke : 122

2022-11-24 17:17:20 - [TEST_STEP][PASSED] - logInfo($response2): {"result_konsumen":"Approve","result_pasangan":"Reject","Final_result":"Reject","errorMessage":"","status":"Done"}

2022-11-24 17:17:20 - [MESSAGE][INFO] - {"result_konsumen":"Approve","result_pasangan":"Reject","Final_result":"Reject","errorMessage":"","status":"Done"}

2022-11-24 17:17:20 - [TEST_STEP][PASSED] - verifyElementPropertyValue(scoring, "Final_result", final_result): Verify element property value successfully

2022-11-24 17:17:20 - [MESSAGE][PASSED] - Verify element property value successfully]]></system-out>
         <system-err><![CDATA[]]></system-err>
      </testcase>
      <testcase name="Test Cases/Engine_Scoring/Engine Scoring" time="6.472" classname="Test Cases/Engine_Scoring/Engine Scoring" status="PASSED">
         <system-out><![CDATA[2022-11-24 17:17:20 - [TEST_CASE][PASSED] - Test Cases/Engine_Scoring/Engine Scoring: Test Cases/Engine_Scoring/Engine Scoring

2022-11-24 17:17:21 - [TEST_STEP][PASSED] - markPassed("Variasi data ke : " + no): Variasi data ke : 123

2022-11-24 17:17:21 - [MESSAGE][PASSED] - Variasi data ke : 123

2022-11-24 17:17:21 - [TEST_STEP][PASSED] - req_data = sendRequest(findTestObject("Search_ME", ["MID":MID, "source":source, "ip":ip, "userid":userid, "branch":branch, "tipekons":tipekons, "marital":marital, "penjamin":penjamin, ... ])): Send request successfully

2022-11-24 17:17:21 - [MESSAGE][INFO] - HAR: D:\DMS\Engine Scoring\Reports\20221124_171436\Exclude KKB - DS - Married\Scoring Married - DS\20221124_171436\requests\main\44.har

2022-11-24 17:17:21 - [MESSAGE][PASSED] - Send request successfully

2022-11-24 17:17:21 - [TEST_STEP][PASSED] - slurper = new groovy.json.JsonSlurper(): null

2022-11-24 17:17:21 - [TEST_STEP][PASSED] - result = slurper.parseText(req_data.getResponseBodyContent()): null

2022-11-24 17:17:21 - [TEST_STEP][PASSED] - reqid_kons = requestid1: null

2022-11-24 17:17:21 - [TEST_STEP][PASSED] - reqid_spouse = requestid2: null

2022-11-24 17:17:21 - [TEST_STEP][PASSED] - println("requestid kons : " + reqid_kons): null

2022-11-24 17:17:21 - [TEST_STEP][PASSED] - response_searchME_kons = reqid_kons: null

2022-11-24 17:17:21 - [TEST_STEP][PASSED] - response_searchME_spouse = reqid_spouse: null

2022-11-24 17:17:21 - [TEST_STEP][PASSED] - println("kons req id is :" + response_searchME_kons): null

2022-11-24 17:17:21 - [TEST_STEP][PASSED] - println("spouse req id is : " + response_searchME_spouse): null

2022-11-24 17:17:21 - [TEST_STEP][PASSED] - verifyResponseStatusCode(req_data, 200): Verify response status code successfully

2022-11-24 17:17:21 - [MESSAGE][PASSED] - Verify response status code successfully

2022-11-24 17:17:21 - [TEST_STEP][PASSED] - response = req_data.getResponseText(): null

2022-11-24 17:17:21 - [TEST_STEP][PASSED] - logInfo($response): {"status":"Done","data":{"requestid1":"254304","requestid2":"254305"}}

2022-11-24 17:17:21 - [MESSAGE][INFO] - {"status":"Done","data":{"requestid1":"254304","requestid2":"254305"}}

2022-11-24 17:17:21 - [TEST_STEP][PASSED] - delay(5): Delayed 5 second(s)

2022-11-24 17:17:26 - [MESSAGE][PASSED] - Delayed 5 second(s)

2022-11-24 17:17:26 - [TEST_STEP][PASSED] - scoring = sendRequest(findTestObject("EngineScore", ["response_searchME_kons":response_searchME_kons, "response_searchME_spouse":response_searchME_spouse])): Send request successfully

2022-11-24 17:17:26 - [MESSAGE][INFO] - HAR: D:\DMS\Engine Scoring\Reports\20221124_171436\Exclude KKB - DS - Married\Scoring Married - DS\20221124_171436\requests\main\45.har

2022-11-24 17:17:26 - [MESSAGE][PASSED] - Send request successfully

2022-11-24 17:17:26 - [TEST_STEP][PASSED] - verifyResponseStatusCode(scoring, 200): Verify response status code successfully

2022-11-24 17:17:26 - [MESSAGE][PASSED] - Verify response status code successfully

2022-11-24 17:17:26 - [TEST_STEP][PASSED] - response2 = scoring.getResponseText(): null

2022-11-24 17:17:26 - [TEST_STEP][PASSED] - markPassed("result service data ke : " + no): result service data ke : 123

2022-11-24 17:17:26 - [MESSAGE][PASSED] - result service data ke : 123

2022-11-24 17:17:26 - [TEST_STEP][PASSED] - logInfo($response2): {"result_konsumen":"Approve","result_pasangan":"Reject","Final_result":"Reject","errorMessage":"","status":"Done"}

2022-11-24 17:17:26 - [MESSAGE][INFO] - {"result_konsumen":"Approve","result_pasangan":"Reject","Final_result":"Reject","errorMessage":"","status":"Done"}

2022-11-24 17:17:26 - [TEST_STEP][PASSED] - verifyElementPropertyValue(scoring, "Final_result", final_result): Verify element property value successfully

2022-11-24 17:17:26 - [MESSAGE][PASSED] - Verify element property value successfully]]></system-out>
         <system-err><![CDATA[]]></system-err>
      </testcase>
      <testcase name="Test Cases/Engine_Scoring/Engine Scoring" time="6.571" classname="Test Cases/Engine_Scoring/Engine Scoring" status="PASSED">
         <system-out><![CDATA[2022-11-24 17:17:26 - [TEST_CASE][PASSED] - Test Cases/Engine_Scoring/Engine Scoring: Test Cases/Engine_Scoring/Engine Scoring

2022-11-24 17:17:27 - [TEST_STEP][PASSED] - markPassed("Variasi data ke : " + no): Variasi data ke : 124

2022-11-24 17:17:27 - [MESSAGE][PASSED] - Variasi data ke : 124

2022-11-24 17:17:27 - [TEST_STEP][PASSED] - req_data = sendRequest(findTestObject("Search_ME", ["MID":MID, "source":source, "ip":ip, "userid":userid, "branch":branch, "tipekons":tipekons, "marital":marital, "penjamin":penjamin, ... ])): Send request successfully

2022-11-24 17:17:28 - [MESSAGE][INFO] - HAR: D:\DMS\Engine Scoring\Reports\20221124_171436\Exclude KKB - DS - Married\Scoring Married - DS\20221124_171436\requests\main\46.har

2022-11-24 17:17:28 - [MESSAGE][PASSED] - Send request successfully

2022-11-24 17:17:28 - [TEST_STEP][PASSED] - slurper = new groovy.json.JsonSlurper(): null

2022-11-24 17:17:28 - [TEST_STEP][PASSED] - result = slurper.parseText(req_data.getResponseBodyContent()): null

2022-11-24 17:17:28 - [TEST_STEP][PASSED] - reqid_kons = requestid1: null

2022-11-24 17:17:28 - [TEST_STEP][PASSED] - reqid_spouse = requestid2: null

2022-11-24 17:17:28 - [TEST_STEP][PASSED] - println("requestid kons : " + reqid_kons): null

2022-11-24 17:17:28 - [TEST_STEP][PASSED] - response_searchME_kons = reqid_kons: null

2022-11-24 17:17:28 - [TEST_STEP][PASSED] - response_searchME_spouse = reqid_spouse: null

2022-11-24 17:17:28 - [TEST_STEP][PASSED] - println("kons req id is :" + response_searchME_kons): null

2022-11-24 17:17:28 - [TEST_STEP][PASSED] - println("spouse req id is : " + response_searchME_spouse): null

2022-11-24 17:17:28 - [TEST_STEP][PASSED] - verifyResponseStatusCode(req_data, 200): Verify response status code successfully

2022-11-24 17:17:28 - [MESSAGE][PASSED] - Verify response status code successfully

2022-11-24 17:17:28 - [TEST_STEP][PASSED] - response = req_data.getResponseText(): null

2022-11-24 17:17:28 - [TEST_STEP][PASSED] - logInfo($response): {"status":"Done","data":{"requestid1":"254306","requestid2":"254307"}}

2022-11-24 17:17:28 - [MESSAGE][INFO] - {"status":"Done","data":{"requestid1":"254306","requestid2":"254307"}}

2022-11-24 17:17:28 - [TEST_STEP][PASSED] - delay(5): Delayed 5 second(s)

2022-11-24 17:17:33 - [MESSAGE][PASSED] - Delayed 5 second(s)

2022-11-24 17:17:33 - [TEST_STEP][PASSED] - scoring = sendRequest(findTestObject("EngineScore", ["response_searchME_kons":response_searchME_kons, "response_searchME_spouse":response_searchME_spouse])): Send request successfully

2022-11-24 17:17:33 - [MESSAGE][INFO] - HAR: D:\DMS\Engine Scoring\Reports\20221124_171436\Exclude KKB - DS - Married\Scoring Married - DS\20221124_171436\requests\main\47.har

2022-11-24 17:17:33 - [MESSAGE][PASSED] - Send request successfully

2022-11-24 17:17:33 - [TEST_STEP][PASSED] - verifyResponseStatusCode(scoring, 200): Verify response status code successfully

2022-11-24 17:17:33 - [MESSAGE][PASSED] - Verify response status code successfully

2022-11-24 17:17:33 - [TEST_STEP][PASSED] - response2 = scoring.getResponseText(): null

2022-11-24 17:17:33 - [TEST_STEP][PASSED] - markPassed("result service data ke : " + no): result service data ke : 124

2022-11-24 17:17:33 - [MESSAGE][PASSED] - result service data ke : 124

2022-11-24 17:17:33 - [TEST_STEP][PASSED] - logInfo($response2): {"result_konsumen":"Approve","result_pasangan":"Reguler","Final_result":"Approve","errorMessage":"","status":"Done"}

2022-11-24 17:17:33 - [MESSAGE][INFO] - {"result_konsumen":"Approve","result_pasangan":"Reguler","Final_result":"Approve","errorMessage":"","status":"Done"}

2022-11-24 17:17:33 - [TEST_STEP][PASSED] - verifyElementPropertyValue(scoring, "Final_result", final_result): Verify element property value successfully

2022-11-24 17:17:33 - [MESSAGE][PASSED] - Verify element property value successfully]]></system-out>
         <system-err><![CDATA[]]></system-err>
      </testcase>
      <testcase name="Test Cases/Engine_Scoring/Engine Scoring" time="6.521" classname="Test Cases/Engine_Scoring/Engine Scoring" status="PASSED">
         <system-out><![CDATA[2022-11-24 17:17:33 - [TEST_CASE][PASSED] - Test Cases/Engine_Scoring/Engine Scoring: Test Cases/Engine_Scoring/Engine Scoring

2022-11-24 17:17:34 - [TEST_STEP][PASSED] - markPassed("Variasi data ke : " + no): Variasi data ke : 125

2022-11-24 17:17:34 - [MESSAGE][PASSED] - Variasi data ke : 125

2022-11-24 17:17:34 - [TEST_STEP][PASSED] - req_data = sendRequest(findTestObject("Search_ME", ["MID":MID, "source":source, "ip":ip, "userid":userid, "branch":branch, "tipekons":tipekons, "marital":marital, "penjamin":penjamin, ... ])): Send request successfully

2022-11-24 17:17:34 - [MESSAGE][INFO] - HAR: D:\DMS\Engine Scoring\Reports\20221124_171436\Exclude KKB - DS - Married\Scoring Married - DS\20221124_171436\requests\main\48.har

2022-11-24 17:17:34 - [MESSAGE][PASSED] - Send request successfully

2022-11-24 17:17:34 - [TEST_STEP][PASSED] - slurper = new groovy.json.JsonSlurper(): null

2022-11-24 17:17:34 - [TEST_STEP][PASSED] - result = slurper.parseText(req_data.getResponseBodyContent()): null

2022-11-24 17:17:34 - [TEST_STEP][PASSED] - reqid_kons = requestid1: null

2022-11-24 17:17:34 - [TEST_STEP][PASSED] - reqid_spouse = requestid2: null

2022-11-24 17:17:34 - [TEST_STEP][PASSED] - println("requestid kons : " + reqid_kons): null

2022-11-24 17:17:34 - [TEST_STEP][PASSED] - response_searchME_kons = reqid_kons: null

2022-11-24 17:17:34 - [TEST_STEP][PASSED] - response_searchME_spouse = reqid_spouse: null

2022-11-24 17:17:34 - [TEST_STEP][PASSED] - println("kons req id is :" + response_searchME_kons): null

2022-11-24 17:17:34 - [TEST_STEP][PASSED] - println("spouse req id is : " + response_searchME_spouse): null

2022-11-24 17:17:34 - [TEST_STEP][PASSED] - verifyResponseStatusCode(req_data, 200): Verify response status code successfully

2022-11-24 17:17:34 - [MESSAGE][PASSED] - Verify response status code successfully

2022-11-24 17:17:34 - [TEST_STEP][PASSED] - response = req_data.getResponseText(): null

2022-11-24 17:17:34 - [TEST_STEP][PASSED] - logInfo($response): {"status":"Done","data":{"requestid1":"254308","requestid2":"254309"}}

2022-11-24 17:17:34 - [MESSAGE][INFO] - {"status":"Done","data":{"requestid1":"254308","requestid2":"254309"}}

2022-11-24 17:17:34 - [TEST_STEP][PASSED] - delay(5): Delayed 5 second(s)

2022-11-24 17:17:39 - [MESSAGE][PASSED] - Delayed 5 second(s)

2022-11-24 17:17:39 - [TEST_STEP][PASSED] - scoring = sendRequest(findTestObject("EngineScore", ["response_searchME_kons":response_searchME_kons, "response_searchME_spouse":response_searchME_spouse])): Send request successfully

2022-11-24 17:17:40 - [MESSAGE][INFO] - HAR: D:\DMS\Engine Scoring\Reports\20221124_171436\Exclude KKB - DS - Married\Scoring Married - DS\20221124_171436\requests\main\49.har

2022-11-24 17:17:40 - [MESSAGE][PASSED] - Send request successfully

2022-11-24 17:17:40 - [TEST_STEP][PASSED] - verifyResponseStatusCode(scoring, 200): Verify response status code successfully

2022-11-24 17:17:40 - [MESSAGE][PASSED] - Verify response status code successfully

2022-11-24 17:17:40 - [TEST_STEP][PASSED] - response2 = scoring.getResponseText(): null

2022-11-24 17:17:40 - [TEST_STEP][PASSED] - markPassed("result service data ke : " + no): result service data ke : 125

2022-11-24 17:17:40 - [MESSAGE][PASSED] - result service data ke : 125

2022-11-24 17:17:40 - [TEST_STEP][PASSED] - logInfo($response2): {"result_konsumen":"Approve","result_pasangan":"Reguler","Final_result":"Approve","errorMessage":"","status":"Done"}

2022-11-24 17:17:40 - [MESSAGE][INFO] - {"result_konsumen":"Approve","result_pasangan":"Reguler","Final_result":"Approve","errorMessage":"","status":"Done"}

2022-11-24 17:17:40 - [TEST_STEP][PASSED] - verifyElementPropertyValue(scoring, "Final_result", final_result): Verify element property value successfully

2022-11-24 17:17:40 - [MESSAGE][PASSED] - Verify element property value successfully]]></system-out>
         <system-err><![CDATA[]]></system-err>
      </testcase>
      <testcase name="Test Cases/Engine_Scoring/Engine Scoring" time="6.661" classname="Test Cases/Engine_Scoring/Engine Scoring" status="PASSED">
         <system-out><![CDATA[2022-11-24 17:17:40 - [TEST_CASE][PASSED] - Test Cases/Engine_Scoring/Engine Scoring: Test Cases/Engine_Scoring/Engine Scoring

2022-11-24 17:17:40 - [TEST_STEP][PASSED] - markPassed("Variasi data ke : " + no): Variasi data ke : 126

2022-11-24 17:17:40 - [MESSAGE][PASSED] - Variasi data ke : 126

2022-11-24 17:17:40 - [TEST_STEP][PASSED] - req_data = sendRequest(findTestObject("Search_ME", ["MID":MID, "source":source, "ip":ip, "userid":userid, "branch":branch, "tipekons":tipekons, "marital":marital, "penjamin":penjamin, ... ])): Send request successfully

2022-11-24 17:17:41 - [MESSAGE][INFO] - HAR: D:\DMS\Engine Scoring\Reports\20221124_171436\Exclude KKB - DS - Married\Scoring Married - DS\20221124_171436\requests\main\50.har

2022-11-24 17:17:41 - [MESSAGE][PASSED] - Send request successfully

2022-11-24 17:17:41 - [TEST_STEP][PASSED] - slurper = new groovy.json.JsonSlurper(): null

2022-11-24 17:17:41 - [TEST_STEP][PASSED] - result = slurper.parseText(req_data.getResponseBodyContent()): null

2022-11-24 17:17:41 - [TEST_STEP][PASSED] - reqid_kons = requestid1: null

2022-11-24 17:17:41 - [TEST_STEP][PASSED] - reqid_spouse = requestid2: null

2022-11-24 17:17:41 - [TEST_STEP][PASSED] - println("requestid kons : " + reqid_kons): null

2022-11-24 17:17:41 - [TEST_STEP][PASSED] - response_searchME_kons = reqid_kons: null

2022-11-24 17:17:41 - [TEST_STEP][PASSED] - response_searchME_spouse = reqid_spouse: null

2022-11-24 17:17:41 - [TEST_STEP][PASSED] - println("kons req id is :" + response_searchME_kons): null

2022-11-24 17:17:41 - [TEST_STEP][PASSED] - println("spouse req id is : " + response_searchME_spouse): null

2022-11-24 17:17:41 - [TEST_STEP][PASSED] - verifyResponseStatusCode(req_data, 200): Verify response status code successfully

2022-11-24 17:17:41 - [MESSAGE][PASSED] - Verify response status code successfully

2022-11-24 17:17:41 - [TEST_STEP][PASSED] - response = req_data.getResponseText(): null

2022-11-24 17:17:41 - [TEST_STEP][PASSED] - logInfo($response): {"status":"Done","data":{"requestid1":"254310","requestid2":"254311"}}

2022-11-24 17:17:41 - [MESSAGE][INFO] - {"status":"Done","data":{"requestid1":"254310","requestid2":"254311"}}

2022-11-24 17:17:41 - [TEST_STEP][PASSED] - delay(5): Delayed 5 second(s)

2022-11-24 17:17:46 - [MESSAGE][PASSED] - Delayed 5 second(s)

2022-11-24 17:17:46 - [TEST_STEP][PASSED] - scoring = sendRequest(findTestObject("EngineScore", ["response_searchME_kons":response_searchME_kons, "response_searchME_spouse":response_searchME_spouse])): Send request successfully

2022-11-24 17:17:46 - [MESSAGE][INFO] - HAR: D:\DMS\Engine Scoring\Reports\20221124_171436\Exclude KKB - DS - Married\Scoring Married - DS\20221124_171436\requests\main\51.har

2022-11-24 17:17:46 - [MESSAGE][PASSED] - Send request successfully

2022-11-24 17:17:46 - [TEST_STEP][PASSED] - verifyResponseStatusCode(scoring, 200): Verify response status code successfully

2022-11-24 17:17:46 - [MESSAGE][PASSED] - Verify response status code successfully

2022-11-24 17:17:46 - [TEST_STEP][PASSED] - response2 = scoring.getResponseText(): null

2022-11-24 17:17:46 - [TEST_STEP][PASSED] - markPassed("result service data ke : " + no): result service data ke : 126

2022-11-24 17:17:46 - [MESSAGE][PASSED] - result service data ke : 126

2022-11-24 17:17:46 - [TEST_STEP][PASSED] - logInfo($response2): {"result_konsumen":"Approve","result_pasangan":"Reguler","Final_result":"Approve","errorMessage":"","status":"Done"}

2022-11-24 17:17:46 - [MESSAGE][INFO] - {"result_konsumen":"Approve","result_pasangan":"Reguler","Final_result":"Approve","errorMessage":"","status":"Done"}

2022-11-24 17:17:46 - [TEST_STEP][PASSED] - verifyElementPropertyValue(scoring, "Final_result", final_result): Verify element property value successfully

2022-11-24 17:17:46 - [MESSAGE][PASSED] - Verify element property value successfully]]></system-out>
         <system-err><![CDATA[]]></system-err>
      </testcase>
      <testcase name="Test Cases/Engine_Scoring/Engine Scoring" time="6.52" classname="Test Cases/Engine_Scoring/Engine Scoring" status="PASSED">
         <system-out><![CDATA[2022-11-24 17:17:46 - [TEST_CASE][PASSED] - Test Cases/Engine_Scoring/Engine Scoring: Test Cases/Engine_Scoring/Engine Scoring

2022-11-24 17:17:47 - [TEST_STEP][PASSED] - markPassed("Variasi data ke : " + no): Variasi data ke : 127

2022-11-24 17:17:47 - [MESSAGE][PASSED] - Variasi data ke : 127

2022-11-24 17:17:47 - [TEST_STEP][PASSED] - req_data = sendRequest(findTestObject("Search_ME", ["MID":MID, "source":source, "ip":ip, "userid":userid, "branch":branch, "tipekons":tipekons, "marital":marital, "penjamin":penjamin, ... ])): Send request successfully

2022-11-24 17:17:48 - [MESSAGE][INFO] - HAR: D:\DMS\Engine Scoring\Reports\20221124_171436\Exclude KKB - DS - Married\Scoring Married - DS\20221124_171436\requests\main\52.har

2022-11-24 17:17:48 - [MESSAGE][PASSED] - Send request successfully

2022-11-24 17:17:48 - [TEST_STEP][PASSED] - slurper = new groovy.json.JsonSlurper(): null

2022-11-24 17:17:48 - [TEST_STEP][PASSED] - result = slurper.parseText(req_data.getResponseBodyContent()): null

2022-11-24 17:17:48 - [TEST_STEP][PASSED] - reqid_kons = requestid1: null

2022-11-24 17:17:48 - [TEST_STEP][PASSED] - reqid_spouse = requestid2: null

2022-11-24 17:17:48 - [TEST_STEP][PASSED] - println("requestid kons : " + reqid_kons): null

2022-11-24 17:17:48 - [TEST_STEP][PASSED] - response_searchME_kons = reqid_kons: null

2022-11-24 17:17:48 - [TEST_STEP][PASSED] - response_searchME_spouse = reqid_spouse: null

2022-11-24 17:17:48 - [TEST_STEP][PASSED] - println("kons req id is :" + response_searchME_kons): null

2022-11-24 17:17:48 - [TEST_STEP][PASSED] - println("spouse req id is : " + response_searchME_spouse): null

2022-11-24 17:17:48 - [TEST_STEP][PASSED] - verifyResponseStatusCode(req_data, 200): Verify response status code successfully

2022-11-24 17:17:48 - [MESSAGE][PASSED] - Verify response status code successfully

2022-11-24 17:17:48 - [TEST_STEP][PASSED] - response = req_data.getResponseText(): null

2022-11-24 17:17:48 - [TEST_STEP][PASSED] - logInfo($response): {"status":"Done","data":{"requestid1":"254312","requestid2":"254313"}}

2022-11-24 17:17:48 - [MESSAGE][INFO] - {"status":"Done","data":{"requestid1":"254312","requestid2":"254313"}}

2022-11-24 17:17:48 - [TEST_STEP][PASSED] - delay(5): Delayed 5 second(s)

2022-11-24 17:17:53 - [MESSAGE][PASSED] - Delayed 5 second(s)

2022-11-24 17:17:53 - [TEST_STEP][PASSED] - scoring = sendRequest(findTestObject("EngineScore", ["response_searchME_kons":response_searchME_kons, "response_searchME_spouse":response_searchME_spouse])): Send request successfully

2022-11-24 17:17:53 - [MESSAGE][INFO] - HAR: D:\DMS\Engine Scoring\Reports\20221124_171436\Exclude KKB - DS - Married\Scoring Married - DS\20221124_171436\requests\main\53.har

2022-11-24 17:17:53 - [MESSAGE][PASSED] - Send request successfully

2022-11-24 17:17:53 - [TEST_STEP][PASSED] - verifyResponseStatusCode(scoring, 200): Verify response status code successfully

2022-11-24 17:17:53 - [MESSAGE][PASSED] - Verify response status code successfully

2022-11-24 17:17:53 - [TEST_STEP][PASSED] - response2 = scoring.getResponseText(): null

2022-11-24 17:17:53 - [TEST_STEP][PASSED] - markPassed("result service data ke : " + no): result service data ke : 127

2022-11-24 17:17:53 - [MESSAGE][PASSED] - result service data ke : 127

2022-11-24 17:17:53 - [TEST_STEP][PASSED] - logInfo($response2): {"result_konsumen":"Approve","result_pasangan":"Approve","Final_result":"Approve","errorMessage":"","status":"Done"}

2022-11-24 17:17:53 - [MESSAGE][INFO] - {"result_konsumen":"Approve","result_pasangan":"Approve","Final_result":"Approve","errorMessage":"","status":"Done"}

2022-11-24 17:17:53 - [TEST_STEP][PASSED] - verifyElementPropertyValue(scoring, "Final_result", final_result): Verify element property value successfully

2022-11-24 17:17:53 - [MESSAGE][PASSED] - Verify element property value successfully]]></system-out>
         <system-err><![CDATA[]]></system-err>
      </testcase>
      <testcase name="Test Cases/Engine_Scoring/Engine Scoring" time="6.532" classname="Test Cases/Engine_Scoring/Engine Scoring" status="PASSED">
         <system-out><![CDATA[2022-11-24 17:17:53 - [TEST_CASE][PASSED] - Test Cases/Engine_Scoring/Engine Scoring: Test Cases/Engine_Scoring/Engine Scoring

2022-11-24 17:17:54 - [TEST_STEP][PASSED] - markPassed("Variasi data ke : " + no): Variasi data ke : 128

2022-11-24 17:17:54 - [MESSAGE][PASSED] - Variasi data ke : 128

2022-11-24 17:17:54 - [TEST_STEP][PASSED] - req_data = sendRequest(findTestObject("Search_ME", ["MID":MID, "source":source, "ip":ip, "userid":userid, "branch":branch, "tipekons":tipekons, "marital":marital, "penjamin":penjamin, ... ])): Send request successfully

2022-11-24 17:17:54 - [MESSAGE][INFO] - HAR: D:\DMS\Engine Scoring\Reports\20221124_171436\Exclude KKB - DS - Married\Scoring Married - DS\20221124_171436\requests\main\54.har

2022-11-24 17:17:54 - [MESSAGE][PASSED] - Send request successfully

2022-11-24 17:17:54 - [TEST_STEP][PASSED] - slurper = new groovy.json.JsonSlurper(): null

2022-11-24 17:17:54 - [TEST_STEP][PASSED] - result = slurper.parseText(req_data.getResponseBodyContent()): null

2022-11-24 17:17:54 - [TEST_STEP][PASSED] - reqid_kons = requestid1: null

2022-11-24 17:17:54 - [TEST_STEP][PASSED] - reqid_spouse = requestid2: null

2022-11-24 17:17:54 - [TEST_STEP][PASSED] - println("requestid kons : " + reqid_kons): null

2022-11-24 17:17:54 - [TEST_STEP][PASSED] - response_searchME_kons = reqid_kons: null

2022-11-24 17:17:54 - [TEST_STEP][PASSED] - response_searchME_spouse = reqid_spouse: null

2022-11-24 17:17:54 - [TEST_STEP][PASSED] - println("kons req id is :" + response_searchME_kons): null

2022-11-24 17:17:54 - [TEST_STEP][PASSED] - println("spouse req id is : " + response_searchME_spouse): null

2022-11-24 17:17:54 - [TEST_STEP][PASSED] - verifyResponseStatusCode(req_data, 200): Verify response status code successfully

2022-11-24 17:17:54 - [MESSAGE][PASSED] - Verify response status code successfully

2022-11-24 17:17:54 - [TEST_STEP][PASSED] - response = req_data.getResponseText(): null

2022-11-24 17:17:54 - [TEST_STEP][PASSED] - logInfo($response): {"status":"Done","data":{"requestid1":"254314","requestid2":"254315"}}

2022-11-24 17:17:54 - [MESSAGE][INFO] - {"status":"Done","data":{"requestid1":"254314","requestid2":"254315"}}

2022-11-24 17:17:54 - [TEST_STEP][PASSED] - delay(5): Delayed 5 second(s)

2022-11-24 17:17:59 - [MESSAGE][PASSED] - Delayed 5 second(s)

2022-11-24 17:17:59 - [TEST_STEP][PASSED] - scoring = sendRequest(findTestObject("EngineScore", ["response_searchME_kons":response_searchME_kons, "response_searchME_spouse":response_searchME_spouse])): Send request successfully

2022-11-24 17:17:59 - [MESSAGE][INFO] - HAR: D:\DMS\Engine Scoring\Reports\20221124_171436\Exclude KKB - DS - Married\Scoring Married - DS\20221124_171436\requests\main\55.har

2022-11-24 17:17:59 - [MESSAGE][PASSED] - Send request successfully

2022-11-24 17:17:59 - [TEST_STEP][PASSED] - verifyResponseStatusCode(scoring, 200): Verify response status code successfully

2022-11-24 17:17:59 - [MESSAGE][PASSED] - Verify response status code successfully

2022-11-24 17:17:59 - [TEST_STEP][PASSED] - response2 = scoring.getResponseText(): null

2022-11-24 17:17:59 - [TEST_STEP][PASSED] - markPassed("result service data ke : " + no): result service data ke : 128

2022-11-24 17:17:59 - [MESSAGE][PASSED] - result service data ke : 128

2022-11-24 17:17:59 - [TEST_STEP][PASSED] - logInfo($response2): {"result_konsumen":"Approve","result_pasangan":"Approve","Final_result":"Approve","errorMessage":"","status":"Done"}

2022-11-24 17:17:59 - [MESSAGE][INFO] - {"result_konsumen":"Approve","result_pasangan":"Approve","Final_result":"Approve","errorMessage":"","status":"Done"}

2022-11-24 17:17:59 - [TEST_STEP][PASSED] - verifyElementPropertyValue(scoring, "Final_result", final_result): Verify element property value successfully

2022-11-24 17:17:59 - [MESSAGE][PASSED] - Verify element property value successfully]]></system-out>
         <system-err><![CDATA[]]></system-err>
      </testcase>
      <testcase name="Test Cases/Engine_Scoring/Engine Scoring" time="6.588" classname="Test Cases/Engine_Scoring/Engine Scoring" status="PASSED">
         <system-out><![CDATA[2022-11-24 17:18:00 - [TEST_CASE][PASSED] - Test Cases/Engine_Scoring/Engine Scoring: Test Cases/Engine_Scoring/Engine Scoring

2022-11-24 17:18:00 - [TEST_STEP][PASSED] - markPassed("Variasi data ke : " + no): Variasi data ke : 129

2022-11-24 17:18:00 - [MESSAGE][PASSED] - Variasi data ke : 129

2022-11-24 17:18:00 - [TEST_STEP][PASSED] - req_data = sendRequest(findTestObject("Search_ME", ["MID":MID, "source":source, "ip":ip, "userid":userid, "branch":branch, "tipekons":tipekons, "marital":marital, "penjamin":penjamin, ... ])): Send request successfully

2022-11-24 17:18:01 - [MESSAGE][INFO] - HAR: D:\DMS\Engine Scoring\Reports\20221124_171436\Exclude KKB - DS - Married\Scoring Married - DS\20221124_171436\requests\main\56.har

2022-11-24 17:18:01 - [MESSAGE][PASSED] - Send request successfully

2022-11-24 17:18:01 - [TEST_STEP][PASSED] - slurper = new groovy.json.JsonSlurper(): null

2022-11-24 17:18:01 - [TEST_STEP][PASSED] - result = slurper.parseText(req_data.getResponseBodyContent()): null

2022-11-24 17:18:01 - [TEST_STEP][PASSED] - reqid_kons = requestid1: null

2022-11-24 17:18:01 - [TEST_STEP][PASSED] - reqid_spouse = requestid2: null

2022-11-24 17:18:01 - [TEST_STEP][PASSED] - println("requestid kons : " + reqid_kons): null

2022-11-24 17:18:01 - [TEST_STEP][PASSED] - response_searchME_kons = reqid_kons: null

2022-11-24 17:18:01 - [TEST_STEP][PASSED] - response_searchME_spouse = reqid_spouse: null

2022-11-24 17:18:01 - [TEST_STEP][PASSED] - println("kons req id is :" + response_searchME_kons): null

2022-11-24 17:18:01 - [TEST_STEP][PASSED] - println("spouse req id is : " + response_searchME_spouse): null

2022-11-24 17:18:01 - [TEST_STEP][PASSED] - verifyResponseStatusCode(req_data, 200): Verify response status code successfully

2022-11-24 17:18:01 - [MESSAGE][PASSED] - Verify response status code successfully

2022-11-24 17:18:01 - [TEST_STEP][PASSED] - response = req_data.getResponseText(): null

2022-11-24 17:18:01 - [TEST_STEP][PASSED] - logInfo($response): {"status":"Done","data":{"requestid1":"254316","requestid2":"254317"}}

2022-11-24 17:18:01 - [MESSAGE][INFO] - {"status":"Done","data":{"requestid1":"254316","requestid2":"254317"}}

2022-11-24 17:18:01 - [TEST_STEP][PASSED] - delay(5): Delayed 5 second(s)

2022-11-24 17:18:06 - [MESSAGE][PASSED] - Delayed 5 second(s)

2022-11-24 17:18:06 - [TEST_STEP][PASSED] - scoring = sendRequest(findTestObject("EngineScore", ["response_searchME_kons":response_searchME_kons, "response_searchME_spouse":response_searchME_spouse])): Send request successfully

2022-11-24 17:18:06 - [MESSAGE][INFO] - HAR: D:\DMS\Engine Scoring\Reports\20221124_171436\Exclude KKB - DS - Married\Scoring Married - DS\20221124_171436\requests\main\57.har

2022-11-24 17:18:06 - [MESSAGE][PASSED] - Send request successfully

2022-11-24 17:18:06 - [TEST_STEP][PASSED] - verifyResponseStatusCode(scoring, 200): Verify response status code successfully

2022-11-24 17:18:06 - [MESSAGE][PASSED] - Verify response status code successfully

2022-11-24 17:18:06 - [TEST_STEP][PASSED] - response2 = scoring.getResponseText(): null

2022-11-24 17:18:06 - [TEST_STEP][PASSED] - markPassed("result service data ke : " + no): result service data ke : 129

2022-11-24 17:18:06 - [MESSAGE][PASSED] - result service data ke : 129

2022-11-24 17:18:06 - [TEST_STEP][PASSED] - logInfo($response2): {"result_konsumen":"Approve","result_pasangan":"Approve","Final_result":"Approve","errorMessage":"","status":"Done"}

2022-11-24 17:18:06 - [MESSAGE][INFO] - {"result_konsumen":"Approve","result_pasangan":"Approve","Final_result":"Approve","errorMessage":"","status":"Done"}

2022-11-24 17:18:06 - [TEST_STEP][PASSED] - verifyElementPropertyValue(scoring, "Final_result", final_result): Verify element property value successfully

2022-11-24 17:18:06 - [MESSAGE][PASSED] - Verify element property value successfully]]></system-out>
         <system-err><![CDATA[]]></system-err>
      </testcase>
      <testcase name="Test Cases/Engine_Scoring/Engine Scoring" time="6.495" classname="Test Cases/Engine_Scoring/Engine Scoring" status="PASSED">
         <system-out><![CDATA[2022-11-24 17:18:06 - [TEST_CASE][PASSED] - Test Cases/Engine_Scoring/Engine Scoring: Test Cases/Engine_Scoring/Engine Scoring

2022-11-24 17:18:07 - [TEST_STEP][PASSED] - markPassed("Variasi data ke : " + no): Variasi data ke : 130

2022-11-24 17:18:07 - [MESSAGE][PASSED] - Variasi data ke : 130

2022-11-24 17:18:07 - [TEST_STEP][PASSED] - req_data = sendRequest(findTestObject("Search_ME", ["MID":MID, "source":source, "ip":ip, "userid":userid, "branch":branch, "tipekons":tipekons, "marital":marital, "penjamin":penjamin, ... ])): Send request successfully

2022-11-24 17:18:08 - [MESSAGE][INFO] - HAR: D:\DMS\Engine Scoring\Reports\20221124_171436\Exclude KKB - DS - Married\Scoring Married - DS\20221124_171436\requests\main\58.har

2022-11-24 17:18:08 - [MESSAGE][PASSED] - Send request successfully

2022-11-24 17:18:08 - [TEST_STEP][PASSED] - slurper = new groovy.json.JsonSlurper(): null

2022-11-24 17:18:08 - [TEST_STEP][PASSED] - result = slurper.parseText(req_data.getResponseBodyContent()): null

2022-11-24 17:18:08 - [TEST_STEP][PASSED] - reqid_kons = requestid1: null

2022-11-24 17:18:08 - [TEST_STEP][PASSED] - reqid_spouse = requestid2: null

2022-11-24 17:18:08 - [TEST_STEP][PASSED] - println("requestid kons : " + reqid_kons): null

2022-11-24 17:18:08 - [TEST_STEP][PASSED] - response_searchME_kons = reqid_kons: null

2022-11-24 17:18:08 - [TEST_STEP][PASSED] - response_searchME_spouse = reqid_spouse: null

2022-11-24 17:18:08 - [TEST_STEP][PASSED] - println("kons req id is :" + response_searchME_kons): null

2022-11-24 17:18:08 - [TEST_STEP][PASSED] - println("spouse req id is : " + response_searchME_spouse): null

2022-11-24 17:18:08 - [TEST_STEP][PASSED] - verifyResponseStatusCode(req_data, 200): Verify response status code successfully

2022-11-24 17:18:08 - [MESSAGE][PASSED] - Verify response status code successfully

2022-11-24 17:18:08 - [TEST_STEP][PASSED] - response = req_data.getResponseText(): null

2022-11-24 17:18:08 - [TEST_STEP][PASSED] - logInfo($response): {"status":"Done","data":{"requestid1":"254318","requestid2":"254319"}}

2022-11-24 17:18:08 - [MESSAGE][INFO] - {"status":"Done","data":{"requestid1":"254318","requestid2":"254319"}}

2022-11-24 17:18:08 - [TEST_STEP][PASSED] - delay(5): Delayed 5 second(s)

2022-11-24 17:18:13 - [MESSAGE][PASSED] - Delayed 5 second(s)

2022-11-24 17:18:13 - [TEST_STEP][PASSED] - scoring = sendRequest(findTestObject("EngineScore", ["response_searchME_kons":response_searchME_kons, "response_searchME_spouse":response_searchME_spouse])): Send request successfully

2022-11-24 17:18:13 - [MESSAGE][INFO] - HAR: D:\DMS\Engine Scoring\Reports\20221124_171436\Exclude KKB - DS - Married\Scoring Married - DS\20221124_171436\requests\main\59.har

2022-11-24 17:18:13 - [MESSAGE][PASSED] - Send request successfully

2022-11-24 17:18:13 - [TEST_STEP][PASSED] - verifyResponseStatusCode(scoring, 200): Verify response status code successfully

2022-11-24 17:18:13 - [MESSAGE][PASSED] - Verify response status code successfully

2022-11-24 17:18:13 - [TEST_STEP][PASSED] - response2 = scoring.getResponseText(): null

2022-11-24 17:18:13 - [TEST_STEP][PASSED] - markPassed("result service data ke : " + no): result service data ke : 130

2022-11-24 17:18:13 - [MESSAGE][PASSED] - result service data ke : 130

2022-11-24 17:18:13 - [TEST_STEP][PASSED] - logInfo($response2): {"result_konsumen":"Approve","result_pasangan":"Approve","Final_result":"Approve","errorMessage":"","status":"Done"}

2022-11-24 17:18:13 - [MESSAGE][INFO] - {"result_konsumen":"Approve","result_pasangan":"Approve","Final_result":"Approve","errorMessage":"","status":"Done"}

2022-11-24 17:18:13 - [TEST_STEP][PASSED] - verifyElementPropertyValue(scoring, "Final_result", final_result): Verify element property value successfully

2022-11-24 17:18:13 - [MESSAGE][PASSED] - Verify element property value successfully]]></system-out>
         <system-err><![CDATA[]]></system-err>
      </testcase>
      <testcase name="Test Cases/Engine_Scoring/Engine Scoring" time="8.613" classname="Test Cases/Engine_Scoring/Engine Scoring" status="PASSED">
         <system-out><![CDATA[2022-11-24 17:18:13 - [TEST_CASE][PASSED] - Test Cases/Engine_Scoring/Engine Scoring: Test Cases/Engine_Scoring/Engine Scoring

2022-11-24 17:18:13 - [TEST_STEP][PASSED] - markPassed("Variasi data ke : " + no): Variasi data ke : 131

2022-11-24 17:18:13 - [MESSAGE][PASSED] - Variasi data ke : 131

2022-11-24 17:18:13 - [TEST_STEP][PASSED] - req_data = sendRequest(findTestObject("Search_ME", ["MID":MID, "source":source, "ip":ip, "userid":userid, "branch":branch, "tipekons":tipekons, "marital":marital, "penjamin":penjamin, ... ])): Send request successfully

2022-11-24 17:18:15 - [MESSAGE][INFO] - HAR: D:\DMS\Engine Scoring\Reports\20221124_171436\Exclude KKB - DS - Married\Scoring Married - DS\20221124_171436\requests\main\60.har

2022-11-24 17:18:15 - [MESSAGE][PASSED] - Send request successfully

2022-11-24 17:18:15 - [TEST_STEP][PASSED] - slurper = new groovy.json.JsonSlurper(): null

2022-11-24 17:18:15 - [TEST_STEP][PASSED] - result = slurper.parseText(req_data.getResponseBodyContent()): null

2022-11-24 17:18:15 - [TEST_STEP][PASSED] - reqid_kons = requestid1: null

2022-11-24 17:18:15 - [TEST_STEP][PASSED] - reqid_spouse = requestid2: null

2022-11-24 17:18:15 - [TEST_STEP][PASSED] - println("requestid kons : " + reqid_kons): null

2022-11-24 17:18:15 - [TEST_STEP][PASSED] - response_searchME_kons = reqid_kons: null

2022-11-24 17:18:15 - [TEST_STEP][PASSED] - response_searchME_spouse = reqid_spouse: null

2022-11-24 17:18:15 - [TEST_STEP][PASSED] - println("kons req id is :" + response_searchME_kons): null

2022-11-24 17:18:15 - [TEST_STEP][PASSED] - println("spouse req id is : " + response_searchME_spouse): null

2022-11-24 17:18:15 - [TEST_STEP][PASSED] - verifyResponseStatusCode(req_data, 200): Verify response status code successfully

2022-11-24 17:18:15 - [MESSAGE][PASSED] - Verify response status code successfully

2022-11-24 17:18:15 - [TEST_STEP][PASSED] - response = req_data.getResponseText(): null

2022-11-24 17:18:15 - [TEST_STEP][PASSED] - logInfo($response): {"status":"Done","data":{"requestid1":"254320","requestid2":"254321"}}

2022-11-24 17:18:15 - [MESSAGE][INFO] - {"status":"Done","data":{"requestid1":"254320","requestid2":"254321"}}

2022-11-24 17:18:15 - [TEST_STEP][PASSED] - delay(5): Delayed 5 second(s)

2022-11-24 17:18:20 - [MESSAGE][PASSED] - Delayed 5 second(s)

2022-11-24 17:18:20 - [TEST_STEP][PASSED] - scoring = sendRequest(findTestObject("EngineScore", ["response_searchME_kons":response_searchME_kons, "response_searchME_spouse":response_searchME_spouse])): Send request successfully

2022-11-24 17:18:21 - [MESSAGE][INFO] - HAR: D:\DMS\Engine Scoring\Reports\20221124_171436\Exclude KKB - DS - Married\Scoring Married - DS\20221124_171436\requests\main\61.har

2022-11-24 17:18:21 - [MESSAGE][PASSED] - Send request successfully

2022-11-24 17:18:21 - [TEST_STEP][PASSED] - verifyResponseStatusCode(scoring, 200): Verify response status code successfully

2022-11-24 17:18:21 - [MESSAGE][PASSED] - Verify response status code successfully

2022-11-24 17:18:21 - [TEST_STEP][PASSED] - response2 = scoring.getResponseText(): null

2022-11-24 17:18:21 - [TEST_STEP][PASSED] - markPassed("result service data ke : " + no): result service data ke : 131

2022-11-24 17:18:21 - [MESSAGE][PASSED] - result service data ke : 131

2022-11-24 17:18:21 - [TEST_STEP][PASSED] - logInfo($response2): {"result_konsumen":"Approve","result_pasangan":"Reject","Final_result":"Reject","errorMessage":"","status":"Done"}

2022-11-24 17:18:21 - [MESSAGE][INFO] - {"result_konsumen":"Approve","result_pasangan":"Reject","Final_result":"Reject","errorMessage":"","status":"Done"}

2022-11-24 17:18:21 - [TEST_STEP][PASSED] - verifyElementPropertyValue(scoring, "Final_result", final_result): Verify element property value successfully

2022-11-24 17:18:21 - [MESSAGE][PASSED] - Verify element property value successfully]]></system-out>
         <system-err><![CDATA[]]></system-err>
      </testcase>
      <testcase name="Test Cases/Engine_Scoring/Engine Scoring" time="6.573" classname="Test Cases/Engine_Scoring/Engine Scoring" status="PASSED">
         <system-out><![CDATA[2022-11-24 17:18:21 - [TEST_CASE][PASSED] - Test Cases/Engine_Scoring/Engine Scoring: Test Cases/Engine_Scoring/Engine Scoring

2022-11-24 17:18:22 - [TEST_STEP][PASSED] - markPassed("Variasi data ke : " + no): Variasi data ke : 132

2022-11-24 17:18:22 - [MESSAGE][PASSED] - Variasi data ke : 132

2022-11-24 17:18:22 - [TEST_STEP][PASSED] - req_data = sendRequest(findTestObject("Search_ME", ["MID":MID, "source":source, "ip":ip, "userid":userid, "branch":branch, "tipekons":tipekons, "marital":marital, "penjamin":penjamin, ... ])): Send request successfully

2022-11-24 17:18:23 - [MESSAGE][INFO] - HAR: D:\DMS\Engine Scoring\Reports\20221124_171436\Exclude KKB - DS - Married\Scoring Married - DS\20221124_171436\requests\main\62.har

2022-11-24 17:18:23 - [MESSAGE][PASSED] - Send request successfully

2022-11-24 17:18:23 - [TEST_STEP][PASSED] - slurper = new groovy.json.JsonSlurper(): null

2022-11-24 17:18:23 - [TEST_STEP][PASSED] - result = slurper.parseText(req_data.getResponseBodyContent()): null

2022-11-24 17:18:23 - [TEST_STEP][PASSED] - reqid_kons = requestid1: null

2022-11-24 17:18:23 - [TEST_STEP][PASSED] - reqid_spouse = requestid2: null

2022-11-24 17:18:23 - [TEST_STEP][PASSED] - println("requestid kons : " + reqid_kons): null

2022-11-24 17:18:23 - [TEST_STEP][PASSED] - response_searchME_kons = reqid_kons: null

2022-11-24 17:18:23 - [TEST_STEP][PASSED] - response_searchME_spouse = reqid_spouse: null

2022-11-24 17:18:23 - [TEST_STEP][PASSED] - println("kons req id is :" + response_searchME_kons): null

2022-11-24 17:18:23 - [TEST_STEP][PASSED] - println("spouse req id is : " + response_searchME_spouse): null

2022-11-24 17:18:23 - [TEST_STEP][PASSED] - verifyResponseStatusCode(req_data, 200): Verify response status code successfully

2022-11-24 17:18:23 - [MESSAGE][PASSED] - Verify response status code successfully

2022-11-24 17:18:23 - [TEST_STEP][PASSED] - response = req_data.getResponseText(): null

2022-11-24 17:18:23 - [TEST_STEP][PASSED] - logInfo($response): {"status":"Done","data":{"requestid1":"254322","requestid2":"254323"}}

2022-11-24 17:18:23 - [MESSAGE][INFO] - {"status":"Done","data":{"requestid1":"254322","requestid2":"254323"}}

2022-11-24 17:18:23 - [TEST_STEP][PASSED] - delay(5): Delayed 5 second(s)

2022-11-24 17:18:28 - [MESSAGE][PASSED] - Delayed 5 second(s)

2022-11-24 17:18:28 - [TEST_STEP][PASSED] - scoring = sendRequest(findTestObject("EngineScore", ["response_searchME_kons":response_searchME_kons, "response_searchME_spouse":response_searchME_spouse])): Send request successfully

2022-11-24 17:18:28 - [MESSAGE][INFO] - HAR: D:\DMS\Engine Scoring\Reports\20221124_171436\Exclude KKB - DS - Married\Scoring Married - DS\20221124_171436\requests\main\63.har

2022-11-24 17:18:28 - [MESSAGE][PASSED] - Send request successfully

2022-11-24 17:18:28 - [TEST_STEP][PASSED] - verifyResponseStatusCode(scoring, 200): Verify response status code successfully

2022-11-24 17:18:28 - [MESSAGE][PASSED] - Verify response status code successfully

2022-11-24 17:18:28 - [TEST_STEP][PASSED] - response2 = scoring.getResponseText(): null

2022-11-24 17:18:28 - [TEST_STEP][PASSED] - markPassed("result service data ke : " + no): result service data ke : 132

2022-11-24 17:18:28 - [MESSAGE][PASSED] - result service data ke : 132

2022-11-24 17:18:28 - [TEST_STEP][PASSED] - logInfo($response2): {"result_konsumen":"Approve","result_pasangan":"Reject","Final_result":"Reject","errorMessage":"","status":"Done"}

2022-11-24 17:18:28 - [MESSAGE][INFO] - {"result_konsumen":"Approve","result_pasangan":"Reject","Final_result":"Reject","errorMessage":"","status":"Done"}

2022-11-24 17:18:28 - [TEST_STEP][PASSED] - verifyElementPropertyValue(scoring, "Final_result", final_result): Verify element property value successfully

2022-11-24 17:18:28 - [MESSAGE][PASSED] - Verify element property value successfully]]></system-out>
         <system-err><![CDATA[]]></system-err>
      </testcase>
      <testcase name="Test Cases/Engine_Scoring/Engine Scoring" time="6.708" classname="Test Cases/Engine_Scoring/Engine Scoring" status="PASSED">
         <system-out><![CDATA[2022-11-24 17:18:28 - [TEST_CASE][PASSED] - Test Cases/Engine_Scoring/Engine Scoring: Test Cases/Engine_Scoring/Engine Scoring

2022-11-24 17:18:29 - [TEST_STEP][PASSED] - markPassed("Variasi data ke : " + no): Variasi data ke : 133

2022-11-24 17:18:29 - [MESSAGE][PASSED] - Variasi data ke : 133

2022-11-24 17:18:29 - [TEST_STEP][PASSED] - req_data = sendRequest(findTestObject("Search_ME", ["MID":MID, "source":source, "ip":ip, "userid":userid, "branch":branch, "tipekons":tipekons, "marital":marital, "penjamin":penjamin, ... ])): Send request successfully

2022-11-24 17:18:30 - [MESSAGE][INFO] - HAR: D:\DMS\Engine Scoring\Reports\20221124_171436\Exclude KKB - DS - Married\Scoring Married - DS\20221124_171436\requests\main\64.har

2022-11-24 17:18:30 - [MESSAGE][PASSED] - Send request successfully

2022-11-24 17:18:30 - [TEST_STEP][PASSED] - slurper = new groovy.json.JsonSlurper(): null

2022-11-24 17:18:30 - [TEST_STEP][PASSED] - result = slurper.parseText(req_data.getResponseBodyContent()): null

2022-11-24 17:18:30 - [TEST_STEP][PASSED] - reqid_kons = requestid1: null

2022-11-24 17:18:30 - [TEST_STEP][PASSED] - reqid_spouse = requestid2: null

2022-11-24 17:18:30 - [TEST_STEP][PASSED] - println("requestid kons : " + reqid_kons): null

2022-11-24 17:18:30 - [TEST_STEP][PASSED] - response_searchME_kons = reqid_kons: null

2022-11-24 17:18:30 - [TEST_STEP][PASSED] - response_searchME_spouse = reqid_spouse: null

2022-11-24 17:18:30 - [TEST_STEP][PASSED] - println("kons req id is :" + response_searchME_kons): null

2022-11-24 17:18:30 - [TEST_STEP][PASSED] - println("spouse req id is : " + response_searchME_spouse): null

2022-11-24 17:18:30 - [TEST_STEP][PASSED] - verifyResponseStatusCode(req_data, 200): Verify response status code successfully

2022-11-24 17:18:30 - [MESSAGE][PASSED] - Verify response status code successfully

2022-11-24 17:18:30 - [TEST_STEP][PASSED] - response = req_data.getResponseText(): null

2022-11-24 17:18:30 - [TEST_STEP][PASSED] - logInfo($response): {"status":"Done","data":{"requestid1":"254324","requestid2":"254325"}}

2022-11-24 17:18:30 - [MESSAGE][INFO] - {"status":"Done","data":{"requestid1":"254324","requestid2":"254325"}}

2022-11-24 17:18:30 - [TEST_STEP][PASSED] - delay(5): Delayed 5 second(s)

2022-11-24 17:18:35 - [MESSAGE][PASSED] - Delayed 5 second(s)

2022-11-24 17:18:35 - [TEST_STEP][PASSED] - scoring = sendRequest(findTestObject("EngineScore", ["response_searchME_kons":response_searchME_kons, "response_searchME_spouse":response_searchME_spouse])): Send request successfully

2022-11-24 17:18:35 - [MESSAGE][INFO] - HAR: D:\DMS\Engine Scoring\Reports\20221124_171436\Exclude KKB - DS - Married\Scoring Married - DS\20221124_171436\requests\main\65.har

2022-11-24 17:18:35 - [MESSAGE][PASSED] - Send request successfully

2022-11-24 17:18:35 - [TEST_STEP][PASSED] - verifyResponseStatusCode(scoring, 200): Verify response status code successfully

2022-11-24 17:18:35 - [MESSAGE][PASSED] - Verify response status code successfully

2022-11-24 17:18:35 - [TEST_STEP][PASSED] - response2 = scoring.getResponseText(): null

2022-11-24 17:18:35 - [TEST_STEP][PASSED] - markPassed("result service data ke : " + no): result service data ke : 133

2022-11-24 17:18:35 - [MESSAGE][PASSED] - result service data ke : 133

2022-11-24 17:18:35 - [TEST_STEP][PASSED] - logInfo($response2): {"result_konsumen":"Approve","result_pasangan":"Reguler","Final_result":"Approve","errorMessage":"","status":"Done"}

2022-11-24 17:18:35 - [MESSAGE][INFO] - {"result_konsumen":"Approve","result_pasangan":"Reguler","Final_result":"Approve","errorMessage":"","status":"Done"}

2022-11-24 17:18:35 - [TEST_STEP][PASSED] - verifyElementPropertyValue(scoring, "Final_result", final_result): Verify element property value successfully

2022-11-24 17:18:35 - [MESSAGE][PASSED] - Verify element property value successfully]]></system-out>
         <system-err><![CDATA[]]></system-err>
      </testcase>
      <testcase name="Test Cases/Engine_Scoring/Engine Scoring" time="6.677" classname="Test Cases/Engine_Scoring/Engine Scoring" status="PASSED">
         <system-out><![CDATA[2022-11-24 17:18:35 - [TEST_CASE][PASSED] - Test Cases/Engine_Scoring/Engine Scoring: Test Cases/Engine_Scoring/Engine Scoring

2022-11-24 17:18:36 - [TEST_STEP][PASSED] - markPassed("Variasi data ke : " + no): Variasi data ke : 134

2022-11-24 17:18:36 - [MESSAGE][PASSED] - Variasi data ke : 134

2022-11-24 17:18:36 - [TEST_STEP][PASSED] - req_data = sendRequest(findTestObject("Search_ME", ["MID":MID, "source":source, "ip":ip, "userid":userid, "branch":branch, "tipekons":tipekons, "marital":marital, "penjamin":penjamin, ... ])): Send request successfully

2022-11-24 17:18:36 - [MESSAGE][INFO] - HAR: D:\DMS\Engine Scoring\Reports\20221124_171436\Exclude KKB - DS - Married\Scoring Married - DS\20221124_171436\requests\main\66.har

2022-11-24 17:18:36 - [MESSAGE][PASSED] - Send request successfully

2022-11-24 17:18:36 - [TEST_STEP][PASSED] - slurper = new groovy.json.JsonSlurper(): null

2022-11-24 17:18:36 - [TEST_STEP][PASSED] - result = slurper.parseText(req_data.getResponseBodyContent()): null

2022-11-24 17:18:36 - [TEST_STEP][PASSED] - reqid_kons = requestid1: null

2022-11-24 17:18:36 - [TEST_STEP][PASSED] - reqid_spouse = requestid2: null

2022-11-24 17:18:36 - [TEST_STEP][PASSED] - println("requestid kons : " + reqid_kons): null

2022-11-24 17:18:36 - [TEST_STEP][PASSED] - response_searchME_kons = reqid_kons: null

2022-11-24 17:18:36 - [TEST_STEP][PASSED] - response_searchME_spouse = reqid_spouse: null

2022-11-24 17:18:36 - [TEST_STEP][PASSED] - println("kons req id is :" + response_searchME_kons): null

2022-11-24 17:18:36 - [TEST_STEP][PASSED] - println("spouse req id is : " + response_searchME_spouse): null

2022-11-24 17:18:36 - [TEST_STEP][PASSED] - verifyResponseStatusCode(req_data, 200): Verify response status code successfully

2022-11-24 17:18:36 - [MESSAGE][PASSED] - Verify response status code successfully

2022-11-24 17:18:36 - [TEST_STEP][PASSED] - response = req_data.getResponseText(): null

2022-11-24 17:18:36 - [TEST_STEP][PASSED] - logInfo($response): {"status":"Done","data":{"requestid1":"254326","requestid2":"254327"}}

2022-11-24 17:18:36 - [MESSAGE][INFO] - {"status":"Done","data":{"requestid1":"254326","requestid2":"254327"}}

2022-11-24 17:18:36 - [TEST_STEP][PASSED] - delay(5): Delayed 5 second(s)

2022-11-24 17:18:41 - [MESSAGE][PASSED] - Delayed 5 second(s)

2022-11-24 17:18:41 - [TEST_STEP][PASSED] - scoring = sendRequest(findTestObject("EngineScore", ["response_searchME_kons":response_searchME_kons, "response_searchME_spouse":response_searchME_spouse])): Send request successfully

2022-11-24 17:18:41 - [MESSAGE][INFO] - HAR: D:\DMS\Engine Scoring\Reports\20221124_171436\Exclude KKB - DS - Married\Scoring Married - DS\20221124_171436\requests\main\67.har

2022-11-24 17:18:41 - [MESSAGE][PASSED] - Send request successfully

2022-11-24 17:18:41 - [TEST_STEP][PASSED] - verifyResponseStatusCode(scoring, 200): Verify response status code successfully

2022-11-24 17:18:41 - [MESSAGE][PASSED] - Verify response status code successfully

2022-11-24 17:18:41 - [TEST_STEP][PASSED] - response2 = scoring.getResponseText(): null

2022-11-24 17:18:41 - [TEST_STEP][PASSED] - markPassed("result service data ke : " + no): result service data ke : 134

2022-11-24 17:18:41 - [MESSAGE][PASSED] - result service data ke : 134

2022-11-24 17:18:41 - [TEST_STEP][PASSED] - logInfo($response2): {"result_konsumen":"Approve","result_pasangan":"Reguler","Final_result":"Approve","errorMessage":"","status":"Done"}

2022-11-24 17:18:41 - [MESSAGE][INFO] - {"result_konsumen":"Approve","result_pasangan":"Reguler","Final_result":"Approve","errorMessage":"","status":"Done"}

2022-11-24 17:18:41 - [TEST_STEP][PASSED] - verifyElementPropertyValue(scoring, "Final_result", final_result): Verify element property value successfully

2022-11-24 17:18:41 - [MESSAGE][PASSED] - Verify element property value successfully]]></system-out>
         <system-err><![CDATA[]]></system-err>
      </testcase>
      <testcase name="Test Cases/Engine_Scoring/Engine Scoring" time="68.874" classname="Test Cases/Engine_Scoring/Engine Scoring" status="PASSED">
         <system-out><![CDATA[2022-11-24 17:18:42 - [TEST_CASE][PASSED] - Test Cases/Engine_Scoring/Engine Scoring: Test Cases/Engine_Scoring/Engine Scoring

2022-11-24 17:18:42 - [TEST_STEP][PASSED] - markPassed("Variasi data ke : " + no): Variasi data ke : 135

2022-11-24 17:18:42 - [MESSAGE][PASSED] - Variasi data ke : 135

2022-11-24 17:18:42 - [TEST_STEP][PASSED] - req_data = sendRequest(findTestObject("Search_ME", ["MID":MID, "source":source, "ip":ip, "userid":userid, "branch":branch, "tipekons":tipekons, "marital":marital, "penjamin":penjamin, ... ])): Send request successfully

2022-11-24 17:18:43 - [MESSAGE][INFO] - HAR: D:\DMS\Engine Scoring\Reports\20221124_171436\Exclude KKB - DS - Married\Scoring Married - DS\20221124_171436\requests\main\68.har

2022-11-24 17:18:43 - [MESSAGE][PASSED] - Send request successfully

2022-11-24 17:18:43 - [TEST_STEP][PASSED] - slurper = new groovy.json.JsonSlurper(): null

2022-11-24 17:18:43 - [TEST_STEP][PASSED] - result = slurper.parseText(req_data.getResponseBodyContent()): null

2022-11-24 17:18:43 - [TEST_STEP][PASSED] - reqid_kons = requestid1: null

2022-11-24 17:18:43 - [TEST_STEP][PASSED] - reqid_spouse = requestid2: null

2022-11-24 17:18:43 - [TEST_STEP][PASSED] - println("requestid kons : " + reqid_kons): null

2022-11-24 17:18:43 - [TEST_STEP][PASSED] - response_searchME_kons = reqid_kons: null

2022-11-24 17:18:43 - [TEST_STEP][PASSED] - response_searchME_spouse = reqid_spouse: null

2022-11-24 17:18:43 - [TEST_STEP][PASSED] - println("kons req id is :" + response_searchME_kons): null

2022-11-24 17:18:43 - [TEST_STEP][PASSED] - println("spouse req id is : " + response_searchME_spouse): null

2022-11-24 17:18:43 - [TEST_STEP][PASSED] - verifyResponseStatusCode(req_data, 200): Verify response status code successfully

2022-11-24 17:18:43 - [MESSAGE][PASSED] - Verify response status code successfully

2022-11-24 17:18:43 - [TEST_STEP][PASSED] - response = req_data.getResponseText(): null

2022-11-24 17:18:43 - [TEST_STEP][PASSED] - logInfo($response): {"status":"Done","data":{"requestid1":"254328","requestid2":"254329"}}

2022-11-24 17:18:43 - [MESSAGE][INFO] - {"status":"Done","data":{"requestid1":"254328","requestid2":"254329"}}

2022-11-24 17:18:43 - [TEST_STEP][PASSED] - delay(5): Delayed 5 second(s)

2022-11-24 17:18:48 - [MESSAGE][PASSED] - Delayed 5 second(s)

2022-11-24 17:19:50 - [TEST_STEP][PASSED] - scoring = sendRequest(findTestObject("EngineScore", ["response_searchME_kons":response_searchME_kons, "response_searchME_spouse":response_searchME_spouse])): Send request successfully

2022-11-24 17:19:50 - [MESSAGE][INFO] - HAR: D:\DMS\Engine Scoring\Reports\20221124_171436\Exclude KKB - DS - Married\Scoring Married - DS\20221124_171436\requests\main\69.har

2022-11-24 17:19:50 - [MESSAGE][PASSED] - Send request successfully

2022-11-24 17:19:50 - [TEST_STEP][PASSED] - verifyResponseStatusCode(scoring, 200): Verify response status code successfully

2022-11-24 17:19:50 - [MESSAGE][PASSED] - Verify response status code successfully

2022-11-24 17:19:50 - [TEST_STEP][PASSED] - response2 = scoring.getResponseText(): null

2022-11-24 17:19:50 - [TEST_STEP][PASSED] - markPassed("result service data ke : " + no): result service data ke : 135

2022-11-24 17:19:50 - [MESSAGE][PASSED] - result service data ke : 135

2022-11-24 17:19:50 - [TEST_STEP][PASSED] - logInfo($response2): {"result_konsumen":"Approve","result_pasangan":"Reguler","Final_result":"Approve","errorMessage":"","status":"Done"}

2022-11-24 17:19:50 - [MESSAGE][INFO] - {"result_konsumen":"Approve","result_pasangan":"Reguler","Final_result":"Approve","errorMessage":"","status":"Done"}

2022-11-24 17:19:50 - [TEST_STEP][PASSED] - verifyElementPropertyValue(scoring, "Final_result", final_result): Verify element property value successfully

2022-11-24 17:19:50 - [MESSAGE][PASSED] - Verify element property value successfully]]></system-out>
         <system-err><![CDATA[]]></system-err>
      </testcase>
      <testcase name="Test Cases/Engine_Scoring/Engine Scoring" time="6.968" classname="Test Cases/Engine_Scoring/Engine Scoring" status="PASSED">
         <system-out><![CDATA[2022-11-24 17:19:50 - [TEST_CASE][PASSED] - Test Cases/Engine_Scoring/Engine Scoring: Test Cases/Engine_Scoring/Engine Scoring

2022-11-24 17:19:52 - [TEST_STEP][PASSED] - markPassed("Variasi data ke : " + no): Variasi data ke : 136

2022-11-24 17:19:52 - [MESSAGE][PASSED] - Variasi data ke : 136

2022-11-24 17:19:52 - [TEST_STEP][PASSED] - req_data = sendRequest(findTestObject("Search_ME", ["MID":MID, "source":source, "ip":ip, "userid":userid, "branch":branch, "tipekons":tipekons, "marital":marital, "penjamin":penjamin, ... ])): Send request successfully

2022-11-24 17:19:52 - [MESSAGE][INFO] - HAR: D:\DMS\Engine Scoring\Reports\20221124_171436\Exclude KKB - DS - Married\Scoring Married - DS\20221124_171436\requests\main\70.har

2022-11-24 17:19:52 - [MESSAGE][PASSED] - Send request successfully

2022-11-24 17:19:52 - [TEST_STEP][PASSED] - slurper = new groovy.json.JsonSlurper(): null

2022-11-24 17:19:52 - [TEST_STEP][PASSED] - result = slurper.parseText(req_data.getResponseBodyContent()): null

2022-11-24 17:19:52 - [TEST_STEP][PASSED] - reqid_kons = requestid1: null

2022-11-24 17:19:52 - [TEST_STEP][PASSED] - reqid_spouse = requestid2: null

2022-11-24 17:19:52 - [TEST_STEP][PASSED] - println("requestid kons : " + reqid_kons): null

2022-11-24 17:19:52 - [TEST_STEP][PASSED] - response_searchME_kons = reqid_kons: null

2022-11-24 17:19:52 - [TEST_STEP][PASSED] - response_searchME_spouse = reqid_spouse: null

2022-11-24 17:19:52 - [TEST_STEP][PASSED] - println("kons req id is :" + response_searchME_kons): null

2022-11-24 17:19:52 - [TEST_STEP][PASSED] - println("spouse req id is : " + response_searchME_spouse): null

2022-11-24 17:19:52 - [TEST_STEP][PASSED] - verifyResponseStatusCode(req_data, 200): Verify response status code successfully

2022-11-24 17:19:52 - [MESSAGE][PASSED] - Verify response status code successfully

2022-11-24 17:19:52 - [TEST_STEP][PASSED] - response = req_data.getResponseText(): null

2022-11-24 17:19:52 - [TEST_STEP][PASSED] - logInfo($response): {"status":"Done","data":{"requestid1":"254330","requestid2":"254331"}}

2022-11-24 17:19:52 - [MESSAGE][INFO] - {"status":"Done","data":{"requestid1":"254330","requestid2":"254331"}}

2022-11-24 17:19:52 - [TEST_STEP][PASSED] - delay(5): Delayed 5 second(s)

2022-11-24 17:19:57 - [MESSAGE][PASSED] - Delayed 5 second(s)

2022-11-24 17:19:57 - [TEST_STEP][PASSED] - scoring = sendRequest(findTestObject("EngineScore", ["response_searchME_kons":response_searchME_kons, "response_searchME_spouse":response_searchME_spouse])): Send request successfully

2022-11-24 17:19:57 - [MESSAGE][INFO] - HAR: D:\DMS\Engine Scoring\Reports\20221124_171436\Exclude KKB - DS - Married\Scoring Married - DS\20221124_171436\requests\main\71.har

2022-11-24 17:19:57 - [MESSAGE][PASSED] - Send request successfully

2022-11-24 17:19:57 - [TEST_STEP][PASSED] - verifyResponseStatusCode(scoring, 200): Verify response status code successfully

2022-11-24 17:19:57 - [MESSAGE][PASSED] - Verify response status code successfully

2022-11-24 17:19:57 - [TEST_STEP][PASSED] - response2 = scoring.getResponseText(): null

2022-11-24 17:19:57 - [TEST_STEP][PASSED] - markPassed("result service data ke : " + no): result service data ke : 136

2022-11-24 17:19:57 - [MESSAGE][PASSED] - result service data ke : 136

2022-11-24 17:19:57 - [TEST_STEP][PASSED] - logInfo($response2): {"result_konsumen":"Approve","result_pasangan":"Reject","Final_result":"Reject","errorMessage":"","status":"Done"}

2022-11-24 17:19:57 - [MESSAGE][INFO] - {"result_konsumen":"Approve","result_pasangan":"Reject","Final_result":"Reject","errorMessage":"","status":"Done"}

2022-11-24 17:19:57 - [TEST_STEP][PASSED] - verifyElementPropertyValue(scoring, "Final_result", final_result): Verify element property value successfully

2022-11-24 17:19:57 - [MESSAGE][PASSED] - Verify element property value successfully]]></system-out>
         <system-err><![CDATA[]]></system-err>
      </testcase>
      <testcase name="Test Cases/Engine_Scoring/Engine Scoring" time="6.615" classname="Test Cases/Engine_Scoring/Engine Scoring" status="PASSED">
         <system-out><![CDATA[2022-11-24 17:19:58 - [TEST_CASE][PASSED] - Test Cases/Engine_Scoring/Engine Scoring: Test Cases/Engine_Scoring/Engine Scoring

2022-11-24 17:19:58 - [TEST_STEP][PASSED] - markPassed("Variasi data ke : " + no): Variasi data ke : 137

2022-11-24 17:19:58 - [MESSAGE][PASSED] - Variasi data ke : 137

2022-11-24 17:19:58 - [TEST_STEP][PASSED] - req_data = sendRequest(findTestObject("Search_ME", ["MID":MID, "source":source, "ip":ip, "userid":userid, "branch":branch, "tipekons":tipekons, "marital":marital, "penjamin":penjamin, ... ])): Send request successfully

2022-11-24 17:19:59 - [MESSAGE][INFO] - HAR: D:\DMS\Engine Scoring\Reports\20221124_171436\Exclude KKB - DS - Married\Scoring Married - DS\20221124_171436\requests\main\72.har

2022-11-24 17:19:59 - [MESSAGE][PASSED] - Send request successfully

2022-11-24 17:19:59 - [TEST_STEP][PASSED] - slurper = new groovy.json.JsonSlurper(): null

2022-11-24 17:19:59 - [TEST_STEP][PASSED] - result = slurper.parseText(req_data.getResponseBodyContent()): null

2022-11-24 17:19:59 - [TEST_STEP][PASSED] - reqid_kons = requestid1: null

2022-11-24 17:19:59 - [TEST_STEP][PASSED] - reqid_spouse = requestid2: null

2022-11-24 17:19:59 - [TEST_STEP][PASSED] - println("requestid kons : " + reqid_kons): null

2022-11-24 17:19:59 - [TEST_STEP][PASSED] - response_searchME_kons = reqid_kons: null

2022-11-24 17:19:59 - [TEST_STEP][PASSED] - response_searchME_spouse = reqid_spouse: null

2022-11-24 17:19:59 - [TEST_STEP][PASSED] - println("kons req id is :" + response_searchME_kons): null

2022-11-24 17:19:59 - [TEST_STEP][PASSED] - println("spouse req id is : " + response_searchME_spouse): null

2022-11-24 17:19:59 - [TEST_STEP][PASSED] - verifyResponseStatusCode(req_data, 200): Verify response status code successfully

2022-11-24 17:19:59 - [MESSAGE][PASSED] - Verify response status code successfully

2022-11-24 17:19:59 - [TEST_STEP][PASSED] - response = req_data.getResponseText(): null

2022-11-24 17:19:59 - [TEST_STEP][PASSED] - logInfo($response): {"status":"Done","data":{"requestid1":"254332","requestid2":"254333"}}

2022-11-24 17:19:59 - [MESSAGE][INFO] - {"status":"Done","data":{"requestid1":"254332","requestid2":"254333"}}

2022-11-24 17:19:59 - [TEST_STEP][PASSED] - delay(5): Delayed 5 second(s)

2022-11-24 17:20:04 - [MESSAGE][PASSED] - Delayed 5 second(s)

2022-11-24 17:20:04 - [TEST_STEP][PASSED] - scoring = sendRequest(findTestObject("EngineScore", ["response_searchME_kons":response_searchME_kons, "response_searchME_spouse":response_searchME_spouse])): Send request successfully

2022-11-24 17:20:04 - [MESSAGE][INFO] - HAR: D:\DMS\Engine Scoring\Reports\20221124_171436\Exclude KKB - DS - Married\Scoring Married - DS\20221124_171436\requests\main\73.har

2022-11-24 17:20:04 - [MESSAGE][PASSED] - Send request successfully

2022-11-24 17:20:04 - [TEST_STEP][PASSED] - verifyResponseStatusCode(scoring, 200): Verify response status code successfully

2022-11-24 17:20:04 - [MESSAGE][PASSED] - Verify response status code successfully

2022-11-24 17:20:04 - [TEST_STEP][PASSED] - response2 = scoring.getResponseText(): null

2022-11-24 17:20:04 - [TEST_STEP][PASSED] - markPassed("result service data ke : " + no): result service data ke : 137

2022-11-24 17:20:04 - [MESSAGE][PASSED] - result service data ke : 137

2022-11-24 17:20:04 - [TEST_STEP][PASSED] - logInfo($response2): {"result_konsumen":"Approve","result_pasangan":"Reject","Final_result":"Reject","errorMessage":"","status":"Done"}

2022-11-24 17:20:04 - [MESSAGE][INFO] - {"result_konsumen":"Approve","result_pasangan":"Reject","Final_result":"Reject","errorMessage":"","status":"Done"}

2022-11-24 17:20:04 - [TEST_STEP][PASSED] - verifyElementPropertyValue(scoring, "Final_result", final_result): Verify element property value successfully

2022-11-24 17:20:04 - [MESSAGE][PASSED] - Verify element property value successfully]]></system-out>
         <system-err><![CDATA[]]></system-err>
      </testcase>
      <testcase name="Test Cases/Engine_Scoring/Engine Scoring" time="6.844" classname="Test Cases/Engine_Scoring/Engine Scoring" status="PASSED">
         <system-out><![CDATA[2022-11-24 17:20:04 - [TEST_CASE][PASSED] - Test Cases/Engine_Scoring/Engine Scoring: Test Cases/Engine_Scoring/Engine Scoring

2022-11-24 17:20:05 - [TEST_STEP][PASSED] - markPassed("Variasi data ke : " + no): Variasi data ke : 138

2022-11-24 17:20:05 - [MESSAGE][PASSED] - Variasi data ke : 138

2022-11-24 17:20:05 - [TEST_STEP][PASSED] - req_data = sendRequest(findTestObject("Search_ME", ["MID":MID, "source":source, "ip":ip, "userid":userid, "branch":branch, "tipekons":tipekons, "marital":marital, "penjamin":penjamin, ... ])): Send request successfully

2022-11-24 17:20:06 - [MESSAGE][INFO] - HAR: D:\DMS\Engine Scoring\Reports\20221124_171436\Exclude KKB - DS - Married\Scoring Married - DS\20221124_171436\requests\main\74.har

2022-11-24 17:20:06 - [MESSAGE][PASSED] - Send request successfully

2022-11-24 17:20:06 - [TEST_STEP][PASSED] - slurper = new groovy.json.JsonSlurper(): null

2022-11-24 17:20:06 - [TEST_STEP][PASSED] - result = slurper.parseText(req_data.getResponseBodyContent()): null

2022-11-24 17:20:06 - [TEST_STEP][PASSED] - reqid_kons = requestid1: null

2022-11-24 17:20:06 - [TEST_STEP][PASSED] - reqid_spouse = requestid2: null

2022-11-24 17:20:06 - [TEST_STEP][PASSED] - println("requestid kons : " + reqid_kons): null

2022-11-24 17:20:06 - [TEST_STEP][PASSED] - response_searchME_kons = reqid_kons: null

2022-11-24 17:20:06 - [TEST_STEP][PASSED] - response_searchME_spouse = reqid_spouse: null

2022-11-24 17:20:06 - [TEST_STEP][PASSED] - println("kons req id is :" + response_searchME_kons): null

2022-11-24 17:20:06 - [TEST_STEP][PASSED] - println("spouse req id is : " + response_searchME_spouse): null

2022-11-24 17:20:06 - [TEST_STEP][PASSED] - verifyResponseStatusCode(req_data, 200): Verify response status code successfully

2022-11-24 17:20:06 - [MESSAGE][PASSED] - Verify response status code successfully

2022-11-24 17:20:06 - [TEST_STEP][PASSED] - response = req_data.getResponseText(): null

2022-11-24 17:20:06 - [TEST_STEP][PASSED] - logInfo($response): {"status":"Done","data":{"requestid1":"254334","requestid2":"254335"}}

2022-11-24 17:20:06 - [MESSAGE][INFO] - {"status":"Done","data":{"requestid1":"254334","requestid2":"254335"}}

2022-11-24 17:20:06 - [TEST_STEP][PASSED] - delay(5): Delayed 5 second(s)

2022-11-24 17:20:11 - [MESSAGE][PASSED] - Delayed 5 second(s)

2022-11-24 17:20:11 - [TEST_STEP][PASSED] - scoring = sendRequest(findTestObject("EngineScore", ["response_searchME_kons":response_searchME_kons, "response_searchME_spouse":response_searchME_spouse])): Send request successfully

2022-11-24 17:20:11 - [MESSAGE][INFO] - HAR: D:\DMS\Engine Scoring\Reports\20221124_171436\Exclude KKB - DS - Married\Scoring Married - DS\20221124_171436\requests\main\75.har

2022-11-24 17:20:11 - [MESSAGE][PASSED] - Send request successfully

2022-11-24 17:20:11 - [TEST_STEP][PASSED] - verifyResponseStatusCode(scoring, 200): Verify response status code successfully

2022-11-24 17:20:11 - [MESSAGE][PASSED] - Verify response status code successfully

2022-11-24 17:20:11 - [TEST_STEP][PASSED] - response2 = scoring.getResponseText(): null

2022-11-24 17:20:11 - [TEST_STEP][PASSED] - markPassed("result service data ke : " + no): result service data ke : 138

2022-11-24 17:20:11 - [MESSAGE][PASSED] - result service data ke : 138

2022-11-24 17:20:11 - [TEST_STEP][PASSED] - logInfo($response2): {"result_konsumen":"Approve","result_pasangan":"Reject","Final_result":"Reject","errorMessage":"","status":"Done"}

2022-11-24 17:20:11 - [MESSAGE][INFO] - {"result_konsumen":"Approve","result_pasangan":"Reject","Final_result":"Reject","errorMessage":"","status":"Done"}

2022-11-24 17:20:11 - [TEST_STEP][PASSED] - verifyElementPropertyValue(scoring, "Final_result", final_result): Verify element property value successfully

2022-11-24 17:20:11 - [MESSAGE][PASSED] - Verify element property value successfully]]></system-out>
         <system-err><![CDATA[]]></system-err>
      </testcase>
      <testcase name="Test Cases/Engine_Scoring/Engine Scoring" time="6.615" classname="Test Cases/Engine_Scoring/Engine Scoring" status="PASSED">
         <system-out><![CDATA[2022-11-24 17:20:11 - [TEST_CASE][PASSED] - Test Cases/Engine_Scoring/Engine Scoring: Test Cases/Engine_Scoring/Engine Scoring

2022-11-24 17:20:12 - [TEST_STEP][PASSED] - markPassed("Variasi data ke : " + no): Variasi data ke : 139

2022-11-24 17:20:12 - [MESSAGE][PASSED] - Variasi data ke : 139

2022-11-24 17:20:12 - [TEST_STEP][PASSED] - req_data = sendRequest(findTestObject("Search_ME", ["MID":MID, "source":source, "ip":ip, "userid":userid, "branch":branch, "tipekons":tipekons, "marital":marital, "penjamin":penjamin, ... ])): Send request successfully

2022-11-24 17:20:13 - [MESSAGE][INFO] - HAR: D:\DMS\Engine Scoring\Reports\20221124_171436\Exclude KKB - DS - Married\Scoring Married - DS\20221124_171436\requests\main\76.har

2022-11-24 17:20:13 - [MESSAGE][PASSED] - Send request successfully

2022-11-24 17:20:13 - [TEST_STEP][PASSED] - slurper = new groovy.json.JsonSlurper(): null

2022-11-24 17:20:13 - [TEST_STEP][PASSED] - result = slurper.parseText(req_data.getResponseBodyContent()): null

2022-11-24 17:20:13 - [TEST_STEP][PASSED] - reqid_kons = requestid1: null

2022-11-24 17:20:13 - [TEST_STEP][PASSED] - reqid_spouse = requestid2: null

2022-11-24 17:20:13 - [TEST_STEP][PASSED] - println("requestid kons : " + reqid_kons): null

2022-11-24 17:20:13 - [TEST_STEP][PASSED] - response_searchME_kons = reqid_kons: null

2022-11-24 17:20:13 - [TEST_STEP][PASSED] - response_searchME_spouse = reqid_spouse: null

2022-11-24 17:20:13 - [TEST_STEP][PASSED] - println("kons req id is :" + response_searchME_kons): null

2022-11-24 17:20:13 - [TEST_STEP][PASSED] - println("spouse req id is : " + response_searchME_spouse): null

2022-11-24 17:20:13 - [TEST_STEP][PASSED] - verifyResponseStatusCode(req_data, 200): Verify response status code successfully

2022-11-24 17:20:13 - [MESSAGE][PASSED] - Verify response status code successfully

2022-11-24 17:20:13 - [TEST_STEP][PASSED] - response = req_data.getResponseText(): null

2022-11-24 17:20:13 - [TEST_STEP][PASSED] - logInfo($response): {"status":"Done","data":{"requestid1":"254336","requestid2":"254337"}}

2022-11-24 17:20:13 - [MESSAGE][INFO] - {"status":"Done","data":{"requestid1":"254336","requestid2":"254337"}}

2022-11-24 17:20:13 - [TEST_STEP][PASSED] - delay(5): Delayed 5 second(s)

2022-11-24 17:20:18 - [MESSAGE][PASSED] - Delayed 5 second(s)

2022-11-24 17:20:18 - [TEST_STEP][PASSED] - scoring = sendRequest(findTestObject("EngineScore", ["response_searchME_kons":response_searchME_kons, "response_searchME_spouse":response_searchME_spouse])): Send request successfully

2022-11-24 17:20:18 - [MESSAGE][INFO] - HAR: D:\DMS\Engine Scoring\Reports\20221124_171436\Exclude KKB - DS - Married\Scoring Married - DS\20221124_171436\requests\main\77.har

2022-11-24 17:20:18 - [MESSAGE][PASSED] - Send request successfully

2022-11-24 17:20:18 - [TEST_STEP][PASSED] - verifyResponseStatusCode(scoring, 200): Verify response status code successfully

2022-11-24 17:20:18 - [MESSAGE][PASSED] - Verify response status code successfully

2022-11-24 17:20:18 - [TEST_STEP][PASSED] - response2 = scoring.getResponseText(): null

2022-11-24 17:20:18 - [TEST_STEP][PASSED] - markPassed("result service data ke : " + no): result service data ke : 139

2022-11-24 17:20:18 - [MESSAGE][PASSED] - result service data ke : 139

2022-11-24 17:20:18 - [TEST_STEP][PASSED] - logInfo($response2): {"result_konsumen":"Approve","result_pasangan":"Reject","Final_result":"Reject","errorMessage":"","status":"Done"}

2022-11-24 17:20:18 - [MESSAGE][INFO] - {"result_konsumen":"Approve","result_pasangan":"Reject","Final_result":"Reject","errorMessage":"","status":"Done"}

2022-11-24 17:20:18 - [TEST_STEP][PASSED] - verifyElementPropertyValue(scoring, "Final_result", final_result): Verify element property value successfully

2022-11-24 17:20:18 - [MESSAGE][PASSED] - Verify element property value successfully]]></system-out>
         <system-err><![CDATA[]]></system-err>
      </testcase>
      <testcase name="Test Cases/Engine_Scoring/Engine Scoring" time="6.573" classname="Test Cases/Engine_Scoring/Engine Scoring" status="PASSED">
         <system-out><![CDATA[2022-11-24 17:20:18 - [TEST_CASE][PASSED] - Test Cases/Engine_Scoring/Engine Scoring: Test Cases/Engine_Scoring/Engine Scoring

2022-11-24 17:20:18 - [TEST_STEP][PASSED] - markPassed("Variasi data ke : " + no): Variasi data ke : 140

2022-11-24 17:20:18 - [MESSAGE][PASSED] - Variasi data ke : 140

2022-11-24 17:20:18 - [TEST_STEP][PASSED] - req_data = sendRequest(findTestObject("Search_ME", ["MID":MID, "source":source, "ip":ip, "userid":userid, "branch":branch, "tipekons":tipekons, "marital":marital, "penjamin":penjamin, ... ])): Send request successfully

2022-11-24 17:20:19 - [MESSAGE][INFO] - HAR: D:\DMS\Engine Scoring\Reports\20221124_171436\Exclude KKB - DS - Married\Scoring Married - DS\20221124_171436\requests\main\78.har

2022-11-24 17:20:19 - [MESSAGE][PASSED] - Send request successfully

2022-11-24 17:20:19 - [TEST_STEP][PASSED] - slurper = new groovy.json.JsonSlurper(): null

2022-11-24 17:20:19 - [TEST_STEP][PASSED] - result = slurper.parseText(req_data.getResponseBodyContent()): null

2022-11-24 17:20:19 - [TEST_STEP][PASSED] - reqid_kons = requestid1: null

2022-11-24 17:20:19 - [TEST_STEP][PASSED] - reqid_spouse = requestid2: null

2022-11-24 17:20:19 - [TEST_STEP][PASSED] - println("requestid kons : " + reqid_kons): null

2022-11-24 17:20:19 - [TEST_STEP][PASSED] - response_searchME_kons = reqid_kons: null

2022-11-24 17:20:19 - [TEST_STEP][PASSED] - response_searchME_spouse = reqid_spouse: null

2022-11-24 17:20:19 - [TEST_STEP][PASSED] - println("kons req id is :" + response_searchME_kons): null

2022-11-24 17:20:19 - [TEST_STEP][PASSED] - println("spouse req id is : " + response_searchME_spouse): null

2022-11-24 17:20:19 - [TEST_STEP][PASSED] - verifyResponseStatusCode(req_data, 200): Verify response status code successfully

2022-11-24 17:20:19 - [MESSAGE][PASSED] - Verify response status code successfully

2022-11-24 17:20:19 - [TEST_STEP][PASSED] - response = req_data.getResponseText(): null

2022-11-24 17:20:19 - [TEST_STEP][PASSED] - logInfo($response): {"status":"Done","data":{"requestid1":"254338","requestid2":"254339"}}

2022-11-24 17:20:19 - [MESSAGE][INFO] - {"status":"Done","data":{"requestid1":"254338","requestid2":"254339"}}

2022-11-24 17:20:19 - [TEST_STEP][PASSED] - delay(5): Delayed 5 second(s)

2022-11-24 17:20:24 - [MESSAGE][PASSED] - Delayed 5 second(s)

2022-11-24 17:20:24 - [TEST_STEP][PASSED] - scoring = sendRequest(findTestObject("EngineScore", ["response_searchME_kons":response_searchME_kons, "response_searchME_spouse":response_searchME_spouse])): Send request successfully

2022-11-24 17:20:24 - [MESSAGE][INFO] - HAR: D:\DMS\Engine Scoring\Reports\20221124_171436\Exclude KKB - DS - Married\Scoring Married - DS\20221124_171436\requests\main\79.har

2022-11-24 17:20:24 - [MESSAGE][PASSED] - Send request successfully

2022-11-24 17:20:24 - [TEST_STEP][PASSED] - verifyResponseStatusCode(scoring, 200): Verify response status code successfully

2022-11-24 17:20:24 - [MESSAGE][PASSED] - Verify response status code successfully

2022-11-24 17:20:24 - [TEST_STEP][PASSED] - response2 = scoring.getResponseText(): null

2022-11-24 17:20:24 - [TEST_STEP][PASSED] - markPassed("result service data ke : " + no): result service data ke : 140

2022-11-24 17:20:24 - [MESSAGE][PASSED] - result service data ke : 140

2022-11-24 17:20:24 - [TEST_STEP][PASSED] - logInfo($response2): {"result_konsumen":"Approve","result_pasangan":"Reject","Final_result":"Reject","errorMessage":"","status":"Done"}

2022-11-24 17:20:24 - [MESSAGE][INFO] - {"result_konsumen":"Approve","result_pasangan":"Reject","Final_result":"Reject","errorMessage":"","status":"Done"}

2022-11-24 17:20:24 - [TEST_STEP][PASSED] - verifyElementPropertyValue(scoring, "Final_result", final_result): Verify element property value successfully

2022-11-24 17:20:24 - [MESSAGE][PASSED] - Verify element property value successfully]]></system-out>
         <system-err><![CDATA[]]></system-err>
      </testcase>
      <testcase name="Test Cases/Engine_Scoring/Engine Scoring" time="6.749" classname="Test Cases/Engine_Scoring/Engine Scoring" status="PASSED">
         <system-out><![CDATA[2022-11-24 17:20:24 - [TEST_CASE][PASSED] - Test Cases/Engine_Scoring/Engine Scoring: Test Cases/Engine_Scoring/Engine Scoring

2022-11-24 17:20:25 - [TEST_STEP][PASSED] - markPassed("Variasi data ke : " + no): Variasi data ke : 141

2022-11-24 17:20:25 - [MESSAGE][PASSED] - Variasi data ke : 141

2022-11-24 17:20:25 - [TEST_STEP][PASSED] - req_data = sendRequest(findTestObject("Search_ME", ["MID":MID, "source":source, "ip":ip, "userid":userid, "branch":branch, "tipekons":tipekons, "marital":marital, "penjamin":penjamin, ... ])): Send request successfully

2022-11-24 17:20:26 - [MESSAGE][INFO] - HAR: D:\DMS\Engine Scoring\Reports\20221124_171436\Exclude KKB - DS - Married\Scoring Married - DS\20221124_171436\requests\main\80.har

2022-11-24 17:20:26 - [MESSAGE][PASSED] - Send request successfully

2022-11-24 17:20:26 - [TEST_STEP][PASSED] - slurper = new groovy.json.JsonSlurper(): null

2022-11-24 17:20:26 - [TEST_STEP][PASSED] - result = slurper.parseText(req_data.getResponseBodyContent()): null

2022-11-24 17:20:26 - [TEST_STEP][PASSED] - reqid_kons = requestid1: null

2022-11-24 17:20:26 - [TEST_STEP][PASSED] - reqid_spouse = requestid2: null

2022-11-24 17:20:26 - [TEST_STEP][PASSED] - println("requestid kons : " + reqid_kons): null

2022-11-24 17:20:26 - [TEST_STEP][PASSED] - response_searchME_kons = reqid_kons: null

2022-11-24 17:20:26 - [TEST_STEP][PASSED] - response_searchME_spouse = reqid_spouse: null

2022-11-24 17:20:26 - [TEST_STEP][PASSED] - println("kons req id is :" + response_searchME_kons): null

2022-11-24 17:20:26 - [TEST_STEP][PASSED] - println("spouse req id is : " + response_searchME_spouse): null

2022-11-24 17:20:26 - [TEST_STEP][PASSED] - verifyResponseStatusCode(req_data, 200): Verify response status code successfully

2022-11-24 17:20:26 - [MESSAGE][PASSED] - Verify response status code successfully

2022-11-24 17:20:26 - [TEST_STEP][PASSED] - response = req_data.getResponseText(): null

2022-11-24 17:20:26 - [TEST_STEP][PASSED] - logInfo($response): {"status":"Done","data":{"requestid1":"254340","requestid2":"254341"}}

2022-11-24 17:20:26 - [MESSAGE][INFO] - {"status":"Done","data":{"requestid1":"254340","requestid2":"254341"}}

2022-11-24 17:20:26 - [TEST_STEP][PASSED] - delay(5): Delayed 5 second(s)

2022-11-24 17:20:31 - [MESSAGE][PASSED] - Delayed 5 second(s)

2022-11-24 17:20:31 - [TEST_STEP][PASSED] - scoring = sendRequest(findTestObject("EngineScore", ["response_searchME_kons":response_searchME_kons, "response_searchME_spouse":response_searchME_spouse])): Send request successfully

2022-11-24 17:20:31 - [MESSAGE][INFO] - HAR: D:\DMS\Engine Scoring\Reports\20221124_171436\Exclude KKB - DS - Married\Scoring Married - DS\20221124_171436\requests\main\81.har

2022-11-24 17:20:31 - [MESSAGE][PASSED] - Send request successfully

2022-11-24 17:20:31 - [TEST_STEP][PASSED] - verifyResponseStatusCode(scoring, 200): Verify response status code successfully

2022-11-24 17:20:31 - [MESSAGE][PASSED] - Verify response status code successfully

2022-11-24 17:20:31 - [TEST_STEP][PASSED] - response2 = scoring.getResponseText(): null

2022-11-24 17:20:31 - [TEST_STEP][PASSED] - markPassed("result service data ke : " + no): result service data ke : 141

2022-11-24 17:20:31 - [MESSAGE][PASSED] - result service data ke : 141

2022-11-24 17:20:31 - [TEST_STEP][PASSED] - logInfo($response2): {"result_konsumen":"Approve","result_pasangan":"Reject","Final_result":"Reject","errorMessage":"","status":"Done"}

2022-11-24 17:20:31 - [MESSAGE][INFO] - {"result_konsumen":"Approve","result_pasangan":"Reject","Final_result":"Reject","errorMessage":"","status":"Done"}

2022-11-24 17:20:31 - [TEST_STEP][PASSED] - verifyElementPropertyValue(scoring, "Final_result", final_result): Verify element property value successfully

2022-11-24 17:20:31 - [MESSAGE][PASSED] - Verify element property value successfully]]></system-out>
         <system-err><![CDATA[]]></system-err>
      </testcase>
      <testcase name="Test Cases/Engine_Scoring/Engine Scoring" time="6.591" classname="Test Cases/Engine_Scoring/Engine Scoring" status="PASSED">
         <system-out><![CDATA[2022-11-24 17:20:31 - [TEST_CASE][PASSED] - Test Cases/Engine_Scoring/Engine Scoring: Test Cases/Engine_Scoring/Engine Scoring

2022-11-24 17:20:32 - [TEST_STEP][PASSED] - markPassed("Variasi data ke : " + no): Variasi data ke : 142

2022-11-24 17:20:32 - [MESSAGE][PASSED] - Variasi data ke : 142

2022-11-24 17:20:32 - [TEST_STEP][PASSED] - req_data = sendRequest(findTestObject("Search_ME", ["MID":MID, "source":source, "ip":ip, "userid":userid, "branch":branch, "tipekons":tipekons, "marital":marital, "penjamin":penjamin, ... ])): Send request successfully

2022-11-24 17:20:33 - [MESSAGE][INFO] - HAR: D:\DMS\Engine Scoring\Reports\20221124_171436\Exclude KKB - DS - Married\Scoring Married - DS\20221124_171436\requests\main\82.har

2022-11-24 17:20:33 - [MESSAGE][PASSED] - Send request successfully

2022-11-24 17:20:33 - [TEST_STEP][PASSED] - slurper = new groovy.json.JsonSlurper(): null

2022-11-24 17:20:33 - [TEST_STEP][PASSED] - result = slurper.parseText(req_data.getResponseBodyContent()): null

2022-11-24 17:20:33 - [TEST_STEP][PASSED] - reqid_kons = requestid1: null

2022-11-24 17:20:33 - [TEST_STEP][PASSED] - reqid_spouse = requestid2: null

2022-11-24 17:20:33 - [TEST_STEP][PASSED] - println("requestid kons : " + reqid_kons): null

2022-11-24 17:20:33 - [TEST_STEP][PASSED] - response_searchME_kons = reqid_kons: null

2022-11-24 17:20:33 - [TEST_STEP][PASSED] - response_searchME_spouse = reqid_spouse: null

2022-11-24 17:20:33 - [TEST_STEP][PASSED] - println("kons req id is :" + response_searchME_kons): null

2022-11-24 17:20:33 - [TEST_STEP][PASSED] - println("spouse req id is : " + response_searchME_spouse): null

2022-11-24 17:20:33 - [TEST_STEP][PASSED] - verifyResponseStatusCode(req_data, 200): Verify response status code successfully

2022-11-24 17:20:33 - [MESSAGE][PASSED] - Verify response status code successfully

2022-11-24 17:20:33 - [TEST_STEP][PASSED] - response = req_data.getResponseText(): null

2022-11-24 17:20:33 - [TEST_STEP][PASSED] - logInfo($response): {"status":"Done","data":{"requestid1":"254342","requestid2":"254343"}}

2022-11-24 17:20:33 - [MESSAGE][INFO] - {"status":"Done","data":{"requestid1":"254342","requestid2":"254343"}}

2022-11-24 17:20:33 - [TEST_STEP][PASSED] - delay(5): Delayed 5 second(s)

2022-11-24 17:20:38 - [MESSAGE][PASSED] - Delayed 5 second(s)

2022-11-24 17:20:38 - [TEST_STEP][PASSED] - scoring = sendRequest(findTestObject("EngineScore", ["response_searchME_kons":response_searchME_kons, "response_searchME_spouse":response_searchME_spouse])): Send request successfully

2022-11-24 17:20:38 - [MESSAGE][INFO] - HAR: D:\DMS\Engine Scoring\Reports\20221124_171436\Exclude KKB - DS - Married\Scoring Married - DS\20221124_171436\requests\main\83.har

2022-11-24 17:20:38 - [MESSAGE][PASSED] - Send request successfully

2022-11-24 17:20:38 - [TEST_STEP][PASSED] - verifyResponseStatusCode(scoring, 200): Verify response status code successfully

2022-11-24 17:20:38 - [MESSAGE][PASSED] - Verify response status code successfully

2022-11-24 17:20:38 - [TEST_STEP][PASSED] - response2 = scoring.getResponseText(): null

2022-11-24 17:20:38 - [TEST_STEP][PASSED] - markPassed("result service data ke : " + no): result service data ke : 142

2022-11-24 17:20:38 - [MESSAGE][PASSED] - result service data ke : 142

2022-11-24 17:20:38 - [TEST_STEP][PASSED] - logInfo($response2): {"result_konsumen":"Approve","result_pasangan":"Reject","Final_result":"Reject","errorMessage":"","status":"Done"}

2022-11-24 17:20:38 - [MESSAGE][INFO] - {"result_konsumen":"Approve","result_pasangan":"Reject","Final_result":"Reject","errorMessage":"","status":"Done"}

2022-11-24 17:20:38 - [TEST_STEP][PASSED] - verifyElementPropertyValue(scoring, "Final_result", final_result): Verify element property value successfully

2022-11-24 17:20:38 - [MESSAGE][PASSED] - Verify element property value successfully]]></system-out>
         <system-err><![CDATA[]]></system-err>
      </testcase>
      <testcase name="Test Cases/Engine_Scoring/Engine Scoring" time="6.735" classname="Test Cases/Engine_Scoring/Engine Scoring" status="PASSED">
         <system-out><![CDATA[2022-11-24 17:20:38 - [TEST_CASE][PASSED] - Test Cases/Engine_Scoring/Engine Scoring: Test Cases/Engine_Scoring/Engine Scoring

2022-11-24 17:20:39 - [TEST_STEP][PASSED] - markPassed("Variasi data ke : " + no): Variasi data ke : 143

2022-11-24 17:20:39 - [MESSAGE][PASSED] - Variasi data ke : 143

2022-11-24 17:20:39 - [TEST_STEP][PASSED] - req_data = sendRequest(findTestObject("Search_ME", ["MID":MID, "source":source, "ip":ip, "userid":userid, "branch":branch, "tipekons":tipekons, "marital":marital, "penjamin":penjamin, ... ])): Send request successfully

2022-11-24 17:20:39 - [MESSAGE][INFO] - HAR: D:\DMS\Engine Scoring\Reports\20221124_171436\Exclude KKB - DS - Married\Scoring Married - DS\20221124_171436\requests\main\84.har

2022-11-24 17:20:39 - [MESSAGE][PASSED] - Send request successfully

2022-11-24 17:20:39 - [TEST_STEP][PASSED] - slurper = new groovy.json.JsonSlurper(): null

2022-11-24 17:20:39 - [TEST_STEP][PASSED] - result = slurper.parseText(req_data.getResponseBodyContent()): null

2022-11-24 17:20:39 - [TEST_STEP][PASSED] - reqid_kons = requestid1: null

2022-11-24 17:20:39 - [TEST_STEP][PASSED] - reqid_spouse = requestid2: null

2022-11-24 17:20:39 - [TEST_STEP][PASSED] - println("requestid kons : " + reqid_kons): null

2022-11-24 17:20:39 - [TEST_STEP][PASSED] - response_searchME_kons = reqid_kons: null

2022-11-24 17:20:39 - [TEST_STEP][PASSED] - response_searchME_spouse = reqid_spouse: null

2022-11-24 17:20:39 - [TEST_STEP][PASSED] - println("kons req id is :" + response_searchME_kons): null

2022-11-24 17:20:39 - [TEST_STEP][PASSED] - println("spouse req id is : " + response_searchME_spouse): null

2022-11-24 17:20:39 - [TEST_STEP][PASSED] - verifyResponseStatusCode(req_data, 200): Verify response status code successfully

2022-11-24 17:20:39 - [MESSAGE][PASSED] - Verify response status code successfully

2022-11-24 17:20:39 - [TEST_STEP][PASSED] - response = req_data.getResponseText(): null

2022-11-24 17:20:39 - [TEST_STEP][PASSED] - logInfo($response): {"status":"Done","data":{"requestid1":"254344","requestid2":"254345"}}

2022-11-24 17:20:39 - [MESSAGE][INFO] - {"status":"Done","data":{"requestid1":"254344","requestid2":"254345"}}

2022-11-24 17:20:39 - [TEST_STEP][PASSED] - delay(5): Delayed 5 second(s)

2022-11-24 17:20:44 - [MESSAGE][PASSED] - Delayed 5 second(s)

2022-11-24 17:20:44 - [TEST_STEP][PASSED] - scoring = sendRequest(findTestObject("EngineScore", ["response_searchME_kons":response_searchME_kons, "response_searchME_spouse":response_searchME_spouse])): Send request successfully

2022-11-24 17:20:45 - [MESSAGE][INFO] - HAR: D:\DMS\Engine Scoring\Reports\20221124_171436\Exclude KKB - DS - Married\Scoring Married - DS\20221124_171436\requests\main\85.har

2022-11-24 17:20:45 - [MESSAGE][PASSED] - Send request successfully

2022-11-24 17:20:45 - [TEST_STEP][PASSED] - verifyResponseStatusCode(scoring, 200): Verify response status code successfully

2022-11-24 17:20:45 - [MESSAGE][PASSED] - Verify response status code successfully

2022-11-24 17:20:45 - [TEST_STEP][PASSED] - response2 = scoring.getResponseText(): null

2022-11-24 17:20:45 - [TEST_STEP][PASSED] - markPassed("result service data ke : " + no): result service data ke : 143

2022-11-24 17:20:45 - [MESSAGE][PASSED] - result service data ke : 143

2022-11-24 17:20:45 - [TEST_STEP][PASSED] - logInfo($response2): {"result_konsumen":"Approve","result_pasangan":"Reject","Final_result":"Reject","errorMessage":"","status":"Done"}

2022-11-24 17:20:45 - [MESSAGE][INFO] - {"result_konsumen":"Approve","result_pasangan":"Reject","Final_result":"Reject","errorMessage":"","status":"Done"}

2022-11-24 17:20:45 - [TEST_STEP][PASSED] - verifyElementPropertyValue(scoring, "Final_result", final_result): Verify element property value successfully

2022-11-24 17:20:45 - [MESSAGE][PASSED] - Verify element property value successfully]]></system-out>
         <system-err><![CDATA[]]></system-err>
      </testcase>
      <testcase name="Test Cases/Engine_Scoring/Engine Scoring" time="6.582" classname="Test Cases/Engine_Scoring/Engine Scoring" status="PASSED">
         <system-out><![CDATA[2022-11-24 17:20:45 - [TEST_CASE][PASSED] - Test Cases/Engine_Scoring/Engine Scoring: Test Cases/Engine_Scoring/Engine Scoring

2022-11-24 17:20:45 - [TEST_STEP][PASSED] - markPassed("Variasi data ke : " + no): Variasi data ke : 144

2022-11-24 17:20:45 - [MESSAGE][PASSED] - Variasi data ke : 144

2022-11-24 17:20:45 - [TEST_STEP][PASSED] - req_data = sendRequest(findTestObject("Search_ME", ["MID":MID, "source":source, "ip":ip, "userid":userid, "branch":branch, "tipekons":tipekons, "marital":marital, "penjamin":penjamin, ... ])): Send request successfully

2022-11-24 17:20:46 - [MESSAGE][INFO] - HAR: D:\DMS\Engine Scoring\Reports\20221124_171436\Exclude KKB - DS - Married\Scoring Married - DS\20221124_171436\requests\main\86.har

2022-11-24 17:20:46 - [MESSAGE][PASSED] - Send request successfully

2022-11-24 17:20:46 - [TEST_STEP][PASSED] - slurper = new groovy.json.JsonSlurper(): null

2022-11-24 17:20:46 - [TEST_STEP][PASSED] - result = slurper.parseText(req_data.getResponseBodyContent()): null

2022-11-24 17:20:46 - [TEST_STEP][PASSED] - reqid_kons = requestid1: null

2022-11-24 17:20:46 - [TEST_STEP][PASSED] - reqid_spouse = requestid2: null

2022-11-24 17:20:46 - [TEST_STEP][PASSED] - println("requestid kons : " + reqid_kons): null

2022-11-24 17:20:46 - [TEST_STEP][PASSED] - response_searchME_kons = reqid_kons: null

2022-11-24 17:20:46 - [TEST_STEP][PASSED] - response_searchME_spouse = reqid_spouse: null

2022-11-24 17:20:46 - [TEST_STEP][PASSED] - println("kons req id is :" + response_searchME_kons): null

2022-11-24 17:20:46 - [TEST_STEP][PASSED] - println("spouse req id is : " + response_searchME_spouse): null

2022-11-24 17:20:46 - [TEST_STEP][PASSED] - verifyResponseStatusCode(req_data, 200): Verify response status code successfully

2022-11-24 17:20:46 - [MESSAGE][PASSED] - Verify response status code successfully

2022-11-24 17:20:46 - [TEST_STEP][PASSED] - response = req_data.getResponseText(): null

2022-11-24 17:20:46 - [TEST_STEP][PASSED] - logInfo($response): {"status":"Done","data":{"requestid1":"254346","requestid2":"254347"}}

2022-11-24 17:20:46 - [MESSAGE][INFO] - {"status":"Done","data":{"requestid1":"254346","requestid2":"254347"}}

2022-11-24 17:20:46 - [TEST_STEP][PASSED] - delay(5): Delayed 5 second(s)

2022-11-24 17:20:51 - [MESSAGE][PASSED] - Delayed 5 second(s)

2022-11-24 17:20:51 - [TEST_STEP][PASSED] - scoring = sendRequest(findTestObject("EngineScore", ["response_searchME_kons":response_searchME_kons, "response_searchME_spouse":response_searchME_spouse])): Send request successfully

2022-11-24 17:20:51 - [MESSAGE][INFO] - HAR: D:\DMS\Engine Scoring\Reports\20221124_171436\Exclude KKB - DS - Married\Scoring Married - DS\20221124_171436\requests\main\87.har

2022-11-24 17:20:51 - [MESSAGE][PASSED] - Send request successfully

2022-11-24 17:20:51 - [TEST_STEP][PASSED] - verifyResponseStatusCode(scoring, 200): Verify response status code successfully

2022-11-24 17:20:51 - [MESSAGE][PASSED] - Verify response status code successfully

2022-11-24 17:20:51 - [TEST_STEP][PASSED] - response2 = scoring.getResponseText(): null

2022-11-24 17:20:51 - [TEST_STEP][PASSED] - markPassed("result service data ke : " + no): result service data ke : 144

2022-11-24 17:20:51 - [MESSAGE][PASSED] - result service data ke : 144

2022-11-24 17:20:51 - [TEST_STEP][PASSED] - logInfo($response2): {"result_konsumen":"Approve","result_pasangan":"Reject","Final_result":"Reject","errorMessage":"","status":"Done"}

2022-11-24 17:20:51 - [MESSAGE][INFO] - {"result_konsumen":"Approve","result_pasangan":"Reject","Final_result":"Reject","errorMessage":"","status":"Done"}

2022-11-24 17:20:51 - [TEST_STEP][PASSED] - verifyElementPropertyValue(scoring, "Final_result", final_result): Verify element property value successfully

2022-11-24 17:20:51 - [MESSAGE][PASSED] - Verify element property value successfully]]></system-out>
         <system-err><![CDATA[]]></system-err>
      </testcase>
      <testcase name="Test Cases/Engine_Scoring/Engine Scoring" time="6.574" classname="Test Cases/Engine_Scoring/Engine Scoring" status="PASSED">
         <system-out><![CDATA[2022-11-24 17:20:51 - [TEST_CASE][PASSED] - Test Cases/Engine_Scoring/Engine Scoring: Test Cases/Engine_Scoring/Engine Scoring

2022-11-24 17:20:52 - [TEST_STEP][PASSED] - markPassed("Variasi data ke : " + no): Variasi data ke : 145

2022-11-24 17:20:52 - [MESSAGE][PASSED] - Variasi data ke : 145

2022-11-24 17:20:52 - [TEST_STEP][PASSED] - req_data = sendRequest(findTestObject("Search_ME", ["MID":MID, "source":source, "ip":ip, "userid":userid, "branch":branch, "tipekons":tipekons, "marital":marital, "penjamin":penjamin, ... ])): Send request successfully

2022-11-24 17:20:53 - [MESSAGE][INFO] - HAR: D:\DMS\Engine Scoring\Reports\20221124_171436\Exclude KKB - DS - Married\Scoring Married - DS\20221124_171436\requests\main\88.har

2022-11-24 17:20:53 - [MESSAGE][PASSED] - Send request successfully

2022-11-24 17:20:53 - [TEST_STEP][PASSED] - slurper = new groovy.json.JsonSlurper(): null

2022-11-24 17:20:53 - [TEST_STEP][PASSED] - result = slurper.parseText(req_data.getResponseBodyContent()): null

2022-11-24 17:20:53 - [TEST_STEP][PASSED] - reqid_kons = requestid1: null

2022-11-24 17:20:53 - [TEST_STEP][PASSED] - reqid_spouse = requestid2: null

2022-11-24 17:20:53 - [TEST_STEP][PASSED] - println("requestid kons : " + reqid_kons): null

2022-11-24 17:20:53 - [TEST_STEP][PASSED] - response_searchME_kons = reqid_kons: null

2022-11-24 17:20:53 - [TEST_STEP][PASSED] - response_searchME_spouse = reqid_spouse: null

2022-11-24 17:20:53 - [TEST_STEP][PASSED] - println("kons req id is :" + response_searchME_kons): null

2022-11-24 17:20:53 - [TEST_STEP][PASSED] - println("spouse req id is : " + response_searchME_spouse): null

2022-11-24 17:20:53 - [TEST_STEP][PASSED] - verifyResponseStatusCode(req_data, 200): Verify response status code successfully

2022-11-24 17:20:53 - [MESSAGE][PASSED] - Verify response status code successfully

2022-11-24 17:20:53 - [TEST_STEP][PASSED] - response = req_data.getResponseText(): null

2022-11-24 17:20:53 - [TEST_STEP][PASSED] - logInfo($response): {"status":"Done","data":{"requestid1":"254348","requestid2":"254349"}}

2022-11-24 17:20:53 - [MESSAGE][INFO] - {"status":"Done","data":{"requestid1":"254348","requestid2":"254349"}}

2022-11-24 17:20:53 - [TEST_STEP][PASSED] - delay(5): Delayed 5 second(s)

2022-11-24 17:20:58 - [MESSAGE][PASSED] - Delayed 5 second(s)

2022-11-24 17:20:58 - [TEST_STEP][PASSED] - scoring = sendRequest(findTestObject("EngineScore", ["response_searchME_kons":response_searchME_kons, "response_searchME_spouse":response_searchME_spouse])): Send request successfully

2022-11-24 17:20:58 - [MESSAGE][INFO] - HAR: D:\DMS\Engine Scoring\Reports\20221124_171436\Exclude KKB - DS - Married\Scoring Married - DS\20221124_171436\requests\main\89.har

2022-11-24 17:20:58 - [MESSAGE][PASSED] - Send request successfully

2022-11-24 17:20:58 - [TEST_STEP][PASSED] - verifyResponseStatusCode(scoring, 200): Verify response status code successfully

2022-11-24 17:20:58 - [MESSAGE][PASSED] - Verify response status code successfully

2022-11-24 17:20:58 - [TEST_STEP][PASSED] - response2 = scoring.getResponseText(): null

2022-11-24 17:20:58 - [TEST_STEP][PASSED] - markPassed("result service data ke : " + no): result service data ke : 145

2022-11-24 17:20:58 - [MESSAGE][PASSED] - result service data ke : 145

2022-11-24 17:20:58 - [TEST_STEP][PASSED] - logInfo($response2): {"result_konsumen":"Reject","result_pasangan":"Reguler","Final_result":"Reject","errorMessage":"","status":"Done"}

2022-11-24 17:20:58 - [MESSAGE][INFO] - {"result_konsumen":"Reject","result_pasangan":"Reguler","Final_result":"Reject","errorMessage":"","status":"Done"}

2022-11-24 17:20:58 - [TEST_STEP][PASSED] - verifyElementPropertyValue(scoring, "Final_result", final_result): Verify element property value successfully

2022-11-24 17:20:58 - [MESSAGE][PASSED] - Verify element property value successfully]]></system-out>
         <system-err><![CDATA[]]></system-err>
      </testcase>
      <testcase name="Test Cases/Engine_Scoring/Engine Scoring" time="8.693" classname="Test Cases/Engine_Scoring/Engine Scoring" status="PASSED">
         <system-out><![CDATA[2022-11-24 17:20:58 - [TEST_CASE][PASSED] - Test Cases/Engine_Scoring/Engine Scoring: Test Cases/Engine_Scoring/Engine Scoring

2022-11-24 17:20:59 - [TEST_STEP][PASSED] - markPassed("Variasi data ke : " + no): Variasi data ke : 146

2022-11-24 17:20:59 - [MESSAGE][PASSED] - Variasi data ke : 146

2022-11-24 17:20:59 - [TEST_STEP][PASSED] - req_data = sendRequest(findTestObject("Search_ME", ["MID":MID, "source":source, "ip":ip, "userid":userid, "branch":branch, "tipekons":tipekons, "marital":marital, "penjamin":penjamin, ... ])): Send request successfully

2022-11-24 17:21:01 - [MESSAGE][INFO] - HAR: D:\DMS\Engine Scoring\Reports\20221124_171436\Exclude KKB - DS - Married\Scoring Married - DS\20221124_171436\requests\main\90.har

2022-11-24 17:21:01 - [MESSAGE][PASSED] - Send request successfully

2022-11-24 17:21:01 - [TEST_STEP][PASSED] - slurper = new groovy.json.JsonSlurper(): null

2022-11-24 17:21:01 - [TEST_STEP][PASSED] - result = slurper.parseText(req_data.getResponseBodyContent()): null

2022-11-24 17:21:01 - [TEST_STEP][PASSED] - reqid_kons = requestid1: null

2022-11-24 17:21:01 - [TEST_STEP][PASSED] - reqid_spouse = requestid2: null

2022-11-24 17:21:01 - [TEST_STEP][PASSED] - println("requestid kons : " + reqid_kons): null

2022-11-24 17:21:01 - [TEST_STEP][PASSED] - response_searchME_kons = reqid_kons: null

2022-11-24 17:21:01 - [TEST_STEP][PASSED] - response_searchME_spouse = reqid_spouse: null

2022-11-24 17:21:01 - [TEST_STEP][PASSED] - println("kons req id is :" + response_searchME_kons): null

2022-11-24 17:21:01 - [TEST_STEP][PASSED] - println("spouse req id is : " + response_searchME_spouse): null

2022-11-24 17:21:01 - [TEST_STEP][PASSED] - verifyResponseStatusCode(req_data, 200): Verify response status code successfully

2022-11-24 17:21:01 - [MESSAGE][PASSED] - Verify response status code successfully

2022-11-24 17:21:01 - [TEST_STEP][PASSED] - response = req_data.getResponseText(): null

2022-11-24 17:21:01 - [TEST_STEP][PASSED] - logInfo($response): {"status":"Done","data":{"requestid1":"254350","requestid2":"254351"}}

2022-11-24 17:21:01 - [MESSAGE][INFO] - {"status":"Done","data":{"requestid1":"254350","requestid2":"254351"}}

2022-11-24 17:21:01 - [TEST_STEP][PASSED] - delay(5): Delayed 5 second(s)

2022-11-24 17:21:07 - [MESSAGE][PASSED] - Delayed 5 second(s)

2022-11-24 17:21:07 - [TEST_STEP][PASSED] - scoring = sendRequest(findTestObject("EngineScore", ["response_searchME_kons":response_searchME_kons, "response_searchME_spouse":response_searchME_spouse])): Send request successfully

2022-11-24 17:21:07 - [MESSAGE][INFO] - HAR: D:\DMS\Engine Scoring\Reports\20221124_171436\Exclude KKB - DS - Married\Scoring Married - DS\20221124_171436\requests\main\91.har

2022-11-24 17:21:07 - [MESSAGE][PASSED] - Send request successfully

2022-11-24 17:21:07 - [TEST_STEP][PASSED] - verifyResponseStatusCode(scoring, 200): Verify response status code successfully

2022-11-24 17:21:07 - [MESSAGE][PASSED] - Verify response status code successfully

2022-11-24 17:21:07 - [TEST_STEP][PASSED] - response2 = scoring.getResponseText(): null

2022-11-24 17:21:07 - [TEST_STEP][PASSED] - markPassed("result service data ke : " + no): result service data ke : 146

2022-11-24 17:21:07 - [MESSAGE][PASSED] - result service data ke : 146

2022-11-24 17:21:07 - [TEST_STEP][PASSED] - logInfo($response2): {"result_konsumen":"Reject","result_pasangan":"Reguler","Final_result":"Reject","errorMessage":"","status":"Done"}

2022-11-24 17:21:07 - [MESSAGE][INFO] - {"result_konsumen":"Reject","result_pasangan":"Reguler","Final_result":"Reject","errorMessage":"","status":"Done"}

2022-11-24 17:21:07 - [TEST_STEP][PASSED] - verifyElementPropertyValue(scoring, "Final_result", final_result): Verify element property value successfully

2022-11-24 17:21:07 - [MESSAGE][PASSED] - Verify element property value successfully]]></system-out>
         <system-err><![CDATA[]]></system-err>
      </testcase>
      <testcase name="Test Cases/Engine_Scoring/Engine Scoring" time="6.596" classname="Test Cases/Engine_Scoring/Engine Scoring" status="PASSED">
         <system-out><![CDATA[2022-11-24 17:21:07 - [TEST_CASE][PASSED] - Test Cases/Engine_Scoring/Engine Scoring: Test Cases/Engine_Scoring/Engine Scoring

2022-11-24 17:21:07 - [TEST_STEP][PASSED] - markPassed("Variasi data ke : " + no): Variasi data ke : 147

2022-11-24 17:21:07 - [MESSAGE][PASSED] - Variasi data ke : 147

2022-11-24 17:21:07 - [TEST_STEP][PASSED] - req_data = sendRequest(findTestObject("Search_ME", ["MID":MID, "source":source, "ip":ip, "userid":userid, "branch":branch, "tipekons":tipekons, "marital":marital, "penjamin":penjamin, ... ])): Send request successfully

2022-11-24 17:21:08 - [MESSAGE][INFO] - HAR: D:\DMS\Engine Scoring\Reports\20221124_171436\Exclude KKB - DS - Married\Scoring Married - DS\20221124_171436\requests\main\92.har

2022-11-24 17:21:08 - [MESSAGE][PASSED] - Send request successfully

2022-11-24 17:21:08 - [TEST_STEP][PASSED] - slurper = new groovy.json.JsonSlurper(): null

2022-11-24 17:21:08 - [TEST_STEP][PASSED] - result = slurper.parseText(req_data.getResponseBodyContent()): null

2022-11-24 17:21:08 - [TEST_STEP][PASSED] - reqid_kons = requestid1: null

2022-11-24 17:21:08 - [TEST_STEP][PASSED] - reqid_spouse = requestid2: null

2022-11-24 17:21:08 - [TEST_STEP][PASSED] - println("requestid kons : " + reqid_kons): null

2022-11-24 17:21:08 - [TEST_STEP][PASSED] - response_searchME_kons = reqid_kons: null

2022-11-24 17:21:08 - [TEST_STEP][PASSED] - response_searchME_spouse = reqid_spouse: null

2022-11-24 17:21:08 - [TEST_STEP][PASSED] - println("kons req id is :" + response_searchME_kons): null

2022-11-24 17:21:08 - [TEST_STEP][PASSED] - println("spouse req id is : " + response_searchME_spouse): null

2022-11-24 17:21:08 - [TEST_STEP][PASSED] - verifyResponseStatusCode(req_data, 200): Verify response status code successfully

2022-11-24 17:21:08 - [MESSAGE][PASSED] - Verify response status code successfully

2022-11-24 17:21:08 - [TEST_STEP][PASSED] - response = req_data.getResponseText(): null

2022-11-24 17:21:08 - [TEST_STEP][PASSED] - logInfo($response): {"status":"Done","data":{"requestid1":"254352","requestid2":"254353"}}

2022-11-24 17:21:08 - [MESSAGE][INFO] - {"status":"Done","data":{"requestid1":"254352","requestid2":"254353"}}

2022-11-24 17:21:08 - [TEST_STEP][PASSED] - delay(5): Delayed 5 second(s)

2022-11-24 17:21:13 - [MESSAGE][PASSED] - Delayed 5 second(s)

2022-11-24 17:21:13 - [TEST_STEP][PASSED] - scoring = sendRequest(findTestObject("EngineScore", ["response_searchME_kons":response_searchME_kons, "response_searchME_spouse":response_searchME_spouse])): Send request successfully

2022-11-24 17:21:13 - [MESSAGE][INFO] - HAR: D:\DMS\Engine Scoring\Reports\20221124_171436\Exclude KKB - DS - Married\Scoring Married - DS\20221124_171436\requests\main\93.har

2022-11-24 17:21:13 - [MESSAGE][PASSED] - Send request successfully

2022-11-24 17:21:13 - [TEST_STEP][PASSED] - verifyResponseStatusCode(scoring, 200): Verify response status code successfully

2022-11-24 17:21:13 - [MESSAGE][PASSED] - Verify response status code successfully

2022-11-24 17:21:13 - [TEST_STEP][PASSED] - response2 = scoring.getResponseText(): null

2022-11-24 17:21:13 - [TEST_STEP][PASSED] - markPassed("result service data ke : " + no): result service data ke : 147

2022-11-24 17:21:13 - [MESSAGE][PASSED] - result service data ke : 147

2022-11-24 17:21:13 - [TEST_STEP][PASSED] - logInfo($response2): {"result_konsumen":"Reject","result_pasangan":"Reguler","Final_result":"Reject","errorMessage":"","status":"Done"}

2022-11-24 17:21:13 - [MESSAGE][INFO] - {"result_konsumen":"Reject","result_pasangan":"Reguler","Final_result":"Reject","errorMessage":"","status":"Done"}

2022-11-24 17:21:13 - [TEST_STEP][PASSED] - verifyElementPropertyValue(scoring, "Final_result", final_result): Verify element property value successfully

2022-11-24 17:21:13 - [MESSAGE][PASSED] - Verify element property value successfully]]></system-out>
         <system-err><![CDATA[]]></system-err>
      </testcase>
      <testcase name="Test Cases/Engine_Scoring/Engine Scoring" time="6.886" classname="Test Cases/Engine_Scoring/Engine Scoring" status="PASSED">
         <system-out><![CDATA[2022-11-24 17:21:13 - [TEST_CASE][PASSED] - Test Cases/Engine_Scoring/Engine Scoring: Test Cases/Engine_Scoring/Engine Scoring

2022-11-24 17:21:14 - [TEST_STEP][PASSED] - markPassed("Variasi data ke : " + no): Variasi data ke : 148

2022-11-24 17:21:14 - [MESSAGE][PASSED] - Variasi data ke : 148

2022-11-24 17:21:14 - [TEST_STEP][PASSED] - req_data = sendRequest(findTestObject("Search_ME", ["MID":MID, "source":source, "ip":ip, "userid":userid, "branch":branch, "tipekons":tipekons, "marital":marital, "penjamin":penjamin, ... ])): Send request successfully

2022-11-24 17:21:15 - [MESSAGE][INFO] - HAR: D:\DMS\Engine Scoring\Reports\20221124_171436\Exclude KKB - DS - Married\Scoring Married - DS\20221124_171436\requests\main\94.har

2022-11-24 17:21:15 - [MESSAGE][PASSED] - Send request successfully

2022-11-24 17:21:15 - [TEST_STEP][PASSED] - slurper = new groovy.json.JsonSlurper(): null

2022-11-24 17:21:15 - [TEST_STEP][PASSED] - result = slurper.parseText(req_data.getResponseBodyContent()): null

2022-11-24 17:21:15 - [TEST_STEP][PASSED] - reqid_kons = requestid1: null

2022-11-24 17:21:15 - [TEST_STEP][PASSED] - reqid_spouse = requestid2: null

2022-11-24 17:21:15 - [TEST_STEP][PASSED] - println("requestid kons : " + reqid_kons): null

2022-11-24 17:21:15 - [TEST_STEP][PASSED] - response_searchME_kons = reqid_kons: null

2022-11-24 17:21:15 - [TEST_STEP][PASSED] - response_searchME_spouse = reqid_spouse: null

2022-11-24 17:21:15 - [TEST_STEP][PASSED] - println("kons req id is :" + response_searchME_kons): null

2022-11-24 17:21:15 - [TEST_STEP][PASSED] - println("spouse req id is : " + response_searchME_spouse): null

2022-11-24 17:21:15 - [TEST_STEP][PASSED] - verifyResponseStatusCode(req_data, 200): Verify response status code successfully

2022-11-24 17:21:15 - [MESSAGE][PASSED] - Verify response status code successfully

2022-11-24 17:21:15 - [TEST_STEP][PASSED] - response = req_data.getResponseText(): null

2022-11-24 17:21:15 - [TEST_STEP][PASSED] - logInfo($response): {"status":"Done","data":{"requestid1":"254354","requestid2":"254355"}}

2022-11-24 17:21:15 - [MESSAGE][INFO] - {"status":"Done","data":{"requestid1":"254354","requestid2":"254355"}}

2022-11-24 17:21:15 - [TEST_STEP][PASSED] - delay(5): Delayed 5 second(s)

2022-11-24 17:21:20 - [MESSAGE][PASSED] - Delayed 5 second(s)

2022-11-24 17:21:20 - [TEST_STEP][PASSED] - scoring = sendRequest(findTestObject("EngineScore", ["response_searchME_kons":response_searchME_kons, "response_searchME_spouse":response_searchME_spouse])): Send request successfully

2022-11-24 17:21:20 - [MESSAGE][INFO] - HAR: D:\DMS\Engine Scoring\Reports\20221124_171436\Exclude KKB - DS - Married\Scoring Married - DS\20221124_171436\requests\main\95.har

2022-11-24 17:21:20 - [MESSAGE][PASSED] - Send request successfully

2022-11-24 17:21:20 - [TEST_STEP][PASSED] - verifyResponseStatusCode(scoring, 200): Verify response status code successfully

2022-11-24 17:21:20 - [MESSAGE][PASSED] - Verify response status code successfully

2022-11-24 17:21:20 - [TEST_STEP][PASSED] - response2 = scoring.getResponseText(): null

2022-11-24 17:21:20 - [TEST_STEP][PASSED] - markPassed("result service data ke : " + no): result service data ke : 148

2022-11-24 17:21:20 - [MESSAGE][PASSED] - result service data ke : 148

2022-11-24 17:21:20 - [TEST_STEP][PASSED] - logInfo($response2): {"result_konsumen":"Reject","result_pasangan":"Reguler","Final_result":"Reject","errorMessage":"","status":"Done"}

2022-11-24 17:21:20 - [MESSAGE][INFO] - {"result_konsumen":"Reject","result_pasangan":"Reguler","Final_result":"Reject","errorMessage":"","status":"Done"}

2022-11-24 17:21:20 - [TEST_STEP][PASSED] - verifyElementPropertyValue(scoring, "Final_result", final_result): Verify element property value successfully

2022-11-24 17:21:20 - [MESSAGE][PASSED] - Verify element property value successfully]]></system-out>
         <system-err><![CDATA[]]></system-err>
      </testcase>
      <testcase name="Test Cases/Engine_Scoring/Engine Scoring" time="6.634" classname="Test Cases/Engine_Scoring/Engine Scoring" status="PASSED">
         <system-out><![CDATA[2022-11-24 17:21:20 - [TEST_CASE][PASSED] - Test Cases/Engine_Scoring/Engine Scoring: Test Cases/Engine_Scoring/Engine Scoring

2022-11-24 17:21:21 - [TEST_STEP][PASSED] - markPassed("Variasi data ke : " + no): Variasi data ke : 149

2022-11-24 17:21:21 - [MESSAGE][PASSED] - Variasi data ke : 149

2022-11-24 17:21:21 - [TEST_STEP][PASSED] - req_data = sendRequest(findTestObject("Search_ME", ["MID":MID, "source":source, "ip":ip, "userid":userid, "branch":branch, "tipekons":tipekons, "marital":marital, "penjamin":penjamin, ... ])): Send request successfully

2022-11-24 17:21:22 - [MESSAGE][INFO] - HAR: D:\DMS\Engine Scoring\Reports\20221124_171436\Exclude KKB - DS - Married\Scoring Married - DS\20221124_171436\requests\main\96.har

2022-11-24 17:21:22 - [MESSAGE][PASSED] - Send request successfully

2022-11-24 17:21:22 - [TEST_STEP][PASSED] - slurper = new groovy.json.JsonSlurper(): null

2022-11-24 17:21:22 - [TEST_STEP][PASSED] - result = slurper.parseText(req_data.getResponseBodyContent()): null

2022-11-24 17:21:22 - [TEST_STEP][PASSED] - reqid_kons = requestid1: null

2022-11-24 17:21:22 - [TEST_STEP][PASSED] - reqid_spouse = requestid2: null

2022-11-24 17:21:22 - [TEST_STEP][PASSED] - println("requestid kons : " + reqid_kons): null

2022-11-24 17:21:22 - [TEST_STEP][PASSED] - response_searchME_kons = reqid_kons: null

2022-11-24 17:21:22 - [TEST_STEP][PASSED] - response_searchME_spouse = reqid_spouse: null

2022-11-24 17:21:22 - [TEST_STEP][PASSED] - println("kons req id is :" + response_searchME_kons): null

2022-11-24 17:21:22 - [TEST_STEP][PASSED] - println("spouse req id is : " + response_searchME_spouse): null

2022-11-24 17:21:22 - [TEST_STEP][PASSED] - verifyResponseStatusCode(req_data, 200): Verify response status code successfully

2022-11-24 17:21:22 - [MESSAGE][PASSED] - Verify response status code successfully

2022-11-24 17:21:22 - [TEST_STEP][PASSED] - response = req_data.getResponseText(): null

2022-11-24 17:21:22 - [TEST_STEP][PASSED] - logInfo($response): {"status":"Done","data":{"requestid1":"254356","requestid2":"254357"}}

2022-11-24 17:21:22 - [MESSAGE][INFO] - {"status":"Done","data":{"requestid1":"254356","requestid2":"254357"}}

2022-11-24 17:21:22 - [TEST_STEP][PASSED] - delay(5): Delayed 5 second(s)

2022-11-24 17:21:27 - [MESSAGE][PASSED] - Delayed 5 second(s)

2022-11-24 17:21:27 - [TEST_STEP][PASSED] - scoring = sendRequest(findTestObject("EngineScore", ["response_searchME_kons":response_searchME_kons, "response_searchME_spouse":response_searchME_spouse])): Send request successfully

2022-11-24 17:21:27 - [MESSAGE][INFO] - HAR: D:\DMS\Engine Scoring\Reports\20221124_171436\Exclude KKB - DS - Married\Scoring Married - DS\20221124_171436\requests\main\97.har

2022-11-24 17:21:27 - [MESSAGE][PASSED] - Send request successfully

2022-11-24 17:21:27 - [TEST_STEP][PASSED] - verifyResponseStatusCode(scoring, 200): Verify response status code successfully

2022-11-24 17:21:27 - [MESSAGE][PASSED] - Verify response status code successfully

2022-11-24 17:21:27 - [TEST_STEP][PASSED] - response2 = scoring.getResponseText(): null

2022-11-24 17:21:27 - [TEST_STEP][PASSED] - markPassed("result service data ke : " + no): result service data ke : 149

2022-11-24 17:21:27 - [MESSAGE][PASSED] - result service data ke : 149

2022-11-24 17:21:27 - [TEST_STEP][PASSED] - logInfo($response2): {"result_konsumen":"Reject","result_pasangan":"Reject","Final_result":"Reject","errorMessage":"","status":"Done"}

2022-11-24 17:21:27 - [MESSAGE][INFO] - {"result_konsumen":"Reject","result_pasangan":"Reject","Final_result":"Reject","errorMessage":"","status":"Done"}

2022-11-24 17:21:27 - [TEST_STEP][PASSED] - verifyElementPropertyValue(scoring, "Final_result", final_result): Verify element property value successfully

2022-11-24 17:21:27 - [MESSAGE][PASSED] - Verify element property value successfully]]></system-out>
         <system-err><![CDATA[]]></system-err>
      </testcase>
      <testcase name="Test Cases/Engine_Scoring/Engine Scoring" time="6.722" classname="Test Cases/Engine_Scoring/Engine Scoring" status="PASSED">
         <system-out><![CDATA[2022-11-24 17:21:27 - [TEST_CASE][PASSED] - Test Cases/Engine_Scoring/Engine Scoring: Test Cases/Engine_Scoring/Engine Scoring

2022-11-24 17:21:28 - [TEST_STEP][PASSED] - markPassed("Variasi data ke : " + no): Variasi data ke : 150

2022-11-24 17:21:28 - [MESSAGE][PASSED] - Variasi data ke : 150

2022-11-24 17:21:28 - [TEST_STEP][PASSED] - req_data = sendRequest(findTestObject("Search_ME", ["MID":MID, "source":source, "ip":ip, "userid":userid, "branch":branch, "tipekons":tipekons, "marital":marital, "penjamin":penjamin, ... ])): Send request successfully

2022-11-24 17:21:29 - [MESSAGE][INFO] - HAR: D:\DMS\Engine Scoring\Reports\20221124_171436\Exclude KKB - DS - Married\Scoring Married - DS\20221124_171436\requests\main\98.har

2022-11-24 17:21:29 - [MESSAGE][PASSED] - Send request successfully

2022-11-24 17:21:29 - [TEST_STEP][PASSED] - slurper = new groovy.json.JsonSlurper(): null

2022-11-24 17:21:29 - [TEST_STEP][PASSED] - result = slurper.parseText(req_data.getResponseBodyContent()): null

2022-11-24 17:21:29 - [TEST_STEP][PASSED] - reqid_kons = requestid1: null

2022-11-24 17:21:29 - [TEST_STEP][PASSED] - reqid_spouse = requestid2: null

2022-11-24 17:21:29 - [TEST_STEP][PASSED] - println("requestid kons : " + reqid_kons): null

2022-11-24 17:21:29 - [TEST_STEP][PASSED] - response_searchME_kons = reqid_kons: null

2022-11-24 17:21:29 - [TEST_STEP][PASSED] - response_searchME_spouse = reqid_spouse: null

2022-11-24 17:21:29 - [TEST_STEP][PASSED] - println("kons req id is :" + response_searchME_kons): null

2022-11-24 17:21:29 - [TEST_STEP][PASSED] - println("spouse req id is : " + response_searchME_spouse): null

2022-11-24 17:21:29 - [TEST_STEP][PASSED] - verifyResponseStatusCode(req_data, 200): Verify response status code successfully

2022-11-24 17:21:29 - [MESSAGE][PASSED] - Verify response status code successfully

2022-11-24 17:21:29 - [TEST_STEP][PASSED] - response = req_data.getResponseText(): null

2022-11-24 17:21:29 - [TEST_STEP][PASSED] - logInfo($response): {"status":"Done","data":{"requestid1":"254358","requestid2":"254359"}}

2022-11-24 17:21:29 - [MESSAGE][INFO] - {"status":"Done","data":{"requestid1":"254358","requestid2":"254359"}}

2022-11-24 17:21:29 - [TEST_STEP][PASSED] - delay(5): Delayed 5 second(s)

2022-11-24 17:21:34 - [MESSAGE][PASSED] - Delayed 5 second(s)

2022-11-24 17:21:34 - [TEST_STEP][PASSED] - scoring = sendRequest(findTestObject("EngineScore", ["response_searchME_kons":response_searchME_kons, "response_searchME_spouse":response_searchME_spouse])): Send request successfully

2022-11-24 17:21:34 - [MESSAGE][INFO] - HAR: D:\DMS\Engine Scoring\Reports\20221124_171436\Exclude KKB - DS - Married\Scoring Married - DS\20221124_171436\requests\main\99.har

2022-11-24 17:21:34 - [MESSAGE][PASSED] - Send request successfully

2022-11-24 17:21:34 - [TEST_STEP][PASSED] - verifyResponseStatusCode(scoring, 200): Verify response status code successfully

2022-11-24 17:21:34 - [MESSAGE][PASSED] - Verify response status code successfully

2022-11-24 17:21:34 - [TEST_STEP][PASSED] - response2 = scoring.getResponseText(): null

2022-11-24 17:21:34 - [TEST_STEP][PASSED] - markPassed("result service data ke : " + no): result service data ke : 150

2022-11-24 17:21:34 - [MESSAGE][PASSED] - result service data ke : 150

2022-11-24 17:21:34 - [TEST_STEP][PASSED] - logInfo($response2): {"result_konsumen":"Reject","result_pasangan":"Reject","Final_result":"Reject","errorMessage":"","status":"Done"}

2022-11-24 17:21:34 - [MESSAGE][INFO] - {"result_konsumen":"Reject","result_pasangan":"Reject","Final_result":"Reject","errorMessage":"","status":"Done"}

2022-11-24 17:21:34 - [TEST_STEP][PASSED] - verifyElementPropertyValue(scoring, "Final_result", final_result): Verify element property value successfully

2022-11-24 17:21:34 - [MESSAGE][PASSED] - Verify element property value successfully]]></system-out>
         <system-err><![CDATA[]]></system-err>
      </testcase>
      <testcase name="Test Cases/Engine_Scoring/Engine Scoring" time="6.612" classname="Test Cases/Engine_Scoring/Engine Scoring" status="PASSED">
         <system-out><![CDATA[2022-11-24 17:21:34 - [TEST_CASE][PASSED] - Test Cases/Engine_Scoring/Engine Scoring: Test Cases/Engine_Scoring/Engine Scoring

2022-11-24 17:21:34 - [TEST_STEP][PASSED] - markPassed("Variasi data ke : " + no): Variasi data ke : 151

2022-11-24 17:21:34 - [MESSAGE][PASSED] - Variasi data ke : 151

2022-11-24 17:21:34 - [TEST_STEP][PASSED] - req_data = sendRequest(findTestObject("Search_ME", ["MID":MID, "source":source, "ip":ip, "userid":userid, "branch":branch, "tipekons":tipekons, "marital":marital, "penjamin":penjamin, ... ])): Send request successfully

2022-11-24 17:21:35 - [MESSAGE][INFO] - HAR: D:\DMS\Engine Scoring\Reports\20221124_171436\Exclude KKB - DS - Married\Scoring Married - DS\20221124_171436\requests\main\100.har

2022-11-24 17:21:35 - [MESSAGE][PASSED] - Send request successfully

2022-11-24 17:21:35 - [TEST_STEP][PASSED] - slurper = new groovy.json.JsonSlurper(): null

2022-11-24 17:21:35 - [TEST_STEP][PASSED] - result = slurper.parseText(req_data.getResponseBodyContent()): null

2022-11-24 17:21:35 - [TEST_STEP][PASSED] - reqid_kons = requestid1: null

2022-11-24 17:21:35 - [TEST_STEP][PASSED] - reqid_spouse = requestid2: null

2022-11-24 17:21:35 - [TEST_STEP][PASSED] - println("requestid kons : " + reqid_kons): null

2022-11-24 17:21:35 - [TEST_STEP][PASSED] - response_searchME_kons = reqid_kons: null

2022-11-24 17:21:35 - [TEST_STEP][PASSED] - response_searchME_spouse = reqid_spouse: null

2022-11-24 17:21:35 - [TEST_STEP][PASSED] - println("kons req id is :" + response_searchME_kons): null

2022-11-24 17:21:35 - [TEST_STEP][PASSED] - println("spouse req id is : " + response_searchME_spouse): null

2022-11-24 17:21:35 - [TEST_STEP][PASSED] - verifyResponseStatusCode(req_data, 200): Verify response status code successfully

2022-11-24 17:21:35 - [MESSAGE][PASSED] - Verify response status code successfully

2022-11-24 17:21:35 - [TEST_STEP][PASSED] - response = req_data.getResponseText(): null

2022-11-24 17:21:35 - [TEST_STEP][PASSED] - logInfo($response): {"status":"Done","data":{"requestid1":"254360","requestid2":"254361"}}

2022-11-24 17:21:35 - [MESSAGE][INFO] - {"status":"Done","data":{"requestid1":"254360","requestid2":"254361"}}

2022-11-24 17:21:35 - [TEST_STEP][PASSED] - delay(5): Delayed 5 second(s)

2022-11-24 17:21:40 - [MESSAGE][PASSED] - Delayed 5 second(s)

2022-11-24 17:21:40 - [TEST_STEP][PASSED] - scoring = sendRequest(findTestObject("EngineScore", ["response_searchME_kons":response_searchME_kons, "response_searchME_spouse":response_searchME_spouse])): Send request successfully

2022-11-24 17:21:40 - [MESSAGE][INFO] - HAR: D:\DMS\Engine Scoring\Reports\20221124_171436\Exclude KKB - DS - Married\Scoring Married - DS\20221124_171436\requests\main\101.har

2022-11-24 17:21:40 - [MESSAGE][PASSED] - Send request successfully

2022-11-24 17:21:40 - [TEST_STEP][PASSED] - verifyResponseStatusCode(scoring, 200): Verify response status code successfully

2022-11-24 17:21:40 - [MESSAGE][PASSED] - Verify response status code successfully

2022-11-24 17:21:40 - [TEST_STEP][PASSED] - response2 = scoring.getResponseText(): null

2022-11-24 17:21:40 - [TEST_STEP][PASSED] - markPassed("result service data ke : " + no): result service data ke : 151

2022-11-24 17:21:40 - [MESSAGE][PASSED] - result service data ke : 151

2022-11-24 17:21:40 - [TEST_STEP][PASSED] - logInfo($response2): {"result_konsumen":"Reject","result_pasangan":"Reguler","Final_result":"Reject","errorMessage":"","status":"Done"}

2022-11-24 17:21:40 - [MESSAGE][INFO] - {"result_konsumen":"Reject","result_pasangan":"Reguler","Final_result":"Reject","errorMessage":"","status":"Done"}

2022-11-24 17:21:40 - [TEST_STEP][PASSED] - verifyElementPropertyValue(scoring, "Final_result", final_result): Verify element property value successfully

2022-11-24 17:21:40 - [MESSAGE][PASSED] - Verify element property value successfully]]></system-out>
         <system-err><![CDATA[]]></system-err>
      </testcase>
      <testcase name="Test Cases/Engine_Scoring/Engine Scoring" time="6.733" classname="Test Cases/Engine_Scoring/Engine Scoring" status="PASSED">
         <system-out><![CDATA[2022-11-24 17:21:40 - [TEST_CASE][PASSED] - Test Cases/Engine_Scoring/Engine Scoring: Test Cases/Engine_Scoring/Engine Scoring

2022-11-24 17:21:41 - [TEST_STEP][PASSED] - markPassed("Variasi data ke : " + no): Variasi data ke : 152

2022-11-24 17:21:41 - [MESSAGE][PASSED] - Variasi data ke : 152

2022-11-24 17:21:41 - [TEST_STEP][PASSED] - req_data = sendRequest(findTestObject("Search_ME", ["MID":MID, "source":source, "ip":ip, "userid":userid, "branch":branch, "tipekons":tipekons, "marital":marital, "penjamin":penjamin, ... ])): Send request successfully

2022-11-24 17:21:42 - [MESSAGE][INFO] - HAR: D:\DMS\Engine Scoring\Reports\20221124_171436\Exclude KKB - DS - Married\Scoring Married - DS\20221124_171436\requests\main\102.har

2022-11-24 17:21:42 - [MESSAGE][PASSED] - Send request successfully

2022-11-24 17:21:42 - [TEST_STEP][PASSED] - slurper = new groovy.json.JsonSlurper(): null

2022-11-24 17:21:42 - [TEST_STEP][PASSED] - result = slurper.parseText(req_data.getResponseBodyContent()): null

2022-11-24 17:21:42 - [TEST_STEP][PASSED] - reqid_kons = requestid1: null

2022-11-24 17:21:42 - [TEST_STEP][PASSED] - reqid_spouse = requestid2: null

2022-11-24 17:21:42 - [TEST_STEP][PASSED] - println("requestid kons : " + reqid_kons): null

2022-11-24 17:21:42 - [TEST_STEP][PASSED] - response_searchME_kons = reqid_kons: null

2022-11-24 17:21:42 - [TEST_STEP][PASSED] - response_searchME_spouse = reqid_spouse: null

2022-11-24 17:21:42 - [TEST_STEP][PASSED] - println("kons req id is :" + response_searchME_kons): null

2022-11-24 17:21:42 - [TEST_STEP][PASSED] - println("spouse req id is : " + response_searchME_spouse): null

2022-11-24 17:21:42 - [TEST_STEP][PASSED] - verifyResponseStatusCode(req_data, 200): Verify response status code successfully

2022-11-24 17:21:42 - [MESSAGE][PASSED] - Verify response status code successfully

2022-11-24 17:21:42 - [TEST_STEP][PASSED] - response = req_data.getResponseText(): null

2022-11-24 17:21:42 - [TEST_STEP][PASSED] - logInfo($response): {"status":"Done","data":{"requestid1":"254362","requestid2":"254363"}}

2022-11-24 17:21:42 - [MESSAGE][INFO] - {"status":"Done","data":{"requestid1":"254362","requestid2":"254363"}}

2022-11-24 17:21:42 - [TEST_STEP][PASSED] - delay(5): Delayed 5 second(s)

2022-11-24 17:21:47 - [MESSAGE][PASSED] - Delayed 5 second(s)

2022-11-24 17:21:47 - [TEST_STEP][PASSED] - scoring = sendRequest(findTestObject("EngineScore", ["response_searchME_kons":response_searchME_kons, "response_searchME_spouse":response_searchME_spouse])): Send request successfully

2022-11-24 17:21:47 - [MESSAGE][INFO] - HAR: D:\DMS\Engine Scoring\Reports\20221124_171436\Exclude KKB - DS - Married\Scoring Married - DS\20221124_171436\requests\main\103.har

2022-11-24 17:21:47 - [MESSAGE][PASSED] - Send request successfully

2022-11-24 17:21:47 - [TEST_STEP][PASSED] - verifyResponseStatusCode(scoring, 200): Verify response status code successfully

2022-11-24 17:21:47 - [MESSAGE][PASSED] - Verify response status code successfully

2022-11-24 17:21:47 - [TEST_STEP][PASSED] - response2 = scoring.getResponseText(): null

2022-11-24 17:21:47 - [TEST_STEP][PASSED] - markPassed("result service data ke : " + no): result service data ke : 152

2022-11-24 17:21:47 - [MESSAGE][PASSED] - result service data ke : 152

2022-11-24 17:21:47 - [TEST_STEP][PASSED] - logInfo($response2): {"result_konsumen":"Reject","result_pasangan":"Reguler","Final_result":"Reject","errorMessage":"","status":"Done"}

2022-11-24 17:21:47 - [MESSAGE][INFO] - {"result_konsumen":"Reject","result_pasangan":"Reguler","Final_result":"Reject","errorMessage":"","status":"Done"}

2022-11-24 17:21:47 - [TEST_STEP][PASSED] - verifyElementPropertyValue(scoring, "Final_result", final_result): Verify element property value successfully

2022-11-24 17:21:47 - [MESSAGE][PASSED] - Verify element property value successfully]]></system-out>
         <system-err><![CDATA[]]></system-err>
      </testcase>
      <testcase name="Test Cases/Engine_Scoring/Engine Scoring" time="6.611" classname="Test Cases/Engine_Scoring/Engine Scoring" status="PASSED">
         <system-out><![CDATA[2022-11-24 17:21:47 - [TEST_CASE][PASSED] - Test Cases/Engine_Scoring/Engine Scoring: Test Cases/Engine_Scoring/Engine Scoring

2022-11-24 17:21:48 - [TEST_STEP][PASSED] - markPassed("Variasi data ke : " + no): Variasi data ke : 153

2022-11-24 17:21:48 - [MESSAGE][PASSED] - Variasi data ke : 153

2022-11-24 17:21:48 - [TEST_STEP][PASSED] - req_data = sendRequest(findTestObject("Search_ME", ["MID":MID, "source":source, "ip":ip, "userid":userid, "branch":branch, "tipekons":tipekons, "marital":marital, "penjamin":penjamin, ... ])): Send request successfully

2022-11-24 17:21:49 - [MESSAGE][INFO] - HAR: D:\DMS\Engine Scoring\Reports\20221124_171436\Exclude KKB - DS - Married\Scoring Married - DS\20221124_171436\requests\main\104.har

2022-11-24 17:21:49 - [MESSAGE][PASSED] - Send request successfully

2022-11-24 17:21:49 - [TEST_STEP][PASSED] - slurper = new groovy.json.JsonSlurper(): null

2022-11-24 17:21:49 - [TEST_STEP][PASSED] - result = slurper.parseText(req_data.getResponseBodyContent()): null

2022-11-24 17:21:49 - [TEST_STEP][PASSED] - reqid_kons = requestid1: null

2022-11-24 17:21:49 - [TEST_STEP][PASSED] - reqid_spouse = requestid2: null

2022-11-24 17:21:49 - [TEST_STEP][PASSED] - println("requestid kons : " + reqid_kons): null

2022-11-24 17:21:49 - [TEST_STEP][PASSED] - response_searchME_kons = reqid_kons: null

2022-11-24 17:21:49 - [TEST_STEP][PASSED] - response_searchME_spouse = reqid_spouse: null

2022-11-24 17:21:49 - [TEST_STEP][PASSED] - println("kons req id is :" + response_searchME_kons): null

2022-11-24 17:21:49 - [TEST_STEP][PASSED] - println("spouse req id is : " + response_searchME_spouse): null

2022-11-24 17:21:49 - [TEST_STEP][PASSED] - verifyResponseStatusCode(req_data, 200): Verify response status code successfully

2022-11-24 17:21:49 - [MESSAGE][PASSED] - Verify response status code successfully

2022-11-24 17:21:49 - [TEST_STEP][PASSED] - response = req_data.getResponseText(): null

2022-11-24 17:21:49 - [TEST_STEP][PASSED] - logInfo($response): {"status":"Done","data":{"requestid1":"254364","requestid2":"254365"}}

2022-11-24 17:21:49 - [MESSAGE][INFO] - {"status":"Done","data":{"requestid1":"254364","requestid2":"254365"}}

2022-11-24 17:21:49 - [TEST_STEP][PASSED] - delay(5): Delayed 5 second(s)

2022-11-24 17:21:54 - [MESSAGE][PASSED] - Delayed 5 second(s)

2022-11-24 17:21:54 - [TEST_STEP][PASSED] - scoring = sendRequest(findTestObject("EngineScore", ["response_searchME_kons":response_searchME_kons, "response_searchME_spouse":response_searchME_spouse])): Send request successfully

2022-11-24 17:21:54 - [MESSAGE][INFO] - HAR: D:\DMS\Engine Scoring\Reports\20221124_171436\Exclude KKB - DS - Married\Scoring Married - DS\20221124_171436\requests\main\105.har

2022-11-24 17:21:54 - [MESSAGE][PASSED] - Send request successfully

2022-11-24 17:21:54 - [TEST_STEP][PASSED] - verifyResponseStatusCode(scoring, 200): Verify response status code successfully

2022-11-24 17:21:54 - [MESSAGE][PASSED] - Verify response status code successfully

2022-11-24 17:21:54 - [TEST_STEP][PASSED] - response2 = scoring.getResponseText(): null

2022-11-24 17:21:54 - [TEST_STEP][PASSED] - markPassed("result service data ke : " + no): result service data ke : 153

2022-11-24 17:21:54 - [MESSAGE][PASSED] - result service data ke : 153

2022-11-24 17:21:54 - [TEST_STEP][PASSED] - logInfo($response2): {"result_konsumen":"Reject","result_pasangan":"Reguler","Final_result":"Reject","errorMessage":"","status":"Done"}

2022-11-24 17:21:54 - [MESSAGE][INFO] - {"result_konsumen":"Reject","result_pasangan":"Reguler","Final_result":"Reject","errorMessage":"","status":"Done"}

2022-11-24 17:21:54 - [TEST_STEP][PASSED] - verifyElementPropertyValue(scoring, "Final_result", final_result): Verify element property value successfully

2022-11-24 17:21:54 - [MESSAGE][PASSED] - Verify element property value successfully]]></system-out>
         <system-err><![CDATA[]]></system-err>
      </testcase>
      <testcase name="Test Cases/Engine_Scoring/Engine Scoring" time="6.637" classname="Test Cases/Engine_Scoring/Engine Scoring" status="PASSED">
         <system-out><![CDATA[2022-11-24 17:21:54 - [TEST_CASE][PASSED] - Test Cases/Engine_Scoring/Engine Scoring: Test Cases/Engine_Scoring/Engine Scoring

2022-11-24 17:21:55 - [TEST_STEP][PASSED] - markPassed("Variasi data ke : " + no): Variasi data ke : 154

2022-11-24 17:21:55 - [MESSAGE][PASSED] - Variasi data ke : 154

2022-11-24 17:21:55 - [TEST_STEP][PASSED] - req_data = sendRequest(findTestObject("Search_ME", ["MID":MID, "source":source, "ip":ip, "userid":userid, "branch":branch, "tipekons":tipekons, "marital":marital, "penjamin":penjamin, ... ])): Send request successfully

2022-11-24 17:21:55 - [MESSAGE][INFO] - HAR: D:\DMS\Engine Scoring\Reports\20221124_171436\Exclude KKB - DS - Married\Scoring Married - DS\20221124_171436\requests\main\106.har

2022-11-24 17:21:55 - [MESSAGE][PASSED] - Send request successfully

2022-11-24 17:21:55 - [TEST_STEP][PASSED] - slurper = new groovy.json.JsonSlurper(): null

2022-11-24 17:21:55 - [TEST_STEP][PASSED] - result = slurper.parseText(req_data.getResponseBodyContent()): null

2022-11-24 17:21:55 - [TEST_STEP][PASSED] - reqid_kons = requestid1: null

2022-11-24 17:21:55 - [TEST_STEP][PASSED] - reqid_spouse = requestid2: null

2022-11-24 17:21:55 - [TEST_STEP][PASSED] - println("requestid kons : " + reqid_kons): null

2022-11-24 17:21:55 - [TEST_STEP][PASSED] - response_searchME_kons = reqid_kons: null

2022-11-24 17:21:55 - [TEST_STEP][PASSED] - response_searchME_spouse = reqid_spouse: null

2022-11-24 17:21:55 - [TEST_STEP][PASSED] - println("kons req id is :" + response_searchME_kons): null

2022-11-24 17:21:55 - [TEST_STEP][PASSED] - println("spouse req id is : " + response_searchME_spouse): null

2022-11-24 17:21:55 - [TEST_STEP][PASSED] - verifyResponseStatusCode(req_data, 200): Verify response status code successfully

2022-11-24 17:21:55 - [MESSAGE][PASSED] - Verify response status code successfully

2022-11-24 17:21:55 - [TEST_STEP][PASSED] - response = req_data.getResponseText(): null

2022-11-24 17:21:55 - [TEST_STEP][PASSED] - logInfo($response): {"status":"Done","data":{"requestid1":"254366","requestid2":"254367"}}

2022-11-24 17:21:55 - [MESSAGE][INFO] - {"status":"Done","data":{"requestid1":"254366","requestid2":"254367"}}

2022-11-24 17:21:55 - [TEST_STEP][PASSED] - delay(5): Delayed 5 second(s)

2022-11-24 17:22:00 - [MESSAGE][PASSED] - Delayed 5 second(s)

2022-11-24 17:22:00 - [TEST_STEP][PASSED] - scoring = sendRequest(findTestObject("EngineScore", ["response_searchME_kons":response_searchME_kons, "response_searchME_spouse":response_searchME_spouse])): Send request successfully

2022-11-24 17:22:01 - [MESSAGE][INFO] - HAR: D:\DMS\Engine Scoring\Reports\20221124_171436\Exclude KKB - DS - Married\Scoring Married - DS\20221124_171436\requests\main\107.har

2022-11-24 17:22:01 - [MESSAGE][PASSED] - Send request successfully

2022-11-24 17:22:01 - [TEST_STEP][PASSED] - verifyResponseStatusCode(scoring, 200): Verify response status code successfully

2022-11-24 17:22:01 - [MESSAGE][PASSED] - Verify response status code successfully

2022-11-24 17:22:01 - [TEST_STEP][PASSED] - response2 = scoring.getResponseText(): null

2022-11-24 17:22:01 - [TEST_STEP][PASSED] - markPassed("result service data ke : " + no): result service data ke : 154

2022-11-24 17:22:01 - [MESSAGE][PASSED] - result service data ke : 154

2022-11-24 17:22:01 - [TEST_STEP][PASSED] - logInfo($response2): {"result_konsumen":"Reject","result_pasangan":"Approve","Final_result":"Reject","errorMessage":"","status":"Done"}

2022-11-24 17:22:01 - [MESSAGE][INFO] - {"result_konsumen":"Reject","result_pasangan":"Approve","Final_result":"Reject","errorMessage":"","status":"Done"}

2022-11-24 17:22:01 - [TEST_STEP][PASSED] - verifyElementPropertyValue(scoring, "Final_result", final_result): Verify element property value successfully

2022-11-24 17:22:01 - [MESSAGE][PASSED] - Verify element property value successfully]]></system-out>
         <system-err><![CDATA[]]></system-err>
      </testcase>
      <testcase name="Test Cases/Engine_Scoring/Engine Scoring" time="6.636" classname="Test Cases/Engine_Scoring/Engine Scoring" status="PASSED">
         <system-out><![CDATA[2022-11-24 17:22:01 - [TEST_CASE][PASSED] - Test Cases/Engine_Scoring/Engine Scoring: Test Cases/Engine_Scoring/Engine Scoring

2022-11-24 17:22:01 - [TEST_STEP][PASSED] - markPassed("Variasi data ke : " + no): Variasi data ke : 155

2022-11-24 17:22:01 - [MESSAGE][PASSED] - Variasi data ke : 155

2022-11-24 17:22:01 - [TEST_STEP][PASSED] - req_data = sendRequest(findTestObject("Search_ME", ["MID":MID, "source":source, "ip":ip, "userid":userid, "branch":branch, "tipekons":tipekons, "marital":marital, "penjamin":penjamin, ... ])): Send request successfully

2022-11-24 17:22:02 - [MESSAGE][INFO] - HAR: D:\DMS\Engine Scoring\Reports\20221124_171436\Exclude KKB - DS - Married\Scoring Married - DS\20221124_171436\requests\main\108.har

2022-11-24 17:22:02 - [MESSAGE][PASSED] - Send request successfully

2022-11-24 17:22:02 - [TEST_STEP][PASSED] - slurper = new groovy.json.JsonSlurper(): null

2022-11-24 17:22:02 - [TEST_STEP][PASSED] - result = slurper.parseText(req_data.getResponseBodyContent()): null

2022-11-24 17:22:02 - [TEST_STEP][PASSED] - reqid_kons = requestid1: null

2022-11-24 17:22:02 - [TEST_STEP][PASSED] - reqid_spouse = requestid2: null

2022-11-24 17:22:02 - [TEST_STEP][PASSED] - println("requestid kons : " + reqid_kons): null

2022-11-24 17:22:02 - [TEST_STEP][PASSED] - response_searchME_kons = reqid_kons: null

2022-11-24 17:22:02 - [TEST_STEP][PASSED] - response_searchME_spouse = reqid_spouse: null

2022-11-24 17:22:02 - [TEST_STEP][PASSED] - println("kons req id is :" + response_searchME_kons): null

2022-11-24 17:22:02 - [TEST_STEP][PASSED] - println("spouse req id is : " + response_searchME_spouse): null

2022-11-24 17:22:02 - [TEST_STEP][PASSED] - verifyResponseStatusCode(req_data, 200): Verify response status code successfully

2022-11-24 17:22:02 - [MESSAGE][PASSED] - Verify response status code successfully

2022-11-24 17:22:02 - [TEST_STEP][PASSED] - response = req_data.getResponseText(): null

2022-11-24 17:22:02 - [TEST_STEP][PASSED] - logInfo($response): {"status":"Done","data":{"requestid1":"254368","requestid2":"254369"}}

2022-11-24 17:22:02 - [MESSAGE][INFO] - {"status":"Done","data":{"requestid1":"254368","requestid2":"254369"}}

2022-11-24 17:22:02 - [TEST_STEP][PASSED] - delay(5): Delayed 5 second(s)

2022-11-24 17:22:07 - [MESSAGE][PASSED] - Delayed 5 second(s)

2022-11-24 17:22:07 - [TEST_STEP][PASSED] - scoring = sendRequest(findTestObject("EngineScore", ["response_searchME_kons":response_searchME_kons, "response_searchME_spouse":response_searchME_spouse])): Send request successfully

2022-11-24 17:22:07 - [MESSAGE][INFO] - HAR: D:\DMS\Engine Scoring\Reports\20221124_171436\Exclude KKB - DS - Married\Scoring Married - DS\20221124_171436\requests\main\109.har

2022-11-24 17:22:07 - [MESSAGE][PASSED] - Send request successfully

2022-11-24 17:22:07 - [TEST_STEP][PASSED] - verifyResponseStatusCode(scoring, 200): Verify response status code successfully

2022-11-24 17:22:07 - [MESSAGE][PASSED] - Verify response status code successfully

2022-11-24 17:22:07 - [TEST_STEP][PASSED] - response2 = scoring.getResponseText(): null

2022-11-24 17:22:07 - [TEST_STEP][PASSED] - markPassed("result service data ke : " + no): result service data ke : 155

2022-11-24 17:22:07 - [MESSAGE][PASSED] - result service data ke : 155

2022-11-24 17:22:07 - [TEST_STEP][PASSED] - logInfo($response2): {"result_konsumen":"Reject","result_pasangan":"Approve","Final_result":"Reject","errorMessage":"","status":"Done"}

2022-11-24 17:22:07 - [MESSAGE][INFO] - {"result_konsumen":"Reject","result_pasangan":"Approve","Final_result":"Reject","errorMessage":"","status":"Done"}

2022-11-24 17:22:07 - [TEST_STEP][PASSED] - verifyElementPropertyValue(scoring, "Final_result", final_result): Verify element property value successfully

2022-11-24 17:22:07 - [MESSAGE][PASSED] - Verify element property value successfully]]></system-out>
         <system-err><![CDATA[]]></system-err>
      </testcase>
      <testcase name="Test Cases/Engine_Scoring/Engine Scoring" time="6.641" classname="Test Cases/Engine_Scoring/Engine Scoring" status="PASSED">
         <system-out><![CDATA[2022-11-24 17:22:07 - [TEST_CASE][PASSED] - Test Cases/Engine_Scoring/Engine Scoring: Test Cases/Engine_Scoring/Engine Scoring

2022-11-24 17:22:08 - [TEST_STEP][PASSED] - markPassed("Variasi data ke : " + no): Variasi data ke : 156

2022-11-24 17:22:08 - [MESSAGE][PASSED] - Variasi data ke : 156

2022-11-24 17:22:08 - [TEST_STEP][PASSED] - req_data = sendRequest(findTestObject("Search_ME", ["MID":MID, "source":source, "ip":ip, "userid":userid, "branch":branch, "tipekons":tipekons, "marital":marital, "penjamin":penjamin, ... ])): Send request successfully

2022-11-24 17:22:09 - [MESSAGE][INFO] - HAR: D:\DMS\Engine Scoring\Reports\20221124_171436\Exclude KKB - DS - Married\Scoring Married - DS\20221124_171436\requests\main\110.har

2022-11-24 17:22:09 - [MESSAGE][PASSED] - Send request successfully

2022-11-24 17:22:09 - [TEST_STEP][PASSED] - slurper = new groovy.json.JsonSlurper(): null

2022-11-24 17:22:09 - [TEST_STEP][PASSED] - result = slurper.parseText(req_data.getResponseBodyContent()): null

2022-11-24 17:22:09 - [TEST_STEP][PASSED] - reqid_kons = requestid1: null

2022-11-24 17:22:09 - [TEST_STEP][PASSED] - reqid_spouse = requestid2: null

2022-11-24 17:22:09 - [TEST_STEP][PASSED] - println("requestid kons : " + reqid_kons): null

2022-11-24 17:22:09 - [TEST_STEP][PASSED] - response_searchME_kons = reqid_kons: null

2022-11-24 17:22:09 - [TEST_STEP][PASSED] - response_searchME_spouse = reqid_spouse: null

2022-11-24 17:22:09 - [TEST_STEP][PASSED] - println("kons req id is :" + response_searchME_kons): null

2022-11-24 17:22:09 - [TEST_STEP][PASSED] - println("spouse req id is : " + response_searchME_spouse): null

2022-11-24 17:22:09 - [TEST_STEP][PASSED] - verifyResponseStatusCode(req_data, 200): Verify response status code successfully

2022-11-24 17:22:09 - [MESSAGE][PASSED] - Verify response status code successfully

2022-11-24 17:22:09 - [TEST_STEP][PASSED] - response = req_data.getResponseText(): null

2022-11-24 17:22:09 - [TEST_STEP][PASSED] - logInfo($response): {"status":"Done","data":{"requestid1":"254370","requestid2":"254371"}}

2022-11-24 17:22:09 - [MESSAGE][INFO] - {"status":"Done","data":{"requestid1":"254370","requestid2":"254371"}}

2022-11-24 17:22:09 - [TEST_STEP][PASSED] - delay(5): Delayed 5 second(s)

2022-11-24 17:22:14 - [MESSAGE][PASSED] - Delayed 5 second(s)

2022-11-24 17:22:14 - [TEST_STEP][PASSED] - scoring = sendRequest(findTestObject("EngineScore", ["response_searchME_kons":response_searchME_kons, "response_searchME_spouse":response_searchME_spouse])): Send request successfully

2022-11-24 17:22:14 - [MESSAGE][INFO] - HAR: D:\DMS\Engine Scoring\Reports\20221124_171436\Exclude KKB - DS - Married\Scoring Married - DS\20221124_171436\requests\main\111.har

2022-11-24 17:22:14 - [MESSAGE][PASSED] - Send request successfully

2022-11-24 17:22:14 - [TEST_STEP][PASSED] - verifyResponseStatusCode(scoring, 200): Verify response status code successfully

2022-11-24 17:22:14 - [MESSAGE][PASSED] - Verify response status code successfully

2022-11-24 17:22:14 - [TEST_STEP][PASSED] - response2 = scoring.getResponseText(): null

2022-11-24 17:22:14 - [TEST_STEP][PASSED] - markPassed("result service data ke : " + no): result service data ke : 156

2022-11-24 17:22:14 - [MESSAGE][PASSED] - result service data ke : 156

2022-11-24 17:22:14 - [TEST_STEP][PASSED] - logInfo($response2): {"result_konsumen":"Reject","result_pasangan":"Approve","Final_result":"Reject","errorMessage":"","status":"Done"}

2022-11-24 17:22:14 - [MESSAGE][INFO] - {"result_konsumen":"Reject","result_pasangan":"Approve","Final_result":"Reject","errorMessage":"","status":"Done"}

2022-11-24 17:22:14 - [TEST_STEP][PASSED] - verifyElementPropertyValue(scoring, "Final_result", final_result): Verify element property value successfully

2022-11-24 17:22:14 - [MESSAGE][PASSED] - Verify element property value successfully]]></system-out>
         <system-err><![CDATA[]]></system-err>
      </testcase>
      <testcase name="Test Cases/Engine_Scoring/Engine Scoring" time="6.744" classname="Test Cases/Engine_Scoring/Engine Scoring" status="PASSED">
         <system-out><![CDATA[2022-11-24 17:22:14 - [TEST_CASE][PASSED] - Test Cases/Engine_Scoring/Engine Scoring: Test Cases/Engine_Scoring/Engine Scoring

2022-11-24 17:22:15 - [TEST_STEP][PASSED] - markPassed("Variasi data ke : " + no): Variasi data ke : 157

2022-11-24 17:22:15 - [MESSAGE][PASSED] - Variasi data ke : 157

2022-11-24 17:22:15 - [TEST_STEP][PASSED] - req_data = sendRequest(findTestObject("Search_ME", ["MID":MID, "source":source, "ip":ip, "userid":userid, "branch":branch, "tipekons":tipekons, "marital":marital, "penjamin":penjamin, ... ])): Send request successfully

2022-11-24 17:22:16 - [MESSAGE][INFO] - HAR: D:\DMS\Engine Scoring\Reports\20221124_171436\Exclude KKB - DS - Married\Scoring Married - DS\20221124_171436\requests\main\112.har

2022-11-24 17:22:16 - [MESSAGE][PASSED] - Send request successfully

2022-11-24 17:22:16 - [TEST_STEP][PASSED] - slurper = new groovy.json.JsonSlurper(): null

2022-11-24 17:22:16 - [TEST_STEP][PASSED] - result = slurper.parseText(req_data.getResponseBodyContent()): null

2022-11-24 17:22:16 - [TEST_STEP][PASSED] - reqid_kons = requestid1: null

2022-11-24 17:22:16 - [TEST_STEP][PASSED] - reqid_spouse = requestid2: null

2022-11-24 17:22:16 - [TEST_STEP][PASSED] - println("requestid kons : " + reqid_kons): null

2022-11-24 17:22:16 - [TEST_STEP][PASSED] - response_searchME_kons = reqid_kons: null

2022-11-24 17:22:16 - [TEST_STEP][PASSED] - response_searchME_spouse = reqid_spouse: null

2022-11-24 17:22:16 - [TEST_STEP][PASSED] - println("kons req id is :" + response_searchME_kons): null

2022-11-24 17:22:16 - [TEST_STEP][PASSED] - println("spouse req id is : " + response_searchME_spouse): null

2022-11-24 17:22:16 - [TEST_STEP][PASSED] - verifyResponseStatusCode(req_data, 200): Verify response status code successfully

2022-11-24 17:22:16 - [MESSAGE][PASSED] - Verify response status code successfully

2022-11-24 17:22:16 - [TEST_STEP][PASSED] - response = req_data.getResponseText(): null

2022-11-24 17:22:16 - [TEST_STEP][PASSED] - logInfo($response): {"status":"Done","data":{"requestid1":"254372","requestid2":"254373"}}

2022-11-24 17:22:16 - [MESSAGE][INFO] - {"status":"Done","data":{"requestid1":"254372","requestid2":"254373"}}

2022-11-24 17:22:16 - [TEST_STEP][PASSED] - delay(5): Delayed 5 second(s)

2022-11-24 17:22:21 - [MESSAGE][PASSED] - Delayed 5 second(s)

2022-11-24 17:22:21 - [TEST_STEP][PASSED] - scoring = sendRequest(findTestObject("EngineScore", ["response_searchME_kons":response_searchME_kons, "response_searchME_spouse":response_searchME_spouse])): Send request successfully

2022-11-24 17:22:21 - [MESSAGE][INFO] - HAR: D:\DMS\Engine Scoring\Reports\20221124_171436\Exclude KKB - DS - Married\Scoring Married - DS\20221124_171436\requests\main\113.har

2022-11-24 17:22:21 - [MESSAGE][PASSED] - Send request successfully

2022-11-24 17:22:21 - [TEST_STEP][PASSED] - verifyResponseStatusCode(scoring, 200): Verify response status code successfully

2022-11-24 17:22:21 - [MESSAGE][PASSED] - Verify response status code successfully

2022-11-24 17:22:21 - [TEST_STEP][PASSED] - response2 = scoring.getResponseText(): null

2022-11-24 17:22:21 - [TEST_STEP][PASSED] - markPassed("result service data ke : " + no): result service data ke : 157

2022-11-24 17:22:21 - [MESSAGE][PASSED] - result service data ke : 157

2022-11-24 17:22:21 - [TEST_STEP][PASSED] - logInfo($response2): {"result_konsumen":"Reject","result_pasangan":"Approve","Final_result":"Reject","errorMessage":"","status":"Done"}

2022-11-24 17:22:21 - [MESSAGE][INFO] - {"result_konsumen":"Reject","result_pasangan":"Approve","Final_result":"Reject","errorMessage":"","status":"Done"}

2022-11-24 17:22:21 - [TEST_STEP][PASSED] - verifyElementPropertyValue(scoring, "Final_result", final_result): Verify element property value successfully

2022-11-24 17:22:21 - [MESSAGE][PASSED] - Verify element property value successfully]]></system-out>
         <system-err><![CDATA[]]></system-err>
      </testcase>
      <testcase name="Test Cases/Engine_Scoring/Engine Scoring" time="361.665" classname="Test Cases/Engine_Scoring/Engine Scoring" status="PASSED">
         <system-out><![CDATA[2022-11-24 17:22:21 - [TEST_CASE][PASSED] - Test Cases/Engine_Scoring/Engine Scoring: Test Cases/Engine_Scoring/Engine Scoring

2022-11-24 17:22:22 - [TEST_STEP][PASSED] - markPassed("Variasi data ke : " + no): Variasi data ke : 158

2022-11-24 17:22:22 - [MESSAGE][PASSED] - Variasi data ke : 158

2022-11-24 17:22:22 - [TEST_STEP][PASSED] - req_data = sendRequest(findTestObject("Search_ME", ["MID":MID, "source":source, "ip":ip, "userid":userid, "branch":branch, "tipekons":tipekons, "marital":marital, "penjamin":penjamin, ... ])): Send request successfully

2022-11-24 17:22:22 - [MESSAGE][INFO] - HAR: D:\DMS\Engine Scoring\Reports\20221124_171436\Exclude KKB - DS - Married\Scoring Married - DS\20221124_171436\requests\main\114.har

2022-11-24 17:22:22 - [MESSAGE][PASSED] - Send request successfully

2022-11-24 17:22:22 - [TEST_STEP][PASSED] - slurper = new groovy.json.JsonSlurper(): null

2022-11-24 17:22:22 - [TEST_STEP][PASSED] - result = slurper.parseText(req_data.getResponseBodyContent()): null

2022-11-24 17:22:22 - [TEST_STEP][PASSED] - reqid_kons = requestid1: null

2022-11-24 17:22:22 - [TEST_STEP][PASSED] - reqid_spouse = requestid2: null

2022-11-24 17:22:22 - [TEST_STEP][PASSED] - println("requestid kons : " + reqid_kons): null

2022-11-24 17:22:22 - [TEST_STEP][PASSED] - response_searchME_kons = reqid_kons: null

2022-11-24 17:22:22 - [TEST_STEP][PASSED] - response_searchME_spouse = reqid_spouse: null

2022-11-24 17:22:22 - [TEST_STEP][PASSED] - println("kons req id is :" + response_searchME_kons): null

2022-11-24 17:22:22 - [TEST_STEP][PASSED] - println("spouse req id is : " + response_searchME_spouse): null

2022-11-24 17:22:22 - [TEST_STEP][PASSED] - verifyResponseStatusCode(req_data, 200): Verify response status code successfully

2022-11-24 17:22:22 - [MESSAGE][PASSED] - Verify response status code successfully

2022-11-24 17:22:22 - [TEST_STEP][PASSED] - response = req_data.getResponseText(): null

2022-11-24 17:22:22 - [TEST_STEP][PASSED] - logInfo($response): {"status":"Done","data":{"requestid1":"254374","requestid2":"254375"}}

2022-11-24 17:22:22 - [MESSAGE][INFO] - {"status":"Done","data":{"requestid1":"254374","requestid2":"254375"}}

2022-11-24 17:22:22 - [TEST_STEP][PASSED] - delay(5): Delayed 5 second(s)

2022-11-24 17:22:27 - [MESSAGE][PASSED] - Delayed 5 second(s)

2022-11-24 17:22:27 - [TEST_STEP][PASSED] - scoring = sendRequest(findTestObject("EngineScore", ["response_searchME_kons":response_searchME_kons, "response_searchME_spouse":response_searchME_spouse])): Send request successfully

2022-11-24 17:22:28 - [MESSAGE][INFO] - HAR: D:\DMS\Engine Scoring\Reports\20221124_171436\Exclude KKB - DS - Married\Scoring Married - DS\20221124_171436\requests\main\115.har

2022-11-24 17:22:28 - [MESSAGE][PASSED] - Send request successfully

2022-11-24 17:22:28 - [TEST_STEP][PASSED] - verifyResponseStatusCode(scoring, 200): Verify response status code successfully

2022-11-24 17:22:28 - [MESSAGE][PASSED] - Verify response status code successfully

2022-11-24 17:22:28 - [TEST_STEP][PASSED] - response2 = scoring.getResponseText(): null

2022-11-24 17:22:28 - [TEST_STEP][PASSED] - markPassed("result service data ke : " + no): result service data ke : 158

2022-11-24 17:22:28 - [MESSAGE][PASSED] - result service data ke : 158

2022-11-24 17:28:23 - [TEST_STEP][PASSED] - logInfo($response2): {"result_konsumen":"Reject","result_pasangan":"Reject","Final_result":"Reject","errorMessage":"","status":"Done"}

2022-11-24 17:28:23 - [MESSAGE][INFO] - {"result_konsumen":"Reject","result_pasangan":"Reject","Final_result":"Reject","errorMessage":"","status":"Done"}

2022-11-24 17:28:23 - [TEST_STEP][PASSED] - verifyElementPropertyValue(scoring, "Final_result", final_result): Verify element property value successfully

2022-11-24 17:28:23 - [MESSAGE][PASSED] - Verify element property value successfully]]></system-out>
         <system-err><![CDATA[]]></system-err>
      </testcase>
      <testcase name="Test Cases/Engine_Scoring/Engine Scoring" time="14.468" classname="Test Cases/Engine_Scoring/Engine Scoring" status="PASSED">
         <system-out><![CDATA[2022-11-24 17:28:23 - [TEST_CASE][PASSED] - Test Cases/Engine_Scoring/Engine Scoring: Test Cases/Engine_Scoring/Engine Scoring

2022-11-24 17:28:30 - [TEST_STEP][PASSED] - markPassed("Variasi data ke : " + no): Variasi data ke : 159

2022-11-24 17:28:30 - [MESSAGE][PASSED] - Variasi data ke : 159

2022-11-24 17:28:30 - [TEST_STEP][PASSED] - req_data = sendRequest(findTestObject("Search_ME", ["MID":MID, "source":source, "ip":ip, "userid":userid, "branch":branch, "tipekons":tipekons, "marital":marital, "penjamin":penjamin, ... ])): Send request successfully

2022-11-24 17:28:32 - [MESSAGE][INFO] - HAR: D:\DMS\Engine Scoring\Reports\20221124_171436\Exclude KKB - DS - Married\Scoring Married - DS\20221124_171436\requests\main\116.har

2022-11-24 17:28:32 - [MESSAGE][PASSED] - Send request successfully

2022-11-24 17:28:32 - [TEST_STEP][PASSED] - slurper = new groovy.json.JsonSlurper(): null

2022-11-24 17:28:32 - [TEST_STEP][PASSED] - result = slurper.parseText(req_data.getResponseBodyContent()): null

2022-11-24 17:28:32 - [TEST_STEP][PASSED] - reqid_kons = requestid1: null

2022-11-24 17:28:32 - [TEST_STEP][PASSED] - reqid_spouse = requestid2: null

2022-11-24 17:28:32 - [TEST_STEP][PASSED] - println("requestid kons : " + reqid_kons): null

2022-11-24 17:28:32 - [TEST_STEP][PASSED] - response_searchME_kons = reqid_kons: null

2022-11-24 17:28:32 - [TEST_STEP][PASSED] - response_searchME_spouse = reqid_spouse: null

2022-11-24 17:28:32 - [TEST_STEP][PASSED] - println("kons req id is :" + response_searchME_kons): null

2022-11-24 17:28:32 - [TEST_STEP][PASSED] - println("spouse req id is : " + response_searchME_spouse): null

2022-11-24 17:28:32 - [TEST_STEP][PASSED] - verifyResponseStatusCode(req_data, 200): Verify response status code successfully

2022-11-24 17:28:32 - [MESSAGE][PASSED] - Verify response status code successfully

2022-11-24 17:28:32 - [TEST_STEP][PASSED] - response = req_data.getResponseText(): null

2022-11-24 17:28:32 - [TEST_STEP][PASSED] - logInfo($response): {"status":"Done","data":{"requestid1":"254376","requestid2":"254377"}}

2022-11-24 17:28:32 - [MESSAGE][INFO] - {"status":"Done","data":{"requestid1":"254376","requestid2":"254377"}}

2022-11-24 17:28:32 - [TEST_STEP][PASSED] - delay(5): Delayed 5 second(s)

2022-11-24 17:28:37 - [MESSAGE][PASSED] - Delayed 5 second(s)

2022-11-24 17:28:37 - [TEST_STEP][PASSED] - scoring = sendRequest(findTestObject("EngineScore", ["response_searchME_kons":response_searchME_kons, "response_searchME_spouse":response_searchME_spouse])): Send request successfully

2022-11-24 17:28:37 - [MESSAGE][INFO] - HAR: D:\DMS\Engine Scoring\Reports\20221124_171436\Exclude KKB - DS - Married\Scoring Married - DS\20221124_171436\requests\main\117.har

2022-11-24 17:28:37 - [MESSAGE][PASSED] - Send request successfully

2022-11-24 17:28:37 - [TEST_STEP][PASSED] - verifyResponseStatusCode(scoring, 200): Verify response status code successfully

2022-11-24 17:28:37 - [MESSAGE][PASSED] - Verify response status code successfully

2022-11-24 17:28:37 - [TEST_STEP][PASSED] - response2 = scoring.getResponseText(): null

2022-11-24 17:28:37 - [TEST_STEP][PASSED] - markPassed("result service data ke : " + no): result service data ke : 159

2022-11-24 17:28:37 - [MESSAGE][PASSED] - result service data ke : 159

2022-11-24 17:28:37 - [TEST_STEP][PASSED] - logInfo($response2): {"result_konsumen":"Reject","result_pasangan":"Reject","Final_result":"Reject","errorMessage":"","status":"Done"}

2022-11-24 17:28:37 - [MESSAGE][INFO] - {"result_konsumen":"Reject","result_pasangan":"Reject","Final_result":"Reject","errorMessage":"","status":"Done"}

2022-11-24 17:28:37 - [TEST_STEP][PASSED] - verifyElementPropertyValue(scoring, "Final_result", final_result): Verify element property value successfully

2022-11-24 17:28:37 - [MESSAGE][PASSED] - Verify element property value successfully]]></system-out>
         <system-err><![CDATA[]]></system-err>
      </testcase>
      <testcase name="Test Cases/Engine_Scoring/Engine Scoring" time="6.856" classname="Test Cases/Engine_Scoring/Engine Scoring" status="PASSED">
         <system-out><![CDATA[2022-11-24 17:28:37 - [TEST_CASE][PASSED] - Test Cases/Engine_Scoring/Engine Scoring: Test Cases/Engine_Scoring/Engine Scoring

2022-11-24 17:28:38 - [TEST_STEP][PASSED] - markPassed("Variasi data ke : " + no): Variasi data ke : 160

2022-11-24 17:28:38 - [MESSAGE][PASSED] - Variasi data ke : 160

2022-11-24 17:28:38 - [TEST_STEP][PASSED] - req_data = sendRequest(findTestObject("Search_ME", ["MID":MID, "source":source, "ip":ip, "userid":userid, "branch":branch, "tipekons":tipekons, "marital":marital, "penjamin":penjamin, ... ])): Send request successfully

2022-11-24 17:28:39 - [MESSAGE][INFO] - HAR: D:\DMS\Engine Scoring\Reports\20221124_171436\Exclude KKB - DS - Married\Scoring Married - DS\20221124_171436\requests\main\118.har

2022-11-24 17:28:39 - [MESSAGE][PASSED] - Send request successfully

2022-11-24 17:28:39 - [TEST_STEP][PASSED] - slurper = new groovy.json.JsonSlurper(): null

2022-11-24 17:28:39 - [TEST_STEP][PASSED] - result = slurper.parseText(req_data.getResponseBodyContent()): null

2022-11-24 17:28:39 - [TEST_STEP][PASSED] - reqid_kons = requestid1: null

2022-11-24 17:28:39 - [TEST_STEP][PASSED] - reqid_spouse = requestid2: null

2022-11-24 17:28:39 - [TEST_STEP][PASSED] - println("requestid kons : " + reqid_kons): null

2022-11-24 17:28:39 - [TEST_STEP][PASSED] - response_searchME_kons = reqid_kons: null

2022-11-24 17:28:39 - [TEST_STEP][PASSED] - response_searchME_spouse = reqid_spouse: null

2022-11-24 17:28:39 - [TEST_STEP][PASSED] - println("kons req id is :" + response_searchME_kons): null

2022-11-24 17:28:39 - [TEST_STEP][PASSED] - println("spouse req id is : " + response_searchME_spouse): null

2022-11-24 17:28:39 - [TEST_STEP][PASSED] - verifyResponseStatusCode(req_data, 200): Verify response status code successfully

2022-11-24 17:28:39 - [MESSAGE][PASSED] - Verify response status code successfully

2022-11-24 17:28:39 - [TEST_STEP][PASSED] - response = req_data.getResponseText(): null

2022-11-24 17:28:39 - [TEST_STEP][PASSED] - logInfo($response): {"status":"Done","data":{"requestid1":"254378","requestid2":"254379"}}

2022-11-24 17:28:39 - [MESSAGE][INFO] - {"status":"Done","data":{"requestid1":"254378","requestid2":"254379"}}

2022-11-24 17:28:39 - [TEST_STEP][PASSED] - delay(5): Delayed 5 second(s)

2022-11-24 17:28:44 - [MESSAGE][PASSED] - Delayed 5 second(s)

2022-11-24 17:28:44 - [TEST_STEP][PASSED] - scoring = sendRequest(findTestObject("EngineScore", ["response_searchME_kons":response_searchME_kons, "response_searchME_spouse":response_searchME_spouse])): Send request successfully

2022-11-24 17:28:44 - [MESSAGE][INFO] - HAR: D:\DMS\Engine Scoring\Reports\20221124_171436\Exclude KKB - DS - Married\Scoring Married - DS\20221124_171436\requests\main\119.har

2022-11-24 17:28:44 - [MESSAGE][PASSED] - Send request successfully

2022-11-24 17:28:44 - [TEST_STEP][PASSED] - verifyResponseStatusCode(scoring, 200): Verify response status code successfully

2022-11-24 17:28:44 - [MESSAGE][PASSED] - Verify response status code successfully

2022-11-24 17:28:44 - [TEST_STEP][PASSED] - response2 = scoring.getResponseText(): null

2022-11-24 17:28:44 - [TEST_STEP][PASSED] - markPassed("result service data ke : " + no): result service data ke : 160

2022-11-24 17:28:44 - [MESSAGE][PASSED] - result service data ke : 160

2022-11-24 17:28:44 - [TEST_STEP][PASSED] - logInfo($response2): {"result_konsumen":"Reject","result_pasangan":"Reguler","Final_result":"Reject","errorMessage":"","status":"Done"}

2022-11-24 17:28:44 - [MESSAGE][INFO] - {"result_konsumen":"Reject","result_pasangan":"Reguler","Final_result":"Reject","errorMessage":"","status":"Done"}

2022-11-24 17:28:44 - [TEST_STEP][PASSED] - verifyElementPropertyValue(scoring, "Final_result", final_result): Verify element property value successfully

2022-11-24 17:28:44 - [MESSAGE][PASSED] - Verify element property value successfully]]></system-out>
         <system-err><![CDATA[]]></system-err>
      </testcase>
      <testcase name="Test Cases/Engine_Scoring/Engine Scoring" time="7.176" classname="Test Cases/Engine_Scoring/Engine Scoring" status="PASSED">
         <system-out><![CDATA[2022-11-24 17:28:44 - [TEST_CASE][PASSED] - Test Cases/Engine_Scoring/Engine Scoring: Test Cases/Engine_Scoring/Engine Scoring

2022-11-24 17:28:45 - [TEST_STEP][PASSED] - markPassed("Variasi data ke : " + no): Variasi data ke : 161

2022-11-24 17:28:45 - [MESSAGE][PASSED] - Variasi data ke : 161

2022-11-24 17:28:45 - [TEST_STEP][PASSED] - req_data = sendRequest(findTestObject("Search_ME", ["MID":MID, "source":source, "ip":ip, "userid":userid, "branch":branch, "tipekons":tipekons, "marital":marital, "penjamin":penjamin, ... ])): Send request successfully

2022-11-24 17:28:46 - [MESSAGE][INFO] - HAR: D:\DMS\Engine Scoring\Reports\20221124_171436\Exclude KKB - DS - Married\Scoring Married - DS\20221124_171436\requests\main\120.har

2022-11-24 17:28:46 - [MESSAGE][PASSED] - Send request successfully

2022-11-24 17:28:46 - [TEST_STEP][PASSED] - slurper = new groovy.json.JsonSlurper(): null

2022-11-24 17:28:46 - [TEST_STEP][PASSED] - result = slurper.parseText(req_data.getResponseBodyContent()): null

2022-11-24 17:28:46 - [TEST_STEP][PASSED] - reqid_kons = requestid1: null

2022-11-24 17:28:46 - [TEST_STEP][PASSED] - reqid_spouse = requestid2: null

2022-11-24 17:28:46 - [TEST_STEP][PASSED] - println("requestid kons : " + reqid_kons): null

2022-11-24 17:28:46 - [TEST_STEP][PASSED] - response_searchME_kons = reqid_kons: null

2022-11-24 17:28:46 - [TEST_STEP][PASSED] - response_searchME_spouse = reqid_spouse: null

2022-11-24 17:28:46 - [TEST_STEP][PASSED] - println("kons req id is :" + response_searchME_kons): null

2022-11-24 17:28:46 - [TEST_STEP][PASSED] - println("spouse req id is : " + response_searchME_spouse): null

2022-11-24 17:28:46 - [TEST_STEP][PASSED] - verifyResponseStatusCode(req_data, 200): Verify response status code successfully

2022-11-24 17:28:46 - [MESSAGE][PASSED] - Verify response status code successfully

2022-11-24 17:28:46 - [TEST_STEP][PASSED] - response = req_data.getResponseText(): null

2022-11-24 17:28:46 - [TEST_STEP][PASSED] - logInfo($response): {"status":"Done","data":{"requestid1":"254380","requestid2":"254381"}}

2022-11-24 17:28:46 - [MESSAGE][INFO] - {"status":"Done","data":{"requestid1":"254380","requestid2":"254381"}}

2022-11-24 17:28:46 - [TEST_STEP][PASSED] - delay(5): Delayed 5 second(s)

2022-11-24 17:28:51 - [MESSAGE][PASSED] - Delayed 5 second(s)

2022-11-24 17:28:51 - [TEST_STEP][PASSED] - scoring = sendRequest(findTestObject("EngineScore", ["response_searchME_kons":response_searchME_kons, "response_searchME_spouse":response_searchME_spouse])): Send request successfully

2022-11-24 17:28:51 - [MESSAGE][INFO] - HAR: D:\DMS\Engine Scoring\Reports\20221124_171436\Exclude KKB - DS - Married\Scoring Married - DS\20221124_171436\requests\main\121.har

2022-11-24 17:28:51 - [MESSAGE][PASSED] - Send request successfully

2022-11-24 17:28:51 - [TEST_STEP][PASSED] - verifyResponseStatusCode(scoring, 200): Verify response status code successfully

2022-11-24 17:28:51 - [MESSAGE][PASSED] - Verify response status code successfully

2022-11-24 17:28:51 - [TEST_STEP][PASSED] - response2 = scoring.getResponseText(): null

2022-11-24 17:28:51 - [TEST_STEP][PASSED] - markPassed("result service data ke : " + no): result service data ke : 161

2022-11-24 17:28:51 - [MESSAGE][PASSED] - result service data ke : 161

2022-11-24 17:28:51 - [TEST_STEP][PASSED] - logInfo($response2): {"result_konsumen":"Reject","result_pasangan":"Reguler","Final_result":"Reject","errorMessage":"","status":"Done"}

2022-11-24 17:28:51 - [MESSAGE][INFO] - {"result_konsumen":"Reject","result_pasangan":"Reguler","Final_result":"Reject","errorMessage":"","status":"Done"}

2022-11-24 17:28:51 - [TEST_STEP][PASSED] - verifyElementPropertyValue(scoring, "Final_result", final_result): Verify element property value successfully

2022-11-24 17:28:51 - [MESSAGE][PASSED] - Verify element property value successfully]]></system-out>
         <system-err><![CDATA[]]></system-err>
      </testcase>
      <testcase name="Test Cases/Engine_Scoring/Engine Scoring" time="7.318" classname="Test Cases/Engine_Scoring/Engine Scoring" status="PASSED">
         <system-out><![CDATA[2022-11-24 17:28:51 - [TEST_CASE][PASSED] - Test Cases/Engine_Scoring/Engine Scoring: Test Cases/Engine_Scoring/Engine Scoring

2022-11-24 17:28:52 - [TEST_STEP][PASSED] - markPassed("Variasi data ke : " + no): Variasi data ke : 162

2022-11-24 17:28:52 - [MESSAGE][PASSED] - Variasi data ke : 162

2022-11-24 17:28:52 - [TEST_STEP][PASSED] - req_data = sendRequest(findTestObject("Search_ME", ["MID":MID, "source":source, "ip":ip, "userid":userid, "branch":branch, "tipekons":tipekons, "marital":marital, "penjamin":penjamin, ... ])): Send request successfully

2022-11-24 17:28:53 - [MESSAGE][INFO] - HAR: D:\DMS\Engine Scoring\Reports\20221124_171436\Exclude KKB - DS - Married\Scoring Married - DS\20221124_171436\requests\main\122.har

2022-11-24 17:28:54 - [MESSAGE][PASSED] - Send request successfully

2022-11-24 17:28:54 - [TEST_STEP][PASSED] - slurper = new groovy.json.JsonSlurper(): null

2022-11-24 17:28:54 - [TEST_STEP][PASSED] - result = slurper.parseText(req_data.getResponseBodyContent()): null

2022-11-24 17:28:54 - [TEST_STEP][PASSED] - reqid_kons = requestid1: null

2022-11-24 17:28:54 - [TEST_STEP][PASSED] - reqid_spouse = requestid2: null

2022-11-24 17:28:54 - [TEST_STEP][PASSED] - println("requestid kons : " + reqid_kons): null

2022-11-24 17:28:54 - [TEST_STEP][PASSED] - response_searchME_kons = reqid_kons: null

2022-11-24 17:28:54 - [TEST_STEP][PASSED] - response_searchME_spouse = reqid_spouse: null

2022-11-24 17:28:54 - [TEST_STEP][PASSED] - println("kons req id is :" + response_searchME_kons): null

2022-11-24 17:28:54 - [TEST_STEP][PASSED] - println("spouse req id is : " + response_searchME_spouse): null

2022-11-24 17:28:54 - [TEST_STEP][PASSED] - verifyResponseStatusCode(req_data, 200): Verify response status code successfully

2022-11-24 17:28:54 - [MESSAGE][PASSED] - Verify response status code successfully

2022-11-24 17:28:54 - [TEST_STEP][PASSED] - response = req_data.getResponseText(): null

2022-11-24 17:28:54 - [TEST_STEP][PASSED] - logInfo($response): {"status":"Done","data":{"requestid1":"254382","requestid2":"254383"}}

2022-11-24 17:28:54 - [MESSAGE][INFO] - {"status":"Done","data":{"requestid1":"254382","requestid2":"254383"}}

2022-11-24 17:28:54 - [TEST_STEP][PASSED] - delay(5): Delayed 5 second(s)

2022-11-24 17:28:59 - [MESSAGE][PASSED] - Delayed 5 second(s)

2022-11-24 17:28:59 - [TEST_STEP][PASSED] - scoring = sendRequest(findTestObject("EngineScore", ["response_searchME_kons":response_searchME_kons, "response_searchME_spouse":response_searchME_spouse])): Send request successfully

2022-11-24 17:28:59 - [MESSAGE][INFO] - HAR: D:\DMS\Engine Scoring\Reports\20221124_171436\Exclude KKB - DS - Married\Scoring Married - DS\20221124_171436\requests\main\123.har

2022-11-24 17:28:59 - [MESSAGE][PASSED] - Send request successfully

2022-11-24 17:28:59 - [TEST_STEP][PASSED] - verifyResponseStatusCode(scoring, 200): Verify response status code successfully

2022-11-24 17:28:59 - [MESSAGE][PASSED] - Verify response status code successfully

2022-11-24 17:28:59 - [TEST_STEP][PASSED] - response2 = scoring.getResponseText(): null

2022-11-24 17:28:59 - [TEST_STEP][PASSED] - markPassed("result service data ke : " + no): result service data ke : 162

2022-11-24 17:28:59 - [MESSAGE][PASSED] - result service data ke : 162

2022-11-24 17:28:59 - [TEST_STEP][PASSED] - logInfo($response2): {"result_konsumen":"Reject","result_pasangan":"Reguler","Final_result":"Reject","errorMessage":"","status":"Done"}

2022-11-24 17:28:59 - [MESSAGE][INFO] - {"result_konsumen":"Reject","result_pasangan":"Reguler","Final_result":"Reject","errorMessage":"","status":"Done"}

2022-11-24 17:28:59 - [TEST_STEP][PASSED] - verifyElementPropertyValue(scoring, "Final_result", final_result): Verify element property value successfully

2022-11-24 17:28:59 - [MESSAGE][PASSED] - Verify element property value successfully]]></system-out>
         <system-err><![CDATA[]]></system-err>
      </testcase>
      <testcase name="Test Cases/Engine_Scoring/Engine Scoring" time="8.628" classname="Test Cases/Engine_Scoring/Engine Scoring" status="PASSED">
         <system-out><![CDATA[2022-11-24 17:28:59 - [TEST_CASE][PASSED] - Test Cases/Engine_Scoring/Engine Scoring: Test Cases/Engine_Scoring/Engine Scoring

2022-11-24 17:28:59 - [TEST_STEP][PASSED] - markPassed("Variasi data ke : " + no): Variasi data ke : 163

2022-11-24 17:28:59 - [MESSAGE][PASSED] - Variasi data ke : 163

2022-11-24 17:28:59 - [TEST_STEP][PASSED] - req_data = sendRequest(findTestObject("Search_ME", ["MID":MID, "source":source, "ip":ip, "userid":userid, "branch":branch, "tipekons":tipekons, "marital":marital, "penjamin":penjamin, ... ])): Send request successfully

2022-11-24 17:29:02 - [MESSAGE][INFO] - HAR: D:\DMS\Engine Scoring\Reports\20221124_171436\Exclude KKB - DS - Married\Scoring Married - DS\20221124_171436\requests\main\124.har

2022-11-24 17:29:02 - [MESSAGE][PASSED] - Send request successfully

2022-11-24 17:29:02 - [TEST_STEP][PASSED] - slurper = new groovy.json.JsonSlurper(): null

2022-11-24 17:29:02 - [TEST_STEP][PASSED] - result = slurper.parseText(req_data.getResponseBodyContent()): null

2022-11-24 17:29:02 - [TEST_STEP][PASSED] - reqid_kons = requestid1: null

2022-11-24 17:29:02 - [TEST_STEP][PASSED] - reqid_spouse = requestid2: null

2022-11-24 17:29:02 - [TEST_STEP][PASSED] - println("requestid kons : " + reqid_kons): null

2022-11-24 17:29:02 - [TEST_STEP][PASSED] - response_searchME_kons = reqid_kons: null

2022-11-24 17:29:02 - [TEST_STEP][PASSED] - response_searchME_spouse = reqid_spouse: null

2022-11-24 17:29:02 - [TEST_STEP][PASSED] - println("kons req id is :" + response_searchME_kons): null

2022-11-24 17:29:02 - [TEST_STEP][PASSED] - println("spouse req id is : " + response_searchME_spouse): null

2022-11-24 17:29:02 - [TEST_STEP][PASSED] - verifyResponseStatusCode(req_data, 200): Verify response status code successfully

2022-11-24 17:29:02 - [MESSAGE][PASSED] - Verify response status code successfully

2022-11-24 17:29:02 - [TEST_STEP][PASSED] - response = req_data.getResponseText(): null

2022-11-24 17:29:02 - [TEST_STEP][PASSED] - logInfo($response): {"status":"Done","data":{"requestid1":"254384","requestid2":"254385"}}

2022-11-24 17:29:02 - [MESSAGE][INFO] - {"status":"Done","data":{"requestid1":"254384","requestid2":"254385"}}

2022-11-24 17:29:02 - [TEST_STEP][PASSED] - delay(5): Delayed 5 second(s)

2022-11-24 17:29:07 - [MESSAGE][PASSED] - Delayed 5 second(s)

2022-11-24 17:29:07 - [TEST_STEP][PASSED] - scoring = sendRequest(findTestObject("EngineScore", ["response_searchME_kons":response_searchME_kons, "response_searchME_spouse":response_searchME_spouse])): Send request successfully

2022-11-24 17:29:07 - [MESSAGE][INFO] - HAR: D:\DMS\Engine Scoring\Reports\20221124_171436\Exclude KKB - DS - Married\Scoring Married - DS\20221124_171436\requests\main\125.har

2022-11-24 17:29:07 - [MESSAGE][PASSED] - Send request successfully

2022-11-24 17:29:07 - [TEST_STEP][PASSED] - verifyResponseStatusCode(scoring, 200): Verify response status code successfully

2022-11-24 17:29:07 - [MESSAGE][PASSED] - Verify response status code successfully

2022-11-24 17:29:07 - [TEST_STEP][PASSED] - response2 = scoring.getResponseText(): null

2022-11-24 17:29:07 - [TEST_STEP][PASSED] - markPassed("result service data ke : " + no): result service data ke : 163

2022-11-24 17:29:07 - [MESSAGE][PASSED] - result service data ke : 163

2022-11-24 17:29:07 - [TEST_STEP][PASSED] - logInfo($response2): {"result_konsumen":"Reject","result_pasangan":"Approve","Final_result":"Reject","errorMessage":"","status":"Done"}

2022-11-24 17:29:07 - [MESSAGE][INFO] - {"result_konsumen":"Reject","result_pasangan":"Approve","Final_result":"Reject","errorMessage":"","status":"Done"}

2022-11-24 17:29:07 - [TEST_STEP][PASSED] - verifyElementPropertyValue(scoring, "Final_result", final_result): Verify element property value successfully

2022-11-24 17:29:07 - [MESSAGE][PASSED] - Verify element property value successfully]]></system-out>
         <system-err><![CDATA[]]></system-err>
      </testcase>
      <testcase name="Test Cases/Engine_Scoring/Engine Scoring" time="6.785" classname="Test Cases/Engine_Scoring/Engine Scoring" status="PASSED">
         <system-out><![CDATA[2022-11-24 17:29:07 - [TEST_CASE][PASSED] - Test Cases/Engine_Scoring/Engine Scoring: Test Cases/Engine_Scoring/Engine Scoring

2022-11-24 17:29:08 - [TEST_STEP][PASSED] - markPassed("Variasi data ke : " + no): Variasi data ke : 164

2022-11-24 17:29:08 - [MESSAGE][PASSED] - Variasi data ke : 164

2022-11-24 17:29:08 - [TEST_STEP][PASSED] - req_data = sendRequest(findTestObject("Search_ME", ["MID":MID, "source":source, "ip":ip, "userid":userid, "branch":branch, "tipekons":tipekons, "marital":marital, "penjamin":penjamin, ... ])): Send request successfully

2022-11-24 17:29:09 - [MESSAGE][INFO] - HAR: D:\DMS\Engine Scoring\Reports\20221124_171436\Exclude KKB - DS - Married\Scoring Married - DS\20221124_171436\requests\main\126.har

2022-11-24 17:29:09 - [MESSAGE][PASSED] - Send request successfully

2022-11-24 17:29:09 - [TEST_STEP][PASSED] - slurper = new groovy.json.JsonSlurper(): null

2022-11-24 17:29:09 - [TEST_STEP][PASSED] - result = slurper.parseText(req_data.getResponseBodyContent()): null

2022-11-24 17:29:09 - [TEST_STEP][PASSED] - reqid_kons = requestid1: null

2022-11-24 17:29:09 - [TEST_STEP][PASSED] - reqid_spouse = requestid2: null

2022-11-24 17:29:09 - [TEST_STEP][PASSED] - println("requestid kons : " + reqid_kons): null

2022-11-24 17:29:09 - [TEST_STEP][PASSED] - response_searchME_kons = reqid_kons: null

2022-11-24 17:29:09 - [TEST_STEP][PASSED] - response_searchME_spouse = reqid_spouse: null

2022-11-24 17:29:09 - [TEST_STEP][PASSED] - println("kons req id is :" + response_searchME_kons): null

2022-11-24 17:29:09 - [TEST_STEP][PASSED] - println("spouse req id is : " + response_searchME_spouse): null

2022-11-24 17:29:09 - [TEST_STEP][PASSED] - verifyResponseStatusCode(req_data, 200): Verify response status code successfully

2022-11-24 17:29:09 - [MESSAGE][PASSED] - Verify response status code successfully

2022-11-24 17:29:09 - [TEST_STEP][PASSED] - response = req_data.getResponseText(): null

2022-11-24 17:29:09 - [TEST_STEP][PASSED] - logInfo($response): {"status":"Done","data":{"requestid1":"254386","requestid2":"254387"}}

2022-11-24 17:29:09 - [MESSAGE][INFO] - {"status":"Done","data":{"requestid1":"254386","requestid2":"254387"}}

2022-11-24 17:29:09 - [TEST_STEP][PASSED] - delay(5): Delayed 5 second(s)

2022-11-24 17:29:14 - [MESSAGE][PASSED] - Delayed 5 second(s)

2022-11-24 17:29:14 - [TEST_STEP][PASSED] - scoring = sendRequest(findTestObject("EngineScore", ["response_searchME_kons":response_searchME_kons, "response_searchME_spouse":response_searchME_spouse])): Send request successfully

2022-11-24 17:29:14 - [MESSAGE][INFO] - HAR: D:\DMS\Engine Scoring\Reports\20221124_171436\Exclude KKB - DS - Married\Scoring Married - DS\20221124_171436\requests\main\127.har

2022-11-24 17:29:14 - [MESSAGE][PASSED] - Send request successfully

2022-11-24 17:29:14 - [TEST_STEP][PASSED] - verifyResponseStatusCode(scoring, 200): Verify response status code successfully

2022-11-24 17:29:14 - [MESSAGE][PASSED] - Verify response status code successfully

2022-11-24 17:29:14 - [TEST_STEP][PASSED] - response2 = scoring.getResponseText(): null

2022-11-24 17:29:14 - [TEST_STEP][PASSED] - markPassed("result service data ke : " + no): result service data ke : 164

2022-11-24 17:29:14 - [MESSAGE][PASSED] - result service data ke : 164

2022-11-24 17:29:14 - [TEST_STEP][PASSED] - logInfo($response2): {"result_konsumen":"Reject","result_pasangan":"Approve","Final_result":"Reject","errorMessage":"","status":"Done"}

2022-11-24 17:29:14 - [MESSAGE][INFO] - {"result_konsumen":"Reject","result_pasangan":"Approve","Final_result":"Reject","errorMessage":"","status":"Done"}

2022-11-24 17:29:14 - [TEST_STEP][PASSED] - verifyElementPropertyValue(scoring, "Final_result", final_result): Verify element property value successfully

2022-11-24 17:29:14 - [MESSAGE][PASSED] - Verify element property value successfully]]></system-out>
         <system-err><![CDATA[]]></system-err>
      </testcase>
      <testcase name="Test Cases/Engine_Scoring/Engine Scoring" time="6.731" classname="Test Cases/Engine_Scoring/Engine Scoring" status="PASSED">
         <system-out><![CDATA[2022-11-24 17:29:14 - [TEST_CASE][PASSED] - Test Cases/Engine_Scoring/Engine Scoring: Test Cases/Engine_Scoring/Engine Scoring

2022-11-24 17:29:15 - [TEST_STEP][PASSED] - markPassed("Variasi data ke : " + no): Variasi data ke : 165

2022-11-24 17:29:15 - [MESSAGE][PASSED] - Variasi data ke : 165

2022-11-24 17:29:15 - [TEST_STEP][PASSED] - req_data = sendRequest(findTestObject("Search_ME", ["MID":MID, "source":source, "ip":ip, "userid":userid, "branch":branch, "tipekons":tipekons, "marital":marital, "penjamin":penjamin, ... ])): Send request successfully

2022-11-24 17:29:16 - [MESSAGE][INFO] - HAR: D:\DMS\Engine Scoring\Reports\20221124_171436\Exclude KKB - DS - Married\Scoring Married - DS\20221124_171436\requests\main\128.har

2022-11-24 17:29:16 - [MESSAGE][PASSED] - Send request successfully

2022-11-24 17:29:16 - [TEST_STEP][PASSED] - slurper = new groovy.json.JsonSlurper(): null

2022-11-24 17:29:16 - [TEST_STEP][PASSED] - result = slurper.parseText(req_data.getResponseBodyContent()): null

2022-11-24 17:29:16 - [TEST_STEP][PASSED] - reqid_kons = requestid1: null

2022-11-24 17:29:16 - [TEST_STEP][PASSED] - reqid_spouse = requestid2: null

2022-11-24 17:29:16 - [TEST_STEP][PASSED] - println("requestid kons : " + reqid_kons): null

2022-11-24 17:29:16 - [TEST_STEP][PASSED] - response_searchME_kons = reqid_kons: null

2022-11-24 17:29:16 - [TEST_STEP][PASSED] - response_searchME_spouse = reqid_spouse: null

2022-11-24 17:29:16 - [TEST_STEP][PASSED] - println("kons req id is :" + response_searchME_kons): null

2022-11-24 17:29:16 - [TEST_STEP][PASSED] - println("spouse req id is : " + response_searchME_spouse): null

2022-11-24 17:29:16 - [TEST_STEP][PASSED] - verifyResponseStatusCode(req_data, 200): Verify response status code successfully

2022-11-24 17:29:16 - [MESSAGE][PASSED] - Verify response status code successfully

2022-11-24 17:29:16 - [TEST_STEP][PASSED] - response = req_data.getResponseText(): null

2022-11-24 17:29:16 - [TEST_STEP][PASSED] - logInfo($response): {"status":"Done","data":{"requestid1":"254388","requestid2":"254389"}}

2022-11-24 17:29:16 - [MESSAGE][INFO] - {"status":"Done","data":{"requestid1":"254388","requestid2":"254389"}}

2022-11-24 17:29:16 - [TEST_STEP][PASSED] - delay(5): Delayed 5 second(s)

2022-11-24 17:29:21 - [MESSAGE][PASSED] - Delayed 5 second(s)

2022-11-24 17:29:21 - [TEST_STEP][PASSED] - scoring = sendRequest(findTestObject("EngineScore", ["response_searchME_kons":response_searchME_kons, "response_searchME_spouse":response_searchME_spouse])): Send request successfully

2022-11-24 17:29:21 - [MESSAGE][INFO] - HAR: D:\DMS\Engine Scoring\Reports\20221124_171436\Exclude KKB - DS - Married\Scoring Married - DS\20221124_171436\requests\main\129.har

2022-11-24 17:29:21 - [MESSAGE][PASSED] - Send request successfully

2022-11-24 17:29:21 - [TEST_STEP][PASSED] - verifyResponseStatusCode(scoring, 200): Verify response status code successfully

2022-11-24 17:29:21 - [MESSAGE][PASSED] - Verify response status code successfully

2022-11-24 17:29:21 - [TEST_STEP][PASSED] - response2 = scoring.getResponseText(): null

2022-11-24 17:29:21 - [TEST_STEP][PASSED] - markPassed("result service data ke : " + no): result service data ke : 165

2022-11-24 17:29:21 - [MESSAGE][PASSED] - result service data ke : 165

2022-11-24 17:29:21 - [TEST_STEP][PASSED] - logInfo($response2): {"result_konsumen":"Reject","result_pasangan":"Approve","Final_result":"Reject","errorMessage":"","status":"Done"}

2022-11-24 17:29:21 - [MESSAGE][INFO] - {"result_konsumen":"Reject","result_pasangan":"Approve","Final_result":"Reject","errorMessage":"","status":"Done"}

2022-11-24 17:29:21 - [TEST_STEP][PASSED] - verifyElementPropertyValue(scoring, "Final_result", final_result): Verify element property value successfully

2022-11-24 17:29:21 - [MESSAGE][PASSED] - Verify element property value successfully]]></system-out>
         <system-err><![CDATA[]]></system-err>
      </testcase>
      <testcase name="Test Cases/Engine_Scoring/Engine Scoring" time="6.867" classname="Test Cases/Engine_Scoring/Engine Scoring" status="PASSED">
         <system-out><![CDATA[2022-11-24 17:29:21 - [TEST_CASE][PASSED] - Test Cases/Engine_Scoring/Engine Scoring: Test Cases/Engine_Scoring/Engine Scoring

2022-11-24 17:29:22 - [TEST_STEP][PASSED] - markPassed("Variasi data ke : " + no): Variasi data ke : 166

2022-11-24 17:29:22 - [MESSAGE][PASSED] - Variasi data ke : 166

2022-11-24 17:29:22 - [TEST_STEP][PASSED] - req_data = sendRequest(findTestObject("Search_ME", ["MID":MID, "source":source, "ip":ip, "userid":userid, "branch":branch, "tipekons":tipekons, "marital":marital, "penjamin":penjamin, ... ])): Send request successfully

2022-11-24 17:29:23 - [MESSAGE][INFO] - HAR: D:\DMS\Engine Scoring\Reports\20221124_171436\Exclude KKB - DS - Married\Scoring Married - DS\20221124_171436\requests\main\130.har

2022-11-24 17:29:23 - [MESSAGE][PASSED] - Send request successfully

2022-11-24 17:29:23 - [TEST_STEP][PASSED] - slurper = new groovy.json.JsonSlurper(): null

2022-11-24 17:29:23 - [TEST_STEP][PASSED] - result = slurper.parseText(req_data.getResponseBodyContent()): null

2022-11-24 17:29:23 - [TEST_STEP][PASSED] - reqid_kons = requestid1: null

2022-11-24 17:29:23 - [TEST_STEP][PASSED] - reqid_spouse = requestid2: null

2022-11-24 17:29:23 - [TEST_STEP][PASSED] - println("requestid kons : " + reqid_kons): null

2022-11-24 17:29:23 - [TEST_STEP][PASSED] - response_searchME_kons = reqid_kons: null

2022-11-24 17:29:23 - [TEST_STEP][PASSED] - response_searchME_spouse = reqid_spouse: null

2022-11-24 17:29:23 - [TEST_STEP][PASSED] - println("kons req id is :" + response_searchME_kons): null

2022-11-24 17:29:23 - [TEST_STEP][PASSED] - println("spouse req id is : " + response_searchME_spouse): null

2022-11-24 17:29:23 - [TEST_STEP][PASSED] - verifyResponseStatusCode(req_data, 200): Verify response status code successfully

2022-11-24 17:29:23 - [MESSAGE][PASSED] - Verify response status code successfully

2022-11-24 17:29:23 - [TEST_STEP][PASSED] - response = req_data.getResponseText(): null

2022-11-24 17:29:23 - [TEST_STEP][PASSED] - logInfo($response): {"status":"Done","data":{"requestid1":"254390","requestid2":"254391"}}

2022-11-24 17:29:23 - [MESSAGE][INFO] - {"status":"Done","data":{"requestid1":"254390","requestid2":"254391"}}

2022-11-24 17:29:23 - [TEST_STEP][PASSED] - delay(5): Delayed 5 second(s)

2022-11-24 17:29:28 - [MESSAGE][PASSED] - Delayed 5 second(s)

2022-11-24 17:29:28 - [TEST_STEP][PASSED] - scoring = sendRequest(findTestObject("EngineScore", ["response_searchME_kons":response_searchME_kons, "response_searchME_spouse":response_searchME_spouse])): Send request successfully

2022-11-24 17:29:28 - [MESSAGE][INFO] - HAR: D:\DMS\Engine Scoring\Reports\20221124_171436\Exclude KKB - DS - Married\Scoring Married - DS\20221124_171436\requests\main\131.har

2022-11-24 17:29:28 - [MESSAGE][PASSED] - Send request successfully

2022-11-24 17:29:28 - [TEST_STEP][PASSED] - verifyResponseStatusCode(scoring, 200): Verify response status code successfully

2022-11-24 17:29:28 - [MESSAGE][PASSED] - Verify response status code successfully

2022-11-24 17:29:28 - [TEST_STEP][PASSED] - response2 = scoring.getResponseText(): null

2022-11-24 17:29:28 - [TEST_STEP][PASSED] - markPassed("result service data ke : " + no): result service data ke : 166

2022-11-24 17:29:28 - [MESSAGE][PASSED] - result service data ke : 166

2022-11-24 17:29:28 - [TEST_STEP][PASSED] - logInfo($response2): {"result_konsumen":"Reject","result_pasangan":"Approve","Final_result":"Reject","errorMessage":"","status":"Done"}

2022-11-24 17:29:28 - [MESSAGE][INFO] - {"result_konsumen":"Reject","result_pasangan":"Approve","Final_result":"Reject","errorMessage":"","status":"Done"}

2022-11-24 17:29:28 - [TEST_STEP][PASSED] - verifyElementPropertyValue(scoring, "Final_result", final_result): Verify element property value successfully

2022-11-24 17:29:28 - [MESSAGE][PASSED] - Verify element property value successfully]]></system-out>
         <system-err><![CDATA[]]></system-err>
      </testcase>
      <testcase name="Test Cases/Engine_Scoring/Engine Scoring" time="6.769" classname="Test Cases/Engine_Scoring/Engine Scoring" status="PASSED">
         <system-out><![CDATA[2022-11-24 17:29:28 - [TEST_CASE][PASSED] - Test Cases/Engine_Scoring/Engine Scoring: Test Cases/Engine_Scoring/Engine Scoring

2022-11-24 17:29:29 - [TEST_STEP][PASSED] - markPassed("Variasi data ke : " + no): Variasi data ke : 167

2022-11-24 17:29:29 - [MESSAGE][PASSED] - Variasi data ke : 167

2022-11-24 17:29:29 - [TEST_STEP][PASSED] - req_data = sendRequest(findTestObject("Search_ME", ["MID":MID, "source":source, "ip":ip, "userid":userid, "branch":branch, "tipekons":tipekons, "marital":marital, "penjamin":penjamin, ... ])): Send request successfully

2022-11-24 17:29:30 - [MESSAGE][INFO] - HAR: D:\DMS\Engine Scoring\Reports\20221124_171436\Exclude KKB - DS - Married\Scoring Married - DS\20221124_171436\requests\main\132.har

2022-11-24 17:29:30 - [MESSAGE][PASSED] - Send request successfully

2022-11-24 17:29:30 - [TEST_STEP][PASSED] - slurper = new groovy.json.JsonSlurper(): null

2022-11-24 17:29:30 - [TEST_STEP][PASSED] - result = slurper.parseText(req_data.getResponseBodyContent()): null

2022-11-24 17:29:30 - [TEST_STEP][PASSED] - reqid_kons = requestid1: null

2022-11-24 17:29:30 - [TEST_STEP][PASSED] - reqid_spouse = requestid2: null

2022-11-24 17:29:30 - [TEST_STEP][PASSED] - println("requestid kons : " + reqid_kons): null

2022-11-24 17:29:30 - [TEST_STEP][PASSED] - response_searchME_kons = reqid_kons: null

2022-11-24 17:29:30 - [TEST_STEP][PASSED] - response_searchME_spouse = reqid_spouse: null

2022-11-24 17:29:30 - [TEST_STEP][PASSED] - println("kons req id is :" + response_searchME_kons): null

2022-11-24 17:29:30 - [TEST_STEP][PASSED] - println("spouse req id is : " + response_searchME_spouse): null

2022-11-24 17:29:30 - [TEST_STEP][PASSED] - verifyResponseStatusCode(req_data, 200): Verify response status code successfully

2022-11-24 17:29:30 - [MESSAGE][PASSED] - Verify response status code successfully

2022-11-24 17:29:30 - [TEST_STEP][PASSED] - response = req_data.getResponseText(): null

2022-11-24 17:29:30 - [TEST_STEP][PASSED] - logInfo($response): {"status":"Done","data":{"requestid1":"254392","requestid2":"254393"}}

2022-11-24 17:29:30 - [MESSAGE][INFO] - {"status":"Done","data":{"requestid1":"254392","requestid2":"254393"}}

2022-11-24 17:29:30 - [TEST_STEP][PASSED] - delay(5): Delayed 5 second(s)

2022-11-24 17:29:35 - [MESSAGE][PASSED] - Delayed 5 second(s)

2022-11-24 17:29:35 - [TEST_STEP][PASSED] - scoring = sendRequest(findTestObject("EngineScore", ["response_searchME_kons":response_searchME_kons, "response_searchME_spouse":response_searchME_spouse])): Send request successfully

2022-11-24 17:29:35 - [MESSAGE][INFO] - HAR: D:\DMS\Engine Scoring\Reports\20221124_171436\Exclude KKB - DS - Married\Scoring Married - DS\20221124_171436\requests\main\133.har

2022-11-24 17:29:35 - [MESSAGE][PASSED] - Send request successfully

2022-11-24 17:29:35 - [TEST_STEP][PASSED] - verifyResponseStatusCode(scoring, 200): Verify response status code successfully

2022-11-24 17:29:35 - [MESSAGE][PASSED] - Verify response status code successfully

2022-11-24 17:29:35 - [TEST_STEP][PASSED] - response2 = scoring.getResponseText(): null

2022-11-24 17:29:35 - [TEST_STEP][PASSED] - markPassed("result service data ke : " + no): result service data ke : 167

2022-11-24 17:29:35 - [MESSAGE][PASSED] - result service data ke : 167

2022-11-24 17:29:35 - [TEST_STEP][PASSED] - logInfo($response2): {"result_konsumen":"Reject","result_pasangan":"Reject","Final_result":"Reject","errorMessage":"","status":"Done"}

2022-11-24 17:29:35 - [MESSAGE][INFO] - {"result_konsumen":"Reject","result_pasangan":"Reject","Final_result":"Reject","errorMessage":"","status":"Done"}

2022-11-24 17:29:35 - [TEST_STEP][PASSED] - verifyElementPropertyValue(scoring, "Final_result", final_result): Verify element property value successfully

2022-11-24 17:29:35 - [MESSAGE][PASSED] - Verify element property value successfully]]></system-out>
         <system-err><![CDATA[]]></system-err>
      </testcase>
      <testcase name="Test Cases/Engine_Scoring/Engine Scoring" time="6.904" classname="Test Cases/Engine_Scoring/Engine Scoring" status="PASSED">
         <system-out><![CDATA[2022-11-24 17:29:35 - [TEST_CASE][PASSED] - Test Cases/Engine_Scoring/Engine Scoring: Test Cases/Engine_Scoring/Engine Scoring

2022-11-24 17:29:36 - [TEST_STEP][PASSED] - markPassed("Variasi data ke : " + no): Variasi data ke : 168

2022-11-24 17:29:36 - [MESSAGE][PASSED] - Variasi data ke : 168

2022-11-24 17:29:36 - [TEST_STEP][PASSED] - req_data = sendRequest(findTestObject("Search_ME", ["MID":MID, "source":source, "ip":ip, "userid":userid, "branch":branch, "tipekons":tipekons, "marital":marital, "penjamin":penjamin, ... ])): Send request successfully

2022-11-24 17:29:36 - [MESSAGE][INFO] - HAR: D:\DMS\Engine Scoring\Reports\20221124_171436\Exclude KKB - DS - Married\Scoring Married - DS\20221124_171436\requests\main\134.har

2022-11-24 17:29:37 - [MESSAGE][PASSED] - Send request successfully

2022-11-24 17:29:37 - [TEST_STEP][PASSED] - slurper = new groovy.json.JsonSlurper(): null

2022-11-24 17:29:37 - [TEST_STEP][PASSED] - result = slurper.parseText(req_data.getResponseBodyContent()): null

2022-11-24 17:29:37 - [TEST_STEP][PASSED] - reqid_kons = requestid1: null

2022-11-24 17:29:37 - [TEST_STEP][PASSED] - reqid_spouse = requestid2: null

2022-11-24 17:29:37 - [TEST_STEP][PASSED] - println("requestid kons : " + reqid_kons): null

2022-11-24 17:29:37 - [TEST_STEP][PASSED] - response_searchME_kons = reqid_kons: null

2022-11-24 17:29:37 - [TEST_STEP][PASSED] - response_searchME_spouse = reqid_spouse: null

2022-11-24 17:29:37 - [TEST_STEP][PASSED] - println("kons req id is :" + response_searchME_kons): null

2022-11-24 17:29:37 - [TEST_STEP][PASSED] - println("spouse req id is : " + response_searchME_spouse): null

2022-11-24 17:29:37 - [TEST_STEP][PASSED] - verifyResponseStatusCode(req_data, 200): Verify response status code successfully

2022-11-24 17:29:37 - [MESSAGE][PASSED] - Verify response status code successfully

2022-11-24 17:29:37 - [TEST_STEP][PASSED] - response = req_data.getResponseText(): null

2022-11-24 17:29:37 - [TEST_STEP][PASSED] - logInfo($response): {"status":"Done","data":{"requestid1":"254394","requestid2":"254395"}}

2022-11-24 17:29:37 - [MESSAGE][INFO] - {"status":"Done","data":{"requestid1":"254394","requestid2":"254395"}}

2022-11-24 17:29:37 - [TEST_STEP][PASSED] - delay(5): Delayed 5 second(s)

2022-11-24 17:29:42 - [MESSAGE][PASSED] - Delayed 5 second(s)

2022-11-24 17:29:42 - [TEST_STEP][PASSED] - scoring = sendRequest(findTestObject("EngineScore", ["response_searchME_kons":response_searchME_kons, "response_searchME_spouse":response_searchME_spouse])): Send request successfully

2022-11-24 17:29:42 - [MESSAGE][INFO] - HAR: D:\DMS\Engine Scoring\Reports\20221124_171436\Exclude KKB - DS - Married\Scoring Married - DS\20221124_171436\requests\main\135.har

2022-11-24 17:29:42 - [MESSAGE][PASSED] - Send request successfully

2022-11-24 17:29:42 - [TEST_STEP][PASSED] - verifyResponseStatusCode(scoring, 200): Verify response status code successfully

2022-11-24 17:29:42 - [MESSAGE][PASSED] - Verify response status code successfully

2022-11-24 17:29:42 - [TEST_STEP][PASSED] - response2 = scoring.getResponseText(): null

2022-11-24 17:29:42 - [TEST_STEP][PASSED] - markPassed("result service data ke : " + no): result service data ke : 168

2022-11-24 17:29:42 - [MESSAGE][PASSED] - result service data ke : 168

2022-11-24 17:29:42 - [TEST_STEP][PASSED] - logInfo($response2): {"result_konsumen":"Reject","result_pasangan":"Reject","Final_result":"Reject","errorMessage":"","status":"Done"}

2022-11-24 17:29:42 - [MESSAGE][INFO] - {"result_konsumen":"Reject","result_pasangan":"Reject","Final_result":"Reject","errorMessage":"","status":"Done"}

2022-11-24 17:29:42 - [TEST_STEP][PASSED] - verifyElementPropertyValue(scoring, "Final_result", final_result): Verify element property value successfully

2022-11-24 17:29:42 - [MESSAGE][PASSED] - Verify element property value successfully]]></system-out>
         <system-err><![CDATA[]]></system-err>
      </testcase>
      <testcase name="Test Cases/Engine_Scoring/Engine Scoring" time="6.894" classname="Test Cases/Engine_Scoring/Engine Scoring" status="PASSED">
         <system-out><![CDATA[2022-11-24 17:29:42 - [TEST_CASE][PASSED] - Test Cases/Engine_Scoring/Engine Scoring: Test Cases/Engine_Scoring/Engine Scoring

2022-11-24 17:29:43 - [TEST_STEP][PASSED] - markPassed("Variasi data ke : " + no): Variasi data ke : 169

2022-11-24 17:29:43 - [MESSAGE][PASSED] - Variasi data ke : 169

2022-11-24 17:29:43 - [TEST_STEP][PASSED] - req_data = sendRequest(findTestObject("Search_ME", ["MID":MID, "source":source, "ip":ip, "userid":userid, "branch":branch, "tipekons":tipekons, "marital":marital, "penjamin":penjamin, ... ])): Send request successfully

2022-11-24 17:29:43 - [MESSAGE][INFO] - HAR: D:\DMS\Engine Scoring\Reports\20221124_171436\Exclude KKB - DS - Married\Scoring Married - DS\20221124_171436\requests\main\136.har

2022-11-24 17:29:43 - [MESSAGE][PASSED] - Send request successfully

2022-11-24 17:29:43 - [TEST_STEP][PASSED] - slurper = new groovy.json.JsonSlurper(): null

2022-11-24 17:29:43 - [TEST_STEP][PASSED] - result = slurper.parseText(req_data.getResponseBodyContent()): null

2022-11-24 17:29:43 - [TEST_STEP][PASSED] - reqid_kons = requestid1: null

2022-11-24 17:29:43 - [TEST_STEP][PASSED] - reqid_spouse = requestid2: null

2022-11-24 17:29:43 - [TEST_STEP][PASSED] - println("requestid kons : " + reqid_kons): null

2022-11-24 17:29:43 - [TEST_STEP][PASSED] - response_searchME_kons = reqid_kons: null

2022-11-24 17:29:43 - [TEST_STEP][PASSED] - response_searchME_spouse = reqid_spouse: null

2022-11-24 17:29:43 - [TEST_STEP][PASSED] - println("kons req id is :" + response_searchME_kons): null

2022-11-24 17:29:43 - [TEST_STEP][PASSED] - println("spouse req id is : " + response_searchME_spouse): null

2022-11-24 17:29:43 - [TEST_STEP][PASSED] - verifyResponseStatusCode(req_data, 200): Verify response status code successfully

2022-11-24 17:29:43 - [MESSAGE][PASSED] - Verify response status code successfully

2022-11-24 17:29:43 - [TEST_STEP][PASSED] - response = req_data.getResponseText(): null

2022-11-24 17:29:43 - [TEST_STEP][PASSED] - logInfo($response): {"status":"Done","data":{"requestid1":"254396","requestid2":"254397"}}

2022-11-24 17:29:43 - [MESSAGE][INFO] - {"status":"Done","data":{"requestid1":"254396","requestid2":"254397"}}

2022-11-24 17:29:43 - [TEST_STEP][PASSED] - delay(5): Delayed 5 second(s)

2022-11-24 17:29:48 - [MESSAGE][PASSED] - Delayed 5 second(s)

2022-11-24 17:29:48 - [TEST_STEP][PASSED] - scoring = sendRequest(findTestObject("EngineScore", ["response_searchME_kons":response_searchME_kons, "response_searchME_spouse":response_searchME_spouse])): Send request successfully

2022-11-24 17:29:49 - [MESSAGE][INFO] - HAR: D:\DMS\Engine Scoring\Reports\20221124_171436\Exclude KKB - DS - Married\Scoring Married - DS\20221124_171436\requests\main\137.har

2022-11-24 17:29:49 - [MESSAGE][PASSED] - Send request successfully

2022-11-24 17:29:49 - [TEST_STEP][PASSED] - verifyResponseStatusCode(scoring, 200): Verify response status code successfully

2022-11-24 17:29:49 - [MESSAGE][PASSED] - Verify response status code successfully

2022-11-24 17:29:49 - [TEST_STEP][PASSED] - response2 = scoring.getResponseText(): null

2022-11-24 17:29:49 - [TEST_STEP][PASSED] - markPassed("result service data ke : " + no): result service data ke : 169

2022-11-24 17:29:49 - [MESSAGE][PASSED] - result service data ke : 169

2022-11-24 17:29:49 - [TEST_STEP][PASSED] - logInfo($response2): {"result_konsumen":"Reject","result_pasangan":"Reguler","Final_result":"Reject","errorMessage":"","status":"Done"}

2022-11-24 17:29:49 - [MESSAGE][INFO] - {"result_konsumen":"Reject","result_pasangan":"Reguler","Final_result":"Reject","errorMessage":"","status":"Done"}

2022-11-24 17:29:49 - [TEST_STEP][PASSED] - verifyElementPropertyValue(scoring, "Final_result", final_result): Verify element property value successfully

2022-11-24 17:29:49 - [MESSAGE][PASSED] - Verify element property value successfully]]></system-out>
         <system-err><![CDATA[]]></system-err>
      </testcase>
      <testcase name="Test Cases/Engine_Scoring/Engine Scoring" time="6.86" classname="Test Cases/Engine_Scoring/Engine Scoring" status="PASSED">
         <system-out><![CDATA[2022-11-24 17:29:49 - [TEST_CASE][PASSED] - Test Cases/Engine_Scoring/Engine Scoring: Test Cases/Engine_Scoring/Engine Scoring

2022-11-24 17:29:49 - [TEST_STEP][PASSED] - markPassed("Variasi data ke : " + no): Variasi data ke : 170

2022-11-24 17:29:49 - [MESSAGE][PASSED] - Variasi data ke : 170

2022-11-24 17:29:50 - [TEST_STEP][PASSED] - req_data = sendRequest(findTestObject("Search_ME", ["MID":MID, "source":source, "ip":ip, "userid":userid, "branch":branch, "tipekons":tipekons, "marital":marital, "penjamin":penjamin, ... ])): Send request successfully

2022-11-24 17:29:50 - [MESSAGE][INFO] - HAR: D:\DMS\Engine Scoring\Reports\20221124_171436\Exclude KKB - DS - Married\Scoring Married - DS\20221124_171436\requests\main\138.har

2022-11-24 17:29:50 - [MESSAGE][PASSED] - Send request successfully

2022-11-24 17:29:50 - [TEST_STEP][PASSED] - slurper = new groovy.json.JsonSlurper(): null

2022-11-24 17:29:50 - [TEST_STEP][PASSED] - result = slurper.parseText(req_data.getResponseBodyContent()): null

2022-11-24 17:29:50 - [TEST_STEP][PASSED] - reqid_kons = requestid1: null

2022-11-24 17:29:50 - [TEST_STEP][PASSED] - reqid_spouse = requestid2: null

2022-11-24 17:29:50 - [TEST_STEP][PASSED] - println("requestid kons : " + reqid_kons): null

2022-11-24 17:29:50 - [TEST_STEP][PASSED] - response_searchME_kons = reqid_kons: null

2022-11-24 17:29:50 - [TEST_STEP][PASSED] - response_searchME_spouse = reqid_spouse: null

2022-11-24 17:29:50 - [TEST_STEP][PASSED] - println("kons req id is :" + response_searchME_kons): null

2022-11-24 17:29:50 - [TEST_STEP][PASSED] - println("spouse req id is : " + response_searchME_spouse): null

2022-11-24 17:29:50 - [TEST_STEP][PASSED] - verifyResponseStatusCode(req_data, 200): Verify response status code successfully

2022-11-24 17:29:50 - [MESSAGE][PASSED] - Verify response status code successfully

2022-11-24 17:29:50 - [TEST_STEP][PASSED] - response = req_data.getResponseText(): null

2022-11-24 17:29:50 - [TEST_STEP][PASSED] - logInfo($response): {"status":"Done","data":{"requestid1":"254398","requestid2":"254399"}}

2022-11-24 17:29:50 - [MESSAGE][INFO] - {"status":"Done","data":{"requestid1":"254398","requestid2":"254399"}}

2022-11-24 17:29:50 - [TEST_STEP][PASSED] - delay(5): Delayed 5 second(s)

2022-11-24 17:29:55 - [MESSAGE][PASSED] - Delayed 5 second(s)

2022-11-24 17:29:55 - [TEST_STEP][PASSED] - scoring = sendRequest(findTestObject("EngineScore", ["response_searchME_kons":response_searchME_kons, "response_searchME_spouse":response_searchME_spouse])): Send request successfully

2022-11-24 17:29:56 - [MESSAGE][INFO] - HAR: D:\DMS\Engine Scoring\Reports\20221124_171436\Exclude KKB - DS - Married\Scoring Married - DS\20221124_171436\requests\main\139.har

2022-11-24 17:29:56 - [MESSAGE][PASSED] - Send request successfully

2022-11-24 17:29:56 - [TEST_STEP][PASSED] - verifyResponseStatusCode(scoring, 200): Verify response status code successfully

2022-11-24 17:29:56 - [MESSAGE][PASSED] - Verify response status code successfully

2022-11-24 17:29:56 - [TEST_STEP][PASSED] - response2 = scoring.getResponseText(): null

2022-11-24 17:29:56 - [TEST_STEP][PASSED] - markPassed("result service data ke : " + no): result service data ke : 170

2022-11-24 17:29:56 - [MESSAGE][PASSED] - result service data ke : 170

2022-11-24 17:29:56 - [TEST_STEP][PASSED] - logInfo($response2): {"result_konsumen":"Reject","result_pasangan":"Reguler","Final_result":"Reject","errorMessage":"","status":"Done"}

2022-11-24 17:29:56 - [MESSAGE][INFO] - {"result_konsumen":"Reject","result_pasangan":"Reguler","Final_result":"Reject","errorMessage":"","status":"Done"}

2022-11-24 17:29:56 - [TEST_STEP][PASSED] - verifyElementPropertyValue(scoring, "Final_result", final_result): Verify element property value successfully

2022-11-24 17:29:56 - [MESSAGE][PASSED] - Verify element property value successfully]]></system-out>
         <system-err><![CDATA[]]></system-err>
      </testcase>
      <testcase name="Test Cases/Engine_Scoring/Engine Scoring" time="7.087" classname="Test Cases/Engine_Scoring/Engine Scoring" status="PASSED">
         <system-out><![CDATA[2022-11-24 17:29:56 - [TEST_CASE][PASSED] - Test Cases/Engine_Scoring/Engine Scoring: Test Cases/Engine_Scoring/Engine Scoring

2022-11-24 17:29:56 - [TEST_STEP][PASSED] - markPassed("Variasi data ke : " + no): Variasi data ke : 171

2022-11-24 17:29:56 - [MESSAGE][PASSED] - Variasi data ke : 171

2022-11-24 17:29:56 - [TEST_STEP][PASSED] - req_data = sendRequest(findTestObject("Search_ME", ["MID":MID, "source":source, "ip":ip, "userid":userid, "branch":branch, "tipekons":tipekons, "marital":marital, "penjamin":penjamin, ... ])): Send request successfully

2022-11-24 17:29:57 - [MESSAGE][INFO] - HAR: D:\DMS\Engine Scoring\Reports\20221124_171436\Exclude KKB - DS - Married\Scoring Married - DS\20221124_171436\requests\main\140.har

2022-11-24 17:29:57 - [MESSAGE][PASSED] - Send request successfully

2022-11-24 17:29:57 - [TEST_STEP][PASSED] - slurper = new groovy.json.JsonSlurper(): null

2022-11-24 17:29:57 - [TEST_STEP][PASSED] - result = slurper.parseText(req_data.getResponseBodyContent()): null

2022-11-24 17:29:57 - [TEST_STEP][PASSED] - reqid_kons = requestid1: null

2022-11-24 17:29:57 - [TEST_STEP][PASSED] - reqid_spouse = requestid2: null

2022-11-24 17:29:57 - [TEST_STEP][PASSED] - println("requestid kons : " + reqid_kons): null

2022-11-24 17:29:57 - [TEST_STEP][PASSED] - response_searchME_kons = reqid_kons: null

2022-11-24 17:29:57 - [TEST_STEP][PASSED] - response_searchME_spouse = reqid_spouse: null

2022-11-24 17:29:57 - [TEST_STEP][PASSED] - println("kons req id is :" + response_searchME_kons): null

2022-11-24 17:29:57 - [TEST_STEP][PASSED] - println("spouse req id is : " + response_searchME_spouse): null

2022-11-24 17:29:57 - [TEST_STEP][PASSED] - verifyResponseStatusCode(req_data, 200): Verify response status code successfully

2022-11-24 17:29:57 - [MESSAGE][PASSED] - Verify response status code successfully

2022-11-24 17:29:57 - [TEST_STEP][PASSED] - response = req_data.getResponseText(): null

2022-11-24 17:29:57 - [TEST_STEP][PASSED] - logInfo($response): {"status":"Done","data":{"requestid1":"254400","requestid2":"254401"}}

2022-11-24 17:29:57 - [MESSAGE][INFO] - {"status":"Done","data":{"requestid1":"254400","requestid2":"254401"}}

2022-11-24 17:29:57 - [TEST_STEP][PASSED] - delay(5): Delayed 5 second(s)

2022-11-24 17:30:02 - [MESSAGE][PASSED] - Delayed 5 second(s)

2022-11-24 17:30:02 - [TEST_STEP][PASSED] - scoring = sendRequest(findTestObject("EngineScore", ["response_searchME_kons":response_searchME_kons, "response_searchME_spouse":response_searchME_spouse])): Send request successfully

2022-11-24 17:30:03 - [MESSAGE][INFO] - HAR: D:\DMS\Engine Scoring\Reports\20221124_171436\Exclude KKB - DS - Married\Scoring Married - DS\20221124_171436\requests\main\141.har

2022-11-24 17:30:03 - [MESSAGE][PASSED] - Send request successfully

2022-11-24 17:30:03 - [TEST_STEP][PASSED] - verifyResponseStatusCode(scoring, 200): Verify response status code successfully

2022-11-24 17:30:03 - [MESSAGE][PASSED] - Verify response status code successfully

2022-11-24 17:30:03 - [TEST_STEP][PASSED] - response2 = scoring.getResponseText(): null

2022-11-24 17:30:03 - [TEST_STEP][PASSED] - markPassed("result service data ke : " + no): result service data ke : 171

2022-11-24 17:30:03 - [MESSAGE][PASSED] - result service data ke : 171

2022-11-24 17:30:03 - [TEST_STEP][PASSED] - logInfo($response2): {"result_konsumen":"Reject","result_pasangan":"Reguler","Final_result":"Reject","errorMessage":"","status":"Done"}

2022-11-24 17:30:03 - [MESSAGE][INFO] - {"result_konsumen":"Reject","result_pasangan":"Reguler","Final_result":"Reject","errorMessage":"","status":"Done"}

2022-11-24 17:30:03 - [TEST_STEP][PASSED] - verifyElementPropertyValue(scoring, "Final_result", final_result): Verify element property value successfully

2022-11-24 17:30:03 - [MESSAGE][PASSED] - Verify element property value successfully]]></system-out>
         <system-err><![CDATA[]]></system-err>
      </testcase>
      <testcase name="Test Cases/Engine_Scoring/Engine Scoring" time="6.76" classname="Test Cases/Engine_Scoring/Engine Scoring" status="PASSED">
         <system-out><![CDATA[2022-11-24 17:30:03 - [TEST_CASE][PASSED] - Test Cases/Engine_Scoring/Engine Scoring: Test Cases/Engine_Scoring/Engine Scoring

2022-11-24 17:30:04 - [TEST_STEP][PASSED] - markPassed("Variasi data ke : " + no): Variasi data ke : 172

2022-11-24 17:30:04 - [MESSAGE][PASSED] - Variasi data ke : 172

2022-11-24 17:30:04 - [TEST_STEP][PASSED] - req_data = sendRequest(findTestObject("Search_ME", ["MID":MID, "source":source, "ip":ip, "userid":userid, "branch":branch, "tipekons":tipekons, "marital":marital, "penjamin":penjamin, ... ])): Send request successfully

2022-11-24 17:30:04 - [MESSAGE][INFO] - HAR: D:\DMS\Engine Scoring\Reports\20221124_171436\Exclude KKB - DS - Married\Scoring Married - DS\20221124_171436\requests\main\142.har

2022-11-24 17:30:04 - [MESSAGE][PASSED] - Send request successfully

2022-11-24 17:30:04 - [TEST_STEP][PASSED] - slurper = new groovy.json.JsonSlurper(): null

2022-11-24 17:30:04 - [TEST_STEP][PASSED] - result = slurper.parseText(req_data.getResponseBodyContent()): null

2022-11-24 17:30:04 - [TEST_STEP][PASSED] - reqid_kons = requestid1: null

2022-11-24 17:30:04 - [TEST_STEP][PASSED] - reqid_spouse = requestid2: null

2022-11-24 17:30:04 - [TEST_STEP][PASSED] - println("requestid kons : " + reqid_kons): null

2022-11-24 17:30:04 - [TEST_STEP][PASSED] - response_searchME_kons = reqid_kons: null

2022-11-24 17:30:04 - [TEST_STEP][PASSED] - response_searchME_spouse = reqid_spouse: null

2022-11-24 17:30:04 - [TEST_STEP][PASSED] - println("kons req id is :" + response_searchME_kons): null

2022-11-24 17:30:04 - [TEST_STEP][PASSED] - println("spouse req id is : " + response_searchME_spouse): null

2022-11-24 17:30:04 - [TEST_STEP][PASSED] - verifyResponseStatusCode(req_data, 200): Verify response status code successfully

2022-11-24 17:30:04 - [MESSAGE][PASSED] - Verify response status code successfully

2022-11-24 17:30:04 - [TEST_STEP][PASSED] - response = req_data.getResponseText(): null

2022-11-24 17:30:04 - [TEST_STEP][PASSED] - logInfo($response): {"status":"Done","data":{"requestid1":"254402","requestid2":"254403"}}

2022-11-24 17:30:04 - [MESSAGE][INFO] - {"status":"Done","data":{"requestid1":"254402","requestid2":"254403"}}

2022-11-24 17:30:04 - [TEST_STEP][PASSED] - delay(5): Delayed 5 second(s)

2022-11-24 17:30:09 - [MESSAGE][PASSED] - Delayed 5 second(s)

2022-11-24 17:30:09 - [TEST_STEP][PASSED] - scoring = sendRequest(findTestObject("EngineScore", ["response_searchME_kons":response_searchME_kons, "response_searchME_spouse":response_searchME_spouse])): Send request successfully

2022-11-24 17:30:10 - [MESSAGE][INFO] - HAR: D:\DMS\Engine Scoring\Reports\20221124_171436\Exclude KKB - DS - Married\Scoring Married - DS\20221124_171436\requests\main\143.har

2022-11-24 17:30:10 - [MESSAGE][PASSED] - Send request successfully

2022-11-24 17:30:10 - [TEST_STEP][PASSED] - verifyResponseStatusCode(scoring, 200): Verify response status code successfully

2022-11-24 17:30:10 - [MESSAGE][PASSED] - Verify response status code successfully

2022-11-24 17:30:10 - [TEST_STEP][PASSED] - response2 = scoring.getResponseText(): null

2022-11-24 17:30:10 - [TEST_STEP][PASSED] - markPassed("result service data ke : " + no): result service data ke : 172

2022-11-24 17:30:10 - [MESSAGE][PASSED] - result service data ke : 172

2022-11-24 17:30:10 - [TEST_STEP][PASSED] - logInfo($response2): {"result_konsumen":"Reject","result_pasangan":"Reject","Final_result":"Reject","errorMessage":"","status":"Done"}

2022-11-24 17:30:10 - [MESSAGE][INFO] - {"result_konsumen":"Reject","result_pasangan":"Reject","Final_result":"Reject","errorMessage":"","status":"Done"}

2022-11-24 17:30:10 - [TEST_STEP][PASSED] - verifyElementPropertyValue(scoring, "Final_result", final_result): Verify element property value successfully

2022-11-24 17:30:10 - [MESSAGE][PASSED] - Verify element property value successfully]]></system-out>
         <system-err><![CDATA[]]></system-err>
      </testcase>
      <testcase name="Test Cases/Engine_Scoring/Engine Scoring" time="7.003" classname="Test Cases/Engine_Scoring/Engine Scoring" status="PASSED">
         <system-out><![CDATA[2022-11-24 17:30:10 - [TEST_CASE][PASSED] - Test Cases/Engine_Scoring/Engine Scoring: Test Cases/Engine_Scoring/Engine Scoring

2022-11-24 17:30:11 - [TEST_STEP][PASSED] - markPassed("Variasi data ke : " + no): Variasi data ke : 173

2022-11-24 17:30:11 - [MESSAGE][PASSED] - Variasi data ke : 173

2022-11-24 17:30:11 - [TEST_STEP][PASSED] - req_data = sendRequest(findTestObject("Search_ME", ["MID":MID, "source":source, "ip":ip, "userid":userid, "branch":branch, "tipekons":tipekons, "marital":marital, "penjamin":penjamin, ... ])): Send request successfully

2022-11-24 17:30:11 - [MESSAGE][INFO] - HAR: D:\DMS\Engine Scoring\Reports\20221124_171436\Exclude KKB - DS - Married\Scoring Married - DS\20221124_171436\requests\main\144.har

2022-11-24 17:30:11 - [MESSAGE][PASSED] - Send request successfully

2022-11-24 17:30:11 - [TEST_STEP][PASSED] - slurper = new groovy.json.JsonSlurper(): null

2022-11-24 17:30:11 - [TEST_STEP][PASSED] - result = slurper.parseText(req_data.getResponseBodyContent()): null

2022-11-24 17:30:11 - [TEST_STEP][PASSED] - reqid_kons = requestid1: null

2022-11-24 17:30:11 - [TEST_STEP][PASSED] - reqid_spouse = requestid2: null

2022-11-24 17:30:11 - [TEST_STEP][PASSED] - println("requestid kons : " + reqid_kons): null

2022-11-24 17:30:11 - [TEST_STEP][PASSED] - response_searchME_kons = reqid_kons: null

2022-11-24 17:30:11 - [TEST_STEP][PASSED] - response_searchME_spouse = reqid_spouse: null

2022-11-24 17:30:11 - [TEST_STEP][PASSED] - println("kons req id is :" + response_searchME_kons): null

2022-11-24 17:30:11 - [TEST_STEP][PASSED] - println("spouse req id is : " + response_searchME_spouse): null

2022-11-24 17:30:11 - [TEST_STEP][PASSED] - verifyResponseStatusCode(req_data, 200): Verify response status code successfully

2022-11-24 17:30:11 - [MESSAGE][PASSED] - Verify response status code successfully

2022-11-24 17:30:11 - [TEST_STEP][PASSED] - response = req_data.getResponseText(): null

2022-11-24 17:30:11 - [TEST_STEP][PASSED] - logInfo($response): {"status":"Done","data":{"requestid1":"254404","requestid2":"254405"}}

2022-11-24 17:30:11 - [MESSAGE][INFO] - {"status":"Done","data":{"requestid1":"254404","requestid2":"254405"}}

2022-11-24 17:30:11 - [TEST_STEP][PASSED] - delay(5): Delayed 5 second(s)

2022-11-24 17:30:16 - [MESSAGE][PASSED] - Delayed 5 second(s)

2022-11-24 17:30:16 - [TEST_STEP][PASSED] - scoring = sendRequest(findTestObject("EngineScore", ["response_searchME_kons":response_searchME_kons, "response_searchME_spouse":response_searchME_spouse])): Send request successfully

2022-11-24 17:30:17 - [MESSAGE][INFO] - HAR: D:\DMS\Engine Scoring\Reports\20221124_171436\Exclude KKB - DS - Married\Scoring Married - DS\20221124_171436\requests\main\145.har

2022-11-24 17:30:17 - [MESSAGE][PASSED] - Send request successfully

2022-11-24 17:30:17 - [TEST_STEP][PASSED] - verifyResponseStatusCode(scoring, 200): Verify response status code successfully

2022-11-24 17:30:17 - [MESSAGE][PASSED] - Verify response status code successfully

2022-11-24 17:30:17 - [TEST_STEP][PASSED] - response2 = scoring.getResponseText(): null

2022-11-24 17:30:17 - [TEST_STEP][PASSED] - markPassed("result service data ke : " + no): result service data ke : 173

2022-11-24 17:30:17 - [MESSAGE][PASSED] - result service data ke : 173

2022-11-24 17:30:17 - [TEST_STEP][PASSED] - logInfo($response2): {"result_konsumen":"Reject","result_pasangan":"Reject","Final_result":"Reject","errorMessage":"","status":"Done"}

2022-11-24 17:30:17 - [MESSAGE][INFO] - {"result_konsumen":"Reject","result_pasangan":"Reject","Final_result":"Reject","errorMessage":"","status":"Done"}

2022-11-24 17:30:17 - [TEST_STEP][PASSED] - verifyElementPropertyValue(scoring, "Final_result", final_result): Verify element property value successfully

2022-11-24 17:30:17 - [MESSAGE][PASSED] - Verify element property value successfully]]></system-out>
         <system-err><![CDATA[]]></system-err>
      </testcase>
      <testcase name="Test Cases/Engine_Scoring/Engine Scoring" time="6.88" classname="Test Cases/Engine_Scoring/Engine Scoring" status="PASSED">
         <system-out><![CDATA[2022-11-24 17:30:17 - [TEST_CASE][PASSED] - Test Cases/Engine_Scoring/Engine Scoring: Test Cases/Engine_Scoring/Engine Scoring

2022-11-24 17:30:18 - [TEST_STEP][PASSED] - markPassed("Variasi data ke : " + no): Variasi data ke : 174

2022-11-24 17:30:18 - [MESSAGE][PASSED] - Variasi data ke : 174

2022-11-24 17:30:18 - [TEST_STEP][PASSED] - req_data = sendRequest(findTestObject("Search_ME", ["MID":MID, "source":source, "ip":ip, "userid":userid, "branch":branch, "tipekons":tipekons, "marital":marital, "penjamin":penjamin, ... ])): Send request successfully

2022-11-24 17:30:18 - [MESSAGE][INFO] - HAR: D:\DMS\Engine Scoring\Reports\20221124_171436\Exclude KKB - DS - Married\Scoring Married - DS\20221124_171436\requests\main\146.har

2022-11-24 17:30:18 - [MESSAGE][PASSED] - Send request successfully

2022-11-24 17:30:18 - [TEST_STEP][PASSED] - slurper = new groovy.json.JsonSlurper(): null

2022-11-24 17:30:18 - [TEST_STEP][PASSED] - result = slurper.parseText(req_data.getResponseBodyContent()): null

2022-11-24 17:30:18 - [TEST_STEP][PASSED] - reqid_kons = requestid1: null

2022-11-24 17:30:18 - [TEST_STEP][PASSED] - reqid_spouse = requestid2: null

2022-11-24 17:30:18 - [TEST_STEP][PASSED] - println("requestid kons : " + reqid_kons): null

2022-11-24 17:30:18 - [TEST_STEP][PASSED] - response_searchME_kons = reqid_kons: null

2022-11-24 17:30:18 - [TEST_STEP][PASSED] - response_searchME_spouse = reqid_spouse: null

2022-11-24 17:30:18 - [TEST_STEP][PASSED] - println("kons req id is :" + response_searchME_kons): null

2022-11-24 17:30:18 - [TEST_STEP][PASSED] - println("spouse req id is : " + response_searchME_spouse): null

2022-11-24 17:30:18 - [TEST_STEP][PASSED] - verifyResponseStatusCode(req_data, 200): Verify response status code successfully

2022-11-24 17:30:18 - [MESSAGE][PASSED] - Verify response status code successfully

2022-11-24 17:30:18 - [TEST_STEP][PASSED] - response = req_data.getResponseText(): null

2022-11-24 17:30:18 - [TEST_STEP][PASSED] - logInfo($response): {"status":"Done","data":{"requestid1":"254406","requestid2":"254407"}}

2022-11-24 17:30:18 - [MESSAGE][INFO] - {"status":"Done","data":{"requestid1":"254406","requestid2":"254407"}}

2022-11-24 17:30:18 - [TEST_STEP][PASSED] - delay(5): Delayed 5 second(s)

2022-11-24 17:30:23 - [MESSAGE][PASSED] - Delayed 5 second(s)

2022-11-24 17:30:23 - [TEST_STEP][PASSED] - scoring = sendRequest(findTestObject("EngineScore", ["response_searchME_kons":response_searchME_kons, "response_searchME_spouse":response_searchME_spouse])): Send request successfully

2022-11-24 17:30:24 - [MESSAGE][INFO] - HAR: D:\DMS\Engine Scoring\Reports\20221124_171436\Exclude KKB - DS - Married\Scoring Married - DS\20221124_171436\requests\main\147.har

2022-11-24 17:30:24 - [MESSAGE][PASSED] - Send request successfully

2022-11-24 17:30:24 - [TEST_STEP][PASSED] - verifyResponseStatusCode(scoring, 200): Verify response status code successfully

2022-11-24 17:30:24 - [MESSAGE][PASSED] - Verify response status code successfully

2022-11-24 17:30:24 - [TEST_STEP][PASSED] - response2 = scoring.getResponseText(): null

2022-11-24 17:30:24 - [TEST_STEP][PASSED] - markPassed("result service data ke : " + no): result service data ke : 174

2022-11-24 17:30:24 - [MESSAGE][PASSED] - result service data ke : 174

2022-11-24 17:30:24 - [TEST_STEP][PASSED] - logInfo($response2): {"result_konsumen":"Reject","result_pasangan":"Reject","Final_result":"Reject","errorMessage":"","status":"Done"}

2022-11-24 17:30:24 - [MESSAGE][INFO] - {"result_konsumen":"Reject","result_pasangan":"Reject","Final_result":"Reject","errorMessage":"","status":"Done"}

2022-11-24 17:30:24 - [TEST_STEP][PASSED] - verifyElementPropertyValue(scoring, "Final_result", final_result): Verify element property value successfully

2022-11-24 17:30:24 - [MESSAGE][PASSED] - Verify element property value successfully]]></system-out>
         <system-err><![CDATA[]]></system-err>
      </testcase>
      <testcase name="Test Cases/Engine_Scoring/Engine Scoring" time="6.868" classname="Test Cases/Engine_Scoring/Engine Scoring" status="PASSED">
         <system-out><![CDATA[2022-11-24 17:30:24 - [TEST_CASE][PASSED] - Test Cases/Engine_Scoring/Engine Scoring: Test Cases/Engine_Scoring/Engine Scoring

2022-11-24 17:30:25 - [TEST_STEP][PASSED] - markPassed("Variasi data ke : " + no): Variasi data ke : 175

2022-11-24 17:30:25 - [MESSAGE][PASSED] - Variasi data ke : 175

2022-11-24 17:30:25 - [TEST_STEP][PASSED] - req_data = sendRequest(findTestObject("Search_ME", ["MID":MID, "source":source, "ip":ip, "userid":userid, "branch":branch, "tipekons":tipekons, "marital":marital, "penjamin":penjamin, ... ])): Send request successfully

2022-11-24 17:30:25 - [MESSAGE][INFO] - HAR: D:\DMS\Engine Scoring\Reports\20221124_171436\Exclude KKB - DS - Married\Scoring Married - DS\20221124_171436\requests\main\148.har

2022-11-24 17:30:25 - [MESSAGE][PASSED] - Send request successfully

2022-11-24 17:30:25 - [TEST_STEP][PASSED] - slurper = new groovy.json.JsonSlurper(): null

2022-11-24 17:30:25 - [TEST_STEP][PASSED] - result = slurper.parseText(req_data.getResponseBodyContent()): null

2022-11-24 17:30:25 - [TEST_STEP][PASSED] - reqid_kons = requestid1: null

2022-11-24 17:30:25 - [TEST_STEP][PASSED] - reqid_spouse = requestid2: null

2022-11-24 17:30:25 - [TEST_STEP][PASSED] - println("requestid kons : " + reqid_kons): null

2022-11-24 17:30:25 - [TEST_STEP][PASSED] - response_searchME_kons = reqid_kons: null

2022-11-24 17:30:25 - [TEST_STEP][PASSED] - response_searchME_spouse = reqid_spouse: null

2022-11-24 17:30:25 - [TEST_STEP][PASSED] - println("kons req id is :" + response_searchME_kons): null

2022-11-24 17:30:25 - [TEST_STEP][PASSED] - println("spouse req id is : " + response_searchME_spouse): null

2022-11-24 17:30:25 - [TEST_STEP][PASSED] - verifyResponseStatusCode(req_data, 200): Verify response status code successfully

2022-11-24 17:30:25 - [MESSAGE][PASSED] - Verify response status code successfully

2022-11-24 17:30:25 - [TEST_STEP][PASSED] - response = req_data.getResponseText(): null

2022-11-24 17:30:25 - [TEST_STEP][PASSED] - logInfo($response): {"status":"Done","data":{"requestid1":"254408","requestid2":"254409"}}

2022-11-24 17:30:25 - [MESSAGE][INFO] - {"status":"Done","data":{"requestid1":"254408","requestid2":"254409"}}

2022-11-24 17:30:25 - [TEST_STEP][PASSED] - delay(5): Delayed 5 second(s)

2022-11-24 17:30:30 - [MESSAGE][PASSED] - Delayed 5 second(s)

2022-11-24 17:30:30 - [TEST_STEP][PASSED] - scoring = sendRequest(findTestObject("EngineScore", ["response_searchME_kons":response_searchME_kons, "response_searchME_spouse":response_searchME_spouse])): Send request successfully

2022-11-24 17:30:30 - [MESSAGE][INFO] - HAR: D:\DMS\Engine Scoring\Reports\20221124_171436\Exclude KKB - DS - Married\Scoring Married - DS\20221124_171436\requests\main\149.har

2022-11-24 17:30:30 - [MESSAGE][PASSED] - Send request successfully

2022-11-24 17:30:30 - [TEST_STEP][PASSED] - verifyResponseStatusCode(scoring, 200): Verify response status code successfully

2022-11-24 17:30:30 - [MESSAGE][PASSED] - Verify response status code successfully

2022-11-24 17:30:30 - [TEST_STEP][PASSED] - response2 = scoring.getResponseText(): null

2022-11-24 17:30:30 - [TEST_STEP][PASSED] - markPassed("result service data ke : " + no): result service data ke : 175

2022-11-24 17:30:30 - [MESSAGE][PASSED] - result service data ke : 175

2022-11-24 17:30:30 - [TEST_STEP][PASSED] - logInfo($response2): {"result_konsumen":"Reject","result_pasangan":"Reject","Final_result":"Reject","errorMessage":"","status":"Done"}

2022-11-24 17:30:30 - [MESSAGE][INFO] - {"result_konsumen":"Reject","result_pasangan":"Reject","Final_result":"Reject","errorMessage":"","status":"Done"}

2022-11-24 17:30:30 - [TEST_STEP][PASSED] - verifyElementPropertyValue(scoring, "Final_result", final_result): Verify element property value successfully

2022-11-24 17:30:30 - [MESSAGE][PASSED] - Verify element property value successfully]]></system-out>
         <system-err><![CDATA[]]></system-err>
      </testcase>
      <testcase name="Test Cases/Engine_Scoring/Engine Scoring" time="7.003" classname="Test Cases/Engine_Scoring/Engine Scoring" status="PASSED">
         <system-out><![CDATA[2022-11-24 17:30:31 - [TEST_CASE][PASSED] - Test Cases/Engine_Scoring/Engine Scoring: Test Cases/Engine_Scoring/Engine Scoring

2022-11-24 17:30:31 - [TEST_STEP][PASSED] - markPassed("Variasi data ke : " + no): Variasi data ke : 176

2022-11-24 17:30:31 - [MESSAGE][PASSED] - Variasi data ke : 176

2022-11-24 17:30:31 - [TEST_STEP][PASSED] - req_data = sendRequest(findTestObject("Search_ME", ["MID":MID, "source":source, "ip":ip, "userid":userid, "branch":branch, "tipekons":tipekons, "marital":marital, "penjamin":penjamin, ... ])): Send request successfully

2022-11-24 17:30:32 - [MESSAGE][INFO] - HAR: D:\DMS\Engine Scoring\Reports\20221124_171436\Exclude KKB - DS - Married\Scoring Married - DS\20221124_171436\requests\main\150.har

2022-11-24 17:30:32 - [MESSAGE][PASSED] - Send request successfully

2022-11-24 17:30:32 - [TEST_STEP][PASSED] - slurper = new groovy.json.JsonSlurper(): null

2022-11-24 17:30:32 - [TEST_STEP][PASSED] - result = slurper.parseText(req_data.getResponseBodyContent()): null

2022-11-24 17:30:32 - [TEST_STEP][PASSED] - reqid_kons = requestid1: null

2022-11-24 17:30:32 - [TEST_STEP][PASSED] - reqid_spouse = requestid2: null

2022-11-24 17:30:32 - [TEST_STEP][PASSED] - println("requestid kons : " + reqid_kons): null

2022-11-24 17:30:32 - [TEST_STEP][PASSED] - response_searchME_kons = reqid_kons: null

2022-11-24 17:30:32 - [TEST_STEP][PASSED] - response_searchME_spouse = reqid_spouse: null

2022-11-24 17:30:32 - [TEST_STEP][PASSED] - println("kons req id is :" + response_searchME_kons): null

2022-11-24 17:30:32 - [TEST_STEP][PASSED] - println("spouse req id is : " + response_searchME_spouse): null

2022-11-24 17:30:32 - [TEST_STEP][PASSED] - verifyResponseStatusCode(req_data, 200): Verify response status code successfully

2022-11-24 17:30:32 - [MESSAGE][PASSED] - Verify response status code successfully

2022-11-24 17:30:32 - [TEST_STEP][PASSED] - response = req_data.getResponseText(): null

2022-11-24 17:30:32 - [TEST_STEP][PASSED] - logInfo($response): {"status":"Done","data":{"requestid1":"254410","requestid2":"254411"}}

2022-11-24 17:30:32 - [MESSAGE][INFO] - {"status":"Done","data":{"requestid1":"254410","requestid2":"254411"}}

2022-11-24 17:30:32 - [TEST_STEP][PASSED] - delay(5): Delayed 5 second(s)

2022-11-24 17:30:37 - [MESSAGE][PASSED] - Delayed 5 second(s)

2022-11-24 17:30:37 - [TEST_STEP][PASSED] - scoring = sendRequest(findTestObject("EngineScore", ["response_searchME_kons":response_searchME_kons, "response_searchME_spouse":response_searchME_spouse])): Send request successfully

2022-11-24 17:30:38 - [MESSAGE][INFO] - HAR: D:\DMS\Engine Scoring\Reports\20221124_171436\Exclude KKB - DS - Married\Scoring Married - DS\20221124_171436\requests\main\151.har

2022-11-24 17:30:38 - [MESSAGE][PASSED] - Send request successfully

2022-11-24 17:30:38 - [TEST_STEP][PASSED] - verifyResponseStatusCode(scoring, 200): Verify response status code successfully

2022-11-24 17:30:38 - [MESSAGE][PASSED] - Verify response status code successfully

2022-11-24 17:30:38 - [TEST_STEP][PASSED] - response2 = scoring.getResponseText(): null

2022-11-24 17:30:38 - [TEST_STEP][PASSED] - markPassed("result service data ke : " + no): result service data ke : 176

2022-11-24 17:30:38 - [MESSAGE][PASSED] - result service data ke : 176

2022-11-24 17:30:38 - [TEST_STEP][PASSED] - logInfo($response2): {"result_konsumen":"Reject","result_pasangan":"Reject","Final_result":"Reject","errorMessage":"","status":"Done"}

2022-11-24 17:30:38 - [MESSAGE][INFO] - {"result_konsumen":"Reject","result_pasangan":"Reject","Final_result":"Reject","errorMessage":"","status":"Done"}

2022-11-24 17:30:38 - [TEST_STEP][PASSED] - verifyElementPropertyValue(scoring, "Final_result", final_result): Verify element property value successfully

2022-11-24 17:30:38 - [MESSAGE][PASSED] - Verify element property value successfully]]></system-out>
         <system-err><![CDATA[]]></system-err>
      </testcase>
      <testcase name="Test Cases/Engine_Scoring/Engine Scoring" time="6.967" classname="Test Cases/Engine_Scoring/Engine Scoring" status="PASSED">
         <system-out><![CDATA[2022-11-24 17:30:38 - [TEST_CASE][PASSED] - Test Cases/Engine_Scoring/Engine Scoring: Test Cases/Engine_Scoring/Engine Scoring

2022-11-24 17:30:39 - [TEST_STEP][PASSED] - markPassed("Variasi data ke : " + no): Variasi data ke : 177

2022-11-24 17:30:39 - [MESSAGE][PASSED] - Variasi data ke : 177

2022-11-24 17:30:39 - [TEST_STEP][PASSED] - req_data = sendRequest(findTestObject("Search_ME", ["MID":MID, "source":source, "ip":ip, "userid":userid, "branch":branch, "tipekons":tipekons, "marital":marital, "penjamin":penjamin, ... ])): Send request successfully

2022-11-24 17:30:40 - [MESSAGE][INFO] - HAR: D:\DMS\Engine Scoring\Reports\20221124_171436\Exclude KKB - DS - Married\Scoring Married - DS\20221124_171436\requests\main\152.har

2022-11-24 17:30:40 - [MESSAGE][PASSED] - Send request successfully

2022-11-24 17:30:40 - [TEST_STEP][PASSED] - slurper = new groovy.json.JsonSlurper(): null

2022-11-24 17:30:40 - [TEST_STEP][PASSED] - result = slurper.parseText(req_data.getResponseBodyContent()): null

2022-11-24 17:30:40 - [TEST_STEP][PASSED] - reqid_kons = requestid1: null

2022-11-24 17:30:40 - [TEST_STEP][PASSED] - reqid_spouse = requestid2: null

2022-11-24 17:30:40 - [TEST_STEP][PASSED] - println("requestid kons : " + reqid_kons): null

2022-11-24 17:30:40 - [TEST_STEP][PASSED] - response_searchME_kons = reqid_kons: null

2022-11-24 17:30:40 - [TEST_STEP][PASSED] - response_searchME_spouse = reqid_spouse: null

2022-11-24 17:30:40 - [TEST_STEP][PASSED] - println("kons req id is :" + response_searchME_kons): null

2022-11-24 17:30:40 - [TEST_STEP][PASSED] - println("spouse req id is : " + response_searchME_spouse): null

2022-11-24 17:30:40 - [TEST_STEP][PASSED] - verifyResponseStatusCode(req_data, 200): Verify response status code successfully

2022-11-24 17:30:40 - [MESSAGE][PASSED] - Verify response status code successfully

2022-11-24 17:30:40 - [TEST_STEP][PASSED] - response = req_data.getResponseText(): null

2022-11-24 17:30:40 - [TEST_STEP][PASSED] - logInfo($response): {"status":"Done","data":{"requestid1":"254412","requestid2":"254413"}}

2022-11-24 17:30:40 - [MESSAGE][INFO] - {"status":"Done","data":{"requestid1":"254412","requestid2":"254413"}}

2022-11-24 17:30:40 - [TEST_STEP][PASSED] - delay(5): Delayed 5 second(s)

2022-11-24 17:30:45 - [MESSAGE][PASSED] - Delayed 5 second(s)

2022-11-24 17:30:45 - [TEST_STEP][PASSED] - scoring = sendRequest(findTestObject("EngineScore", ["response_searchME_kons":response_searchME_kons, "response_searchME_spouse":response_searchME_spouse])): Send request successfully

2022-11-24 17:30:45 - [MESSAGE][INFO] - HAR: D:\DMS\Engine Scoring\Reports\20221124_171436\Exclude KKB - DS - Married\Scoring Married - DS\20221124_171436\requests\main\153.har

2022-11-24 17:30:45 - [MESSAGE][PASSED] - Send request successfully

2022-11-24 17:30:45 - [TEST_STEP][PASSED] - verifyResponseStatusCode(scoring, 200): Verify response status code successfully

2022-11-24 17:30:45 - [MESSAGE][PASSED] - Verify response status code successfully

2022-11-24 17:30:45 - [TEST_STEP][PASSED] - response2 = scoring.getResponseText(): null

2022-11-24 17:30:45 - [TEST_STEP][PASSED] - markPassed("result service data ke : " + no): result service data ke : 177

2022-11-24 17:30:45 - [MESSAGE][PASSED] - result service data ke : 177

2022-11-24 17:30:45 - [TEST_STEP][PASSED] - logInfo($response2): {"result_konsumen":"Reject","result_pasangan":"Reject","Final_result":"Reject","errorMessage":"","status":"Done"}

2022-11-24 17:30:45 - [MESSAGE][INFO] - {"result_konsumen":"Reject","result_pasangan":"Reject","Final_result":"Reject","errorMessage":"","status":"Done"}

2022-11-24 17:30:45 - [TEST_STEP][PASSED] - verifyElementPropertyValue(scoring, "Final_result", final_result): Verify element property value successfully

2022-11-24 17:30:45 - [MESSAGE][PASSED] - Verify element property value successfully]]></system-out>
         <system-err><![CDATA[]]></system-err>
      </testcase>
      <testcase name="Test Cases/Engine_Scoring/Engine Scoring" time="6.896" classname="Test Cases/Engine_Scoring/Engine Scoring" status="PASSED">
         <system-out><![CDATA[2022-11-24 17:30:45 - [TEST_CASE][PASSED] - Test Cases/Engine_Scoring/Engine Scoring: Test Cases/Engine_Scoring/Engine Scoring

2022-11-24 17:30:46 - [TEST_STEP][PASSED] - markPassed("Variasi data ke : " + no): Variasi data ke : 178

2022-11-24 17:30:46 - [MESSAGE][PASSED] - Variasi data ke : 178

2022-11-24 17:30:46 - [TEST_STEP][PASSED] - req_data = sendRequest(findTestObject("Search_ME", ["MID":MID, "source":source, "ip":ip, "userid":userid, "branch":branch, "tipekons":tipekons, "marital":marital, "penjamin":penjamin, ... ])): Send request successfully

2022-11-24 17:30:47 - [MESSAGE][INFO] - HAR: D:\DMS\Engine Scoring\Reports\20221124_171436\Exclude KKB - DS - Married\Scoring Married - DS\20221124_171436\requests\main\154.har

2022-11-24 17:30:47 - [MESSAGE][PASSED] - Send request successfully

2022-11-24 17:30:47 - [TEST_STEP][PASSED] - slurper = new groovy.json.JsonSlurper(): null

2022-11-24 17:30:47 - [TEST_STEP][PASSED] - result = slurper.parseText(req_data.getResponseBodyContent()): null

2022-11-24 17:30:47 - [TEST_STEP][PASSED] - reqid_kons = requestid1: null

2022-11-24 17:30:47 - [TEST_STEP][PASSED] - reqid_spouse = requestid2: null

2022-11-24 17:30:47 - [TEST_STEP][PASSED] - println("requestid kons : " + reqid_kons): null

2022-11-24 17:30:47 - [TEST_STEP][PASSED] - response_searchME_kons = reqid_kons: null

2022-11-24 17:30:47 - [TEST_STEP][PASSED] - response_searchME_spouse = reqid_spouse: null

2022-11-24 17:30:47 - [TEST_STEP][PASSED] - println("kons req id is :" + response_searchME_kons): null

2022-11-24 17:30:47 - [TEST_STEP][PASSED] - println("spouse req id is : " + response_searchME_spouse): null

2022-11-24 17:30:47 - [TEST_STEP][PASSED] - verifyResponseStatusCode(req_data, 200): Verify response status code successfully

2022-11-24 17:30:47 - [MESSAGE][PASSED] - Verify response status code successfully

2022-11-24 17:30:47 - [TEST_STEP][PASSED] - response = req_data.getResponseText(): null

2022-11-24 17:30:47 - [TEST_STEP][PASSED] - logInfo($response): {"status":"Done","data":{"requestid1":"254414","requestid2":"254415"}}

2022-11-24 17:30:47 - [MESSAGE][INFO] - {"status":"Done","data":{"requestid1":"254414","requestid2":"254415"}}

2022-11-24 17:30:47 - [TEST_STEP][PASSED] - delay(5): Delayed 5 second(s)

2022-11-24 17:30:52 - [MESSAGE][PASSED] - Delayed 5 second(s)

2022-11-24 17:30:52 - [TEST_STEP][PASSED] - scoring = sendRequest(findTestObject("EngineScore", ["response_searchME_kons":response_searchME_kons, "response_searchME_spouse":response_searchME_spouse])): Send request successfully

2022-11-24 17:30:52 - [MESSAGE][INFO] - HAR: D:\DMS\Engine Scoring\Reports\20221124_171436\Exclude KKB - DS - Married\Scoring Married - DS\20221124_171436\requests\main\155.har

2022-11-24 17:30:52 - [MESSAGE][PASSED] - Send request successfully

2022-11-24 17:30:52 - [TEST_STEP][PASSED] - verifyResponseStatusCode(scoring, 200): Verify response status code successfully

2022-11-24 17:30:52 - [MESSAGE][PASSED] - Verify response status code successfully

2022-11-24 17:30:52 - [TEST_STEP][PASSED] - response2 = scoring.getResponseText(): null

2022-11-24 17:30:52 - [TEST_STEP][PASSED] - markPassed("result service data ke : " + no): result service data ke : 178

2022-11-24 17:30:52 - [MESSAGE][PASSED] - result service data ke : 178

2022-11-24 17:30:52 - [TEST_STEP][PASSED] - logInfo($response2): {"result_konsumen":"Reject","result_pasangan":"Reject","Final_result":"Reject","errorMessage":"","status":"Done"}

2022-11-24 17:30:52 - [MESSAGE][INFO] - {"result_konsumen":"Reject","result_pasangan":"Reject","Final_result":"Reject","errorMessage":"","status":"Done"}

2022-11-24 17:30:52 - [TEST_STEP][PASSED] - verifyElementPropertyValue(scoring, "Final_result", final_result): Verify element property value successfully

2022-11-24 17:30:52 - [MESSAGE][PASSED] - Verify element property value successfully]]></system-out>
         <system-err><![CDATA[]]></system-err>
      </testcase>
      <testcase name="Test Cases/Engine_Scoring/Engine Scoring" time="6.919" classname="Test Cases/Engine_Scoring/Engine Scoring" status="PASSED">
         <system-out><![CDATA[2022-11-24 17:30:52 - [TEST_CASE][PASSED] - Test Cases/Engine_Scoring/Engine Scoring: Test Cases/Engine_Scoring/Engine Scoring

2022-11-24 17:30:53 - [TEST_STEP][PASSED] - markPassed("Variasi data ke : " + no): Variasi data ke : 179

2022-11-24 17:30:53 - [MESSAGE][PASSED] - Variasi data ke : 179

2022-11-24 17:30:53 - [TEST_STEP][PASSED] - req_data = sendRequest(findTestObject("Search_ME", ["MID":MID, "source":source, "ip":ip, "userid":userid, "branch":branch, "tipekons":tipekons, "marital":marital, "penjamin":penjamin, ... ])): Send request successfully

2022-11-24 17:30:54 - [MESSAGE][INFO] - HAR: D:\DMS\Engine Scoring\Reports\20221124_171436\Exclude KKB - DS - Married\Scoring Married - DS\20221124_171436\requests\main\156.har

2022-11-24 17:30:54 - [MESSAGE][PASSED] - Send request successfully

2022-11-24 17:30:54 - [TEST_STEP][PASSED] - slurper = new groovy.json.JsonSlurper(): null

2022-11-24 17:30:54 - [TEST_STEP][PASSED] - result = slurper.parseText(req_data.getResponseBodyContent()): null

2022-11-24 17:30:54 - [TEST_STEP][PASSED] - reqid_kons = requestid1: null

2022-11-24 17:30:54 - [TEST_STEP][PASSED] - reqid_spouse = requestid2: null

2022-11-24 17:30:54 - [TEST_STEP][PASSED] - println("requestid kons : " + reqid_kons): null

2022-11-24 17:30:54 - [TEST_STEP][PASSED] - response_searchME_kons = reqid_kons: null

2022-11-24 17:30:54 - [TEST_STEP][PASSED] - response_searchME_spouse = reqid_spouse: null

2022-11-24 17:30:54 - [TEST_STEP][PASSED] - println("kons req id is :" + response_searchME_kons): null

2022-11-24 17:30:54 - [TEST_STEP][PASSED] - println("spouse req id is : " + response_searchME_spouse): null

2022-11-24 17:30:54 - [TEST_STEP][PASSED] - verifyResponseStatusCode(req_data, 200): Verify response status code successfully

2022-11-24 17:30:54 - [MESSAGE][PASSED] - Verify response status code successfully

2022-11-24 17:30:54 - [TEST_STEP][PASSED] - response = req_data.getResponseText(): null

2022-11-24 17:30:54 - [TEST_STEP][PASSED] - logInfo($response): {"status":"Done","data":{"requestid1":"254416","requestid2":"254417"}}

2022-11-24 17:30:54 - [MESSAGE][INFO] - {"status":"Done","data":{"requestid1":"254416","requestid2":"254417"}}

2022-11-24 17:30:54 - [TEST_STEP][PASSED] - delay(5): Delayed 5 second(s)

2022-11-24 17:30:59 - [MESSAGE][PASSED] - Delayed 5 second(s)

2022-11-24 17:30:59 - [TEST_STEP][PASSED] - scoring = sendRequest(findTestObject("EngineScore", ["response_searchME_kons":response_searchME_kons, "response_searchME_spouse":response_searchME_spouse])): Send request successfully

2022-11-24 17:30:59 - [MESSAGE][INFO] - HAR: D:\DMS\Engine Scoring\Reports\20221124_171436\Exclude KKB - DS - Married\Scoring Married - DS\20221124_171436\requests\main\157.har

2022-11-24 17:30:59 - [MESSAGE][PASSED] - Send request successfully

2022-11-24 17:30:59 - [TEST_STEP][PASSED] - verifyResponseStatusCode(scoring, 200): Verify response status code successfully

2022-11-24 17:30:59 - [MESSAGE][PASSED] - Verify response status code successfully

2022-11-24 17:30:59 - [TEST_STEP][PASSED] - response2 = scoring.getResponseText(): null

2022-11-24 17:30:59 - [TEST_STEP][PASSED] - markPassed("result service data ke : " + no): result service data ke : 179

2022-11-24 17:30:59 - [MESSAGE][PASSED] - result service data ke : 179

2022-11-24 17:30:59 - [TEST_STEP][PASSED] - logInfo($response2): {"result_konsumen":"Reject","result_pasangan":"Reject","Final_result":"Reject","errorMessage":"","status":"Done"}

2022-11-24 17:30:59 - [MESSAGE][INFO] - {"result_konsumen":"Reject","result_pasangan":"Reject","Final_result":"Reject","errorMessage":"","status":"Done"}

2022-11-24 17:30:59 - [TEST_STEP][PASSED] - verifyElementPropertyValue(scoring, "Final_result", final_result): Verify element property value successfully

2022-11-24 17:30:59 - [MESSAGE][PASSED] - Verify element property value successfully]]></system-out>
         <system-err><![CDATA[]]></system-err>
      </testcase>
      <testcase name="Test Cases/Engine_Scoring/Engine Scoring" time="7.001" classname="Test Cases/Engine_Scoring/Engine Scoring" status="PASSED">
         <system-out><![CDATA[2022-11-24 17:30:59 - [TEST_CASE][PASSED] - Test Cases/Engine_Scoring/Engine Scoring: Test Cases/Engine_Scoring/Engine Scoring

2022-11-24 17:31:00 - [TEST_STEP][PASSED] - markPassed("Variasi data ke : " + no): Variasi data ke : 180

2022-11-24 17:31:00 - [MESSAGE][PASSED] - Variasi data ke : 180

2022-11-24 17:31:00 - [TEST_STEP][PASSED] - req_data = sendRequest(findTestObject("Search_ME", ["MID":MID, "source":source, "ip":ip, "userid":userid, "branch":branch, "tipekons":tipekons, "marital":marital, "penjamin":penjamin, ... ])): Send request successfully

2022-11-24 17:31:01 - [MESSAGE][INFO] - HAR: D:\DMS\Engine Scoring\Reports\20221124_171436\Exclude KKB - DS - Married\Scoring Married - DS\20221124_171436\requests\main\158.har

2022-11-24 17:31:01 - [MESSAGE][PASSED] - Send request successfully

2022-11-24 17:31:01 - [TEST_STEP][PASSED] - slurper = new groovy.json.JsonSlurper(): null

2022-11-24 17:31:01 - [TEST_STEP][PASSED] - result = slurper.parseText(req_data.getResponseBodyContent()): null

2022-11-24 17:31:01 - [TEST_STEP][PASSED] - reqid_kons = requestid1: null

2022-11-24 17:31:01 - [TEST_STEP][PASSED] - reqid_spouse = requestid2: null

2022-11-24 17:31:01 - [TEST_STEP][PASSED] - println("requestid kons : " + reqid_kons): null

2022-11-24 17:31:01 - [TEST_STEP][PASSED] - response_searchME_kons = reqid_kons: null

2022-11-24 17:31:01 - [TEST_STEP][PASSED] - response_searchME_spouse = reqid_spouse: null

2022-11-24 17:31:01 - [TEST_STEP][PASSED] - println("kons req id is :" + response_searchME_kons): null

2022-11-24 17:31:01 - [TEST_STEP][PASSED] - println("spouse req id is : " + response_searchME_spouse): null

2022-11-24 17:31:01 - [TEST_STEP][PASSED] - verifyResponseStatusCode(req_data, 200): Verify response status code successfully

2022-11-24 17:31:01 - [MESSAGE][PASSED] - Verify response status code successfully

2022-11-24 17:31:01 - [TEST_STEP][PASSED] - response = req_data.getResponseText(): null

2022-11-24 17:31:01 - [TEST_STEP][PASSED] - logInfo($response): {"status":"Done","data":{"requestid1":"254418","requestid2":"254419"}}

2022-11-24 17:31:01 - [MESSAGE][INFO] - {"status":"Done","data":{"requestid1":"254418","requestid2":"254419"}}

2022-11-24 17:31:01 - [TEST_STEP][PASSED] - delay(5): Delayed 5 second(s)

2022-11-24 17:31:06 - [MESSAGE][PASSED] - Delayed 5 second(s)

2022-11-24 17:31:06 - [TEST_STEP][PASSED] - scoring = sendRequest(findTestObject("EngineScore", ["response_searchME_kons":response_searchME_kons, "response_searchME_spouse":response_searchME_spouse])): Send request successfully

2022-11-24 17:31:06 - [MESSAGE][INFO] - HAR: D:\DMS\Engine Scoring\Reports\20221124_171436\Exclude KKB - DS - Married\Scoring Married - DS\20221124_171436\requests\main\159.har

2022-11-24 17:31:06 - [MESSAGE][PASSED] - Send request successfully

2022-11-24 17:31:06 - [TEST_STEP][PASSED] - verifyResponseStatusCode(scoring, 200): Verify response status code successfully

2022-11-24 17:31:06 - [MESSAGE][PASSED] - Verify response status code successfully

2022-11-24 17:31:06 - [TEST_STEP][PASSED] - response2 = scoring.getResponseText(): null

2022-11-24 17:31:06 - [TEST_STEP][PASSED] - markPassed("result service data ke : " + no): result service data ke : 180

2022-11-24 17:31:06 - [MESSAGE][PASSED] - result service data ke : 180

2022-11-24 17:31:06 - [TEST_STEP][PASSED] - logInfo($response2): {"result_konsumen":"Reject","result_pasangan":"Reject","Final_result":"Reject","errorMessage":"","status":"Done"}

2022-11-24 17:31:06 - [MESSAGE][INFO] - {"result_konsumen":"Reject","result_pasangan":"Reject","Final_result":"Reject","errorMessage":"","status":"Done"}

2022-11-24 17:31:06 - [TEST_STEP][PASSED] - verifyElementPropertyValue(scoring, "Final_result", final_result): Verify element property value successfully

2022-11-24 17:31:06 - [MESSAGE][PASSED] - Verify element property value successfully]]></system-out>
         <system-err><![CDATA[]]></system-err>
      </testcase>
      <testcase name="Test Cases/Engine_Scoring/Engine Scoring" time="6.907" classname="Test Cases/Engine_Scoring/Engine Scoring" status="PASSED">
         <system-out><![CDATA[2022-11-24 17:31:06 - [TEST_CASE][PASSED] - Test Cases/Engine_Scoring/Engine Scoring: Test Cases/Engine_Scoring/Engine Scoring

2022-11-24 17:31:07 - [TEST_STEP][PASSED] - markPassed("Variasi data ke : " + no): Variasi data ke : 181

2022-11-24 17:31:07 - [MESSAGE][PASSED] - Variasi data ke : 181

2022-11-24 17:31:07 - [TEST_STEP][PASSED] - req_data = sendRequest(findTestObject("Search_ME", ["MID":MID, "source":source, "ip":ip, "userid":userid, "branch":branch, "tipekons":tipekons, "marital":marital, "penjamin":penjamin, ... ])): Send request successfully

2022-11-24 17:31:08 - [MESSAGE][INFO] - HAR: D:\DMS\Engine Scoring\Reports\20221124_171436\Exclude KKB - DS - Married\Scoring Married - DS\20221124_171436\requests\main\160.har

2022-11-24 17:31:08 - [MESSAGE][PASSED] - Send request successfully

2022-11-24 17:31:08 - [TEST_STEP][PASSED] - slurper = new groovy.json.JsonSlurper(): null

2022-11-24 17:31:08 - [TEST_STEP][PASSED] - result = slurper.parseText(req_data.getResponseBodyContent()): null

2022-11-24 17:31:08 - [TEST_STEP][PASSED] - reqid_kons = requestid1: null

2022-11-24 17:31:08 - [TEST_STEP][PASSED] - reqid_spouse = requestid2: null

2022-11-24 17:31:08 - [TEST_STEP][PASSED] - println("requestid kons : " + reqid_kons): null

2022-11-24 17:31:08 - [TEST_STEP][PASSED] - response_searchME_kons = reqid_kons: null

2022-11-24 17:31:08 - [TEST_STEP][PASSED] - response_searchME_spouse = reqid_spouse: null

2022-11-24 17:31:08 - [TEST_STEP][PASSED] - println("kons req id is :" + response_searchME_kons): null

2022-11-24 17:31:08 - [TEST_STEP][PASSED] - println("spouse req id is : " + response_searchME_spouse): null

2022-11-24 17:31:08 - [TEST_STEP][PASSED] - verifyResponseStatusCode(req_data, 200): Verify response status code successfully

2022-11-24 17:31:08 - [MESSAGE][PASSED] - Verify response status code successfully

2022-11-24 17:31:08 - [TEST_STEP][PASSED] - response = req_data.getResponseText(): null

2022-11-24 17:31:08 - [TEST_STEP][PASSED] - logInfo($response): {"status":"Done","data":{"requestid1":"254420","requestid2":"254421"}}

2022-11-24 17:31:08 - [MESSAGE][INFO] - {"status":"Done","data":{"requestid1":"254420","requestid2":"254421"}}

2022-11-24 17:31:08 - [TEST_STEP][PASSED] - delay(5): Delayed 5 second(s)

2022-11-24 17:31:13 - [MESSAGE][PASSED] - Delayed 5 second(s)

2022-11-24 17:31:13 - [TEST_STEP][PASSED] - scoring = sendRequest(findTestObject("EngineScore", ["response_searchME_kons":response_searchME_kons, "response_searchME_spouse":response_searchME_spouse])): Send request successfully

2022-11-24 17:31:13 - [MESSAGE][INFO] - HAR: D:\DMS\Engine Scoring\Reports\20221124_171436\Exclude KKB - DS - Married\Scoring Married - DS\20221124_171436\requests\main\161.har

2022-11-24 17:31:13 - [MESSAGE][PASSED] - Send request successfully

2022-11-24 17:31:13 - [TEST_STEP][PASSED] - verifyResponseStatusCode(scoring, 200): Verify response status code successfully

2022-11-24 17:31:13 - [MESSAGE][PASSED] - Verify response status code successfully

2022-11-24 17:31:13 - [TEST_STEP][PASSED] - response2 = scoring.getResponseText(): null

2022-11-24 17:31:13 - [TEST_STEP][PASSED] - markPassed("result service data ke : " + no): result service data ke : 181

2022-11-24 17:31:13 - [MESSAGE][PASSED] - result service data ke : 181

2022-11-24 17:31:13 - [TEST_STEP][PASSED] - logInfo($response2): {"result_konsumen":"Reguler","result_pasangan":"Reguler","Final_result":"Reguler","errorMessage":"","status":"Done"}

2022-11-24 17:31:13 - [MESSAGE][INFO] - {"result_konsumen":"Reguler","result_pasangan":"Reguler","Final_result":"Reguler","errorMessage":"","status":"Done"}

2022-11-24 17:31:13 - [TEST_STEP][PASSED] - verifyElementPropertyValue(scoring, "Final_result", final_result): Verify element property value successfully

2022-11-24 17:31:13 - [MESSAGE][PASSED] - Verify element property value successfully]]></system-out>
         <system-err><![CDATA[]]></system-err>
      </testcase>
      <testcase name="Test Cases/Engine_Scoring/Engine Scoring" time="6.878" classname="Test Cases/Engine_Scoring/Engine Scoring" status="PASSED">
         <system-out><![CDATA[2022-11-24 17:31:13 - [TEST_CASE][PASSED] - Test Cases/Engine_Scoring/Engine Scoring: Test Cases/Engine_Scoring/Engine Scoring

2022-11-24 17:31:14 - [TEST_STEP][PASSED] - markPassed("Variasi data ke : " + no): Variasi data ke : 182

2022-11-24 17:31:14 - [MESSAGE][PASSED] - Variasi data ke : 182

2022-11-24 17:31:14 - [TEST_STEP][PASSED] - req_data = sendRequest(findTestObject("Search_ME", ["MID":MID, "source":source, "ip":ip, "userid":userid, "branch":branch, "tipekons":tipekons, "marital":marital, "penjamin":penjamin, ... ])): Send request successfully

2022-11-24 17:31:15 - [MESSAGE][INFO] - HAR: D:\DMS\Engine Scoring\Reports\20221124_171436\Exclude KKB - DS - Married\Scoring Married - DS\20221124_171436\requests\main\162.har

2022-11-24 17:31:15 - [MESSAGE][PASSED] - Send request successfully

2022-11-24 17:31:15 - [TEST_STEP][PASSED] - slurper = new groovy.json.JsonSlurper(): null

2022-11-24 17:31:15 - [TEST_STEP][PASSED] - result = slurper.parseText(req_data.getResponseBodyContent()): null

2022-11-24 17:31:15 - [TEST_STEP][PASSED] - reqid_kons = requestid1: null

2022-11-24 17:31:15 - [TEST_STEP][PASSED] - reqid_spouse = requestid2: null

2022-11-24 17:31:15 - [TEST_STEP][PASSED] - println("requestid kons : " + reqid_kons): null

2022-11-24 17:31:15 - [TEST_STEP][PASSED] - response_searchME_kons = reqid_kons: null

2022-11-24 17:31:15 - [TEST_STEP][PASSED] - response_searchME_spouse = reqid_spouse: null

2022-11-24 17:31:15 - [TEST_STEP][PASSED] - println("kons req id is :" + response_searchME_kons): null

2022-11-24 17:31:15 - [TEST_STEP][PASSED] - println("spouse req id is : " + response_searchME_spouse): null

2022-11-24 17:31:15 - [TEST_STEP][PASSED] - verifyResponseStatusCode(req_data, 200): Verify response status code successfully

2022-11-24 17:31:15 - [MESSAGE][PASSED] - Verify response status code successfully

2022-11-24 17:31:15 - [TEST_STEP][PASSED] - response = req_data.getResponseText(): null

2022-11-24 17:31:15 - [TEST_STEP][PASSED] - logInfo($response): {"status":"Done","data":{"requestid1":"254422","requestid2":"254423"}}

2022-11-24 17:31:15 - [MESSAGE][INFO] - {"status":"Done","data":{"requestid1":"254422","requestid2":"254423"}}

2022-11-24 17:31:15 - [TEST_STEP][PASSED] - delay(5): Delayed 5 second(s)

2022-11-24 17:31:20 - [MESSAGE][PASSED] - Delayed 5 second(s)

2022-11-24 17:31:20 - [TEST_STEP][PASSED] - scoring = sendRequest(findTestObject("EngineScore", ["response_searchME_kons":response_searchME_kons, "response_searchME_spouse":response_searchME_spouse])): Send request successfully

2022-11-24 17:31:20 - [MESSAGE][INFO] - HAR: D:\DMS\Engine Scoring\Reports\20221124_171436\Exclude KKB - DS - Married\Scoring Married - DS\20221124_171436\requests\main\163.har

2022-11-24 17:31:20 - [MESSAGE][PASSED] - Send request successfully

2022-11-24 17:31:20 - [TEST_STEP][PASSED] - verifyResponseStatusCode(scoring, 200): Verify response status code successfully

2022-11-24 17:31:20 - [MESSAGE][PASSED] - Verify response status code successfully

2022-11-24 17:31:20 - [TEST_STEP][PASSED] - response2 = scoring.getResponseText(): null

2022-11-24 17:31:20 - [TEST_STEP][PASSED] - markPassed("result service data ke : " + no): result service data ke : 182

2022-11-24 17:31:20 - [MESSAGE][PASSED] - result service data ke : 182

2022-11-24 17:31:20 - [TEST_STEP][PASSED] - logInfo($response2): {"result_konsumen":"Reguler","result_pasangan":"Reguler","Final_result":"Reguler","errorMessage":"","status":"Done"}

2022-11-24 17:31:20 - [MESSAGE][INFO] - {"result_konsumen":"Reguler","result_pasangan":"Reguler","Final_result":"Reguler","errorMessage":"","status":"Done"}

2022-11-24 17:31:20 - [TEST_STEP][PASSED] - verifyElementPropertyValue(scoring, "Final_result", final_result): Verify element property value successfully

2022-11-24 17:31:20 - [MESSAGE][PASSED] - Verify element property value successfully]]></system-out>
         <system-err><![CDATA[]]></system-err>
      </testcase>
      <testcase name="Test Cases/Engine_Scoring/Engine Scoring" time="6.989" classname="Test Cases/Engine_Scoring/Engine Scoring" status="PASSED">
         <system-out><![CDATA[2022-11-24 17:31:20 - [TEST_CASE][PASSED] - Test Cases/Engine_Scoring/Engine Scoring: Test Cases/Engine_Scoring/Engine Scoring

2022-11-24 17:31:21 - [TEST_STEP][PASSED] - markPassed("Variasi data ke : " + no): Variasi data ke : 183

2022-11-24 17:31:21 - [MESSAGE][PASSED] - Variasi data ke : 183

2022-11-24 17:31:21 - [TEST_STEP][PASSED] - req_data = sendRequest(findTestObject("Search_ME", ["MID":MID, "source":source, "ip":ip, "userid":userid, "branch":branch, "tipekons":tipekons, "marital":marital, "penjamin":penjamin, ... ])): Send request successfully

2022-11-24 17:31:22 - [MESSAGE][INFO] - HAR: D:\DMS\Engine Scoring\Reports\20221124_171436\Exclude KKB - DS - Married\Scoring Married - DS\20221124_171436\requests\main\164.har

2022-11-24 17:31:22 - [MESSAGE][PASSED] - Send request successfully

2022-11-24 17:31:22 - [TEST_STEP][PASSED] - slurper = new groovy.json.JsonSlurper(): null

2022-11-24 17:31:22 - [TEST_STEP][PASSED] - result = slurper.parseText(req_data.getResponseBodyContent()): null

2022-11-24 17:31:22 - [TEST_STEP][PASSED] - reqid_kons = requestid1: null

2022-11-24 17:31:22 - [TEST_STEP][PASSED] - reqid_spouse = requestid2: null

2022-11-24 17:31:22 - [TEST_STEP][PASSED] - println("requestid kons : " + reqid_kons): null

2022-11-24 17:31:22 - [TEST_STEP][PASSED] - response_searchME_kons = reqid_kons: null

2022-11-24 17:31:22 - [TEST_STEP][PASSED] - response_searchME_spouse = reqid_spouse: null

2022-11-24 17:31:22 - [TEST_STEP][PASSED] - println("kons req id is :" + response_searchME_kons): null

2022-11-24 17:31:22 - [TEST_STEP][PASSED] - println("spouse req id is : " + response_searchME_spouse): null

2022-11-24 17:31:22 - [TEST_STEP][PASSED] - verifyResponseStatusCode(req_data, 200): Verify response status code successfully

2022-11-24 17:31:22 - [MESSAGE][PASSED] - Verify response status code successfully

2022-11-24 17:31:22 - [TEST_STEP][PASSED] - response = req_data.getResponseText(): null

2022-11-24 17:31:22 - [TEST_STEP][PASSED] - logInfo($response): {"status":"Done","data":{"requestid1":"254424","requestid2":"254425"}}

2022-11-24 17:31:22 - [MESSAGE][INFO] - {"status":"Done","data":{"requestid1":"254424","requestid2":"254425"}}

2022-11-24 17:31:22 - [TEST_STEP][PASSED] - delay(5): Delayed 5 second(s)

2022-11-24 17:31:27 - [MESSAGE][PASSED] - Delayed 5 second(s)

2022-11-24 17:31:27 - [TEST_STEP][PASSED] - scoring = sendRequest(findTestObject("EngineScore", ["response_searchME_kons":response_searchME_kons, "response_searchME_spouse":response_searchME_spouse])): Send request successfully

2022-11-24 17:31:27 - [MESSAGE][INFO] - HAR: D:\DMS\Engine Scoring\Reports\20221124_171436\Exclude KKB - DS - Married\Scoring Married - DS\20221124_171436\requests\main\165.har

2022-11-24 17:31:27 - [MESSAGE][PASSED] - Send request successfully

2022-11-24 17:31:27 - [TEST_STEP][PASSED] - verifyResponseStatusCode(scoring, 200): Verify response status code successfully

2022-11-24 17:31:27 - [MESSAGE][PASSED] - Verify response status code successfully

2022-11-24 17:31:27 - [TEST_STEP][PASSED] - response2 = scoring.getResponseText(): null

2022-11-24 17:31:27 - [TEST_STEP][PASSED] - markPassed("result service data ke : " + no): result service data ke : 183

2022-11-24 17:31:27 - [MESSAGE][PASSED] - result service data ke : 183

2022-11-24 17:31:27 - [TEST_STEP][PASSED] - logInfo($response2): {"result_konsumen":"Reguler","result_pasangan":"Reguler","Final_result":"Reguler","errorMessage":"","status":"Done"}

2022-11-24 17:31:27 - [MESSAGE][INFO] - {"result_konsumen":"Reguler","result_pasangan":"Reguler","Final_result":"Reguler","errorMessage":"","status":"Done"}

2022-11-24 17:31:27 - [TEST_STEP][PASSED] - verifyElementPropertyValue(scoring, "Final_result", final_result): Verify element property value successfully

2022-11-24 17:31:27 - [MESSAGE][PASSED] - Verify element property value successfully]]></system-out>
         <system-err><![CDATA[]]></system-err>
      </testcase>
      <testcase name="Test Cases/Engine_Scoring/Engine Scoring" time="6.83" classname="Test Cases/Engine_Scoring/Engine Scoring" status="PASSED">
         <system-out><![CDATA[2022-11-24 17:31:27 - [TEST_CASE][PASSED] - Test Cases/Engine_Scoring/Engine Scoring: Test Cases/Engine_Scoring/Engine Scoring

2022-11-24 17:31:28 - [TEST_STEP][PASSED] - markPassed("Variasi data ke : " + no): Variasi data ke : 184

2022-11-24 17:31:28 - [MESSAGE][PASSED] - Variasi data ke : 184

2022-11-24 17:31:28 - [TEST_STEP][PASSED] - req_data = sendRequest(findTestObject("Search_ME", ["MID":MID, "source":source, "ip":ip, "userid":userid, "branch":branch, "tipekons":tipekons, "marital":marital, "penjamin":penjamin, ... ])): Send request successfully

2022-11-24 17:31:28 - [MESSAGE][INFO] - HAR: D:\DMS\Engine Scoring\Reports\20221124_171436\Exclude KKB - DS - Married\Scoring Married - DS\20221124_171436\requests\main\166.har

2022-11-24 17:31:28 - [MESSAGE][PASSED] - Send request successfully

2022-11-24 17:31:28 - [TEST_STEP][PASSED] - slurper = new groovy.json.JsonSlurper(): null

2022-11-24 17:31:28 - [TEST_STEP][PASSED] - result = slurper.parseText(req_data.getResponseBodyContent()): null

2022-11-24 17:31:28 - [TEST_STEP][PASSED] - reqid_kons = requestid1: null

2022-11-24 17:31:28 - [TEST_STEP][PASSED] - reqid_spouse = requestid2: null

2022-11-24 17:31:28 - [TEST_STEP][PASSED] - println("requestid kons : " + reqid_kons): null

2022-11-24 17:31:28 - [TEST_STEP][PASSED] - response_searchME_kons = reqid_kons: null

2022-11-24 17:31:28 - [TEST_STEP][PASSED] - response_searchME_spouse = reqid_spouse: null

2022-11-24 17:31:28 - [TEST_STEP][PASSED] - println("kons req id is :" + response_searchME_kons): null

2022-11-24 17:31:28 - [TEST_STEP][PASSED] - println("spouse req id is : " + response_searchME_spouse): null

2022-11-24 17:31:28 - [TEST_STEP][PASSED] - verifyResponseStatusCode(req_data, 200): Verify response status code successfully

2022-11-24 17:31:28 - [MESSAGE][PASSED] - Verify response status code successfully

2022-11-24 17:31:28 - [TEST_STEP][PASSED] - response = req_data.getResponseText(): null

2022-11-24 17:31:28 - [TEST_STEP][PASSED] - logInfo($response): {"status":"Done","data":{"requestid1":"254426","requestid2":"254427"}}

2022-11-24 17:31:28 - [MESSAGE][INFO] - {"status":"Done","data":{"requestid1":"254426","requestid2":"254427"}}

2022-11-24 17:31:28 - [TEST_STEP][PASSED] - delay(5): Delayed 5 second(s)

2022-11-24 17:31:34 - [MESSAGE][PASSED] - Delayed 5 second(s)

2022-11-24 17:31:34 - [TEST_STEP][PASSED] - scoring = sendRequest(findTestObject("EngineScore", ["response_searchME_kons":response_searchME_kons, "response_searchME_spouse":response_searchME_spouse])): Send request successfully

2022-11-24 17:31:34 - [MESSAGE][INFO] - HAR: D:\DMS\Engine Scoring\Reports\20221124_171436\Exclude KKB - DS - Married\Scoring Married - DS\20221124_171436\requests\main\167.har

2022-11-24 17:31:34 - [MESSAGE][PASSED] - Send request successfully

2022-11-24 17:31:34 - [TEST_STEP][PASSED] - verifyResponseStatusCode(scoring, 200): Verify response status code successfully

2022-11-24 17:31:34 - [MESSAGE][PASSED] - Verify response status code successfully

2022-11-24 17:31:34 - [TEST_STEP][PASSED] - response2 = scoring.getResponseText(): null

2022-11-24 17:31:34 - [TEST_STEP][PASSED] - markPassed("result service data ke : " + no): result service data ke : 184

2022-11-24 17:31:34 - [MESSAGE][PASSED] - result service data ke : 184

2022-11-24 17:31:34 - [TEST_STEP][PASSED] - logInfo($response2): {"result_konsumen":"Reguler","result_pasangan":"Reguler","Final_result":"Reguler","errorMessage":"","status":"Done"}

2022-11-24 17:31:34 - [MESSAGE][INFO] - {"result_konsumen":"Reguler","result_pasangan":"Reguler","Final_result":"Reguler","errorMessage":"","status":"Done"}

2022-11-24 17:31:34 - [TEST_STEP][PASSED] - verifyElementPropertyValue(scoring, "Final_result", final_result): Verify element property value successfully

2022-11-24 17:31:34 - [MESSAGE][PASSED] - Verify element property value successfully]]></system-out>
         <system-err><![CDATA[]]></system-err>
      </testcase>
      <testcase name="Test Cases/Engine_Scoring/Engine Scoring" time="6.913" classname="Test Cases/Engine_Scoring/Engine Scoring" status="PASSED">
         <system-out><![CDATA[2022-11-24 17:31:34 - [TEST_CASE][PASSED] - Test Cases/Engine_Scoring/Engine Scoring: Test Cases/Engine_Scoring/Engine Scoring

2022-11-24 17:31:35 - [TEST_STEP][PASSED] - markPassed("Variasi data ke : " + no): Variasi data ke : 185

2022-11-24 17:31:35 - [MESSAGE][PASSED] - Variasi data ke : 185

2022-11-24 17:31:35 - [TEST_STEP][PASSED] - req_data = sendRequest(findTestObject("Search_ME", ["MID":MID, "source":source, "ip":ip, "userid":userid, "branch":branch, "tipekons":tipekons, "marital":marital, "penjamin":penjamin, ... ])): Send request successfully

2022-11-24 17:31:35 - [MESSAGE][INFO] - HAR: D:\DMS\Engine Scoring\Reports\20221124_171436\Exclude KKB - DS - Married\Scoring Married - DS\20221124_171436\requests\main\168.har

2022-11-24 17:31:35 - [MESSAGE][PASSED] - Send request successfully

2022-11-24 17:31:36 - [TEST_STEP][PASSED] - slurper = new groovy.json.JsonSlurper(): null

2022-11-24 17:31:36 - [TEST_STEP][PASSED] - result = slurper.parseText(req_data.getResponseBodyContent()): null

2022-11-24 17:31:36 - [TEST_STEP][PASSED] - reqid_kons = requestid1: null

2022-11-24 17:31:36 - [TEST_STEP][PASSED] - reqid_spouse = requestid2: null

2022-11-24 17:31:36 - [TEST_STEP][PASSED] - println("requestid kons : " + reqid_kons): null

2022-11-24 17:31:36 - [TEST_STEP][PASSED] - response_searchME_kons = reqid_kons: null

2022-11-24 17:31:36 - [TEST_STEP][PASSED] - response_searchME_spouse = reqid_spouse: null

2022-11-24 17:31:36 - [TEST_STEP][PASSED] - println("kons req id is :" + response_searchME_kons): null

2022-11-24 17:31:36 - [TEST_STEP][PASSED] - println("spouse req id is : " + response_searchME_spouse): null

2022-11-24 17:31:36 - [TEST_STEP][PASSED] - verifyResponseStatusCode(req_data, 200): Verify response status code successfully

2022-11-24 17:31:36 - [MESSAGE][PASSED] - Verify response status code successfully

2022-11-24 17:31:36 - [TEST_STEP][PASSED] - response = req_data.getResponseText(): null

2022-11-24 17:31:36 - [TEST_STEP][PASSED] - logInfo($response): {"status":"Done","data":{"requestid1":"254428","requestid2":"254429"}}

2022-11-24 17:31:36 - [MESSAGE][INFO] - {"status":"Done","data":{"requestid1":"254428","requestid2":"254429"}}

2022-11-24 17:31:36 - [TEST_STEP][PASSED] - delay(5): Delayed 5 second(s)

2022-11-24 17:31:41 - [MESSAGE][PASSED] - Delayed 5 second(s)

2022-11-24 17:31:41 - [TEST_STEP][PASSED] - scoring = sendRequest(findTestObject("EngineScore", ["response_searchME_kons":response_searchME_kons, "response_searchME_spouse":response_searchME_spouse])): Send request successfully

2022-11-24 17:31:41 - [MESSAGE][INFO] - HAR: D:\DMS\Engine Scoring\Reports\20221124_171436\Exclude KKB - DS - Married\Scoring Married - DS\20221124_171436\requests\main\169.har

2022-11-24 17:31:41 - [MESSAGE][PASSED] - Send request successfully

2022-11-24 17:31:41 - [TEST_STEP][PASSED] - verifyResponseStatusCode(scoring, 200): Verify response status code successfully

2022-11-24 17:31:41 - [MESSAGE][PASSED] - Verify response status code successfully

2022-11-24 17:31:41 - [TEST_STEP][PASSED] - response2 = scoring.getResponseText(): null

2022-11-24 17:31:41 - [TEST_STEP][PASSED] - markPassed("result service data ke : " + no): result service data ke : 185

2022-11-24 17:31:41 - [MESSAGE][PASSED] - result service data ke : 185

2022-11-24 17:31:41 - [TEST_STEP][PASSED] - logInfo($response2): {"result_konsumen":"Reguler","result_pasangan":"Reguler","Final_result":"Reguler","errorMessage":"","status":"Done"}

2022-11-24 17:31:41 - [MESSAGE][INFO] - {"result_konsumen":"Reguler","result_pasangan":"Reguler","Final_result":"Reguler","errorMessage":"","status":"Done"}

2022-11-24 17:31:41 - [TEST_STEP][PASSED] - verifyElementPropertyValue(scoring, "Final_result", final_result): Verify element property value successfully

2022-11-24 17:31:41 - [MESSAGE][PASSED] - Verify element property value successfully]]></system-out>
         <system-err><![CDATA[]]></system-err>
      </testcase>
      <testcase name="Test Cases/Engine_Scoring/Engine Scoring" time="7.128" classname="Test Cases/Engine_Scoring/Engine Scoring" status="PASSED">
         <system-out><![CDATA[2022-11-24 17:31:41 - [TEST_CASE][PASSED] - Test Cases/Engine_Scoring/Engine Scoring: Test Cases/Engine_Scoring/Engine Scoring

2022-11-24 17:31:42 - [TEST_STEP][PASSED] - markPassed("Variasi data ke : " + no): Variasi data ke : 186

2022-11-24 17:31:42 - [MESSAGE][PASSED] - Variasi data ke : 186

2022-11-24 17:31:42 - [TEST_STEP][PASSED] - req_data = sendRequest(findTestObject("Search_ME", ["MID":MID, "source":source, "ip":ip, "userid":userid, "branch":branch, "tipekons":tipekons, "marital":marital, "penjamin":penjamin, ... ])): Send request successfully

2022-11-24 17:31:43 - [MESSAGE][INFO] - HAR: D:\DMS\Engine Scoring\Reports\20221124_171436\Exclude KKB - DS - Married\Scoring Married - DS\20221124_171436\requests\main\170.har

2022-11-24 17:31:43 - [MESSAGE][PASSED] - Send request successfully

2022-11-24 17:31:43 - [TEST_STEP][PASSED] - slurper = new groovy.json.JsonSlurper(): null

2022-11-24 17:31:43 - [TEST_STEP][PASSED] - result = slurper.parseText(req_data.getResponseBodyContent()): null

2022-11-24 17:31:43 - [TEST_STEP][PASSED] - reqid_kons = requestid1: null

2022-11-24 17:31:43 - [TEST_STEP][PASSED] - reqid_spouse = requestid2: null

2022-11-24 17:31:43 - [TEST_STEP][PASSED] - println("requestid kons : " + reqid_kons): null

2022-11-24 17:31:43 - [TEST_STEP][PASSED] - response_searchME_kons = reqid_kons: null

2022-11-24 17:31:43 - [TEST_STEP][PASSED] - response_searchME_spouse = reqid_spouse: null

2022-11-24 17:31:43 - [TEST_STEP][PASSED] - println("kons req id is :" + response_searchME_kons): null

2022-11-24 17:31:43 - [TEST_STEP][PASSED] - println("spouse req id is : " + response_searchME_spouse): null

2022-11-24 17:31:43 - [TEST_STEP][PASSED] - verifyResponseStatusCode(req_data, 200): Verify response status code successfully

2022-11-24 17:31:43 - [MESSAGE][PASSED] - Verify response status code successfully

2022-11-24 17:31:43 - [TEST_STEP][PASSED] - response = req_data.getResponseText(): null

2022-11-24 17:31:43 - [TEST_STEP][PASSED] - logInfo($response): {"status":"Done","data":{"requestid1":"254430","requestid2":"254431"}}

2022-11-24 17:31:43 - [MESSAGE][INFO] - {"status":"Done","data":{"requestid1":"254430","requestid2":"254431"}}

2022-11-24 17:31:43 - [TEST_STEP][PASSED] - delay(5): Delayed 5 second(s)

2022-11-24 17:31:48 - [MESSAGE][PASSED] - Delayed 5 second(s)

2022-11-24 17:31:48 - [TEST_STEP][PASSED] - scoring = sendRequest(findTestObject("EngineScore", ["response_searchME_kons":response_searchME_kons, "response_searchME_spouse":response_searchME_spouse])): Send request successfully

2022-11-24 17:31:48 - [MESSAGE][INFO] - HAR: D:\DMS\Engine Scoring\Reports\20221124_171436\Exclude KKB - DS - Married\Scoring Married - DS\20221124_171436\requests\main\171.har

2022-11-24 17:31:48 - [MESSAGE][PASSED] - Send request successfully

2022-11-24 17:31:48 - [TEST_STEP][PASSED] - verifyResponseStatusCode(scoring, 200): Verify response status code successfully

2022-11-24 17:31:48 - [MESSAGE][PASSED] - Verify response status code successfully

2022-11-24 17:31:48 - [TEST_STEP][PASSED] - response2 = scoring.getResponseText(): null

2022-11-24 17:31:48 - [TEST_STEP][PASSED] - markPassed("result service data ke : " + no): result service data ke : 186

2022-11-24 17:31:48 - [MESSAGE][PASSED] - result service data ke : 186

2022-11-24 17:31:48 - [TEST_STEP][PASSED] - logInfo($response2): {"result_konsumen":"Reguler","result_pasangan":"Reguler","Final_result":"Reguler","errorMessage":"","status":"Done"}

2022-11-24 17:31:48 - [MESSAGE][INFO] - {"result_konsumen":"Reguler","result_pasangan":"Reguler","Final_result":"Reguler","errorMessage":"","status":"Done"}

2022-11-24 17:31:48 - [TEST_STEP][PASSED] - verifyElementPropertyValue(scoring, "Final_result", final_result): Verify element property value successfully

2022-11-24 17:31:48 - [MESSAGE][PASSED] - Verify element property value successfully]]></system-out>
         <system-err><![CDATA[]]></system-err>
      </testcase>
      <testcase name="Test Cases/Engine_Scoring/Engine Scoring" time="6.97" classname="Test Cases/Engine_Scoring/Engine Scoring" status="PASSED">
         <system-out><![CDATA[2022-11-24 17:31:48 - [TEST_CASE][PASSED] - Test Cases/Engine_Scoring/Engine Scoring: Test Cases/Engine_Scoring/Engine Scoring

2022-11-24 17:31:49 - [TEST_STEP][PASSED] - markPassed("Variasi data ke : " + no): Variasi data ke : 187

2022-11-24 17:31:49 - [MESSAGE][PASSED] - Variasi data ke : 187

2022-11-24 17:31:49 - [TEST_STEP][PASSED] - req_data = sendRequest(findTestObject("Search_ME", ["MID":MID, "source":source, "ip":ip, "userid":userid, "branch":branch, "tipekons":tipekons, "marital":marital, "penjamin":penjamin, ... ])): Send request successfully

2022-11-24 17:31:50 - [MESSAGE][INFO] - HAR: D:\DMS\Engine Scoring\Reports\20221124_171436\Exclude KKB - DS - Married\Scoring Married - DS\20221124_171436\requests\main\172.har

2022-11-24 17:31:50 - [MESSAGE][PASSED] - Send request successfully

2022-11-24 17:31:50 - [TEST_STEP][PASSED] - slurper = new groovy.json.JsonSlurper(): null

2022-11-24 17:31:50 - [TEST_STEP][PASSED] - result = slurper.parseText(req_data.getResponseBodyContent()): null

2022-11-24 17:31:50 - [TEST_STEP][PASSED] - reqid_kons = requestid1: null

2022-11-24 17:31:50 - [TEST_STEP][PASSED] - reqid_spouse = requestid2: null

2022-11-24 17:31:50 - [TEST_STEP][PASSED] - println("requestid kons : " + reqid_kons): null

2022-11-24 17:31:50 - [TEST_STEP][PASSED] - response_searchME_kons = reqid_kons: null

2022-11-24 17:31:50 - [TEST_STEP][PASSED] - response_searchME_spouse = reqid_spouse: null

2022-11-24 17:31:50 - [TEST_STEP][PASSED] - println("kons req id is :" + response_searchME_kons): null

2022-11-24 17:31:50 - [TEST_STEP][PASSED] - println("spouse req id is : " + response_searchME_spouse): null

2022-11-24 17:31:50 - [TEST_STEP][PASSED] - verifyResponseStatusCode(req_data, 200): Verify response status code successfully

2022-11-24 17:31:50 - [MESSAGE][PASSED] - Verify response status code successfully

2022-11-24 17:31:50 - [TEST_STEP][PASSED] - response = req_data.getResponseText(): null

2022-11-24 17:31:50 - [TEST_STEP][PASSED] - logInfo($response): {"status":"Done","data":{"requestid1":"254432","requestid2":"254433"}}

2022-11-24 17:31:50 - [MESSAGE][INFO] - {"status":"Done","data":{"requestid1":"254432","requestid2":"254433"}}

2022-11-24 17:31:50 - [TEST_STEP][PASSED] - delay(5): Delayed 5 second(s)

2022-11-24 17:31:55 - [MESSAGE][PASSED] - Delayed 5 second(s)

2022-11-24 17:31:55 - [TEST_STEP][PASSED] - scoring = sendRequest(findTestObject("EngineScore", ["response_searchME_kons":response_searchME_kons, "response_searchME_spouse":response_searchME_spouse])): Send request successfully

2022-11-24 17:31:55 - [MESSAGE][INFO] - HAR: D:\DMS\Engine Scoring\Reports\20221124_171436\Exclude KKB - DS - Married\Scoring Married - DS\20221124_171436\requests\main\173.har

2022-11-24 17:31:55 - [MESSAGE][PASSED] - Send request successfully

2022-11-24 17:31:55 - [TEST_STEP][PASSED] - verifyResponseStatusCode(scoring, 200): Verify response status code successfully

2022-11-24 17:31:55 - [MESSAGE][PASSED] - Verify response status code successfully

2022-11-24 17:31:55 - [TEST_STEP][PASSED] - response2 = scoring.getResponseText(): null

2022-11-24 17:31:55 - [TEST_STEP][PASSED] - markPassed("result service data ke : " + no): result service data ke : 187

2022-11-24 17:31:55 - [MESSAGE][PASSED] - result service data ke : 187

2022-11-24 17:31:55 - [TEST_STEP][PASSED] - logInfo($response2): {"result_konsumen":"Reguler","result_pasangan":"Reguler","Final_result":"Reguler","errorMessage":"","status":"Done"}

2022-11-24 17:31:55 - [MESSAGE][INFO] - {"result_konsumen":"Reguler","result_pasangan":"Reguler","Final_result":"Reguler","errorMessage":"","status":"Done"}

2022-11-24 17:31:55 - [TEST_STEP][PASSED] - verifyElementPropertyValue(scoring, "Final_result", final_result): Verify element property value successfully

2022-11-24 17:31:55 - [MESSAGE][PASSED] - Verify element property value successfully]]></system-out>
         <system-err><![CDATA[]]></system-err>
      </testcase>
      <testcase name="Test Cases/Engine_Scoring/Engine Scoring" time="6.903" classname="Test Cases/Engine_Scoring/Engine Scoring" status="PASSED">
         <system-out><![CDATA[2022-11-24 17:31:55 - [TEST_CASE][PASSED] - Test Cases/Engine_Scoring/Engine Scoring: Test Cases/Engine_Scoring/Engine Scoring

2022-11-24 17:31:56 - [TEST_STEP][PASSED] - markPassed("Variasi data ke : " + no): Variasi data ke : 188

2022-11-24 17:31:56 - [MESSAGE][PASSED] - Variasi data ke : 188

2022-11-24 17:31:56 - [TEST_STEP][PASSED] - req_data = sendRequest(findTestObject("Search_ME", ["MID":MID, "source":source, "ip":ip, "userid":userid, "branch":branch, "tipekons":tipekons, "marital":marital, "penjamin":penjamin, ... ])): Send request successfully

2022-11-24 17:31:57 - [MESSAGE][INFO] - HAR: D:\DMS\Engine Scoring\Reports\20221124_171436\Exclude KKB - DS - Married\Scoring Married - DS\20221124_171436\requests\main\174.har

2022-11-24 17:31:57 - [MESSAGE][PASSED] - Send request successfully

2022-11-24 17:31:57 - [TEST_STEP][PASSED] - slurper = new groovy.json.JsonSlurper(): null

2022-11-24 17:31:57 - [TEST_STEP][PASSED] - result = slurper.parseText(req_data.getResponseBodyContent()): null

2022-11-24 17:31:57 - [TEST_STEP][PASSED] - reqid_kons = requestid1: null

2022-11-24 17:31:57 - [TEST_STEP][PASSED] - reqid_spouse = requestid2: null

2022-11-24 17:31:57 - [TEST_STEP][PASSED] - println("requestid kons : " + reqid_kons): null

2022-11-24 17:31:57 - [TEST_STEP][PASSED] - response_searchME_kons = reqid_kons: null

2022-11-24 17:31:57 - [TEST_STEP][PASSED] - response_searchME_spouse = reqid_spouse: null

2022-11-24 17:31:57 - [TEST_STEP][PASSED] - println("kons req id is :" + response_searchME_kons): null

2022-11-24 17:31:57 - [TEST_STEP][PASSED] - println("spouse req id is : " + response_searchME_spouse): null

2022-11-24 17:31:57 - [TEST_STEP][PASSED] - verifyResponseStatusCode(req_data, 200): Verify response status code successfully

2022-11-24 17:31:57 - [MESSAGE][PASSED] - Verify response status code successfully

2022-11-24 17:31:57 - [TEST_STEP][PASSED] - response = req_data.getResponseText(): null

2022-11-24 17:31:57 - [TEST_STEP][PASSED] - logInfo($response): {"status":"Done","data":{"requestid1":"254434","requestid2":"254435"}}

2022-11-24 17:31:57 - [MESSAGE][INFO] - {"status":"Done","data":{"requestid1":"254434","requestid2":"254435"}}

2022-11-24 17:31:57 - [TEST_STEP][PASSED] - delay(5): Delayed 5 second(s)

2022-11-24 17:32:02 - [MESSAGE][PASSED] - Delayed 5 second(s)

2022-11-24 17:32:02 - [TEST_STEP][PASSED] - scoring = sendRequest(findTestObject("EngineScore", ["response_searchME_kons":response_searchME_kons, "response_searchME_spouse":response_searchME_spouse])): Send request successfully

2022-11-24 17:32:02 - [MESSAGE][INFO] - HAR: D:\DMS\Engine Scoring\Reports\20221124_171436\Exclude KKB - DS - Married\Scoring Married - DS\20221124_171436\requests\main\175.har

2022-11-24 17:32:02 - [MESSAGE][PASSED] - Send request successfully

2022-11-24 17:32:02 - [TEST_STEP][PASSED] - verifyResponseStatusCode(scoring, 200): Verify response status code successfully

2022-11-24 17:32:02 - [MESSAGE][PASSED] - Verify response status code successfully

2022-11-24 17:32:02 - [TEST_STEP][PASSED] - response2 = scoring.getResponseText(): null

2022-11-24 17:32:02 - [TEST_STEP][PASSED] - markPassed("result service data ke : " + no): result service data ke : 188

2022-11-24 17:32:02 - [MESSAGE][PASSED] - result service data ke : 188

2022-11-24 17:32:02 - [TEST_STEP][PASSED] - logInfo($response2): {"result_konsumen":"Reguler","result_pasangan":"Reguler","Final_result":"Reguler","errorMessage":"","status":"Done"}

2022-11-24 17:32:02 - [MESSAGE][INFO] - {"result_konsumen":"Reguler","result_pasangan":"Reguler","Final_result":"Reguler","errorMessage":"","status":"Done"}

2022-11-24 17:32:02 - [TEST_STEP][PASSED] - verifyElementPropertyValue(scoring, "Final_result", final_result): Verify element property value successfully

2022-11-24 17:32:02 - [MESSAGE][PASSED] - Verify element property value successfully]]></system-out>
         <system-err><![CDATA[]]></system-err>
      </testcase>
      <testcase name="Test Cases/Engine_Scoring/Engine Scoring" time="6.943" classname="Test Cases/Engine_Scoring/Engine Scoring" status="PASSED">
         <system-out><![CDATA[2022-11-24 17:32:02 - [TEST_CASE][PASSED] - Test Cases/Engine_Scoring/Engine Scoring: Test Cases/Engine_Scoring/Engine Scoring

2022-11-24 17:32:03 - [TEST_STEP][PASSED] - markPassed("Variasi data ke : " + no): Variasi data ke : 189

2022-11-24 17:32:03 - [MESSAGE][PASSED] - Variasi data ke : 189

2022-11-24 17:32:03 - [TEST_STEP][PASSED] - req_data = sendRequest(findTestObject("Search_ME", ["MID":MID, "source":source, "ip":ip, "userid":userid, "branch":branch, "tipekons":tipekons, "marital":marital, "penjamin":penjamin, ... ])): Send request successfully

2022-11-24 17:32:04 - [MESSAGE][INFO] - HAR: D:\DMS\Engine Scoring\Reports\20221124_171436\Exclude KKB - DS - Married\Scoring Married - DS\20221124_171436\requests\main\176.har

2022-11-24 17:32:04 - [MESSAGE][PASSED] - Send request successfully

2022-11-24 17:32:04 - [TEST_STEP][PASSED] - slurper = new groovy.json.JsonSlurper(): null

2022-11-24 17:32:04 - [TEST_STEP][PASSED] - result = slurper.parseText(req_data.getResponseBodyContent()): null

2022-11-24 17:32:04 - [TEST_STEP][PASSED] - reqid_kons = requestid1: null

2022-11-24 17:32:04 - [TEST_STEP][PASSED] - reqid_spouse = requestid2: null

2022-11-24 17:32:04 - [TEST_STEP][PASSED] - println("requestid kons : " + reqid_kons): null

2022-11-24 17:32:04 - [TEST_STEP][PASSED] - response_searchME_kons = reqid_kons: null

2022-11-24 17:32:04 - [TEST_STEP][PASSED] - response_searchME_spouse = reqid_spouse: null

2022-11-24 17:32:04 - [TEST_STEP][PASSED] - println("kons req id is :" + response_searchME_kons): null

2022-11-24 17:32:04 - [TEST_STEP][PASSED] - println("spouse req id is : " + response_searchME_spouse): null

2022-11-24 17:32:04 - [TEST_STEP][PASSED] - verifyResponseStatusCode(req_data, 200): Verify response status code successfully

2022-11-24 17:32:04 - [MESSAGE][PASSED] - Verify response status code successfully

2022-11-24 17:32:04 - [TEST_STEP][PASSED] - response = req_data.getResponseText(): null

2022-11-24 17:32:04 - [TEST_STEP][PASSED] - logInfo($response): {"status":"Done","data":{"requestid1":"254436","requestid2":"254437"}}

2022-11-24 17:32:04 - [MESSAGE][INFO] - {"status":"Done","data":{"requestid1":"254436","requestid2":"254437"}}

2022-11-24 17:32:04 - [TEST_STEP][PASSED] - delay(5): Delayed 5 second(s)

2022-11-24 17:32:09 - [MESSAGE][PASSED] - Delayed 5 second(s)

2022-11-24 17:32:09 - [TEST_STEP][PASSED] - scoring = sendRequest(findTestObject("EngineScore", ["response_searchME_kons":response_searchME_kons, "response_searchME_spouse":response_searchME_spouse])): Send request successfully

2022-11-24 17:32:09 - [MESSAGE][INFO] - HAR: D:\DMS\Engine Scoring\Reports\20221124_171436\Exclude KKB - DS - Married\Scoring Married - DS\20221124_171436\requests\main\177.har

2022-11-24 17:32:09 - [MESSAGE][PASSED] - Send request successfully

2022-11-24 17:32:09 - [TEST_STEP][PASSED] - verifyResponseStatusCode(scoring, 200): Verify response status code successfully

2022-11-24 17:32:09 - [MESSAGE][PASSED] - Verify response status code successfully

2022-11-24 17:32:09 - [TEST_STEP][PASSED] - response2 = scoring.getResponseText(): null

2022-11-24 17:32:09 - [TEST_STEP][PASSED] - markPassed("result service data ke : " + no): result service data ke : 189

2022-11-24 17:32:09 - [MESSAGE][PASSED] - result service data ke : 189

2022-11-24 17:32:09 - [TEST_STEP][PASSED] - logInfo($response2): {"result_konsumen":"Reguler","result_pasangan":"Reguler","Final_result":"Reguler","errorMessage":"","status":"Done"}

2022-11-24 17:32:09 - [MESSAGE][INFO] - {"result_konsumen":"Reguler","result_pasangan":"Reguler","Final_result":"Reguler","errorMessage":"","status":"Done"}

2022-11-24 17:32:09 - [TEST_STEP][PASSED] - verifyElementPropertyValue(scoring, "Final_result", final_result): Verify element property value successfully

2022-11-24 17:32:09 - [MESSAGE][PASSED] - Verify element property value successfully]]></system-out>
         <system-err><![CDATA[]]></system-err>
      </testcase>
      <testcase name="Test Cases/Engine_Scoring/Engine Scoring" time="6.877" classname="Test Cases/Engine_Scoring/Engine Scoring" status="PASSED">
         <system-out><![CDATA[2022-11-24 17:32:09 - [TEST_CASE][PASSED] - Test Cases/Engine_Scoring/Engine Scoring: Test Cases/Engine_Scoring/Engine Scoring

2022-11-24 17:32:10 - [TEST_STEP][PASSED] - markPassed("Variasi data ke : " + no): Variasi data ke : 190

2022-11-24 17:32:10 - [MESSAGE][PASSED] - Variasi data ke : 190

2022-11-24 17:32:10 - [TEST_STEP][PASSED] - req_data = sendRequest(findTestObject("Search_ME", ["MID":MID, "source":source, "ip":ip, "userid":userid, "branch":branch, "tipekons":tipekons, "marital":marital, "penjamin":penjamin, ... ])): Send request successfully

2022-11-24 17:32:11 - [MESSAGE][INFO] - HAR: D:\DMS\Engine Scoring\Reports\20221124_171436\Exclude KKB - DS - Married\Scoring Married - DS\20221124_171436\requests\main\178.har

2022-11-24 17:32:11 - [MESSAGE][PASSED] - Send request successfully

2022-11-24 17:32:11 - [TEST_STEP][PASSED] - slurper = new groovy.json.JsonSlurper(): null

2022-11-24 17:32:11 - [TEST_STEP][PASSED] - result = slurper.parseText(req_data.getResponseBodyContent()): null

2022-11-24 17:32:11 - [TEST_STEP][PASSED] - reqid_kons = requestid1: null

2022-11-24 17:32:11 - [TEST_STEP][PASSED] - reqid_spouse = requestid2: null

2022-11-24 17:32:11 - [TEST_STEP][PASSED] - println("requestid kons : " + reqid_kons): null

2022-11-24 17:32:11 - [TEST_STEP][PASSED] - response_searchME_kons = reqid_kons: null

2022-11-24 17:32:11 - [TEST_STEP][PASSED] - response_searchME_spouse = reqid_spouse: null

2022-11-24 17:32:11 - [TEST_STEP][PASSED] - println("kons req id is :" + response_searchME_kons): null

2022-11-24 17:32:11 - [TEST_STEP][PASSED] - println("spouse req id is : " + response_searchME_spouse): null

2022-11-24 17:32:11 - [TEST_STEP][PASSED] - verifyResponseStatusCode(req_data, 200): Verify response status code successfully

2022-11-24 17:32:11 - [MESSAGE][PASSED] - Verify response status code successfully

2022-11-24 17:32:11 - [TEST_STEP][PASSED] - response = req_data.getResponseText(): null

2022-11-24 17:32:11 - [TEST_STEP][PASSED] - logInfo($response): {"status":"Done","data":{"requestid1":"254438","requestid2":"254439"}}

2022-11-24 17:32:11 - [MESSAGE][INFO] - {"status":"Done","data":{"requestid1":"254438","requestid2":"254439"}}

2022-11-24 17:32:11 - [TEST_STEP][PASSED] - delay(5): Delayed 5 second(s)

2022-11-24 17:32:16 - [MESSAGE][PASSED] - Delayed 5 second(s)

2022-11-24 17:32:16 - [TEST_STEP][PASSED] - scoring = sendRequest(findTestObject("EngineScore", ["response_searchME_kons":response_searchME_kons, "response_searchME_spouse":response_searchME_spouse])): Send request successfully

2022-11-24 17:32:16 - [MESSAGE][INFO] - HAR: D:\DMS\Engine Scoring\Reports\20221124_171436\Exclude KKB - DS - Married\Scoring Married - DS\20221124_171436\requests\main\179.har

2022-11-24 17:32:16 - [MESSAGE][PASSED] - Send request successfully

2022-11-24 17:32:16 - [TEST_STEP][PASSED] - verifyResponseStatusCode(scoring, 200): Verify response status code successfully

2022-11-24 17:32:16 - [MESSAGE][PASSED] - Verify response status code successfully

2022-11-24 17:32:16 - [TEST_STEP][PASSED] - response2 = scoring.getResponseText(): null

2022-11-24 17:32:16 - [TEST_STEP][PASSED] - markPassed("result service data ke : " + no): result service data ke : 190

2022-11-24 17:32:16 - [MESSAGE][PASSED] - result service data ke : 190

2022-11-24 17:32:16 - [TEST_STEP][PASSED] - logInfo($response2): {"result_konsumen":"Reguler","result_pasangan":"Approve","Final_result":"Reguler","errorMessage":"","status":"Done"}

2022-11-24 17:32:16 - [MESSAGE][INFO] - {"result_konsumen":"Reguler","result_pasangan":"Approve","Final_result":"Reguler","errorMessage":"","status":"Done"}

2022-11-24 17:32:16 - [TEST_STEP][PASSED] - verifyElementPropertyValue(scoring, "Final_result", final_result): Verify element property value successfully

2022-11-24 17:32:16 - [MESSAGE][PASSED] - Verify element property value successfully]]></system-out>
         <system-err><![CDATA[]]></system-err>
      </testcase>
      <testcase name="Test Cases/Engine_Scoring/Engine Scoring" time="6.883" classname="Test Cases/Engine_Scoring/Engine Scoring" status="PASSED">
         <system-out><![CDATA[2022-11-24 17:32:16 - [TEST_CASE][PASSED] - Test Cases/Engine_Scoring/Engine Scoring: Test Cases/Engine_Scoring/Engine Scoring

2022-11-24 17:32:17 - [TEST_STEP][PASSED] - markPassed("Variasi data ke : " + no): Variasi data ke : 191

2022-11-24 17:32:17 - [MESSAGE][PASSED] - Variasi data ke : 191

2022-11-24 17:32:17 - [TEST_STEP][PASSED] - req_data = sendRequest(findTestObject("Search_ME", ["MID":MID, "source":source, "ip":ip, "userid":userid, "branch":branch, "tipekons":tipekons, "marital":marital, "penjamin":penjamin, ... ])): Send request successfully

2022-11-24 17:32:18 - [MESSAGE][INFO] - HAR: D:\DMS\Engine Scoring\Reports\20221124_171436\Exclude KKB - DS - Married\Scoring Married - DS\20221124_171436\requests\main\180.har

2022-11-24 17:32:18 - [MESSAGE][PASSED] - Send request successfully

2022-11-24 17:32:18 - [TEST_STEP][PASSED] - slurper = new groovy.json.JsonSlurper(): null

2022-11-24 17:32:18 - [TEST_STEP][PASSED] - result = slurper.parseText(req_data.getResponseBodyContent()): null

2022-11-24 17:32:18 - [TEST_STEP][PASSED] - reqid_kons = requestid1: null

2022-11-24 17:32:18 - [TEST_STEP][PASSED] - reqid_spouse = requestid2: null

2022-11-24 17:32:18 - [TEST_STEP][PASSED] - println("requestid kons : " + reqid_kons): null

2022-11-24 17:32:18 - [TEST_STEP][PASSED] - response_searchME_kons = reqid_kons: null

2022-11-24 17:32:18 - [TEST_STEP][PASSED] - response_searchME_spouse = reqid_spouse: null

2022-11-24 17:32:18 - [TEST_STEP][PASSED] - println("kons req id is :" + response_searchME_kons): null

2022-11-24 17:32:18 - [TEST_STEP][PASSED] - println("spouse req id is : " + response_searchME_spouse): null

2022-11-24 17:32:18 - [TEST_STEP][PASSED] - verifyResponseStatusCode(req_data, 200): Verify response status code successfully

2022-11-24 17:32:18 - [MESSAGE][PASSED] - Verify response status code successfully

2022-11-24 17:32:18 - [TEST_STEP][PASSED] - response = req_data.getResponseText(): null

2022-11-24 17:32:18 - [TEST_STEP][PASSED] - logInfo($response): {"status":"Done","data":{"requestid1":"254440","requestid2":"254441"}}

2022-11-24 17:32:18 - [MESSAGE][INFO] - {"status":"Done","data":{"requestid1":"254440","requestid2":"254441"}}

2022-11-24 17:32:18 - [TEST_STEP][PASSED] - delay(5): Delayed 5 second(s)

2022-11-24 17:32:23 - [MESSAGE][PASSED] - Delayed 5 second(s)

2022-11-24 17:32:23 - [TEST_STEP][PASSED] - scoring = sendRequest(findTestObject("EngineScore", ["response_searchME_kons":response_searchME_kons, "response_searchME_spouse":response_searchME_spouse])): Send request successfully

2022-11-24 17:32:23 - [MESSAGE][INFO] - HAR: D:\DMS\Engine Scoring\Reports\20221124_171436\Exclude KKB - DS - Married\Scoring Married - DS\20221124_171436\requests\main\181.har

2022-11-24 17:32:23 - [MESSAGE][PASSED] - Send request successfully

2022-11-24 17:32:23 - [TEST_STEP][PASSED] - verifyResponseStatusCode(scoring, 200): Verify response status code successfully

2022-11-24 17:32:23 - [MESSAGE][PASSED] - Verify response status code successfully

2022-11-24 17:32:23 - [TEST_STEP][PASSED] - response2 = scoring.getResponseText(): null

2022-11-24 17:32:23 - [TEST_STEP][PASSED] - markPassed("result service data ke : " + no): result service data ke : 191

2022-11-24 17:32:23 - [MESSAGE][PASSED] - result service data ke : 191

2022-11-24 17:32:23 - [TEST_STEP][PASSED] - logInfo($response2): {"result_konsumen":"Reguler","result_pasangan":"Approve","Final_result":"Reguler","errorMessage":"","status":"Done"}

2022-11-24 17:32:23 - [MESSAGE][INFO] - {"result_konsumen":"Reguler","result_pasangan":"Approve","Final_result":"Reguler","errorMessage":"","status":"Done"}

2022-11-24 17:32:23 - [TEST_STEP][PASSED] - verifyElementPropertyValue(scoring, "Final_result", final_result): Verify element property value successfully

2022-11-24 17:32:23 - [MESSAGE][PASSED] - Verify element property value successfully]]></system-out>
         <system-err><![CDATA[]]></system-err>
      </testcase>
      <testcase name="Test Cases/Engine_Scoring/Engine Scoring" time="7.062" classname="Test Cases/Engine_Scoring/Engine Scoring" status="PASSED">
         <system-out><![CDATA[2022-11-24 17:32:23 - [TEST_CASE][PASSED] - Test Cases/Engine_Scoring/Engine Scoring: Test Cases/Engine_Scoring/Engine Scoring

2022-11-24 17:32:24 - [TEST_STEP][PASSED] - markPassed("Variasi data ke : " + no): Variasi data ke : 192

2022-11-24 17:32:24 - [MESSAGE][PASSED] - Variasi data ke : 192

2022-11-24 17:32:24 - [TEST_STEP][PASSED] - req_data = sendRequest(findTestObject("Search_ME", ["MID":MID, "source":source, "ip":ip, "userid":userid, "branch":branch, "tipekons":tipekons, "marital":marital, "penjamin":penjamin, ... ])): Send request successfully

2022-11-24 17:32:25 - [MESSAGE][INFO] - HAR: D:\DMS\Engine Scoring\Reports\20221124_171436\Exclude KKB - DS - Married\Scoring Married - DS\20221124_171436\requests\main\182.har

2022-11-24 17:32:25 - [MESSAGE][PASSED] - Send request successfully

2022-11-24 17:32:25 - [TEST_STEP][PASSED] - slurper = new groovy.json.JsonSlurper(): null

2022-11-24 17:32:25 - [TEST_STEP][PASSED] - result = slurper.parseText(req_data.getResponseBodyContent()): null

2022-11-24 17:32:25 - [TEST_STEP][PASSED] - reqid_kons = requestid1: null

2022-11-24 17:32:25 - [TEST_STEP][PASSED] - reqid_spouse = requestid2: null

2022-11-24 17:32:25 - [TEST_STEP][PASSED] - println("requestid kons : " + reqid_kons): null

2022-11-24 17:32:25 - [TEST_STEP][PASSED] - response_searchME_kons = reqid_kons: null

2022-11-24 17:32:25 - [TEST_STEP][PASSED] - response_searchME_spouse = reqid_spouse: null

2022-11-24 17:32:25 - [TEST_STEP][PASSED] - println("kons req id is :" + response_searchME_kons): null

2022-11-24 17:32:25 - [TEST_STEP][PASSED] - println("spouse req id is : " + response_searchME_spouse): null

2022-11-24 17:32:25 - [TEST_STEP][PASSED] - verifyResponseStatusCode(req_data, 200): Verify response status code successfully

2022-11-24 17:32:25 - [MESSAGE][PASSED] - Verify response status code successfully

2022-11-24 17:32:25 - [TEST_STEP][PASSED] - response = req_data.getResponseText(): null

2022-11-24 17:32:25 - [TEST_STEP][PASSED] - logInfo($response): {"status":"Done","data":{"requestid1":"254442","requestid2":"254443"}}

2022-11-24 17:32:25 - [MESSAGE][INFO] - {"status":"Done","data":{"requestid1":"254442","requestid2":"254443"}}

2022-11-24 17:32:25 - [TEST_STEP][PASSED] - delay(5): Delayed 5 second(s)

2022-11-24 17:32:30 - [MESSAGE][PASSED] - Delayed 5 second(s)

2022-11-24 17:32:30 - [TEST_STEP][PASSED] - scoring = sendRequest(findTestObject("EngineScore", ["response_searchME_kons":response_searchME_kons, "response_searchME_spouse":response_searchME_spouse])): Send request successfully

2022-11-24 17:32:30 - [MESSAGE][INFO] - HAR: D:\DMS\Engine Scoring\Reports\20221124_171436\Exclude KKB - DS - Married\Scoring Married - DS\20221124_171436\requests\main\183.har

2022-11-24 17:32:30 - [MESSAGE][PASSED] - Send request successfully

2022-11-24 17:32:30 - [TEST_STEP][PASSED] - verifyResponseStatusCode(scoring, 200): Verify response status code successfully

2022-11-24 17:32:30 - [MESSAGE][PASSED] - Verify response status code successfully

2022-11-24 17:32:30 - [TEST_STEP][PASSED] - response2 = scoring.getResponseText(): null

2022-11-24 17:32:30 - [TEST_STEP][PASSED] - markPassed("result service data ke : " + no): result service data ke : 192

2022-11-24 17:32:30 - [MESSAGE][PASSED] - result service data ke : 192

2022-11-24 17:32:30 - [TEST_STEP][PASSED] - logInfo($response2): {"result_konsumen":"Reguler","result_pasangan":"Approve","Final_result":"Reguler","errorMessage":"","status":"Done"}

2022-11-24 17:32:30 - [MESSAGE][INFO] - {"result_konsumen":"Reguler","result_pasangan":"Approve","Final_result":"Reguler","errorMessage":"","status":"Done"}

2022-11-24 17:32:30 - [TEST_STEP][PASSED] - verifyElementPropertyValue(scoring, "Final_result", final_result): Verify element property value successfully

2022-11-24 17:32:30 - [MESSAGE][PASSED] - Verify element property value successfully]]></system-out>
         <system-err><![CDATA[]]></system-err>
      </testcase>
      <testcase name="Test Cases/Engine_Scoring/Engine Scoring" time="7.026" classname="Test Cases/Engine_Scoring/Engine Scoring" status="PASSED">
         <system-out><![CDATA[2022-11-24 17:32:30 - [TEST_CASE][PASSED] - Test Cases/Engine_Scoring/Engine Scoring: Test Cases/Engine_Scoring/Engine Scoring

2022-11-24 17:32:31 - [TEST_STEP][PASSED] - markPassed("Variasi data ke : " + no): Variasi data ke : 193

2022-11-24 17:32:31 - [MESSAGE][PASSED] - Variasi data ke : 193

2022-11-24 17:32:31 - [TEST_STEP][PASSED] - req_data = sendRequest(findTestObject("Search_ME", ["MID":MID, "source":source, "ip":ip, "userid":userid, "branch":branch, "tipekons":tipekons, "marital":marital, "penjamin":penjamin, ... ])): Send request successfully

2022-11-24 17:32:32 - [MESSAGE][INFO] - HAR: D:\DMS\Engine Scoring\Reports\20221124_171436\Exclude KKB - DS - Married\Scoring Married - DS\20221124_171436\requests\main\184.har

2022-11-24 17:32:32 - [MESSAGE][PASSED] - Send request successfully

2022-11-24 17:32:32 - [TEST_STEP][PASSED] - slurper = new groovy.json.JsonSlurper(): null

2022-11-24 17:32:32 - [TEST_STEP][PASSED] - result = slurper.parseText(req_data.getResponseBodyContent()): null

2022-11-24 17:32:32 - [TEST_STEP][PASSED] - reqid_kons = requestid1: null

2022-11-24 17:32:32 - [TEST_STEP][PASSED] - reqid_spouse = requestid2: null

2022-11-24 17:32:32 - [TEST_STEP][PASSED] - println("requestid kons : " + reqid_kons): null

2022-11-24 17:32:32 - [TEST_STEP][PASSED] - response_searchME_kons = reqid_kons: null

2022-11-24 17:32:32 - [TEST_STEP][PASSED] - response_searchME_spouse = reqid_spouse: null

2022-11-24 17:32:32 - [TEST_STEP][PASSED] - println("kons req id is :" + response_searchME_kons): null

2022-11-24 17:32:32 - [TEST_STEP][PASSED] - println("spouse req id is : " + response_searchME_spouse): null

2022-11-24 17:32:32 - [TEST_STEP][PASSED] - verifyResponseStatusCode(req_data, 200): Verify response status code successfully

2022-11-24 17:32:32 - [MESSAGE][PASSED] - Verify response status code successfully

2022-11-24 17:32:32 - [TEST_STEP][PASSED] - response = req_data.getResponseText(): null

2022-11-24 17:32:32 - [TEST_STEP][PASSED] - logInfo($response): {"status":"Done","data":{"requestid1":"254444","requestid2":"254445"}}

2022-11-24 17:32:32 - [MESSAGE][INFO] - {"status":"Done","data":{"requestid1":"254444","requestid2":"254445"}}

2022-11-24 17:32:32 - [TEST_STEP][PASSED] - delay(5): Delayed 5 second(s)

2022-11-24 17:32:37 - [MESSAGE][PASSED] - Delayed 5 second(s)

2022-11-24 17:32:37 - [TEST_STEP][PASSED] - scoring = sendRequest(findTestObject("EngineScore", ["response_searchME_kons":response_searchME_kons, "response_searchME_spouse":response_searchME_spouse])): Send request successfully

2022-11-24 17:32:37 - [MESSAGE][INFO] - HAR: D:\DMS\Engine Scoring\Reports\20221124_171436\Exclude KKB - DS - Married\Scoring Married - DS\20221124_171436\requests\main\185.har

2022-11-24 17:32:37 - [MESSAGE][PASSED] - Send request successfully

2022-11-24 17:32:37 - [TEST_STEP][PASSED] - verifyResponseStatusCode(scoring, 200): Verify response status code successfully

2022-11-24 17:32:37 - [MESSAGE][PASSED] - Verify response status code successfully

2022-11-24 17:32:37 - [TEST_STEP][PASSED] - response2 = scoring.getResponseText(): null

2022-11-24 17:32:37 - [TEST_STEP][PASSED] - markPassed("result service data ke : " + no): result service data ke : 193

2022-11-24 17:32:37 - [MESSAGE][PASSED] - result service data ke : 193

2022-11-24 17:32:37 - [TEST_STEP][PASSED] - logInfo($response2): {"result_konsumen":"Reguler","result_pasangan":"Approve","Final_result":"Reguler","errorMessage":"","status":"Done"}

2022-11-24 17:32:37 - [MESSAGE][INFO] - {"result_konsumen":"Reguler","result_pasangan":"Approve","Final_result":"Reguler","errorMessage":"","status":"Done"}

2022-11-24 17:32:37 - [TEST_STEP][PASSED] - verifyElementPropertyValue(scoring, "Final_result", final_result): Verify element property value successfully

2022-11-24 17:32:37 - [MESSAGE][PASSED] - Verify element property value successfully]]></system-out>
         <system-err><![CDATA[]]></system-err>
      </testcase>
      <testcase name="Test Cases/Engine_Scoring/Engine Scoring" time="6.888" classname="Test Cases/Engine_Scoring/Engine Scoring" status="PASSED">
         <system-out><![CDATA[2022-11-24 17:32:37 - [TEST_CASE][PASSED] - Test Cases/Engine_Scoring/Engine Scoring: Test Cases/Engine_Scoring/Engine Scoring

2022-11-24 17:32:38 - [TEST_STEP][PASSED] - markPassed("Variasi data ke : " + no): Variasi data ke : 194

2022-11-24 17:32:38 - [MESSAGE][PASSED] - Variasi data ke : 194

2022-11-24 17:32:38 - [TEST_STEP][PASSED] - req_data = sendRequest(findTestObject("Search_ME", ["MID":MID, "source":source, "ip":ip, "userid":userid, "branch":branch, "tipekons":tipekons, "marital":marital, "penjamin":penjamin, ... ])): Send request successfully

2022-11-24 17:32:39 - [MESSAGE][INFO] - HAR: D:\DMS\Engine Scoring\Reports\20221124_171436\Exclude KKB - DS - Married\Scoring Married - DS\20221124_171436\requests\main\186.har

2022-11-24 17:32:39 - [MESSAGE][PASSED] - Send request successfully

2022-11-24 17:32:39 - [TEST_STEP][PASSED] - slurper = new groovy.json.JsonSlurper(): null

2022-11-24 17:32:39 - [TEST_STEP][PASSED] - result = slurper.parseText(req_data.getResponseBodyContent()): null

2022-11-24 17:32:39 - [TEST_STEP][PASSED] - reqid_kons = requestid1: null

2022-11-24 17:32:39 - [TEST_STEP][PASSED] - reqid_spouse = requestid2: null

2022-11-24 17:32:39 - [TEST_STEP][PASSED] - println("requestid kons : " + reqid_kons): null

2022-11-24 17:32:39 - [TEST_STEP][PASSED] - response_searchME_kons = reqid_kons: null

2022-11-24 17:32:39 - [TEST_STEP][PASSED] - response_searchME_spouse = reqid_spouse: null

2022-11-24 17:32:39 - [TEST_STEP][PASSED] - println("kons req id is :" + response_searchME_kons): null

2022-11-24 17:32:39 - [TEST_STEP][PASSED] - println("spouse req id is : " + response_searchME_spouse): null

2022-11-24 17:32:39 - [TEST_STEP][PASSED] - verifyResponseStatusCode(req_data, 200): Verify response status code successfully

2022-11-24 17:32:39 - [MESSAGE][PASSED] - Verify response status code successfully

2022-11-24 17:32:39 - [TEST_STEP][PASSED] - response = req_data.getResponseText(): null

2022-11-24 17:32:39 - [TEST_STEP][PASSED] - logInfo($response): {"status":"Done","data":{"requestid1":"254446","requestid2":"254447"}}

2022-11-24 17:32:39 - [MESSAGE][INFO] - {"status":"Done","data":{"requestid1":"254446","requestid2":"254447"}}

2022-11-24 17:32:39 - [TEST_STEP][PASSED] - delay(5): Delayed 5 second(s)

2022-11-24 17:32:44 - [MESSAGE][PASSED] - Delayed 5 second(s)

2022-11-24 17:32:44 - [TEST_STEP][PASSED] - scoring = sendRequest(findTestObject("EngineScore", ["response_searchME_kons":response_searchME_kons, "response_searchME_spouse":response_searchME_spouse])): Send request successfully

2022-11-24 17:32:44 - [MESSAGE][INFO] - HAR: D:\DMS\Engine Scoring\Reports\20221124_171436\Exclude KKB - DS - Married\Scoring Married - DS\20221124_171436\requests\main\187.har

2022-11-24 17:32:44 - [MESSAGE][PASSED] - Send request successfully

2022-11-24 17:32:44 - [TEST_STEP][PASSED] - verifyResponseStatusCode(scoring, 200): Verify response status code successfully

2022-11-24 17:32:44 - [MESSAGE][PASSED] - Verify response status code successfully

2022-11-24 17:32:44 - [TEST_STEP][PASSED] - response2 = scoring.getResponseText(): null

2022-11-24 17:32:44 - [TEST_STEP][PASSED] - markPassed("result service data ke : " + no): result service data ke : 194

2022-11-24 17:32:44 - [MESSAGE][PASSED] - result service data ke : 194

2022-11-24 17:32:44 - [TEST_STEP][PASSED] - logInfo($response2): {"result_konsumen":"Reguler","result_pasangan":"Reject","Final_result":"Reject","errorMessage":"","status":"Done"}

2022-11-24 17:32:44 - [MESSAGE][INFO] - {"result_konsumen":"Reguler","result_pasangan":"Reject","Final_result":"Reject","errorMessage":"","status":"Done"}

2022-11-24 17:32:44 - [TEST_STEP][PASSED] - verifyElementPropertyValue(scoring, "Final_result", final_result): Verify element property value successfully

2022-11-24 17:32:44 - [MESSAGE][PASSED] - Verify element property value successfully]]></system-out>
         <system-err><![CDATA[]]></system-err>
      </testcase>
      <testcase name="Test Cases/Engine_Scoring/Engine Scoring" time="7.017" classname="Test Cases/Engine_Scoring/Engine Scoring" status="PASSED">
         <system-out><![CDATA[2022-11-24 17:32:44 - [TEST_CASE][PASSED] - Test Cases/Engine_Scoring/Engine Scoring: Test Cases/Engine_Scoring/Engine Scoring

2022-11-24 17:32:45 - [TEST_STEP][PASSED] - markPassed("Variasi data ke : " + no): Variasi data ke : 195

2022-11-24 17:32:45 - [MESSAGE][PASSED] - Variasi data ke : 195

2022-11-24 17:32:45 - [TEST_STEP][PASSED] - req_data = sendRequest(findTestObject("Search_ME", ["MID":MID, "source":source, "ip":ip, "userid":userid, "branch":branch, "tipekons":tipekons, "marital":marital, "penjamin":penjamin, ... ])): Send request successfully

2022-11-24 17:32:46 - [MESSAGE][INFO] - HAR: D:\DMS\Engine Scoring\Reports\20221124_171436\Exclude KKB - DS - Married\Scoring Married - DS\20221124_171436\requests\main\188.har

2022-11-24 17:32:46 - [MESSAGE][PASSED] - Send request successfully

2022-11-24 17:32:46 - [TEST_STEP][PASSED] - slurper = new groovy.json.JsonSlurper(): null

2022-11-24 17:32:46 - [TEST_STEP][PASSED] - result = slurper.parseText(req_data.getResponseBodyContent()): null

2022-11-24 17:32:46 - [TEST_STEP][PASSED] - reqid_kons = requestid1: null

2022-11-24 17:32:46 - [TEST_STEP][PASSED] - reqid_spouse = requestid2: null

2022-11-24 17:32:46 - [TEST_STEP][PASSED] - println("requestid kons : " + reqid_kons): null

2022-11-24 17:32:46 - [TEST_STEP][PASSED] - response_searchME_kons = reqid_kons: null

2022-11-24 17:32:46 - [TEST_STEP][PASSED] - response_searchME_spouse = reqid_spouse: null

2022-11-24 17:32:46 - [TEST_STEP][PASSED] - println("kons req id is :" + response_searchME_kons): null

2022-11-24 17:32:46 - [TEST_STEP][PASSED] - println("spouse req id is : " + response_searchME_spouse): null

2022-11-24 17:32:46 - [TEST_STEP][PASSED] - verifyResponseStatusCode(req_data, 200): Verify response status code successfully

2022-11-24 17:32:46 - [MESSAGE][PASSED] - Verify response status code successfully

2022-11-24 17:32:46 - [TEST_STEP][PASSED] - response = req_data.getResponseText(): null

2022-11-24 17:32:46 - [TEST_STEP][PASSED] - logInfo($response): {"status":"Done","data":{"requestid1":"254448","requestid2":"254449"}}

2022-11-24 17:32:46 - [MESSAGE][INFO] - {"status":"Done","data":{"requestid1":"254448","requestid2":"254449"}}

2022-11-24 17:32:46 - [TEST_STEP][PASSED] - delay(5): Delayed 5 second(s)

2022-11-24 17:32:51 - [MESSAGE][PASSED] - Delayed 5 second(s)

2022-11-24 17:32:51 - [TEST_STEP][PASSED] - scoring = sendRequest(findTestObject("EngineScore", ["response_searchME_kons":response_searchME_kons, "response_searchME_spouse":response_searchME_spouse])): Send request successfully

2022-11-24 17:32:51 - [MESSAGE][INFO] - HAR: D:\DMS\Engine Scoring\Reports\20221124_171436\Exclude KKB - DS - Married\Scoring Married - DS\20221124_171436\requests\main\189.har

2022-11-24 17:32:51 - [MESSAGE][PASSED] - Send request successfully

2022-11-24 17:32:51 - [TEST_STEP][PASSED] - verifyResponseStatusCode(scoring, 200): Verify response status code successfully

2022-11-24 17:32:51 - [MESSAGE][PASSED] - Verify response status code successfully

2022-11-24 17:32:51 - [TEST_STEP][PASSED] - response2 = scoring.getResponseText(): null

2022-11-24 17:32:51 - [TEST_STEP][PASSED] - markPassed("result service data ke : " + no): result service data ke : 195

2022-11-24 17:32:51 - [MESSAGE][PASSED] - result service data ke : 195

2022-11-24 17:32:51 - [TEST_STEP][PASSED] - logInfo($response2): {"result_konsumen":"Reguler","result_pasangan":"Reject","Final_result":"Reject","errorMessage":"","status":"Done"}

2022-11-24 17:32:51 - [MESSAGE][INFO] - {"result_konsumen":"Reguler","result_pasangan":"Reject","Final_result":"Reject","errorMessage":"","status":"Done"}

2022-11-24 17:32:51 - [TEST_STEP][PASSED] - verifyElementPropertyValue(scoring, "Final_result", final_result): Verify element property value successfully

2022-11-24 17:32:51 - [MESSAGE][PASSED] - Verify element property value successfully]]></system-out>
         <system-err><![CDATA[]]></system-err>
      </testcase>
      <testcase name="Test Cases/Engine_Scoring/Engine Scoring" time="6.983" classname="Test Cases/Engine_Scoring/Engine Scoring" status="PASSED">
         <system-out><![CDATA[2022-11-24 17:32:51 - [TEST_CASE][PASSED] - Test Cases/Engine_Scoring/Engine Scoring: Test Cases/Engine_Scoring/Engine Scoring

2022-11-24 17:32:52 - [TEST_STEP][PASSED] - markPassed("Variasi data ke : " + no): Variasi data ke : 196

2022-11-24 17:32:52 - [MESSAGE][PASSED] - Variasi data ke : 196

2022-11-24 17:32:52 - [TEST_STEP][PASSED] - req_data = sendRequest(findTestObject("Search_ME", ["MID":MID, "source":source, "ip":ip, "userid":userid, "branch":branch, "tipekons":tipekons, "marital":marital, "penjamin":penjamin, ... ])): Send request successfully

2022-11-24 17:32:53 - [MESSAGE][INFO] - HAR: D:\DMS\Engine Scoring\Reports\20221124_171436\Exclude KKB - DS - Married\Scoring Married - DS\20221124_171436\requests\main\190.har

2022-11-24 17:32:53 - [MESSAGE][PASSED] - Send request successfully

2022-11-24 17:32:53 - [TEST_STEP][PASSED] - slurper = new groovy.json.JsonSlurper(): null

2022-11-24 17:32:53 - [TEST_STEP][PASSED] - result = slurper.parseText(req_data.getResponseBodyContent()): null

2022-11-24 17:32:53 - [TEST_STEP][PASSED] - reqid_kons = requestid1: null

2022-11-24 17:32:53 - [TEST_STEP][PASSED] - reqid_spouse = requestid2: null

2022-11-24 17:32:53 - [TEST_STEP][PASSED] - println("requestid kons : " + reqid_kons): null

2022-11-24 17:32:53 - [TEST_STEP][PASSED] - response_searchME_kons = reqid_kons: null

2022-11-24 17:32:53 - [TEST_STEP][PASSED] - response_searchME_spouse = reqid_spouse: null

2022-11-24 17:32:53 - [TEST_STEP][PASSED] - println("kons req id is :" + response_searchME_kons): null

2022-11-24 17:32:53 - [TEST_STEP][PASSED] - println("spouse req id is : " + response_searchME_spouse): null

2022-11-24 17:32:53 - [TEST_STEP][PASSED] - verifyResponseStatusCode(req_data, 200): Verify response status code successfully

2022-11-24 17:32:53 - [MESSAGE][PASSED] - Verify response status code successfully

2022-11-24 17:32:53 - [TEST_STEP][PASSED] - response = req_data.getResponseText(): null

2022-11-24 17:32:53 - [TEST_STEP][PASSED] - logInfo($response): {"status":"Done","data":{"requestid1":"254450","requestid2":"254451"}}

2022-11-24 17:32:53 - [MESSAGE][INFO] - {"status":"Done","data":{"requestid1":"254450","requestid2":"254451"}}

2022-11-24 17:32:53 - [TEST_STEP][PASSED] - delay(5): Delayed 5 second(s)

2022-11-24 17:32:58 - [MESSAGE][PASSED] - Delayed 5 second(s)

2022-11-24 17:32:58 - [TEST_STEP][PASSED] - scoring = sendRequest(findTestObject("EngineScore", ["response_searchME_kons":response_searchME_kons, "response_searchME_spouse":response_searchME_spouse])): Send request successfully

2022-11-24 17:32:58 - [MESSAGE][INFO] - HAR: D:\DMS\Engine Scoring\Reports\20221124_171436\Exclude KKB - DS - Married\Scoring Married - DS\20221124_171436\requests\main\191.har

2022-11-24 17:32:58 - [MESSAGE][PASSED] - Send request successfully

2022-11-24 17:32:58 - [TEST_STEP][PASSED] - verifyResponseStatusCode(scoring, 200): Verify response status code successfully

2022-11-24 17:32:58 - [MESSAGE][PASSED] - Verify response status code successfully

2022-11-24 17:32:58 - [TEST_STEP][PASSED] - response2 = scoring.getResponseText(): null

2022-11-24 17:32:58 - [TEST_STEP][PASSED] - markPassed("result service data ke : " + no): result service data ke : 196

2022-11-24 17:32:58 - [MESSAGE][PASSED] - result service data ke : 196

2022-11-24 17:32:58 - [TEST_STEP][PASSED] - logInfo($response2): {"result_konsumen":"Reguler","result_pasangan":"Reguler","Final_result":"Reguler","errorMessage":"","status":"Done"}

2022-11-24 17:32:58 - [MESSAGE][INFO] - {"result_konsumen":"Reguler","result_pasangan":"Reguler","Final_result":"Reguler","errorMessage":"","status":"Done"}

2022-11-24 17:32:58 - [TEST_STEP][PASSED] - verifyElementPropertyValue(scoring, "Final_result", final_result): Verify element property value successfully

2022-11-24 17:32:58 - [MESSAGE][PASSED] - Verify element property value successfully]]></system-out>
         <system-err><![CDATA[]]></system-err>
      </testcase>
      <testcase name="Test Cases/Engine_Scoring/Engine Scoring" time="6.9" classname="Test Cases/Engine_Scoring/Engine Scoring" status="PASSED">
         <system-out><![CDATA[2022-11-24 17:32:58 - [TEST_CASE][PASSED] - Test Cases/Engine_Scoring/Engine Scoring: Test Cases/Engine_Scoring/Engine Scoring

2022-11-24 17:32:59 - [TEST_STEP][PASSED] - markPassed("Variasi data ke : " + no): Variasi data ke : 197

2022-11-24 17:32:59 - [MESSAGE][PASSED] - Variasi data ke : 197

2022-11-24 17:32:59 - [TEST_STEP][PASSED] - req_data = sendRequest(findTestObject("Search_ME", ["MID":MID, "source":source, "ip":ip, "userid":userid, "branch":branch, "tipekons":tipekons, "marital":marital, "penjamin":penjamin, ... ])): Send request successfully

2022-11-24 17:33:00 - [MESSAGE][INFO] - HAR: D:\DMS\Engine Scoring\Reports\20221124_171436\Exclude KKB - DS - Married\Scoring Married - DS\20221124_171436\requests\main\192.har

2022-11-24 17:33:00 - [MESSAGE][PASSED] - Send request successfully

2022-11-24 17:33:00 - [TEST_STEP][PASSED] - slurper = new groovy.json.JsonSlurper(): null

2022-11-24 17:33:00 - [TEST_STEP][PASSED] - result = slurper.parseText(req_data.getResponseBodyContent()): null

2022-11-24 17:33:00 - [TEST_STEP][PASSED] - reqid_kons = requestid1: null

2022-11-24 17:33:00 - [TEST_STEP][PASSED] - reqid_spouse = requestid2: null

2022-11-24 17:33:00 - [TEST_STEP][PASSED] - println("requestid kons : " + reqid_kons): null

2022-11-24 17:33:00 - [TEST_STEP][PASSED] - response_searchME_kons = reqid_kons: null

2022-11-24 17:33:00 - [TEST_STEP][PASSED] - response_searchME_spouse = reqid_spouse: null

2022-11-24 17:33:00 - [TEST_STEP][PASSED] - println("kons req id is :" + response_searchME_kons): null

2022-11-24 17:33:00 - [TEST_STEP][PASSED] - println("spouse req id is : " + response_searchME_spouse): null

2022-11-24 17:33:00 - [TEST_STEP][PASSED] - verifyResponseStatusCode(req_data, 200): Verify response status code successfully

2022-11-24 17:33:00 - [MESSAGE][PASSED] - Verify response status code successfully

2022-11-24 17:33:00 - [TEST_STEP][PASSED] - response = req_data.getResponseText(): null

2022-11-24 17:33:00 - [TEST_STEP][PASSED] - logInfo($response): {"status":"Done","data":{"requestid1":"254452","requestid2":"254453"}}

2022-11-24 17:33:00 - [MESSAGE][INFO] - {"status":"Done","data":{"requestid1":"254452","requestid2":"254453"}}

2022-11-24 17:33:00 - [TEST_STEP][PASSED] - delay(5): Delayed 5 second(s)

2022-11-24 17:33:05 - [MESSAGE][PASSED] - Delayed 5 second(s)

2022-11-24 17:33:05 - [TEST_STEP][PASSED] - scoring = sendRequest(findTestObject("EngineScore", ["response_searchME_kons":response_searchME_kons, "response_searchME_spouse":response_searchME_spouse])): Send request successfully

2022-11-24 17:33:05 - [MESSAGE][INFO] - HAR: D:\DMS\Engine Scoring\Reports\20221124_171436\Exclude KKB - DS - Married\Scoring Married - DS\20221124_171436\requests\main\193.har

2022-11-24 17:33:05 - [MESSAGE][PASSED] - Send request successfully

2022-11-24 17:33:05 - [TEST_STEP][PASSED] - verifyResponseStatusCode(scoring, 200): Verify response status code successfully

2022-11-24 17:33:05 - [MESSAGE][PASSED] - Verify response status code successfully

2022-11-24 17:33:05 - [TEST_STEP][PASSED] - response2 = scoring.getResponseText(): null

2022-11-24 17:33:05 - [TEST_STEP][PASSED] - markPassed("result service data ke : " + no): result service data ke : 197

2022-11-24 17:33:05 - [MESSAGE][PASSED] - result service data ke : 197

2022-11-24 17:33:05 - [TEST_STEP][PASSED] - logInfo($response2): {"result_konsumen":"Reguler","result_pasangan":"Reguler","Final_result":"Reguler","errorMessage":"","status":"Done"}

2022-11-24 17:33:05 - [MESSAGE][INFO] - {"result_konsumen":"Reguler","result_pasangan":"Reguler","Final_result":"Reguler","errorMessage":"","status":"Done"}

2022-11-24 17:33:05 - [TEST_STEP][PASSED] - verifyElementPropertyValue(scoring, "Final_result", final_result): Verify element property value successfully

2022-11-24 17:33:05 - [MESSAGE][PASSED] - Verify element property value successfully]]></system-out>
         <system-err><![CDATA[]]></system-err>
      </testcase>
      <testcase name="Test Cases/Engine_Scoring/Engine Scoring" time="7.214" classname="Test Cases/Engine_Scoring/Engine Scoring" status="PASSED">
         <system-out><![CDATA[2022-11-24 17:33:05 - [TEST_CASE][PASSED] - Test Cases/Engine_Scoring/Engine Scoring: Test Cases/Engine_Scoring/Engine Scoring

2022-11-24 17:33:06 - [TEST_STEP][PASSED] - markPassed("Variasi data ke : " + no): Variasi data ke : 198

2022-11-24 17:33:06 - [MESSAGE][PASSED] - Variasi data ke : 198

2022-11-24 17:33:06 - [TEST_STEP][PASSED] - req_data = sendRequest(findTestObject("Search_ME", ["MID":MID, "source":source, "ip":ip, "userid":userid, "branch":branch, "tipekons":tipekons, "marital":marital, "penjamin":penjamin, ... ])): Send request successfully

2022-11-24 17:33:07 - [MESSAGE][INFO] - HAR: D:\DMS\Engine Scoring\Reports\20221124_171436\Exclude KKB - DS - Married\Scoring Married - DS\20221124_171436\requests\main\194.har

2022-11-24 17:33:07 - [MESSAGE][PASSED] - Send request successfully

2022-11-24 17:33:07 - [TEST_STEP][PASSED] - slurper = new groovy.json.JsonSlurper(): null

2022-11-24 17:33:07 - [TEST_STEP][PASSED] - result = slurper.parseText(req_data.getResponseBodyContent()): null

2022-11-24 17:33:07 - [TEST_STEP][PASSED] - reqid_kons = requestid1: null

2022-11-24 17:33:07 - [TEST_STEP][PASSED] - reqid_spouse = requestid2: null

2022-11-24 17:33:07 - [TEST_STEP][PASSED] - println("requestid kons : " + reqid_kons): null

2022-11-24 17:33:07 - [TEST_STEP][PASSED] - response_searchME_kons = reqid_kons: null

2022-11-24 17:33:07 - [TEST_STEP][PASSED] - response_searchME_spouse = reqid_spouse: null

2022-11-24 17:33:07 - [TEST_STEP][PASSED] - println("kons req id is :" + response_searchME_kons): null

2022-11-24 17:33:07 - [TEST_STEP][PASSED] - println("spouse req id is : " + response_searchME_spouse): null

2022-11-24 17:33:07 - [TEST_STEP][PASSED] - verifyResponseStatusCode(req_data, 200): Verify response status code successfully

2022-11-24 17:33:07 - [MESSAGE][PASSED] - Verify response status code successfully

2022-11-24 17:33:07 - [TEST_STEP][PASSED] - response = req_data.getResponseText(): null

2022-11-24 17:33:07 - [TEST_STEP][PASSED] - logInfo($response): {"status":"Done","data":{"requestid1":"254454","requestid2":"254455"}}

2022-11-24 17:33:07 - [MESSAGE][INFO] - {"status":"Done","data":{"requestid1":"254454","requestid2":"254455"}}

2022-11-24 17:33:07 - [TEST_STEP][PASSED] - delay(5): Delayed 5 second(s)

2022-11-24 17:33:12 - [MESSAGE][PASSED] - Delayed 5 second(s)

2022-11-24 17:33:12 - [TEST_STEP][PASSED] - scoring = sendRequest(findTestObject("EngineScore", ["response_searchME_kons":response_searchME_kons, "response_searchME_spouse":response_searchME_spouse])): Send request successfully

2022-11-24 17:33:12 - [MESSAGE][INFO] - HAR: D:\DMS\Engine Scoring\Reports\20221124_171436\Exclude KKB - DS - Married\Scoring Married - DS\20221124_171436\requests\main\195.har

2022-11-24 17:33:12 - [MESSAGE][PASSED] - Send request successfully

2022-11-24 17:33:12 - [TEST_STEP][PASSED] - verifyResponseStatusCode(scoring, 200): Verify response status code successfully

2022-11-24 17:33:12 - [MESSAGE][PASSED] - Verify response status code successfully

2022-11-24 17:33:12 - [TEST_STEP][PASSED] - response2 = scoring.getResponseText(): null

2022-11-24 17:33:12 - [TEST_STEP][PASSED] - markPassed("result service data ke : " + no): result service data ke : 198

2022-11-24 17:33:12 - [MESSAGE][PASSED] - result service data ke : 198

2022-11-24 17:33:12 - [TEST_STEP][PASSED] - logInfo($response2): {"result_konsumen":"Reguler","result_pasangan":"Reguler","Final_result":"Reguler","errorMessage":"","status":"Done"}

2022-11-24 17:33:12 - [MESSAGE][INFO] - {"result_konsumen":"Reguler","result_pasangan":"Reguler","Final_result":"Reguler","errorMessage":"","status":"Done"}

2022-11-24 17:33:12 - [TEST_STEP][PASSED] - verifyElementPropertyValue(scoring, "Final_result", final_result): Verify element property value successfully

2022-11-24 17:33:12 - [MESSAGE][PASSED] - Verify element property value successfully]]></system-out>
         <system-err><![CDATA[]]></system-err>
      </testcase>
      <testcase name="Test Cases/Engine_Scoring/Engine Scoring" time="7.02" classname="Test Cases/Engine_Scoring/Engine Scoring" status="PASSED">
         <system-out><![CDATA[2022-11-24 17:33:12 - [TEST_CASE][PASSED] - Test Cases/Engine_Scoring/Engine Scoring: Test Cases/Engine_Scoring/Engine Scoring

2022-11-24 17:33:13 - [TEST_STEP][PASSED] - markPassed("Variasi data ke : " + no): Variasi data ke : 199

2022-11-24 17:33:13 - [MESSAGE][PASSED] - Variasi data ke : 199

2022-11-24 17:33:13 - [TEST_STEP][PASSED] - req_data = sendRequest(findTestObject("Search_ME", ["MID":MID, "source":source, "ip":ip, "userid":userid, "branch":branch, "tipekons":tipekons, "marital":marital, "penjamin":penjamin, ... ])): Send request successfully

2022-11-24 17:33:14 - [MESSAGE][INFO] - HAR: D:\DMS\Engine Scoring\Reports\20221124_171436\Exclude KKB - DS - Married\Scoring Married - DS\20221124_171436\requests\main\196.har

2022-11-24 17:33:14 - [MESSAGE][PASSED] - Send request successfully

2022-11-24 17:33:14 - [TEST_STEP][PASSED] - slurper = new groovy.json.JsonSlurper(): null

2022-11-24 17:33:14 - [TEST_STEP][PASSED] - result = slurper.parseText(req_data.getResponseBodyContent()): null

2022-11-24 17:33:14 - [TEST_STEP][PASSED] - reqid_kons = requestid1: null

2022-11-24 17:33:14 - [TEST_STEP][PASSED] - reqid_spouse = requestid2: null

2022-11-24 17:33:14 - [TEST_STEP][PASSED] - println("requestid kons : " + reqid_kons): null

2022-11-24 17:33:14 - [TEST_STEP][PASSED] - response_searchME_kons = reqid_kons: null

2022-11-24 17:33:14 - [TEST_STEP][PASSED] - response_searchME_spouse = reqid_spouse: null

2022-11-24 17:33:14 - [TEST_STEP][PASSED] - println("kons req id is :" + response_searchME_kons): null

2022-11-24 17:33:14 - [TEST_STEP][PASSED] - println("spouse req id is : " + response_searchME_spouse): null

2022-11-24 17:33:14 - [TEST_STEP][PASSED] - verifyResponseStatusCode(req_data, 200): Verify response status code successfully

2022-11-24 17:33:14 - [MESSAGE][PASSED] - Verify response status code successfully

2022-11-24 17:33:14 - [TEST_STEP][PASSED] - response = req_data.getResponseText(): null

2022-11-24 17:33:14 - [TEST_STEP][PASSED] - logInfo($response): {"status":"Done","data":{"requestid1":"254456","requestid2":"254457"}}

2022-11-24 17:33:14 - [MESSAGE][INFO] - {"status":"Done","data":{"requestid1":"254456","requestid2":"254457"}}

2022-11-24 17:33:14 - [TEST_STEP][PASSED] - delay(5): Delayed 5 second(s)

2022-11-24 17:33:19 - [MESSAGE][PASSED] - Delayed 5 second(s)

2022-11-24 17:33:19 - [TEST_STEP][PASSED] - scoring = sendRequest(findTestObject("EngineScore", ["response_searchME_kons":response_searchME_kons, "response_searchME_spouse":response_searchME_spouse])): Send request successfully

2022-11-24 17:33:19 - [MESSAGE][INFO] - HAR: D:\DMS\Engine Scoring\Reports\20221124_171436\Exclude KKB - DS - Married\Scoring Married - DS\20221124_171436\requests\main\197.har

2022-11-24 17:33:19 - [MESSAGE][PASSED] - Send request successfully

2022-11-24 17:33:19 - [TEST_STEP][PASSED] - verifyResponseStatusCode(scoring, 200): Verify response status code successfully

2022-11-24 17:33:19 - [MESSAGE][PASSED] - Verify response status code successfully

2022-11-24 17:33:19 - [TEST_STEP][PASSED] - response2 = scoring.getResponseText(): null

2022-11-24 17:33:19 - [TEST_STEP][PASSED] - markPassed("result service data ke : " + no): result service data ke : 199

2022-11-24 17:33:19 - [MESSAGE][PASSED] - result service data ke : 199

2022-11-24 17:33:19 - [TEST_STEP][PASSED] - logInfo($response2): {"result_konsumen":"Reguler","result_pasangan":"Approve","Final_result":"Reguler","errorMessage":"","status":"Done"}

2022-11-24 17:33:19 - [MESSAGE][INFO] - {"result_konsumen":"Reguler","result_pasangan":"Approve","Final_result":"Reguler","errorMessage":"","status":"Done"}

2022-11-24 17:33:19 - [TEST_STEP][PASSED] - verifyElementPropertyValue(scoring, "Final_result", final_result): Verify element property value successfully

2022-11-24 17:33:20 - [MESSAGE][PASSED] - Verify element property value successfully]]></system-out>
         <system-err><![CDATA[]]></system-err>
      </testcase>
      <testcase name="Test Cases/Engine_Scoring/Engine Scoring" time="7.168" classname="Test Cases/Engine_Scoring/Engine Scoring" status="PASSED">
         <system-out><![CDATA[2022-11-24 17:33:20 - [TEST_CASE][PASSED] - Test Cases/Engine_Scoring/Engine Scoring: Test Cases/Engine_Scoring/Engine Scoring

2022-11-24 17:33:20 - [TEST_STEP][PASSED] - markPassed("Variasi data ke : " + no): Variasi data ke : 200

2022-11-24 17:33:20 - [MESSAGE][PASSED] - Variasi data ke : 200

2022-11-24 17:33:20 - [TEST_STEP][PASSED] - req_data = sendRequest(findTestObject("Search_ME", ["MID":MID, "source":source, "ip":ip, "userid":userid, "branch":branch, "tipekons":tipekons, "marital":marital, "penjamin":penjamin, ... ])): Send request successfully

2022-11-24 17:33:22 - [MESSAGE][INFO] - HAR: D:\DMS\Engine Scoring\Reports\20221124_171436\Exclude KKB - DS - Married\Scoring Married - DS\20221124_171436\requests\main\198.har

2022-11-24 17:33:22 - [MESSAGE][PASSED] - Send request successfully

2022-11-24 17:33:22 - [TEST_STEP][PASSED] - slurper = new groovy.json.JsonSlurper(): null

2022-11-24 17:33:22 - [TEST_STEP][PASSED] - result = slurper.parseText(req_data.getResponseBodyContent()): null

2022-11-24 17:33:22 - [TEST_STEP][PASSED] - reqid_kons = requestid1: null

2022-11-24 17:33:22 - [TEST_STEP][PASSED] - reqid_spouse = requestid2: null

2022-11-24 17:33:22 - [TEST_STEP][PASSED] - println("requestid kons : " + reqid_kons): null

2022-11-24 17:33:22 - [TEST_STEP][PASSED] - response_searchME_kons = reqid_kons: null

2022-11-24 17:33:22 - [TEST_STEP][PASSED] - response_searchME_spouse = reqid_spouse: null

2022-11-24 17:33:22 - [TEST_STEP][PASSED] - println("kons req id is :" + response_searchME_kons): null

2022-11-24 17:33:22 - [TEST_STEP][PASSED] - println("spouse req id is : " + response_searchME_spouse): null

2022-11-24 17:33:22 - [TEST_STEP][PASSED] - verifyResponseStatusCode(req_data, 200): Verify response status code successfully

2022-11-24 17:33:22 - [MESSAGE][PASSED] - Verify response status code successfully

2022-11-24 17:33:22 - [TEST_STEP][PASSED] - response = req_data.getResponseText(): null

2022-11-24 17:33:22 - [TEST_STEP][PASSED] - logInfo($response): {"status":"Done","data":{"requestid1":"254458","requestid2":"254459"}}

2022-11-24 17:33:22 - [MESSAGE][INFO] - {"status":"Done","data":{"requestid1":"254458","requestid2":"254459"}}

2022-11-24 17:33:22 - [TEST_STEP][PASSED] - delay(5): Delayed 5 second(s)

2022-11-24 17:33:27 - [MESSAGE][PASSED] - Delayed 5 second(s)

2022-11-24 17:33:27 - [TEST_STEP][PASSED] - scoring = sendRequest(findTestObject("EngineScore", ["response_searchME_kons":response_searchME_kons, "response_searchME_spouse":response_searchME_spouse])): Send request successfully

2022-11-24 17:33:27 - [MESSAGE][INFO] - HAR: D:\DMS\Engine Scoring\Reports\20221124_171436\Exclude KKB - DS - Married\Scoring Married - DS\20221124_171436\requests\main\199.har

2022-11-24 17:33:27 - [MESSAGE][PASSED] - Send request successfully

2022-11-24 17:33:27 - [TEST_STEP][PASSED] - verifyResponseStatusCode(scoring, 200): Verify response status code successfully

2022-11-24 17:33:27 - [MESSAGE][PASSED] - Verify response status code successfully

2022-11-24 17:33:27 - [TEST_STEP][PASSED] - response2 = scoring.getResponseText(): null

2022-11-24 17:33:27 - [TEST_STEP][PASSED] - markPassed("result service data ke : " + no): result service data ke : 200

2022-11-24 17:33:27 - [MESSAGE][PASSED] - result service data ke : 200

2022-11-24 17:33:27 - [TEST_STEP][PASSED] - logInfo($response2): {"result_konsumen":"Reguler","result_pasangan":"Approve","Final_result":"Reguler","errorMessage":"","status":"Done"}

2022-11-24 17:33:27 - [MESSAGE][INFO] - {"result_konsumen":"Reguler","result_pasangan":"Approve","Final_result":"Reguler","errorMessage":"","status":"Done"}

2022-11-24 17:33:27 - [TEST_STEP][PASSED] - verifyElementPropertyValue(scoring, "Final_result", final_result): Verify element property value successfully

2022-11-24 17:33:27 - [MESSAGE][PASSED] - Verify element property value successfully]]></system-out>
         <system-err><![CDATA[]]></system-err>
      </testcase>
      <system-out><![CDATA[2022-11-24 17:14:50 - [TEST_SUITE][PASSED] - Scoring Married - DS: Test Cases/Engine_Scoring/Engine Scoring]]></system-out>
      <system-err><![CDATA[]]></system-err>
   </testsuite>
</testsuites>
